PHP Version 5.2.11
phpDocumentor version 1.4.3

Parsing configuration file phpDocumentor.ini...
   (found in /usr/share/php/data/PhpDocumentor/)...

done
Maximum memory usage set at 256M after considering php.ini...
using tokenizer Parser
Hidden /usr/local/horde/checkout/agora/lib/.htaccess Ignored
File /usr/local/horde/checkout/agora/lib/Block/CVS/Entries Ignored
File /usr/local/horde/checkout/agora/lib/Block/CVS/Repository Ignored
File /usr/local/horde/checkout/agora/lib/Block/CVS/Root Ignored
File /usr/local/horde/checkout/agora/lib/CVS/Entries Ignored
File /usr/local/horde/checkout/agora/lib/CVS/Repository Ignored
File /usr/local/horde/checkout/agora/lib/CVS/Root Ignored
File /usr/local/horde/checkout/agora/lib/Forms/CVS/Entries Ignored
File /usr/local/horde/checkout/agora/lib/Forms/CVS/Repository Ignored
File /usr/local/horde/checkout/agora/lib/Forms/CVS/Root Ignored
File /usr/local/horde/checkout/agora/lib/Messages/CVS/Entries Ignored
File /usr/local/horde/checkout/agora/lib/Messages/CVS/Repository Ignored
File /usr/local/horde/checkout/agora/lib/Messages/CVS/Root Ignored
File /usr/local/horde/checkout/agora/lib/Tree/CVS/Entries Ignored
File /usr/local/horde/checkout/agora/lib/Tree/CVS/Repository Ignored
File /usr/local/horde/checkout/agora/lib/Tree/CVS/Root Ignored
File /usr/local/horde/checkout/agora/lib/version.php Ignored


Grabbing README/INSTALL/CHANGELOG
README...
done


Tutorial/Extended Documentation Parsing Stage

done


General Parsing Stage

Reading file /usr/local/horde/checkout/agora/lib/Block/forums.php -- Parsing file
WARNING in forums.php on line 21: DocBlock would be page-level, but precedes class "Horde_Block_agora_forums", use another DocBlock to document the file
Reading file /usr/local/horde/checkout/agora/lib/Block/thread.php -- Parsing file
WARNING in thread.php on line 20: DocBlock would be page-level, but precedes class "Horde_Block_agora_thread", use another DocBlock to document the file
Reading file /usr/local/horde/checkout/agora/lib/Block/threads.php -- Parsing file
WARNING in threads.php on line 21: DocBlock would be page-level, but precedes class "Horde_Block_agora_threads", use another DocBlock to document the file
Reading file /usr/local/horde/checkout/agora/lib/Forms/Forum.php -- Parsing file
WARNING in Forum.php on line 13: DocBlock would be page-level, but precedes class "ForumForm", use another DocBlock to document the file
Reading file /usr/local/horde/checkout/agora/lib/Forms/Message.php -- Parsing file
WARNING in Message.php on line 13: DocBlock would be page-level, but precedes class "MessageForm", use another DocBlock to document the file
Reading file /usr/local/horde/checkout/agora/lib/Forms/Search.php -- Parsing file
WARNING in Search.php on line 14: DocBlock would be page-level, but precedes class "SearchForm", use another DocBlock to document the file
Reading file /usr/local/horde/checkout/agora/lib/Messages/split_sql.php -- Parsing file
WARNING in split_sql.php on line 15: DocBlock would be page-level, but precedes class "Agora_Messages_split_sql", use another DocBlock to document the file
Reading file /usr/local/horde/checkout/agora/lib/Messages/sql.php -- Parsing file
WARNING in sql.php on line 17: DocBlock would be page-level, but precedes class "Agora_Messages_sql", use another DocBlock to document the file
Reading file /usr/local/horde/checkout/agora/lib/Tree/flat.php -- Parsing file
WARNING in flat.php on line 15: no @package tag was used in a DocBlock for class Horde_Tree_agoraflat
WARNING in flat.php on line 138: File "/usr/local/horde/checkout/agora/lib/Tree/flat.php" has no page-level DocBlock, use @package in the first DocBlock to create one
Reading file /usr/local/horde/checkout/agora/lib/Agora.php -- Parsing file
WARNING in Agora.php on line 14: DocBlock would be page-level, but precedes class "Agora", use another DocBlock to document the file
Reading file /usr/local/horde/checkout/agora/lib/Application.php -- Parsing file
WARNING in Application.php on line 20: DocBlock would be page-level, but precedes class "Agora_Application", use another DocBlock to document the file
Reading file /usr/local/horde/checkout/agora/lib/Comments.php -- Parsing file
WARNING in Comments.php on line 14: no @package tag was used in a DocBlock for class Agora_ViewComments
WARNING in Comments.php on line 126: File "/usr/local/horde/checkout/agora/lib/Comments.php" has no page-level DocBlock, use @package in the first DocBlock to create one
Reading file /usr/local/horde/checkout/agora/lib/Messages.php -- Parsing file
WARNING in Messages.php on line 17: DocBlock would be page-level, but precedes class "Agora_Messages", use another DocBlock to document the file
Reading file /usr/local/horde/checkout/agora/lib/View.php -- Parsing file
WARNING in View.php on line 14: DocBlock would be page-level, but precedes class "Agora_View", use another DocBlock to document the file
Reading file /usr/local/horde/checkout/agora/lib/prefs.php -- Parsing file
WARNING in prefs.php on line 22: File "/usr/local/horde/checkout/agora/lib/prefs.php" has no page-level DocBlock, use @package in the first DocBlock to create one
Reading file /usr/local/horde/checkout/agora/lib/Api.php -- Parsing file
WARNING in Api.php on line 20: DocBlock would be page-level, but precedes class "Agora_Api", use another DocBlock to document the file
Reading file /usr/local/horde/checkout/agora/lib/base.php -- Parsing file
WARNING in base.php on line 47: File "/usr/local/horde/checkout/agora/lib/base.php" has no page-level DocBlock, use @package in the first DocBlock to create one
done

Converting From Abstract Parsed Data

Processing Class Inheritance


Processing Root Trees


Processing leftover classes (classes that extend root classes not found in the same package)
Processing Horde_Block_agora_forums in file /usr/local/horde/checkout/agora/lib/Block/forums.php
WARNING: Class Horde_Block_agora_forums parent Horde_Block not found
Processing Horde_Block_agora_thread in file /usr/local/horde/checkout/agora/lib/Block/thread.php
WARNING: Class Horde_Block_agora_thread parent Horde_Block not found
Processing Horde_Block_agora_threads in file /usr/local/horde/checkout/agora/lib/Block/threads.php
WARNING: Class Horde_Block_agora_threads parent Horde_Block not found
Processing ForumForm in file /usr/local/horde/checkout/agora/lib/Forms/Forum.php
WARNING: Class ForumForm parent Horde_Form not found
Processing MessageForm in file /usr/local/horde/checkout/agora/lib/Forms/Message.php
WARNING: Class MessageForm parent Horde_Form not found
Processing Horde_Form_Renderer_MessageForm in file /usr/local/horde/checkout/agora/lib/Forms/Message.php
WARNING: Class Horde_Form_Renderer_MessageForm parent Horde_Form_Renderer not found
Processing SearchForm in file /usr/local/horde/checkout/agora/lib/Forms/Search.php
WARNING: Class SearchForm parent Horde_Form not found
Processing Horde_Tree_agoraflat in file /usr/local/horde/checkout/agora/lib/Tree/flat.php
WARNING: Class Horde_Tree_agoraflat parent Horde_Tree not found
Processing Agora_Application in file /usr/local/horde/checkout/agora/lib/Application.php
WARNING: Class Agora_Application parent Horde_Registry_Application not found
Processing Agora_View in file /usr/local/horde/checkout/agora/lib/View.php
WARNING: Class Agora_View parent Horde_View not found
Processing Agora_Api in file /usr/local/horde/checkout/agora/lib/Api.php
WARNING: Class Agora_Api parent Horde_Registry_Api not found
done processing leftover classes

Processing Procedural Page Element Name Conflicts


Sorting page elements...done
Formatting @uses list...done

creating /horde/web/dev.horde.org/api/agora/media
copying /horde/web/dev.horde.org/api/agora/media/banner.css
copying /horde/web/dev.horde.org/api/agora/media/stylesheet.css
creating /horde/web/dev.horde.org/api/agora/media/images
copying /horde/web/dev.horde.org/api/agora/media/images/AbstractClass.png
copying /horde/web/dev.horde.org/api/agora/media/images/AbstractClass_logo.png
copying /horde/web/dev.horde.org/api/agora/media/images/AbstractMethod.png
copying /horde/web/dev.horde.org/api/agora/media/images/AbstractPrivateClass.png
copying /horde/web/dev.horde.org/api/agora/media/images/AbstractPrivateClass_logo.png
copying /horde/web/dev.horde.org/api/agora/media/images/AbstractPrivateMethod.png
copying /horde/web/dev.horde.org/api/agora/media/images/blank.png
copying /horde/web/dev.horde.org/api/agora/media/images/Class.png
copying /horde/web/dev.horde.org/api/agora/media/images/class_folder.png
copying /horde/web/dev.horde.org/api/agora/media/images/Class_logo.png
copying /horde/web/dev.horde.org/api/agora/media/images/Constant.png
copying /horde/web/dev.horde.org/api/agora/media/images/Constructor.png
copying /horde/web/dev.horde.org/api/agora/media/images/Destructor.png
copying /horde/web/dev.horde.org/api/agora/media/images/empty.png
copying /horde/web/dev.horde.org/api/agora/media/images/file.png
copying /horde/web/dev.horde.org/api/agora/media/images/folder.png
copying /horde/web/dev.horde.org/api/agora/media/images/Function.png
copying /horde/web/dev.horde.org/api/agora/media/images/function_folder.png
copying /horde/web/dev.horde.org/api/agora/media/images/Global.png
copying /horde/web/dev.horde.org/api/agora/media/images/I.png
copying /horde/web/dev.horde.org/api/agora/media/images/Index.png
copying /horde/web/dev.horde.org/api/agora/media/images/Interface.png
copying /horde/web/dev.horde.org/api/agora/media/images/Interface_logo.png
copying /horde/web/dev.horde.org/api/agora/media/images/L.png
copying /horde/web/dev.horde.org/api/agora/media/images/Lminus.png
copying /horde/web/dev.horde.org/api/agora/media/images/Lplus.png
copying /horde/web/dev.horde.org/api/agora/media/images/Method.png
copying /horde/web/dev.horde.org/api/agora/media/images/minus.gif
copying /horde/web/dev.horde.org/api/agora/media/images/next_button.png
copying /horde/web/dev.horde.org/api/agora/media/images/next_button_disabled.png
copying /horde/web/dev.horde.org/api/agora/media/images/package.png
copying /horde/web/dev.horde.org/api/agora/media/images/package_folder.png
copying /horde/web/dev.horde.org/api/agora/media/images/Page.png
copying /horde/web/dev.horde.org/api/agora/media/images/Page_logo.png
copying /horde/web/dev.horde.org/api/agora/media/images/plus.gif
copying /horde/web/dev.horde.org/api/agora/media/images/previous_button.png
copying /horde/web/dev.horde.org/api/agora/media/images/previous_button_disabled.png
copying /horde/web/dev.horde.org/api/agora/media/images/PrivateClass.png
copying /horde/web/dev.horde.org/api/agora/media/images/PrivateClass_logo.png
copying /horde/web/dev.horde.org/api/agora/media/images/PrivateMethod.png
copying /horde/web/dev.horde.org/api/agora/media/images/PrivateVariable.png
copying /horde/web/dev.horde.org/api/agora/media/images/private_class_logo.png
copying /horde/web/dev.horde.org/api/agora/media/images/StaticMethod.png
copying /horde/web/dev.horde.org/api/agora/media/images/StaticVariable.png
copying /horde/web/dev.horde.org/api/agora/media/images/T.png
copying /horde/web/dev.horde.org/api/agora/media/images/Tminus.png
copying /horde/web/dev.horde.org/api/agora/media/images/Tplus.png
copying /horde/web/dev.horde.org/api/agora/media/images/tutorial.png
copying /horde/web/dev.horde.org/api/agora/media/images/tutorial_folder.png
copying /horde/web/dev.horde.org/api/agora/media/images/up_button.png
copying /horde/web/dev.horde.org/api/agora/media/images/Variable.png
creating /horde/web/dev.horde.org/api/agora/media/lib
copying /horde/web/dev.horde.org/api/agora/media/lib/classTree.js
Building indexes...done

Sorting Indexes...done

Sorting @todo list...done
Converting README/INSTALL/CHANGELOG contents...
README...    Writing /horde/web/dev.horde.org/api/agora/ric_README.html

done
Converting tutorials/extended docs
Formatting Package Indexes...    Writing /horde/web/dev.horde.org/api/agora/elementindex_Agora.html
    Writing /horde/web/dev.horde.org/api/agora/elementindex_horde.html
    Writing /horde/web/dev.horde.org/api/agora/elementindex_Horde_Block.html
    Writing /horde/web/dev.horde.org/api/agora/elementindex_Video.html

done
Formatting Index...
    Writing /horde/web/dev.horde.org/api/agora/elementindex.html
    Writing /horde/web/dev.horde.org/api/agora/blank.html

    Writing /horde/web/dev.horde.org/api/agora/index.html
    Writing /horde/web/dev.horde.org/api/agora/packages.html
done

Formatting Left Quick Index...
    Writing /horde/web/dev.horde.org/api/agora/li_Horde_Block.html
    Writing /horde/web/dev.horde.org/api/agora/classtrees_Horde_Block.html

    Writing /horde/web/dev.horde.org/api/agora/li_horde.html
    Writing /horde/web/dev.horde.org/api/agora/classtrees_horde.html

    Writing /horde/web/dev.horde.org/api/agora/li_Agora.html
    Writing /horde/web/dev.horde.org/api/agora/classtrees_Agora.html

    Writing /horde/web/dev.horde.org/api/agora/li_Video.html
    Writing /horde/web/dev.horde.org/api/agora/classtrees_Video.html

done

Converting /usr/local/horde/checkout/agora/lib/Agora.php Procedural Page Elements... Classes...
    Writing /horde/web/dev.horde.org/api/agora/Agora/Agora.html
 done
    Writing /horde/web/dev.horde.org/api/agora/Agora/_lib---Agora.php.html
Converting /usr/local/horde/checkout/agora/lib/Api.php Procedural Page Elements... Classes...
    Writing /horde/web/dev.horde.org/api/agora/Agora/Agora_Api.html
 done
    Writing /horde/web/dev.horde.org/api/agora/Agora/_lib---Api.php.html
Converting /usr/local/horde/checkout/agora/lib/Application.php Procedural Page Elements... Classes...
    Writing /horde/web/dev.horde.org/api/agora/Agora/Agora_Application.html
 done
    Writing /horde/web/dev.horde.org/api/agora/Agora/_lib---Application.php.html
Converting /usr/local/horde/checkout/agora/lib/base.php Procedural Page Elements... Classes... done
    Writing /horde/web/dev.horde.org/api/agora/horde/_lib---base.php.html
Converting /usr/local/horde/checkout/agora/lib/Comments.php Procedural Page Elements... Classes...
    Writing /horde/web/dev.horde.org/api/agora/horde/Agora_ViewComments.html
 done
    Writing /horde/web/dev.horde.org/api/agora/horde/_lib---Comments.php.html
Converting /usr/local/horde/checkout/agora/lib/Tree/flat.php Procedural Page Elements... Classes...
    Writing /horde/web/dev.horde.org/api/agora/horde/Horde_Tree_agoraflat.html
 done
    Writing /horde/web/dev.horde.org/api/agora/horde/_lib---Tree---flat.php.html
Converting /usr/local/horde/checkout/agora/lib/Forms/Forum.php Procedural Page Elements... Classes...
    Writing /horde/web/dev.horde.org/api/agora/Agora/ForumForm.html
 done
    Writing /horde/web/dev.horde.org/api/agora/Agora/_lib---Forms---Forum.php.html
Converting /usr/local/horde/checkout/agora/lib/Block/forums.php Procedural Page Elements... Classes...
    Writing /horde/web/dev.horde.org/api/agora/Horde_Block/Horde_Block_agora_forums.html
 done
    Writing /horde/web/dev.horde.org/api/agora/Horde_Block/_lib---Block---forums.php.html
Converting /usr/local/horde/checkout/agora/lib/Forms/Message.php Procedural Page Elements... Classes...
    Writing /horde/web/dev.horde.org/api/agora/Agora/Horde_Form_Renderer_MessageForm.html
    Writing /horde/web/dev.horde.org/api/agora/Agora/MessageForm.html
 done
    Writing /horde/web/dev.horde.org/api/agora/Agora/_lib---Forms---Message.php.html
Converting /usr/local/horde/checkout/agora/lib/Messages.php Procedural Page Elements... Classes...
    Writing /horde/web/dev.horde.org/api/agora/Agora/Agora_Messages.html
 done
    Writing /horde/web/dev.horde.org/api/agora/Agora/_lib---Messages.php.html
Converting /usr/local/horde/checkout/agora/lib/prefs.php Procedural Page Elements... Classes... done
    Writing /horde/web/dev.horde.org/api/agora/horde/_lib---prefs.php.html
Converting /usr/local/horde/checkout/agora/lib/Forms/Search.php Procedural Page Elements... Classes...
    Writing /horde/web/dev.horde.org/api/agora/Agora/SearchForm.html
 done
    Writing /horde/web/dev.horde.org/api/agora/Agora/_lib---Forms---Search.php.html
Converting /usr/local/horde/checkout/agora/lib/Messages/split_sql.php Procedural Page Elements... Classes...
    Writing /horde/web/dev.horde.org/api/agora/Agora/Agora_Messages_split_sql.html
 done
    Writing /horde/web/dev.horde.org/api/agora/Agora/_lib---Messages---split_sql.php.html
Converting /usr/local/horde/checkout/agora/lib/Messages/sql.php Procedural Page Elements... Classes...
    Writing /horde/web/dev.horde.org/api/agora/Agora/Agora_Messages_sql.html
 done
    Writing /horde/web/dev.horde.org/api/agora/Agora/_lib---Messages---sql.php.html
Converting /usr/local/horde/checkout/agora/lib/Block/thread.php Procedural Page Elements... Classes...
    Writing /horde/web/dev.horde.org/api/agora/Horde_Block/Horde_Block_agora_thread.html
 done
    Writing /horde/web/dev.horde.org/api/agora/Horde_Block/_lib---Block---thread.php.html
Converting /usr/local/horde/checkout/agora/lib/Block/threads.php Procedural Page Elements... Classes...
    Writing /horde/web/dev.horde.org/api/agora/Horde_Block/Horde_Block_agora_threads.html
 done
    Writing /horde/web/dev.horde.org/api/agora/Horde_Block/_lib---Block---threads.php.html
Converting /usr/local/horde/checkout/agora/lib/View.php Procedural Page Elements... Classes...
    Writing /horde/web/dev.horde.org/api/agora/Video/Agora_View.html
 done
    Writing /horde/web/dev.horde.org/api/agora/Video/_lib---View.php.html

Converting @todo List...    Writing /horde/web/dev.horde.org/api/agora/todolist.html
done

Converting Error Log...    Writing /horde/web/dev.horde.org/api/agora/errors.html


To view errors and warnings, look at /horde/web/dev.horde.org/api/agora/errors.html
done

Parsing time: 2 seconds

Conversion time: 4 seconds

Total Documentation Time: 6 seconds
done
