PHP Version 5.2.11
phpDocumentor version 1.4.3

Parsing configuration file phpDocumentor.ini...
   (found in /usr/share/php/data/PhpDocumentor/)...

done
Maximum memory usage set at 256M after considering php.ini...
using tokenizer Parser


Grabbing README/INSTALL/CHANGELOG
README...
done


Tutorial/Extended Documentation Parsing Stage

done


General Parsing Stage

Reading file /usr/local/horde/checkout/horde-hatchery.git/ansel/lib/Ajax/Imple/EditCaption.php -- Parsing file
WARNING in EditCaption.php on line 11: DocBlock would be page-level, but precedes class "Ansel_Ajax_Imple_EditCaption", use another DocBlock to document the file
Reading file /usr/local/horde/checkout/horde-hatchery.git/ansel/lib/Ajax/Imple/EditFaces.php -- Parsing file
WARNING in EditFaces.php on line 13: DocBlock would be page-level, but precedes class "Ansel_Ajax_Imple_EditFaces", use another DocBlock to document the file
Reading file /usr/local/horde/checkout/horde-hatchery.git/ansel/lib/Ajax/Imple/Embed.php -- Parsing file
WARNING in Embed.php on line 13: DocBlock would be page-level, but precedes class "Ansel_Ajax_Imple_Embed", use another DocBlock to document the file
Reading file /usr/local/horde/checkout/horde-hatchery.git/ansel/lib/Ajax/Imple/GallerySlugCheck.php -- Parsing file
WARNING in GallerySlugCheck.php on line 11: DocBlock would be page-level, but precedes class "Ansel_Ajax_Imple_GallerySlugCheck", use another DocBlock to document the file
Reading file /usr/local/horde/checkout/horde-hatchery.git/ansel/lib/Ajax/Imple/ImageSaveGeotag.php -- Parsing file
WARNING in ImageSaveGeotag.php on line 14: DocBlock would be page-level, but precedes class "Ansel_Ajax_Imple_ImageSaveGeotag", use another DocBlock to document the file
Reading file /usr/local/horde/checkout/horde-hatchery.git/ansel/lib/Ajax/Imple/LocationAutoCompleter.php -- Parsing file
WARNING in LocationAutoCompleter.php on line 13: DocBlock would be page-level, but precedes class "Ansel_Ajax_Imple_LocationAutoCompleter", use another DocBlock to document the file
Reading file /usr/local/horde/checkout/horde-hatchery.git/ansel/lib/Ajax/Imple/TagActions.php -- Parsing file
WARNING in TagActions.php on line 11: DocBlock would be page-level, but precedes class "Ansel_Ajax_Imple_TagActions", use another DocBlock to document the file
Reading file /usr/local/horde/checkout/horde-hatchery.git/ansel/lib/Ajax/Imple/ToggleGalleryActions.php -- Parsing file
WARNING in ToggleGalleryActions.php on line 11: DocBlock would be page-level, but precedes class "Ansel_Ajax_Imple_ToggleGalleryActions", use another DocBlock to document the file
Reading file /usr/local/horde/checkout/horde-hatchery.git/ansel/lib/Ajax/Imple/ToggleOtherGalleries.php -- Parsing file
WARNING in ToggleOtherGalleries.php on line 11: DocBlock would be page-level, but precedes class "Ansel_Ajax_Imple_ToggleOtherGalleries", use another DocBlock to document the file
Reading file /usr/local/horde/checkout/horde-hatchery.git/ansel/lib/Ansel.php -- Parsing file
WARNING in Ansel.php on line 21: no @package tag was used in a DocBlock for class Ansel
Reading file /usr/local/horde/checkout/horde-hatchery.git/ansel/lib/Api.php -- Parsing file
WARNING in Api.php on line 15: DocBlock would be page-level, but precedes class "Ansel_Api", use another DocBlock to document the file
Reading file /usr/local/horde/checkout/horde-hatchery.git/ansel/lib/Application.php -- Parsing file
WARNING in Application.php on line 15: DocBlock would be page-level, but precedes class "Ansel_Application", use another DocBlock to document the file
Reading file /usr/local/horde/checkout/horde-hatchery.git/ansel/lib/Block/cloud.php -- Parsing file
WARNING in cloud.php on line 15: DocBlock would be page-level, but precedes class "Horde_Block_ansel_cloud", use another DocBlock to document the file
Reading file /usr/local/horde/checkout/horde-hatchery.git/ansel/lib/Block/gallery.php -- Parsing file
WARNING in gallery.php on line 17: DocBlock would be page-level, but precedes class "Horde_Block_ansel_gallery", use another DocBlock to document the file
Reading file /usr/local/horde/checkout/horde-hatchery.git/ansel/lib/Block/my_galleries.php -- Parsing file
WARNING in my_galleries.php on line 15: DocBlock would be page-level, but precedes class "Horde_Block_ansel_my_galleries", use another DocBlock to document the file
Reading file /usr/local/horde/checkout/horde-hatchery.git/ansel/lib/Block/random_photo.php -- Parsing file
WARNING in random_photo.php on line 17: DocBlock would be page-level, but precedes class "Horde_Block_ansel_random_photo", use another DocBlock to document the file
Reading file /usr/local/horde/checkout/horde-hatchery.git/ansel/lib/Block/recent_comments.php -- Parsing file
WARNING in recent_comments.php on line 18: DocBlock would be page-level, but precedes class "Horde_Block_ansel_recent_comments", use another DocBlock to document the file
Reading file /usr/local/horde/checkout/horde-hatchery.git/ansel/lib/Block/recent_faces.php -- Parsing file
WARNING in recent_faces.php on line 18: DocBlock would be page-level, but precedes class "Horde_Block_ansel_recent_faces", use another DocBlock to document the file
Reading file /usr/local/horde/checkout/horde-hatchery.git/ansel/lib/Block/recently_added.php -- Parsing file
WARNING in recently_added.php on line 15: DocBlock would be page-level, but precedes class "Horde_Block_ansel_recently_added", use another DocBlock to document the file
Reading file /usr/local/horde/checkout/horde-hatchery.git/ansel/lib/Block/recently_added_geodata.php -- Parsing file
WARNING in recently_added_geodata.php on line 15: DocBlock would be page-level, but precedes class "Horde_Block_ansel_recently_added_geodata", use another DocBlock to document the file
Reading file /usr/local/horde/checkout/horde-hatchery.git/ansel/lib/Faces.php -- Parsing file
WARNING in Faces.php on line 12: DocBlock would be page-level, but precedes class "Ansel_Faces", use another DocBlock to document the file
Reading file /usr/local/horde/checkout/horde-hatchery.git/ansel/lib/Faces/Base.php -- Parsing file
WARNING in Base.php on line 12: DocBlock would be page-level, but precedes class "Ansel_Faces_Base", use another DocBlock to document the file
Reading file /usr/local/horde/checkout/horde-hatchery.git/ansel/lib/Faces/facedetect.php -- Parsing file
WARNING in facedetect.php on line 8: DocBlock would be page-level, but precedes class "Ansel_Faces_facedetect", use another DocBlock to document the file
Reading file /usr/local/horde/checkout/horde-hatchery.git/ansel/lib/Faces/opencv.php -- Parsing file
WARNING in opencv.php on line 8: DocBlock would be page-level, but precedes class "Ansel_Faces_opencv", use another DocBlock to document the file
Reading file /usr/local/horde/checkout/horde-hatchery.git/ansel/lib/Form/Ecard.php -- Parsing file
WARNING in Ecard.php on line 7: DocBlock would be page-level, but precedes class "Ansel_Form_Ecard", use another DocBlock to document the file
Reading file /usr/local/horde/checkout/horde-hatchery.git/ansel/lib/Form/Image.php -- Parsing file
WARNING in Image.php on line 10: no @package tag was used in a DocBlock for class Ansel_Form_Image
WARNING in Image.php on line 66: File "/usr/local/horde/checkout/horde-hatchery.git/ansel/lib/Form/Image.php" has no page-level DocBlock, use @package in the first DocBlock to create one
Reading file /usr/local/horde/checkout/horde-hatchery.git/ansel/lib/Form/ImageDate.php -- Parsing file
WARNING in ImageDate.php on line 10: no @package tag was used in a DocBlock for class Ansel_Form_ImageDate
WARNING in ImageDate.php on line 30: File "/usr/local/horde/checkout/horde-hatchery.git/ansel/lib/Form/ImageDate.php" has no page-level DocBlock, use @package in the first DocBlock to create one
Reading file /usr/local/horde/checkout/horde-hatchery.git/ansel/lib/Form/Upload.php -- Parsing file
WARNING in Upload.php on line 8: DocBlock would be page-level, but precedes class "Ansel_Form_Upload", use another DocBlock to document the file
Reading file /usr/local/horde/checkout/horde-hatchery.git/ansel/lib/Form/Watermark.php -- Parsing file
WARNING in Watermark.php on line 10: no @package tag was used in a DocBlock for class Ansel_Form_Watermark
WARNING in Watermark.php on line 53: File "/usr/local/horde/checkout/horde-hatchery.git/ansel/lib/Form/Watermark.php" has no page-level DocBlock, use @package in the first DocBlock to create one
Reading file /usr/local/horde/checkout/horde-hatchery.git/ansel/lib/Gallery.php -- Parsing file
WARNING in Gallery.php on line 14: DocBlock would be page-level, but precedes class "Ansel_Gallery", use another DocBlock to document the file
WARNING in Gallery.php on line 114: Unknown tag "@TODO:" used
WARNING in Gallery.php on line 407: Unknown tag "@TODO:" used
WARNING in Gallery.php on line 555: Unknown tag "@TODO:" used
Reading file /usr/local/horde/checkout/horde-hatchery.git/ansel/lib/GalleryMode/Date.php -- Parsing file
WARNING in Date.php on line 12: no @package tag was used in a DocBlock for class Ansel_GalleryMode_Date
WARNING in Date.php on line 663: no @package tag was used in a DocBlock for class Ansel_Gallery_Date
WARNING in Date.php on line 1042: File "/usr/local/horde/checkout/horde-hatchery.git/ansel/lib/GalleryMode/Date.php" has no page-level DocBlock, use @package in the first DocBlock to create one
Reading file /usr/local/horde/checkout/horde-hatchery.git/ansel/lib/GalleryMode/Normal.php -- Parsing file
WARNING in Normal.php on line 13: no @package tag was used in a DocBlock for class Ansel_GalleryMode_Normal
WARNING in Normal.php on line 328: File "/usr/local/horde/checkout/horde-hatchery.git/ansel/lib/GalleryMode/Normal.php" has no page-level DocBlock, use @package in the first DocBlock to create one
Reading file /usr/local/horde/checkout/horde-hatchery.git/ansel/lib/Image.php -- Parsing file
WARNING in Image.php on line 14: DocBlock would be page-level, but precedes class "Ansel_Image", use another DocBlock to document the file
WARNING in Image.php on line 403: Unknown tag "@TODO:" used
Reading file /usr/local/horde/checkout/horde-hatchery.git/ansel/lib/ImageView.php -- Parsing file
WARNING in ImageView.php on line 17: DocBlock would be page-level, but precedes class "Ansel_ImageView", use another DocBlock to document the file
Reading file /usr/local/horde/checkout/horde-hatchery.git/ansel/lib/ImageView/mini.php -- Parsing file
WARNING in mini.php on line 7: DocBlock would be page-level, but precedes class "Ansel_ImageView_mini", use another DocBlock to document the file
Reading file /usr/local/horde/checkout/horde-hatchery.git/ansel/lib/ImageView/plainstack.php -- Parsing file
WARNING in plainstack.php on line 7: DocBlock would be page-level, but precedes class "Ansel_ImageView_plainstack", use another DocBlock to document the file
Reading file /usr/local/horde/checkout/horde-hatchery.git/ansel/lib/ImageView/polaroidstack.php -- Parsing file
WARNING in polaroidstack.php on line 7: DocBlock would be page-level, but precedes class "Ansel_ImageView_polaroidstack", use another DocBlock to document the file
Reading file /usr/local/horde/checkout/horde-hatchery.git/ansel/lib/ImageView/polaroidthumb.php -- Parsing file
WARNING in polaroidthumb.php on line 8: DocBlock would be page-level, but precedes class "Ansel_ImageView_polaroidthumb", use another DocBlock to document the file
Reading file /usr/local/horde/checkout/horde-hatchery.git/ansel/lib/ImageView/prettythumb.php -- Parsing file
WARNING in prettythumb.php on line 7: DocBlock would be page-level, but precedes class "Ansel_ImageView_prettythumb", use another DocBlock to document the file
Reading file /usr/local/horde/checkout/horde-hatchery.git/ansel/lib/ImageView/roundedstack.php -- Parsing file
WARNING in roundedstack.php on line 8: DocBlock would be page-level, but precedes class "Ansel_ImageView_roundedstack", use another DocBlock to document the file
Reading file /usr/local/horde/checkout/horde-hatchery.git/ansel/lib/ImageView/screen.php -- Parsing file
WARNING in screen.php on line 7: DocBlock would be page-level, but precedes class "Ansel_ImageView_screen", use another DocBlock to document the file
Reading file /usr/local/horde/checkout/horde-hatchery.git/ansel/lib/ImageView/shadowsharpthumb.php -- Parsing file
WARNING in shadowsharpthumb.php on line 7: DocBlock would be page-level, but precedes class "Ansel_ImageView_shadowsharpthumb", use another DocBlock to document the file
Reading file /usr/local/horde/checkout/horde-hatchery.git/ansel/lib/ImageView/thumb.php -- Parsing file
WARNING in thumb.php on line 7: DocBlock would be page-level, but precedes class "Ansel_ImageView_thumb", use another DocBlock to document the file
Reading file /usr/local/horde/checkout/horde-hatchery.git/ansel/lib/Report.php -- Parsing file
WARNING in Report.php on line 17: DocBlock would be page-level, but precedes class "Ansel_Report", use another DocBlock to document the file
Reading file /usr/local/horde/checkout/horde-hatchery.git/ansel/lib/Report/letter.php -- Parsing file
WARNING in letter.php on line 7: DocBlock would be page-level, but precedes class "Ansel_Report_letter", use another DocBlock to document the file
Reading file /usr/local/horde/checkout/horde-hatchery.git/ansel/lib/Report/mail.php -- Parsing file
WARNING in mail.php on line 7: DocBlock would be page-level, but precedes class "Ansel_Report_mail", use another DocBlock to document the file
Reading file /usr/local/horde/checkout/horde-hatchery.git/ansel/lib/Report/tickets.php -- Parsing file
WARNING in tickets.php on line 7: DocBlock would be page-level, but precedes class "Ansel_Report_tickets", use another DocBlock to document the file
Reading file /usr/local/horde/checkout/horde-hatchery.git/ansel/lib/Search.php -- Parsing file
WARNING in Search.php on line 13: DocBlock would be page-level, but precedes class "Ansel_Search", use another DocBlock to document the file
Reading file /usr/local/horde/checkout/horde-hatchery.git/ansel/lib/Search/exif.php -- Parsing file
WARNING in exif.php on line 12: DocBlock would be page-level, but precedes class "Ansel_Search_exif", use another DocBlock to document the file
Reading file /usr/local/horde/checkout/horde-hatchery.git/ansel/lib/Storage.php -- Parsing file
WARNING in Storage.php on line 13: DocBlock would be page-level, but precedes class "Ansel_Storage", use another DocBlock to document the file
Reading file /usr/local/horde/checkout/horde-hatchery.git/ansel/lib/Tags.php -- Parsing file
WARNING in Tags.php on line 23: no @package tag was used in a DocBlock for class Ansel_Tags
WARNING in Tags.php on line 446: no @package tag was used in a DocBlock for class Ansel_Tags_Search
Reading file /usr/local/horde/checkout/horde-hatchery.git/ansel/lib/Tile/DateGallery.php -- Parsing file
WARNING in DateGallery.php on line 8: DocBlock would be page-level, but precedes class "Ansel_Tile_DateGallery", use another DocBlock to document the file
Reading file /usr/local/horde/checkout/horde-hatchery.git/ansel/lib/Tile/Gallery.php -- Parsing file
WARNING in Gallery.php on line 8: DocBlock would be page-level, but precedes class "Ansel_Tile_Gallery", use another DocBlock to document the file
Reading file /usr/local/horde/checkout/horde-hatchery.git/ansel/lib/Tile/Image.php -- Parsing file
WARNING in Image.php on line 8: DocBlock would be page-level, but precedes class "Ansel_Tile_Image", use another DocBlock to document the file
Reading file /usr/local/horde/checkout/horde-hatchery.git/ansel/lib/View/Base.php -- Parsing file
WARNING in Base.php on line 9: DocBlock would be page-level, but precedes class "Ansel_View_Base", use another DocBlock to document the file
Reading file /usr/local/horde/checkout/horde-hatchery.git/ansel/lib/View/Embedded.php -- Parsing file
WARNING in Embedded.php on line 17: DocBlock would be page-level, but precedes class "Ansel_View_Embedded", use another DocBlock to document the file
Reading file /usr/local/horde/checkout/horde-hatchery.git/ansel/lib/View/EmbeddedRenderer/Carousel.php -- Parsing file
WARNING in Carousel.php on line 13: DocBlock would be page-level, but precedes class "Ansel_View_EmbeddedRenderer_Carousel", use another DocBlock to document the file
Reading file /usr/local/horde/checkout/horde-hatchery.git/ansel/lib/View/EmbeddedRenderer/GalleryLink.php -- Parsing file

	ERROR in GalleryLink.php on line 23: Unclosed pre tag in DocBlock, parsing will be incorrect
WARNING in GalleryLink.php on line 24: DocBlock would be page-level, but precedes class "Ansel_View_EmbeddedRenderer_GalleryLink", use another DocBlock to document the file
Reading file /usr/local/horde/checkout/horde-hatchery.git/ansel/lib/View/EmbeddedRenderer/Mini.php -- Parsing file
WARNING in Mini.php on line 13: DocBlock would be page-level, but precedes class "Ansel_View_EmbeddedRenderer_Mini", use another DocBlock to document the file
Reading file /usr/local/horde/checkout/horde-hatchery.git/ansel/lib/View/EmbeddedRenderer/Slideshow.php -- Parsing file
WARNING in Slideshow.php on line 13: DocBlock would be page-level, but precedes class "Ansel_View_EmbeddedRenderer_Slideshow", use another DocBlock to document the file
Reading file /usr/local/horde/checkout/horde-hatchery.git/ansel/lib/View/Gallery.php -- Parsing file
WARNING in Gallery.php on line 13: DocBlock would be page-level, but precedes class "Ansel_View_Gallery", use another DocBlock to document the file
Reading file /usr/local/horde/checkout/horde-hatchery.git/ansel/lib/View/GalleryRenderer/Base.php -- Parsing file
WARNING in Base.php on line 13: DocBlock would be page-level, but precedes class "Ansel_View_GalleryRenderer_Base", use another DocBlock to document the file
WARNING in Base.php on line 120: Unknown tag "@TODO:" used
Reading file /usr/local/horde/checkout/horde-hatchery.git/ansel/lib/View/GalleryRenderer/Gallery.php -- Parsing file
WARNING in Gallery.php on line 14: DocBlock would be page-level, but precedes class "Ansel_View_GalleryRenderer_Gallery", use another DocBlock to document the file
Reading file /usr/local/horde/checkout/horde-hatchery.git/ansel/lib/View/GalleryRenderer/GalleryLightbox.php -- Parsing file
WARNING in GalleryLightbox.php on line 14: DocBlock would be page-level, but precedes class "Ansel_View_GalleryRenderer_GalleryLightbox", use another DocBlock to document the file
Reading file /usr/local/horde/checkout/horde-hatchery.git/ansel/lib/View/Image.php -- Parsing file
WARNING in Image.php on line 13: DocBlock would be page-level, but precedes class "Ansel_View_Image", use another DocBlock to document the file
Reading file /usr/local/horde/checkout/horde-hatchery.git/ansel/lib/View/List.php -- Parsing file
WARNING in List.php on line 11: DocBlock would be page-level, but precedes class "Ansel_View_List", use another DocBlock to document the file

	ERROR in List.php on line 32: Unclosed pre tag in DocBlock, parsing will be incorrect
Reading file /usr/local/horde/checkout/horde-hatchery.git/ansel/lib/View/Results.php -- Parsing file
WARNING in Results.php on line 9: DocBlock would be page-level, but precedes class "Ansel_View_Results", use another DocBlock to document the file
Reading file /usr/local/horde/checkout/horde-hatchery.git/ansel/lib/View/Slideshow.php -- Parsing file
WARNING in Slideshow.php on line 9: DocBlock would be page-level, but precedes class "Ansel_View_Slideshow", use another DocBlock to document the file
Reading file /usr/local/horde/checkout/horde-hatchery.git/ansel/lib/Widget.php -- Parsing file
WARNING in Widget.php on line 14: DocBlock would be page-level, but precedes class "Ansel_Widget", use another DocBlock to document the file
Reading file /usr/local/horde/checkout/horde-hatchery.git/ansel/lib/Widget/Actions.php -- Parsing file
WARNING in Actions.php on line 8: DocBlock would be page-level, but precedes class "Ansel_Widget_Actions", use another DocBlock to document the file
Reading file /usr/local/horde/checkout/horde-hatchery.git/ansel/lib/Widget/Base.php -- Parsing file
WARNING in Base.php on line 14: DocBlock would be page-level, but precedes class "Ansel_Widget_Base", use another DocBlock to document the file
Reading file /usr/local/horde/checkout/horde-hatchery.git/ansel/lib/Widget/GalleryFaces.php -- Parsing file
WARNING in GalleryFaces.php on line 13: DocBlock would be page-level, but precedes class "Ansel_Widget_GalleryFaces", use another DocBlock to document the file
Reading file /usr/local/horde/checkout/horde-hatchery.git/ansel/lib/Widget/Geotag.php -- Parsing file
WARNING in Geotag.php on line 16: Unknown tag "@TODO:" used
WARNING in Geotag.php on line 17: DocBlock would be page-level, but precedes class "Ansel_Widget_Geotag", use another DocBlock to document the file
Reading file /usr/local/horde/checkout/horde-hatchery.git/ansel/lib/Widget/ImageFaces.php -- Parsing file
WARNING in ImageFaces.php on line 13: DocBlock would be page-level, but precedes class "Ansel_Widget_ImageFaces", use another DocBlock to document the file
Reading file /usr/local/horde/checkout/horde-hatchery.git/ansel/lib/Widget/Links.php -- Parsing file
WARNING in Links.php on line 8: DocBlock would be page-level, but precedes class "Ansel_Widget_Links", use another DocBlock to document the file
Reading file /usr/local/horde/checkout/horde-hatchery.git/ansel/lib/Widget/OtherGalleries.php -- Parsing file
WARNING in OtherGalleries.php on line 12: DocBlock would be page-level, but precedes class "Ansel_Widget_OtherGalleries", use another DocBlock to document the file
Reading file /usr/local/horde/checkout/horde-hatchery.git/ansel/lib/Widget/OwnerFaces.php -- Parsing file
WARNING in OwnerFaces.php on line 9: DocBlock would be page-level, but precedes class "Ansel_Widget_OwnerFaces", use another DocBlock to document the file
Reading file /usr/local/horde/checkout/horde-hatchery.git/ansel/lib/Widget/SimilarPhotos.php -- Parsing file
WARNING in SimilarPhotos.php on line 9: DocBlock would be page-level, but precedes class "Ansel_Widget_SimilarPhotos", use another DocBlock to document the file
Reading file /usr/local/horde/checkout/horde-hatchery.git/ansel/lib/Widget/Tags.php -- Parsing file
WARNING in Tags.php on line 9: DocBlock would be page-level, but precedes class "Ansel_Widget_Tags", use another DocBlock to document the file
Reading file /usr/local/horde/checkout/horde-hatchery.git/ansel/lib/XPPublisher.php -- Parsing file
WARNING in XPPublisher.php on line 9: DocBlock would be page-level, but precedes class "Ansel_XPPublisher", use another DocBlock to document the file
Reading file /usr/local/horde/checkout/horde-hatchery.git/ansel/lib/base.load.php -- Parsing file
WARNING in base.load.php on line 13: Page-level DocBlock precedes "define ANSEL_BASE", use another DocBlock to document the source element
Reading file /usr/local/horde/checkout/horde-hatchery.git/ansel/lib/base.php -- Parsing file
WARNING in base.php on line 17: Page-level DocBlock precedes "require_once dirname(__FILE__).'/base.load.php'", use another DocBlock to document the source element
done

Converting From Abstract Parsed Data

Processing Class Inheritance


Processing Root Trees


Processing leftover classes (classes that extend root classes not found in the same package)
Processing Ansel_Ajax_Imple_EditCaption in file /usr/local/horde/checkout/horde-hatchery.git/ansel/lib/Ajax/Imple/EditCaption.php
WARNING: Class Ansel_Ajax_Imple_EditCaption parent Horde_Ajax_Imple_Base not found
Processing Ansel_Ajax_Imple_EditFaces in file /usr/local/horde/checkout/horde-hatchery.git/ansel/lib/Ajax/Imple/EditFaces.php
WARNING: Class Ansel_Ajax_Imple_EditFaces parent Horde_Ajax_Imple_Base not found
Processing Ansel_Ajax_Imple_Embed in file /usr/local/horde/checkout/horde-hatchery.git/ansel/lib/Ajax/Imple/Embed.php
WARNING: Class Ansel_Ajax_Imple_Embed parent Horde_Ajax_Imple_Base not found
Processing Ansel_Ajax_Imple_GallerySlugCheck in file /usr/local/horde/checkout/horde-hatchery.git/ansel/lib/Ajax/Imple/GallerySlugCheck.php
WARNING: Class Ansel_Ajax_Imple_GallerySlugCheck parent Horde_Ajax_Imple_Base not found
Processing Ansel_Ajax_Imple_ImageSaveGeotag in file /usr/local/horde/checkout/horde-hatchery.git/ansel/lib/Ajax/Imple/ImageSaveGeotag.php
WARNING: Class Ansel_Ajax_Imple_ImageSaveGeotag parent Horde_Ajax_Imple_Base not found
Processing Ansel_Ajax_Imple_LocationAutoCompleter in file /usr/local/horde/checkout/horde-hatchery.git/ansel/lib/Ajax/Imple/LocationAutoCompleter.php
WARNING: Class Ansel_Ajax_Imple_LocationAutoCompleter parent Horde_Ajax_Imple_AutoCompleter not found
Processing Ansel_Ajax_Imple_TagActions in file /usr/local/horde/checkout/horde-hatchery.git/ansel/lib/Ajax/Imple/TagActions.php
WARNING: Class Ansel_Ajax_Imple_TagActions parent Horde_Ajax_Imple_Base not found
Processing Ansel_Ajax_Imple_ToggleGalleryActions in file /usr/local/horde/checkout/horde-hatchery.git/ansel/lib/Ajax/Imple/ToggleGalleryActions.php
WARNING: Class Ansel_Ajax_Imple_ToggleGalleryActions parent Horde_Ajax_Imple_Base not found
Processing Ansel_Ajax_Imple_ToggleOtherGalleries in file /usr/local/horde/checkout/horde-hatchery.git/ansel/lib/Ajax/Imple/ToggleOtherGalleries.php
WARNING: Class Ansel_Ajax_Imple_ToggleOtherGalleries parent Horde_Ajax_Imple_Base not found
Processing Ansel_Api in file /usr/local/horde/checkout/horde-hatchery.git/ansel/lib/Api.php
WARNING: Class Ansel_Api parent Horde_Registry_Api not found
Processing Ansel_Application in file /usr/local/horde/checkout/horde-hatchery.git/ansel/lib/Application.php
WARNING: Class Ansel_Application parent Horde_Registry_Application not found
Processing Horde_Block_ansel_cloud in file /usr/local/horde/checkout/horde-hatchery.git/ansel/lib/Block/cloud.php
WARNING: Class Horde_Block_ansel_cloud parent Horde_Block not found
Processing Horde_Block_ansel_gallery in file /usr/local/horde/checkout/horde-hatchery.git/ansel/lib/Block/gallery.php
WARNING: Class Horde_Block_ansel_gallery parent Horde_Block not found
Processing Horde_Block_ansel_my_galleries in file /usr/local/horde/checkout/horde-hatchery.git/ansel/lib/Block/my_galleries.php
WARNING: Class Horde_Block_ansel_my_galleries parent Horde_Block not found
Processing Horde_Block_ansel_random_photo in file /usr/local/horde/checkout/horde-hatchery.git/ansel/lib/Block/random_photo.php
WARNING: Class Horde_Block_ansel_random_photo parent Horde_Block not found
Processing Horde_Block_ansel_recent_comments in file /usr/local/horde/checkout/horde-hatchery.git/ansel/lib/Block/recent_comments.php
WARNING: Class Horde_Block_ansel_recent_comments parent Horde_Block not found
Processing Horde_Block_ansel_recent_faces in file /usr/local/horde/checkout/horde-hatchery.git/ansel/lib/Block/recent_faces.php
WARNING: Class Horde_Block_ansel_recent_faces parent Horde_Block not found
Processing Horde_Block_ansel_recently_added in file /usr/local/horde/checkout/horde-hatchery.git/ansel/lib/Block/recently_added.php
WARNING: Class Horde_Block_ansel_recently_added parent Horde_Block not found
Processing Horde_Block_ansel_recently_added_geodata in file /usr/local/horde/checkout/horde-hatchery.git/ansel/lib/Block/recently_added_geodata.php
WARNING: Class Horde_Block_ansel_recently_added_geodata parent Horde_Block not found
Processing Ansel_Form_Ecard in file /usr/local/horde/checkout/horde-hatchery.git/ansel/lib/Form/Ecard.php
WARNING: Class Ansel_Form_Ecard parent Horde_Form not found
Processing Ansel_Form_Image in file /usr/local/horde/checkout/horde-hatchery.git/ansel/lib/Form/Image.php
WARNING: Class Ansel_Form_Image parent Horde_Form not found
Processing Ansel_Form_ImageDate in file /usr/local/horde/checkout/horde-hatchery.git/ansel/lib/Form/ImageDate.php
WARNING: Class Ansel_Form_ImageDate parent Horde_Form not found
Processing Ansel_Form_Upload in file /usr/local/horde/checkout/horde-hatchery.git/ansel/lib/Form/Upload.php
WARNING: Class Ansel_Form_Upload parent Horde_Form not found
Processing Ansel_Form_Watermark in file /usr/local/horde/checkout/horde-hatchery.git/ansel/lib/Form/Watermark.php
WARNING: Class Ansel_Form_Watermark parent Horde_Form not found
Processing Ansel_Gallery in file /usr/local/horde/checkout/horde-hatchery.git/ansel/lib/Gallery.php
WARNING: Class Ansel_Gallery parent Horde_Share_Object_sql_hierarchical not found
done processing leftover classes

Processing Procedural Page Element Name Conflicts


Sorting page elements...done
Formatting @uses list...done

creating /horde/web/dev.horde.org/api/ansel/media
copying /horde/web/dev.horde.org/api/ansel/media/banner.css
copying /horde/web/dev.horde.org/api/ansel/media/stylesheet.css
creating /horde/web/dev.horde.org/api/ansel/media/images
copying /horde/web/dev.horde.org/api/ansel/media/images/AbstractClass.png
copying /horde/web/dev.horde.org/api/ansel/media/images/AbstractClass_logo.png
copying /horde/web/dev.horde.org/api/ansel/media/images/AbstractMethod.png
copying /horde/web/dev.horde.org/api/ansel/media/images/AbstractPrivateClass.png
copying /horde/web/dev.horde.org/api/ansel/media/images/AbstractPrivateClass_logo.png
copying /horde/web/dev.horde.org/api/ansel/media/images/AbstractPrivateMethod.png
copying /horde/web/dev.horde.org/api/ansel/media/images/blank.png
copying /horde/web/dev.horde.org/api/ansel/media/images/Class.png
copying /horde/web/dev.horde.org/api/ansel/media/images/class_folder.png
copying /horde/web/dev.horde.org/api/ansel/media/images/Class_logo.png
copying /horde/web/dev.horde.org/api/ansel/media/images/Constant.png
copying /horde/web/dev.horde.org/api/ansel/media/images/Constructor.png
copying /horde/web/dev.horde.org/api/ansel/media/images/Destructor.png
copying /horde/web/dev.horde.org/api/ansel/media/images/empty.png
copying /horde/web/dev.horde.org/api/ansel/media/images/file.png
copying /horde/web/dev.horde.org/api/ansel/media/images/folder.png
copying /horde/web/dev.horde.org/api/ansel/media/images/Function.png
copying /horde/web/dev.horde.org/api/ansel/media/images/function_folder.png
copying /horde/web/dev.horde.org/api/ansel/media/images/Global.png
copying /horde/web/dev.horde.org/api/ansel/media/images/I.png
copying /horde/web/dev.horde.org/api/ansel/media/images/Index.png
copying /horde/web/dev.horde.org/api/ansel/media/images/Interface.png
copying /horde/web/dev.horde.org/api/ansel/media/images/Interface_logo.png
copying /horde/web/dev.horde.org/api/ansel/media/images/L.png
copying /horde/web/dev.horde.org/api/ansel/media/images/Lminus.png
copying /horde/web/dev.horde.org/api/ansel/media/images/Lplus.png
copying /horde/web/dev.horde.org/api/ansel/media/images/Method.png
copying /horde/web/dev.horde.org/api/ansel/media/images/minus.gif
copying /horde/web/dev.horde.org/api/ansel/media/images/next_button.png
copying /horde/web/dev.horde.org/api/ansel/media/images/next_button_disabled.png
copying /horde/web/dev.horde.org/api/ansel/media/images/package.png
copying /horde/web/dev.horde.org/api/ansel/media/images/package_folder.png
copying /horde/web/dev.horde.org/api/ansel/media/images/Page.png
copying /horde/web/dev.horde.org/api/ansel/media/images/Page_logo.png
copying /horde/web/dev.horde.org/api/ansel/media/images/plus.gif
copying /horde/web/dev.horde.org/api/ansel/media/images/previous_button.png
copying /horde/web/dev.horde.org/api/ansel/media/images/previous_button_disabled.png
copying /horde/web/dev.horde.org/api/ansel/media/images/PrivateClass.png
copying /horde/web/dev.horde.org/api/ansel/media/images/PrivateClass_logo.png
copying /horde/web/dev.horde.org/api/ansel/media/images/PrivateMethod.png
copying /horde/web/dev.horde.org/api/ansel/media/images/PrivateVariable.png
copying /horde/web/dev.horde.org/api/ansel/media/images/private_class_logo.png
copying /horde/web/dev.horde.org/api/ansel/media/images/StaticMethod.png
copying /horde/web/dev.horde.org/api/ansel/media/images/StaticVariable.png
copying /horde/web/dev.horde.org/api/ansel/media/images/T.png
copying /horde/web/dev.horde.org/api/ansel/media/images/Tminus.png
copying /horde/web/dev.horde.org/api/ansel/media/images/Tplus.png
copying /horde/web/dev.horde.org/api/ansel/media/images/tutorial.png
copying /horde/web/dev.horde.org/api/ansel/media/images/tutorial_folder.png
copying /horde/web/dev.horde.org/api/ansel/media/images/up_button.png
copying /horde/web/dev.horde.org/api/ansel/media/images/Variable.png
creating /horde/web/dev.horde.org/api/ansel/media/lib
copying /horde/web/dev.horde.org/api/ansel/media/lib/classTree.js
Building indexes...done

Sorting Indexes...done

Sorting @todo list...done
Converting README/INSTALL/CHANGELOG contents...
README...    Writing /horde/web/dev.horde.org/api/ansel/ric_README.html

done
Converting tutorials/extended docs
Formatting Package Indexes...    Writing /horde/web/dev.horde.org/api/ansel/elementindex_Ansel.html
    Writing /horde/web/dev.horde.org/api/ansel/elementindex_Horde_Block.html
    Writing /horde/web/dev.horde.org/api/ansel/elementindex_horde.html

done
Formatting Index...
    Writing /horde/web/dev.horde.org/api/ansel/elementindex.html
    Writing /horde/web/dev.horde.org/api/ansel/blank.html

    Writing /horde/web/dev.horde.org/api/ansel/index.html
    Writing /horde/web/dev.horde.org/api/ansel/packages.html
done

Formatting Left Quick Index...
    Writing /horde/web/dev.horde.org/api/ansel/li_Ansel.html
    Writing /horde/web/dev.horde.org/api/ansel/classtrees_Ansel.html

    Writing /horde/web/dev.horde.org/api/ansel/li_horde.html
    Writing /horde/web/dev.horde.org/api/ansel/classtrees_horde.html

    Writing /horde/web/dev.horde.org/api/ansel/li_Horde_Block.html
    Writing /horde/web/dev.horde.org/api/ansel/classtrees_Horde_Block.html

done

Converting /usr/local/horde/checkout/horde-hatchery.git/ansel/lib/Widget/Actions.php Procedural Page Elements... Classes...
    Writing /horde/web/dev.horde.org/api/ansel/Ansel/Ansel_Widget_Actions.html
 done
    Writing /horde/web/dev.horde.org/api/ansel/Ansel/_lib---Widget---Actions.php.html
Converting /usr/local/horde/checkout/horde-hatchery.git/ansel/lib/Ansel.php Procedural Page Elements... Classes...
    Writing /horde/web/dev.horde.org/api/ansel/Ansel/Ansel.html
 done
    Writing /horde/web/dev.horde.org/api/ansel/Ansel/_lib---Ansel.php.html
Converting /usr/local/horde/checkout/horde-hatchery.git/ansel/lib/Api.php Procedural Page Elements... Classes...
    Writing /horde/web/dev.horde.org/api/ansel/Ansel/Ansel_Api.html
 done
    Writing /horde/web/dev.horde.org/api/ansel/Ansel/_lib---Api.php.html
Converting /usr/local/horde/checkout/horde-hatchery.git/ansel/lib/Application.php Procedural Page Elements... Classes...
    Writing /horde/web/dev.horde.org/api/ansel/Ansel/Ansel_Application.html
 done
    Writing /horde/web/dev.horde.org/api/ansel/Ansel/_lib---Application.php.html
Converting /usr/local/horde/checkout/horde-hatchery.git/ansel/lib/base.load.php Procedural Page Elements... Classes... done
    Writing /horde/web/dev.horde.org/api/ansel/Ansel/_lib---base.load.php.html
Converting /usr/local/horde/checkout/horde-hatchery.git/ansel/lib/Faces/Base.php Procedural Page Elements... Classes...
    Writing /horde/web/dev.horde.org/api/ansel/Ansel/Ansel_Faces_Base.html
 done
    Writing /horde/web/dev.horde.org/api/ansel/Ansel/_lib---Faces---Base.php.html
Converting /usr/local/horde/checkout/horde-hatchery.git/ansel/lib/View/Base.php Procedural Page Elements... Classes...
    Writing /horde/web/dev.horde.org/api/ansel/Ansel/Ansel_View_Base.html
 done
    Writing /horde/web/dev.horde.org/api/ansel/Ansel/_lib---View---Base.php.html
Converting /usr/local/horde/checkout/horde-hatchery.git/ansel/lib/Widget/Base.php Procedural Page Elements... Classes...
    Writing /horde/web/dev.horde.org/api/ansel/Ansel/Ansel_Widget_Base.html
 done
    Writing /horde/web/dev.horde.org/api/ansel/Ansel/_lib---Widget---Base.php.html
Converting /usr/local/horde/checkout/horde-hatchery.git/ansel/lib/base.php Procedural Page Elements... Classes... done
    Writing /horde/web/dev.horde.org/api/ansel/Ansel/_lib---base.php.html
Converting /usr/local/horde/checkout/horde-hatchery.git/ansel/lib/View/GalleryRenderer/Base.php Procedural Page Elements... Classes...
    Writing /horde/web/dev.horde.org/api/ansel/Ansel/Ansel_View_GalleryRenderer_Base.html
 done
    Writing /horde/web/dev.horde.org/api/ansel/Ansel/_lib---View---GalleryRenderer---Base.php.html
Converting /usr/local/horde/checkout/horde-hatchery.git/ansel/lib/View/EmbeddedRenderer/Carousel.php Procedural Page Elements... Classes...
    Writing /horde/web/dev.horde.org/api/ansel/Ansel/Ansel_View_EmbeddedRenderer_Carousel.html
 done
    Writing /horde/web/dev.horde.org/api/ansel/Ansel/_lib---View---EmbeddedRenderer---Carousel.php.html
Converting /usr/local/horde/checkout/horde-hatchery.git/ansel/lib/Block/cloud.php Procedural Page Elements... Classes...
    Writing /horde/web/dev.horde.org/api/ansel/Horde_Block/Horde_Block_ansel_cloud.html
 done
    Writing /horde/web/dev.horde.org/api/ansel/Horde_Block/_lib---Block---cloud.php.html
Converting /usr/local/horde/checkout/horde-hatchery.git/ansel/lib/GalleryMode/Date.php Procedural Page Elements... Classes...
    Writing /horde/web/dev.horde.org/api/ansel/horde/Ansel_GalleryMode_Date.html
    Writing /horde/web/dev.horde.org/api/ansel/horde/Ansel_Gallery_Date.html
 done
    Writing /horde/web/dev.horde.org/api/ansel/horde/_lib---GalleryMode---Date.php.html
Converting /usr/local/horde/checkout/horde-hatchery.git/ansel/lib/Tile/DateGallery.php Procedural Page Elements... Classes...
    Writing /horde/web/dev.horde.org/api/ansel/Ansel/Ansel_Tile_DateGallery.html
 done
    Writing /horde/web/dev.horde.org/api/ansel/Ansel/_lib---Tile---DateGallery.php.html
Converting /usr/local/horde/checkout/horde-hatchery.git/ansel/lib/Form/Ecard.php Procedural Page Elements... Classes...
    Writing /horde/web/dev.horde.org/api/ansel/Ansel/Ansel_Form_Ecard.html
 done
    Writing /horde/web/dev.horde.org/api/ansel/Ansel/_lib---Form---Ecard.php.html
Converting /usr/local/horde/checkout/horde-hatchery.git/ansel/lib/Ajax/Imple/EditCaption.php Procedural Page Elements... Classes...
    Writing /horde/web/dev.horde.org/api/ansel/Ansel/Ansel_Ajax_Imple_EditCaption.html
 done
    Writing /horde/web/dev.horde.org/api/ansel/Ansel/_lib---Ajax---Imple---EditCaption.php.html
Converting /usr/local/horde/checkout/horde-hatchery.git/ansel/lib/Ajax/Imple/EditFaces.php Procedural Page Elements... Classes...
    Writing /horde/web/dev.horde.org/api/ansel/Ansel/Ansel_Ajax_Imple_EditFaces.html
 done
    Writing /horde/web/dev.horde.org/api/ansel/Ansel/_lib---Ajax---Imple---EditFaces.php.html
Converting /usr/local/horde/checkout/horde-hatchery.git/ansel/lib/Ajax/Imple/Embed.php Procedural Page Elements... Classes...
    Writing /horde/web/dev.horde.org/api/ansel/Ansel/Ansel_Ajax_Imple_Embed.html
 done
    Writing /horde/web/dev.horde.org/api/ansel/Ansel/_lib---Ajax---Imple---Embed.php.html
Converting /usr/local/horde/checkout/horde-hatchery.git/ansel/lib/View/Embedded.php Procedural Page Elements... Classes...
    Writing /horde/web/dev.horde.org/api/ansel/Ansel/Ansel_View_Embedded.html
 done
    Writing /horde/web/dev.horde.org/api/ansel/Ansel/_lib---View---Embedded.php.html
Converting /usr/local/horde/checkout/horde-hatchery.git/ansel/lib/Search/exif.php Procedural Page Elements... Classes...
    Writing /horde/web/dev.horde.org/api/ansel/Ansel/Ansel_Search_exif.html
 done
    Writing /horde/web/dev.horde.org/api/ansel/Ansel/_lib---Search---exif.php.html
Converting /usr/local/horde/checkout/horde-hatchery.git/ansel/lib/Faces/facedetect.php Procedural Page Elements... Classes...
    Writing /horde/web/dev.horde.org/api/ansel/Ansel/Ansel_Faces_facedetect.html
 done
    Writing /horde/web/dev.horde.org/api/ansel/Ansel/_lib---Faces---facedetect.php.html
Converting /usr/local/horde/checkout/horde-hatchery.git/ansel/lib/Faces.php Procedural Page Elements... Classes...
    Writing /horde/web/dev.horde.org/api/ansel/Ansel/Ansel_Faces.html
 done
    Writing /horde/web/dev.horde.org/api/ansel/Ansel/_lib---Faces.php.html
Converting /usr/local/horde/checkout/horde-hatchery.git/ansel/lib/Gallery.php Procedural Page Elements... Classes...
    Writing /horde/web/dev.horde.org/api/ansel/Ansel/Ansel_Gallery.html
 done
    Writing /horde/web/dev.horde.org/api/ansel/Ansel/_lib---Gallery.php.html
Converting /usr/local/horde/checkout/horde-hatchery.git/ansel/lib/Tile/Gallery.php Procedural Page Elements... Classes...
    Writing /horde/web/dev.horde.org/api/ansel/Ansel/Ansel_Tile_Gallery.html
 done
    Writing /horde/web/dev.horde.org/api/ansel/Ansel/_lib---Tile---Gallery.php.html
Converting /usr/local/horde/checkout/horde-hatchery.git/ansel/lib/Block/gallery.php Procedural Page Elements... Classes...
    Writing /horde/web/dev.horde.org/api/ansel/Horde_Block/Horde_Block_ansel_gallery.html
 done
    Writing /horde/web/dev.horde.org/api/ansel/Horde_Block/_lib---Block---gallery.php.html
Converting /usr/local/horde/checkout/horde-hatchery.git/ansel/lib/View/GalleryRenderer/Gallery.php Procedural Page Elements... Classes...
    Writing /horde/web/dev.horde.org/api/ansel/Ansel/Ansel_View_GalleryRenderer_Gallery.html
 done
    Writing /horde/web/dev.horde.org/api/ansel/Ansel/_lib---View---GalleryRenderer---Gallery.php.html
Converting /usr/local/horde/checkout/horde-hatchery.git/ansel/lib/View/Gallery.php Procedural Page Elements... Classes...
    Writing /horde/web/dev.horde.org/api/ansel/Ansel/Ansel_View_Gallery.html
 done
    Writing /horde/web/dev.horde.org/api/ansel/Ansel/_lib---View---Gallery.php.html
Converting /usr/local/horde/checkout/horde-hatchery.git/ansel/lib/Widget/GalleryFaces.php Procedural Page Elements... Classes...
    Writing /horde/web/dev.horde.org/api/ansel/Ansel/Ansel_Widget_GalleryFaces.html
 done
    Writing /horde/web/dev.horde.org/api/ansel/Ansel/_lib---Widget---GalleryFaces.php.html
Converting /usr/local/horde/checkout/horde-hatchery.git/ansel/lib/View/GalleryRenderer/GalleryLightbox.php Procedural Page Elements... Classes...
    Writing /horde/web/dev.horde.org/api/ansel/Ansel/Ansel_View_GalleryRenderer_GalleryLightbox.html
 done
    Writing /horde/web/dev.horde.org/api/ansel/Ansel/_lib---View---GalleryRenderer---GalleryLightbox.php.html
Converting /usr/local/horde/checkout/horde-hatchery.git/ansel/lib/View/EmbeddedRenderer/GalleryLink.php Procedural Page Elements... Classes...
    Writing /horde/web/dev.horde.org/api/ansel/Ansel/Ansel_View_EmbeddedRenderer_GalleryLink.html
 done
    Writing /horde/web/dev.horde.org/api/ansel/Ansel/_lib---View---EmbeddedRenderer---GalleryLink.php.html
Converting /usr/local/horde/checkout/horde-hatchery.git/ansel/lib/Ajax/Imple/GallerySlugCheck.php Procedural Page Elements... Classes...
    Writing /horde/web/dev.horde.org/api/ansel/Ansel/Ansel_Ajax_Imple_GallerySlugCheck.html
 done
    Writing /horde/web/dev.horde.org/api/ansel/Ansel/_lib---Ajax---Imple---GallerySlugCheck.php.html
Converting /usr/local/horde/checkout/horde-hatchery.git/ansel/lib/Widget/Geotag.php Procedural Page Elements... Classes...
    Writing /horde/web/dev.horde.org/api/ansel/Ansel/Ansel_Widget_Geotag.html
 done
    Writing /horde/web/dev.horde.org/api/ansel/Ansel/_lib---Widget---Geotag.php.html
Converting /usr/local/horde/checkout/horde-hatchery.git/ansel/lib/Form/Image.php Procedural Page Elements... Classes...
    Writing /horde/web/dev.horde.org/api/ansel/horde/Ansel_Form_Image.html
 done
    Writing /horde/web/dev.horde.org/api/ansel/horde/_lib---Form---Image.php.html
Converting /usr/local/horde/checkout/horde-hatchery.git/ansel/lib/Tile/Image.php Procedural Page Elements... Classes...
    Writing /horde/web/dev.horde.org/api/ansel/Ansel/Ansel_Tile_Image.html
 done
    Writing /horde/web/dev.horde.org/api/ansel/Ansel/_lib---Tile---Image.php.html
Converting /usr/local/horde/checkout/horde-hatchery.git/ansel/lib/View/Image.php Procedural Page Elements... Classes...
    Writing /horde/web/dev.horde.org/api/ansel/Ansel/Ansel_View_Image.html
 done
    Writing /horde/web/dev.horde.org/api/ansel/Ansel/_lib---View---Image.php.html
Converting /usr/local/horde/checkout/horde-hatchery.git/ansel/lib/Image.php Procedural Page Elements... Classes...
    Writing /horde/web/dev.horde.org/api/ansel/Ansel/Ansel_Image.html
 done
    Writing /horde/web/dev.horde.org/api/ansel/Ansel/_lib---Image.php.html
Converting /usr/local/horde/checkout/horde-hatchery.git/ansel/lib/Form/ImageDate.php Procedural Page Elements... Classes...
    Writing /horde/web/dev.horde.org/api/ansel/horde/Ansel_Form_ImageDate.html
 done
    Writing /horde/web/dev.horde.org/api/ansel/horde/_lib---Form---ImageDate.php.html
Converting /usr/local/horde/checkout/horde-hatchery.git/ansel/lib/Widget/ImageFaces.php Procedural Page Elements... Classes...
    Writing /horde/web/dev.horde.org/api/ansel/Ansel/Ansel_Widget_ImageFaces.html
 done
    Writing /horde/web/dev.horde.org/api/ansel/Ansel/_lib---Widget---ImageFaces.php.html
Converting /usr/local/horde/checkout/horde-hatchery.git/ansel/lib/Ajax/Imple/ImageSaveGeotag.php Procedural Page Elements... Classes...
    Writing /horde/web/dev.horde.org/api/ansel/Ansel/Ansel_Ajax_Imple_ImageSaveGeotag.html
 done
    Writing /horde/web/dev.horde.org/api/ansel/Ansel/_lib---Ajax---Imple---ImageSaveGeotag.php.html
Converting /usr/local/horde/checkout/horde-hatchery.git/ansel/lib/ImageView.php Procedural Page Elements... Classes...
    Writing /horde/web/dev.horde.org/api/ansel/Ansel/Ansel_ImageView.html
 done
    Writing /horde/web/dev.horde.org/api/ansel/Ansel/_lib---ImageView.php.html
Converting /usr/local/horde/checkout/horde-hatchery.git/ansel/lib/Report/letter.php Procedural Page Elements... Classes...
    Writing /horde/web/dev.horde.org/api/ansel/Ansel/Ansel_Report_letter.html
 done
    Writing /horde/web/dev.horde.org/api/ansel/Ansel/_lib---Report---letter.php.html
Converting /usr/local/horde/checkout/horde-hatchery.git/ansel/lib/Widget/Links.php Procedural Page Elements... Classes...
    Writing /horde/web/dev.horde.org/api/ansel/Ansel/Ansel_Widget_Links.html
 done
    Writing /horde/web/dev.horde.org/api/ansel/Ansel/_lib---Widget---Links.php.html
Converting /usr/local/horde/checkout/horde-hatchery.git/ansel/lib/View/List.php Procedural Page Elements... Classes...
    Writing /horde/web/dev.horde.org/api/ansel/Ansel/Ansel_View_List.html
 done
    Writing /horde/web/dev.horde.org/api/ansel/Ansel/_lib---View---List.php.html
Converting /usr/local/horde/checkout/horde-hatchery.git/ansel/lib/Ajax/Imple/LocationAutoCompleter.php Procedural Page Elements... Classes...
    Writing /horde/web/dev.horde.org/api/ansel/Ansel/Ansel_Ajax_Imple_LocationAutoCompleter.html
 done
    Writing /horde/web/dev.horde.org/api/ansel/Ansel/_lib---Ajax---Imple---LocationAutoCompleter.php.html
Converting /usr/local/horde/checkout/horde-hatchery.git/ansel/lib/Report/mail.php Procedural Page Elements... Classes...
    Writing /horde/web/dev.horde.org/api/ansel/Ansel/Ansel_Report_mail.html
 done
    Writing /horde/web/dev.horde.org/api/ansel/Ansel/_lib---Report---mail.php.html
Converting /usr/local/horde/checkout/horde-hatchery.git/ansel/lib/View/EmbeddedRenderer/Mini.php Procedural Page Elements... Classes...
    Writing /horde/web/dev.horde.org/api/ansel/Ansel/Ansel_View_EmbeddedRenderer_Mini.html
 done
    Writing /horde/web/dev.horde.org/api/ansel/Ansel/_lib---View---EmbeddedRenderer---Mini.php.html
Converting /usr/local/horde/checkout/horde-hatchery.git/ansel/lib/ImageView/mini.php Procedural Page Elements... Classes...
    Writing /horde/web/dev.horde.org/api/ansel/Ansel/Ansel_ImageView_mini.html
 done
    Writing /horde/web/dev.horde.org/api/ansel/Ansel/_lib---ImageView---mini.php.html
Converting /usr/local/horde/checkout/horde-hatchery.git/ansel/lib/Block/my_galleries.php Procedural Page Elements... Classes...
    Writing /horde/web/dev.horde.org/api/ansel/Horde_Block/Horde_Block_ansel_my_galleries.html
 done
    Writing /horde/web/dev.horde.org/api/ansel/Horde_Block/_lib---Block---my_galleries.php.html
Converting /usr/local/horde/checkout/horde-hatchery.git/ansel/lib/GalleryMode/Normal.php Procedural Page Elements... Classes...
    Writing /horde/web/dev.horde.org/api/ansel/horde/Ansel_GalleryMode_Normal.html
 done
    Writing /horde/web/dev.horde.org/api/ansel/horde/_lib---GalleryMode---Normal.php.html
Converting /usr/local/horde/checkout/horde-hatchery.git/ansel/lib/Faces/opencv.php Procedural Page Elements... Classes...
    Writing /horde/web/dev.horde.org/api/ansel/Ansel/Ansel_Faces_opencv.html
 done
    Writing /horde/web/dev.horde.org/api/ansel/Ansel/_lib---Faces---opencv.php.html
Converting /usr/local/horde/checkout/horde-hatchery.git/ansel/lib/Widget/OtherGalleries.php Procedural Page Elements... Classes...
    Writing /horde/web/dev.horde.org/api/ansel/Ansel/Ansel_Widget_OtherGalleries.html
 done
    Writing /horde/web/dev.horde.org/api/ansel/Ansel/_lib---Widget---OtherGalleries.php.html
Converting /usr/local/horde/checkout/horde-hatchery.git/ansel/lib/Widget/OwnerFaces.php Procedural Page Elements... Classes...
    Writing /horde/web/dev.horde.org/api/ansel/Ansel/Ansel_Widget_OwnerFaces.html
 done
    Writing /horde/web/dev.horde.org/api/ansel/Ansel/_lib---Widget---OwnerFaces.php.html
Converting /usr/local/horde/checkout/horde-hatchery.git/ansel/lib/ImageView/plainstack.php Procedural Page Elements... Classes...
    Writing /horde/web/dev.horde.org/api/ansel/Ansel/Ansel_ImageView_plainstack.html
 done
    Writing /horde/web/dev.horde.org/api/ansel/Ansel/_lib---ImageView---plainstack.php.html
Converting /usr/local/horde/checkout/horde-hatchery.git/ansel/lib/ImageView/polaroidstack.php Procedural Page Elements... Classes...
    Writing /horde/web/dev.horde.org/api/ansel/Ansel/Ansel_ImageView_polaroidstack.html
 done
    Writing /horde/web/dev.horde.org/api/ansel/Ansel/_lib---ImageView---polaroidstack.php.html
Converting /usr/local/horde/checkout/horde-hatchery.git/ansel/lib/ImageView/polaroidthumb.php Procedural Page Elements... Classes...
    Writing /horde/web/dev.horde.org/api/ansel/Ansel/Ansel_ImageView_polaroidthumb.html
 done
    Writing /horde/web/dev.horde.org/api/ansel/Ansel/_lib---ImageView---polaroidthumb.php.html
Converting /usr/local/horde/checkout/horde-hatchery.git/ansel/lib/ImageView/prettythumb.php Procedural Page Elements... Classes...
    Writing /horde/web/dev.horde.org/api/ansel/Ansel/Ansel_ImageView_prettythumb.html
 done
    Writing /horde/web/dev.horde.org/api/ansel/Ansel/_lib---ImageView---prettythumb.php.html
Converting /usr/local/horde/checkout/horde-hatchery.git/ansel/lib/Block/random_photo.php Procedural Page Elements... Classes...
    Writing /horde/web/dev.horde.org/api/ansel/Horde_Block/Horde_Block_ansel_random_photo.html
 done
    Writing /horde/web/dev.horde.org/api/ansel/Horde_Block/_lib---Block---random_photo.php.html
Converting /usr/local/horde/checkout/horde-hatchery.git/ansel/lib/Block/recently_added.php Procedural Page Elements... Classes...
    Writing /horde/web/dev.horde.org/api/ansel/Horde_Block/Horde_Block_ansel_recently_added.html
 done
    Writing /horde/web/dev.horde.org/api/ansel/Horde_Block/_lib---Block---recently_added.php.html
Converting /usr/local/horde/checkout/horde-hatchery.git/ansel/lib/Block/recently_added_geodata.php Procedural Page Elements... Classes...
    Writing /horde/web/dev.horde.org/api/ansel/Horde_Block/Horde_Block_ansel_recently_added_geodata.html
 done
    Writing /horde/web/dev.horde.org/api/ansel/Horde_Block/_lib---Block---recently_added_geodata.php.html
Converting /usr/local/horde/checkout/horde-hatchery.git/ansel/lib/Block/recent_comments.php Procedural Page Elements... Classes...
    Writing /horde/web/dev.horde.org/api/ansel/Horde_Block/Horde_Block_ansel_recent_comments.html
 done
    Writing /horde/web/dev.horde.org/api/ansel/Horde_Block/_lib---Block---recent_comments.php.html
Converting /usr/local/horde/checkout/horde-hatchery.git/ansel/lib/Block/recent_faces.php Procedural Page Elements... Classes...
    Writing /horde/web/dev.horde.org/api/ansel/Horde_Block/Horde_Block_ansel_recent_faces.html
 done
    Writing /horde/web/dev.horde.org/api/ansel/Horde_Block/_lib---Block---recent_faces.php.html
Converting /usr/local/horde/checkout/horde-hatchery.git/ansel/lib/Report.php Procedural Page Elements... Classes...
    Writing /horde/web/dev.horde.org/api/ansel/Ansel/Ansel_Report.html
 done
    Writing /horde/web/dev.horde.org/api/ansel/Ansel/_lib---Report.php.html
Converting /usr/local/horde/checkout/horde-hatchery.git/ansel/lib/View/Results.php Procedural Page Elements... Classes...
    Writing /horde/web/dev.horde.org/api/ansel/Ansel/Ansel_View_Results.html
 done
    Writing /horde/web/dev.horde.org/api/ansel/Ansel/_lib---View---Results.php.html
Converting /usr/local/horde/checkout/horde-hatchery.git/ansel/lib/ImageView/roundedstack.php Procedural Page Elements... Classes...
    Writing /horde/web/dev.horde.org/api/ansel/Ansel/Ansel_ImageView_roundedstack.html
 done
    Writing /horde/web/dev.horde.org/api/ansel/Ansel/_lib---ImageView---roundedstack.php.html
Converting /usr/local/horde/checkout/horde-hatchery.git/ansel/lib/ImageView/screen.php Procedural Page Elements... Classes...
    Writing /horde/web/dev.horde.org/api/ansel/Ansel/Ansel_ImageView_screen.html
 done
    Writing /horde/web/dev.horde.org/api/ansel/Ansel/_lib---ImageView---screen.php.html
Converting /usr/local/horde/checkout/horde-hatchery.git/ansel/lib/Search.php Procedural Page Elements... Classes...
    Writing /horde/web/dev.horde.org/api/ansel/Ansel/Ansel_Search.html
 done
    Writing /horde/web/dev.horde.org/api/ansel/Ansel/_lib---Search.php.html
Converting /usr/local/horde/checkout/horde-hatchery.git/ansel/lib/ImageView/shadowsharpthumb.php Procedural Page Elements... Classes...
    Writing /horde/web/dev.horde.org/api/ansel/Ansel/Ansel_ImageView_shadowsharpthumb.html
 done
    Writing /horde/web/dev.horde.org/api/ansel/Ansel/_lib---ImageView---shadowsharpthumb.php.html
Converting /usr/local/horde/checkout/horde-hatchery.git/ansel/lib/Widget/SimilarPhotos.php Procedural Page Elements... Classes...
    Writing /horde/web/dev.horde.org/api/ansel/Ansel/Ansel_Widget_SimilarPhotos.html
 done
    Writing /horde/web/dev.horde.org/api/ansel/Ansel/_lib---Widget---SimilarPhotos.php.html
Converting /usr/local/horde/checkout/horde-hatchery.git/ansel/lib/View/EmbeddedRenderer/Slideshow.php Procedural Page Elements... Classes...
    Writing /horde/web/dev.horde.org/api/ansel/Ansel/Ansel_View_EmbeddedRenderer_Slideshow.html
 done
    Writing /horde/web/dev.horde.org/api/ansel/Ansel/_lib---View---EmbeddedRenderer---Slideshow.php.html
Converting /usr/local/horde/checkout/horde-hatchery.git/ansel/lib/View/Slideshow.php Procedural Page Elements... Classes...
    Writing /horde/web/dev.horde.org/api/ansel/Ansel/Ansel_View_Slideshow.html
 done
    Writing /horde/web/dev.horde.org/api/ansel/Ansel/_lib---View---Slideshow.php.html
Converting /usr/local/horde/checkout/horde-hatchery.git/ansel/lib/Storage.php Procedural Page Elements... Classes...
    Writing /horde/web/dev.horde.org/api/ansel/Ansel/Ansel_Storage.html
 done
    Writing /horde/web/dev.horde.org/api/ansel/Ansel/_lib---Storage.php.html
Converting /usr/local/horde/checkout/horde-hatchery.git/ansel/lib/Ajax/Imple/TagActions.php Procedural Page Elements... Classes...
    Writing /horde/web/dev.horde.org/api/ansel/Ansel/Ansel_Ajax_Imple_TagActions.html
 done
    Writing /horde/web/dev.horde.org/api/ansel/Ansel/_lib---Ajax---Imple---TagActions.php.html
Converting /usr/local/horde/checkout/horde-hatchery.git/ansel/lib/Tags.php Procedural Page Elements... Classes...
    Writing /horde/web/dev.horde.org/api/ansel/Ansel/Ansel_Tags.html
    Writing /horde/web/dev.horde.org/api/ansel/Ansel/Ansel_Tags_Search.html
 done
    Writing /horde/web/dev.horde.org/api/ansel/Ansel/_lib---Tags.php.html
Converting /usr/local/horde/checkout/horde-hatchery.git/ansel/lib/Widget/Tags.php Procedural Page Elements... Classes...
    Writing /horde/web/dev.horde.org/api/ansel/Ansel/Ansel_Widget_Tags.html
 done
    Writing /horde/web/dev.horde.org/api/ansel/Ansel/_lib---Widget---Tags.php.html
Converting /usr/local/horde/checkout/horde-hatchery.git/ansel/lib/ImageView/thumb.php Procedural Page Elements... Classes...
    Writing /horde/web/dev.horde.org/api/ansel/Ansel/Ansel_ImageView_thumb.html
 done
    Writing /horde/web/dev.horde.org/api/ansel/Ansel/_lib---ImageView---thumb.php.html
Converting /usr/local/horde/checkout/horde-hatchery.git/ansel/lib/Report/tickets.php Procedural Page Elements... Classes...
    Writing /horde/web/dev.horde.org/api/ansel/Ansel/Ansel_Report_tickets.html
 done
    Writing /horde/web/dev.horde.org/api/ansel/Ansel/_lib---Report---tickets.php.html
Converting /usr/local/horde/checkout/horde-hatchery.git/ansel/lib/Ajax/Imple/ToggleGalleryActions.php Procedural Page Elements... Classes...
    Writing /horde/web/dev.horde.org/api/ansel/Ansel/Ansel_Ajax_Imple_ToggleGalleryActions.html
 done
    Writing /horde/web/dev.horde.org/api/ansel/Ansel/_lib---Ajax---Imple---ToggleGalleryActions.php.html
Converting /usr/local/horde/checkout/horde-hatchery.git/ansel/lib/Ajax/Imple/ToggleOtherGalleries.php Procedural Page Elements... Classes...
    Writing /horde/web/dev.horde.org/api/ansel/Ansel/Ansel_Ajax_Imple_ToggleOtherGalleries.html
 done
    Writing /horde/web/dev.horde.org/api/ansel/Ansel/_lib---Ajax---Imple---ToggleOtherGalleries.php.html
Converting /usr/local/horde/checkout/horde-hatchery.git/ansel/lib/Form/Upload.php Procedural Page Elements... Classes...
    Writing /horde/web/dev.horde.org/api/ansel/Ansel/Ansel_Form_Upload.html
 done
    Writing /horde/web/dev.horde.org/api/ansel/Ansel/_lib---Form---Upload.php.html
Converting /usr/local/horde/checkout/horde-hatchery.git/ansel/lib/Form/Watermark.php Procedural Page Elements... Classes...
    Writing /horde/web/dev.horde.org/api/ansel/horde/Ansel_Form_Watermark.html
 done
    Writing /horde/web/dev.horde.org/api/ansel/horde/_lib---Form---Watermark.php.html
Converting /usr/local/horde/checkout/horde-hatchery.git/ansel/lib/Widget.php Procedural Page Elements... Classes...
    Writing /horde/web/dev.horde.org/api/ansel/Ansel/Ansel_Widget.html
 done
    Writing /horde/web/dev.horde.org/api/ansel/Ansel/_lib---Widget.php.html
Converting /usr/local/horde/checkout/horde-hatchery.git/ansel/lib/XPPublisher.php Procedural Page Elements... Classes...
    Writing /horde/web/dev.horde.org/api/ansel/Ansel/Ansel_XPPublisher.html
 done
    Writing /horde/web/dev.horde.org/api/ansel/Ansel/_lib---XPPublisher.php.html

Converting @todo List...done

Converting Error Log...    Writing /horde/web/dev.horde.org/api/ansel/errors.html


To view errors and warnings, look at /horde/web/dev.horde.org/api/ansel/errors.html
done

Parsing time: 7 seconds

Conversion time: 8 seconds

Total Documentation Time: 15 seconds
done
