PHP Version 5.2.11
phpDocumentor version 1.4.3

Parsing configuration file phpDocumentor.ini...
   (found in /usr/share/php/data/PhpDocumentor/)...

done
Maximum memory usage set at 256M after considering php.ini...
using tokenizer Parser
File  Ignored


Grabbing README/INSTALL/CHANGELOG

done


Tutorial/Extended Documentation Parsing Stage

done


General Parsing Stage

Reading file /usr/local/horde/checkout/horde-hatchery.git/ApertureToAnselExportPlugin/ApertureHeaders/ApertureExportManager.h -- File not parsed, not a php file
Reading file /usr/local/horde/checkout/horde-hatchery.git/ApertureToAnselExportPlugin/ApertureHeaders/ApertureExportPlugIn.h -- File not parsed, not a php file
Reading file /usr/local/horde/checkout/horde-hatchery.git/ApertureToAnselExportPlugin/ApertureHeaders/ApertureSDKCommon.h -- File not parsed, not a php file
Reading file /usr/local/horde/checkout/horde-hatchery.git/ApertureToAnselExportPlugin/ApertureToAnselExportPlugin.h -- File not parsed, not a php file
Reading file /usr/local/horde/checkout/horde-hatchery.git/ApertureToAnselExportPlugin/ApertureToAnselExportPlugin.m -- File not parsed, not a php file
Reading file /usr/local/horde/checkout/horde-hatchery.git/ApertureToAnselExportPlugin/ApertureToAnselExportPlugin.xcodeproj/project.pbxproj -- File not parsed, not a php file
Reading file /usr/local/horde/checkout/horde-hatchery.git/ApertureToAnselExportPlugin/ApertureToAnselExportPlugin_Prefix.pch -- File not parsed, not a php file
Reading file /usr/local/horde/checkout/horde-hatchery.git/ApertureToAnselExportPlugin/English.lproj/ApertureToAnselExportPlugin.nib/designable.nib -- File not parsed, not a php file
Reading file /usr/local/horde/checkout/horde-hatchery.git/ApertureToAnselExportPlugin/English.lproj/ApertureToAnselExportPlugin.nib/keyedobjects.nib -- File not parsed, not a php file
Reading file /usr/local/horde/checkout/horde-hatchery.git/ApertureToAnselExportPlugin/English.lproj/InfoPlist.strings -- File not parsed, not a php file
Reading file /usr/local/horde/checkout/horde-hatchery.git/ApertureToAnselExportPlugin/English.lproj/Localizable.strings -- File not parsed, not a php file
Reading file /usr/local/horde/checkout/horde-hatchery.git/ApertureToAnselExportPlugin/English.lproj/locversion.plist -- File not parsed, not a php file
Reading file /usr/local/horde/checkout/horde-hatchery.git/ApertureToAnselExportPlugin/Info.plist -- File not parsed, not a php file
Reading file /usr/local/horde/checkout/horde-hatchery.git/ApertureToAnselExportPlugin/Installer/ApertureToAnsel.pmdoc/01aperturetoanselexportplugin-contents.xml -- File not parsed, not a php file
Reading file /usr/local/horde/checkout/horde-hatchery.git/ApertureToAnselExportPlugin/Installer/ApertureToAnsel.pmdoc/01aperturetoanselexportplugin.xml -- File not parsed, not a php file
Reading file /usr/local/horde/checkout/horde-hatchery.git/ApertureToAnselExportPlugin/Installer/ApertureToAnsel.pmdoc/index.xml -- File not parsed, not a php file
Reading file /usr/local/horde/checkout/horde-hatchery.git/ApertureToAnselExportPlugin/NSDataAdditions.h -- File not parsed, not a php file
Reading file /usr/local/horde/checkout/horde-hatchery.git/ApertureToAnselExportPlugin/NSDataAdditions.m -- File not parsed, not a php file
Reading file /usr/local/horde/checkout/horde-hatchery.git/ApertureToAnselExportPlugin/NSStringAdditions.h -- File not parsed, not a php file
Reading file /usr/local/horde/checkout/horde-hatchery.git/ApertureToAnselExportPlugin/NSStringAdditions.m -- File not parsed, not a php file
Reading file /usr/local/horde/checkout/horde-hatchery.git/ApertureToAnselExportPlugin/TURAnselKit/AnselGalleryViewItem.h -- File not parsed, not a php file
Reading file /usr/local/horde/checkout/horde-hatchery.git/ApertureToAnselExportPlugin/TURAnselKit/AnselGalleryViewItem.m -- File not parsed, not a php file
Reading file /usr/local/horde/checkout/horde-hatchery.git/ApertureToAnselExportPlugin/TURAnselKit/English.lProj/AnselGalleryPanel.nib/designable.nib -- File not parsed, not a php file
Reading file /usr/local/horde/checkout/horde-hatchery.git/ApertureToAnselExportPlugin/TURAnselKit/English.lProj/AnselGalleryPanel.nib/keyedobjects.nib -- File not parsed, not a php file
Reading file /usr/local/horde/checkout/horde-hatchery.git/ApertureToAnselExportPlugin/TURAnselKit/TURAnsel.h -- File not parsed, not a php file
Reading file /usr/local/horde/checkout/horde-hatchery.git/ApertureToAnselExportPlugin/TURAnselKit/TURAnsel.m -- File not parsed, not a php file
Reading file /usr/local/horde/checkout/horde-hatchery.git/ApertureToAnselExportPlugin/TURAnselKit/TURAnselConstants.h -- File not parsed, not a php file
Reading file /usr/local/horde/checkout/horde-hatchery.git/ApertureToAnselExportPlugin/TURAnselKit/TURAnselConstants.m -- File not parsed, not a php file
Reading file /usr/local/horde/checkout/horde-hatchery.git/ApertureToAnselExportPlugin/TURAnselKit/TURAnselGallery.h -- File not parsed, not a php file
Reading file /usr/local/horde/checkout/horde-hatchery.git/ApertureToAnselExportPlugin/TURAnselKit/TURAnselGallery.m -- File not parsed, not a php file
Reading file /usr/local/horde/checkout/horde-hatchery.git/ApertureToAnselExportPlugin/TURAnselKit/TURAnselGalleryPanelController.h -- File not parsed, not a php file
Reading file /usr/local/horde/checkout/horde-hatchery.git/ApertureToAnselExportPlugin/TURAnselKit/TURAnselGalleryPanelController.m -- File not parsed, not a php file
Reading file /usr/local/horde/checkout/horde-hatchery.git/ApertureToAnselExportPlugin/TURAnselKit/TURAnselKit.h -- File not parsed, not a php file
done

Converting From Abstract Parsed Data

Processing Class Inheritance


Processing Root Trees


Processing leftover classes (classes that extend root classes not found in the same package)
done processing leftover classes

Processing Procedural Page Element Name Conflicts


Sorting page elements...done
Formatting @uses list...done

Creating Directory /horde/web/dev.horde.org/api/hatchery_framework
creating /horde/web/dev.horde.org/api/hatchery_framework/media
Creating Directory /horde/web/dev.horde.org/api/hatchery_framework/media
copying /horde/web/dev.horde.org/api/hatchery_framework/media/banner.css
copying /horde/web/dev.horde.org/api/hatchery_framework/media/stylesheet.css
creating /horde/web/dev.horde.org/api/hatchery_framework/media/images
Creating Directory /horde/web/dev.horde.org/api/hatchery_framework/media/images
copying /horde/web/dev.horde.org/api/hatchery_framework/media/images/AbstractClass.png
copying /horde/web/dev.horde.org/api/hatchery_framework/media/images/AbstractClass_logo.png
copying /horde/web/dev.horde.org/api/hatchery_framework/media/images/AbstractMethod.png
copying /horde/web/dev.horde.org/api/hatchery_framework/media/images/AbstractPrivateClass.png
copying /horde/web/dev.horde.org/api/hatchery_framework/media/images/AbstractPrivateClass_logo.png
copying /horde/web/dev.horde.org/api/hatchery_framework/media/images/AbstractPrivateMethod.png
copying /horde/web/dev.horde.org/api/hatchery_framework/media/images/blank.png
copying /horde/web/dev.horde.org/api/hatchery_framework/media/images/Class.png
copying /horde/web/dev.horde.org/api/hatchery_framework/media/images/class_folder.png
copying /horde/web/dev.horde.org/api/hatchery_framework/media/images/Class_logo.png
copying /horde/web/dev.horde.org/api/hatchery_framework/media/images/Constant.png
copying /horde/web/dev.horde.org/api/hatchery_framework/media/images/Constructor.png
copying /horde/web/dev.horde.org/api/hatchery_framework/media/images/Destructor.png
copying /horde/web/dev.horde.org/api/hatchery_framework/media/images/empty.png
copying /horde/web/dev.horde.org/api/hatchery_framework/media/images/file.png
copying /horde/web/dev.horde.org/api/hatchery_framework/media/images/folder.png
copying /horde/web/dev.horde.org/api/hatchery_framework/media/images/Function.png
copying /horde/web/dev.horde.org/api/hatchery_framework/media/images/function_folder.png
copying /horde/web/dev.horde.org/api/hatchery_framework/media/images/Global.png
copying /horde/web/dev.horde.org/api/hatchery_framework/media/images/I.png
copying /horde/web/dev.horde.org/api/hatchery_framework/media/images/Index.png
copying /horde/web/dev.horde.org/api/hatchery_framework/media/images/Interface.png
copying /horde/web/dev.horde.org/api/hatchery_framework/media/images/Interface_logo.png
copying /horde/web/dev.horde.org/api/hatchery_framework/media/images/L.png
copying /horde/web/dev.horde.org/api/hatchery_framework/media/images/Lminus.png
copying /horde/web/dev.horde.org/api/hatchery_framework/media/images/Lplus.png
copying /horde/web/dev.horde.org/api/hatchery_framework/media/images/Method.png
copying /horde/web/dev.horde.org/api/hatchery_framework/media/images/minus.gif
copying /horde/web/dev.horde.org/api/hatchery_framework/media/images/next_button.png
copying /horde/web/dev.horde.org/api/hatchery_framework/media/images/next_button_disabled.png
copying /horde/web/dev.horde.org/api/hatchery_framework/media/images/package.png
copying /horde/web/dev.horde.org/api/hatchery_framework/media/images/package_folder.png
copying /horde/web/dev.horde.org/api/hatchery_framework/media/images/Page.png
copying /horde/web/dev.horde.org/api/hatchery_framework/media/images/Page_logo.png
copying /horde/web/dev.horde.org/api/hatchery_framework/media/images/plus.gif
copying /horde/web/dev.horde.org/api/hatchery_framework/media/images/previous_button.png
copying /horde/web/dev.horde.org/api/hatchery_framework/media/images/previous_button_disabled.png
copying /horde/web/dev.horde.org/api/hatchery_framework/media/images/PrivateClass.png
copying /horde/web/dev.horde.org/api/hatchery_framework/media/images/PrivateClass_logo.png
copying /horde/web/dev.horde.org/api/hatchery_framework/media/images/PrivateMethod.png
copying /horde/web/dev.horde.org/api/hatchery_framework/media/images/PrivateVariable.png
copying /horde/web/dev.horde.org/api/hatchery_framework/media/images/private_class_logo.png
copying /horde/web/dev.horde.org/api/hatchery_framework/media/images/StaticMethod.png
copying /horde/web/dev.horde.org/api/hatchery_framework/media/images/StaticVariable.png
copying /horde/web/dev.horde.org/api/hatchery_framework/media/images/T.png
copying /horde/web/dev.horde.org/api/hatchery_framework/media/images/Tminus.png
copying /horde/web/dev.horde.org/api/hatchery_framework/media/images/Tplus.png
copying /horde/web/dev.horde.org/api/hatchery_framework/media/images/tutorial.png
copying /horde/web/dev.horde.org/api/hatchery_framework/media/images/tutorial_folder.png
copying /horde/web/dev.horde.org/api/hatchery_framework/media/images/up_button.png
copying /horde/web/dev.horde.org/api/hatchery_framework/media/images/Variable.png
creating /horde/web/dev.horde.org/api/hatchery_framework/media/lib
Creating Directory /horde/web/dev.horde.org/api/hatchery_framework/media/lib
copying /horde/web/dev.horde.org/api/hatchery_framework/media/lib/classTree.js
<b>ERROR</b>: nothing parsed