PHP Version 5.2.11
phpDocumentor version 1.4.3

Parsing configuration file phpDocumentor.ini...
   (found in /usr/share/php/data/PhpDocumentor/)...

done
Maximum memory usage set at 256M after considering php.ini...
using tokenizer Parser


Grabbing README/INSTALL/CHANGELOG
README...
done


Tutorial/Extended Documentation Parsing Stage

done


General Parsing Stage

Reading file /usr/local/horde/checkout/horde-hatchery.git/babel/lib/Translate_Help.php -- Parsing file
WARNING in Translate_Help.php on line 11: DocBlock would be page-level, but precedes class "Translate_Help", use another DocBlock to document the file
Reading file /usr/local/horde/checkout/horde-hatchery.git/babel/lib/Application.php -- Parsing file
WARNING in Application.php on line 10: DocBlock would be page-level, but precedes class "Babel_Application", use another DocBlock to document the file
Reading file /usr/local/horde/checkout/horde-hatchery.git/babel/lib/Babel.php -- Parsing file
WARNING in Babel.php on line 11: DocBlock would be page-level, but precedes class "Babel", use another DocBlock to document the file
Reading file /usr/local/horde/checkout/horde-hatchery.git/babel/lib/Display.php -- Parsing file
WARNING in Display.php on line 11: DocBlock would be page-level, but precedes class "Translate_Display", use another DocBlock to document the file
Reading file /usr/local/horde/checkout/horde-hatchery.git/babel/lib/Translate.php -- Parsing file
WARNING in Translate.php on line 11: DocBlock would be page-level, but precedes class "Translate", use another DocBlock to document the file
Reading file /usr/local/horde/checkout/horde-hatchery.git/babel/lib/base.php -- Parsing file
WARNING in base.php on line 14: Page-level DocBlock precedes "define HORDE_BASE", use another DocBlock to document the source element
done

Converting From Abstract Parsed Data

Processing Class Inheritance


Processing Root Trees


Processing leftover classes (classes that extend root classes not found in the same package)
Processing Babel_Application in file /usr/local/horde/checkout/horde-hatchery.git/babel/lib/Application.php
WARNING: Class Babel_Application parent Horde_Registry_Application not found
done processing leftover classes

Processing Procedural Page Element Name Conflicts


Sorting page elements...done
Formatting @uses list...done

Creating Directory /horde/web/dev.horde.org/api/babel
creating /horde/web/dev.horde.org/api/babel/media
Creating Directory /horde/web/dev.horde.org/api/babel/media
copying /horde/web/dev.horde.org/api/babel/media/banner.css
copying /horde/web/dev.horde.org/api/babel/media/stylesheet.css
creating /horde/web/dev.horde.org/api/babel/media/images
Creating Directory /horde/web/dev.horde.org/api/babel/media/images
copying /horde/web/dev.horde.org/api/babel/media/images/AbstractClass.png
copying /horde/web/dev.horde.org/api/babel/media/images/AbstractClass_logo.png
copying /horde/web/dev.horde.org/api/babel/media/images/AbstractMethod.png
copying /horde/web/dev.horde.org/api/babel/media/images/AbstractPrivateClass.png
copying /horde/web/dev.horde.org/api/babel/media/images/AbstractPrivateClass_logo.png
copying /horde/web/dev.horde.org/api/babel/media/images/AbstractPrivateMethod.png
copying /horde/web/dev.horde.org/api/babel/media/images/blank.png
copying /horde/web/dev.horde.org/api/babel/media/images/Class.png
copying /horde/web/dev.horde.org/api/babel/media/images/class_folder.png
copying /horde/web/dev.horde.org/api/babel/media/images/Class_logo.png
copying /horde/web/dev.horde.org/api/babel/media/images/Constant.png
copying /horde/web/dev.horde.org/api/babel/media/images/Constructor.png
copying /horde/web/dev.horde.org/api/babel/media/images/Destructor.png
copying /horde/web/dev.horde.org/api/babel/media/images/empty.png
copying /horde/web/dev.horde.org/api/babel/media/images/file.png
copying /horde/web/dev.horde.org/api/babel/media/images/folder.png
copying /horde/web/dev.horde.org/api/babel/media/images/Function.png
copying /horde/web/dev.horde.org/api/babel/media/images/function_folder.png
copying /horde/web/dev.horde.org/api/babel/media/images/Global.png
copying /horde/web/dev.horde.org/api/babel/media/images/I.png
copying /horde/web/dev.horde.org/api/babel/media/images/Index.png
copying /horde/web/dev.horde.org/api/babel/media/images/Interface.png
copying /horde/web/dev.horde.org/api/babel/media/images/Interface_logo.png
copying /horde/web/dev.horde.org/api/babel/media/images/L.png
copying /horde/web/dev.horde.org/api/babel/media/images/Lminus.png
copying /horde/web/dev.horde.org/api/babel/media/images/Lplus.png
copying /horde/web/dev.horde.org/api/babel/media/images/Method.png
copying /horde/web/dev.horde.org/api/babel/media/images/minus.gif
copying /horde/web/dev.horde.org/api/babel/media/images/next_button.png
copying /horde/web/dev.horde.org/api/babel/media/images/next_button_disabled.png
copying /horde/web/dev.horde.org/api/babel/media/images/package.png
copying /horde/web/dev.horde.org/api/babel/media/images/package_folder.png
copying /horde/web/dev.horde.org/api/babel/media/images/Page.png
copying /horde/web/dev.horde.org/api/babel/media/images/Page_logo.png
copying /horde/web/dev.horde.org/api/babel/media/images/plus.gif
copying /horde/web/dev.horde.org/api/babel/media/images/previous_button.png
copying /horde/web/dev.horde.org/api/babel/media/images/previous_button_disabled.png
copying /horde/web/dev.horde.org/api/babel/media/images/PrivateClass.png
copying /horde/web/dev.horde.org/api/babel/media/images/PrivateClass_logo.png
copying /horde/web/dev.horde.org/api/babel/media/images/PrivateMethod.png
copying /horde/web/dev.horde.org/api/babel/media/images/PrivateVariable.png
copying /horde/web/dev.horde.org/api/babel/media/images/private_class_logo.png
copying /horde/web/dev.horde.org/api/babel/media/images/StaticMethod.png
copying /horde/web/dev.horde.org/api/babel/media/images/StaticVariable.png
copying /horde/web/dev.horde.org/api/babel/media/images/T.png
copying /horde/web/dev.horde.org/api/babel/media/images/Tminus.png
copying /horde/web/dev.horde.org/api/babel/media/images/Tplus.png
copying /horde/web/dev.horde.org/api/babel/media/images/tutorial.png
copying /horde/web/dev.horde.org/api/babel/media/images/tutorial_folder.png
copying /horde/web/dev.horde.org/api/babel/media/images/up_button.png
copying /horde/web/dev.horde.org/api/babel/media/images/Variable.png
creating /horde/web/dev.horde.org/api/babel/media/lib
Creating Directory /horde/web/dev.horde.org/api/babel/media/lib
copying /horde/web/dev.horde.org/api/babel/media/lib/classTree.js
Building indexes...done

Sorting Indexes...done

Sorting @todo list...done
Converting README/INSTALL/CHANGELOG contents...
README...    Writing /horde/web/dev.horde.org/api/babel/ric_README.html

done
Converting tutorials/extended docs
Formatting Package Indexes...    Writing /horde/web/dev.horde.org/api/babel/elementindex_Babel.html

done
Formatting Index...
    Writing /horde/web/dev.horde.org/api/babel/elementindex.html
    Writing /horde/web/dev.horde.org/api/babel/blank.html

    Writing /horde/web/dev.horde.org/api/babel/index.html
    Writing /horde/web/dev.horde.org/api/babel/packages.html
done

Formatting Left Quick Index...
    Writing /horde/web/dev.horde.org/api/babel/li_Babel.html
    Writing /horde/web/dev.horde.org/api/babel/classtrees_Babel.html

done

Converting /usr/local/horde/checkout/horde-hatchery.git/babel/lib/Application.php Procedural Page Elements... Classes...
Creating Directory /horde/web/dev.horde.org/api/babel/Babel
    Writing /horde/web/dev.horde.org/api/babel/Babel/Babel_Application.html
 done
    Writing /horde/web/dev.horde.org/api/babel/Babel/_lib---Application.php.html
Converting /usr/local/horde/checkout/horde-hatchery.git/babel/lib/Babel.php Procedural Page Elements... Classes...
    Writing /horde/web/dev.horde.org/api/babel/Babel/Babel.html
 done
    Writing /horde/web/dev.horde.org/api/babel/Babel/_lib---Babel.php.html
Converting /usr/local/horde/checkout/horde-hatchery.git/babel/lib/base.php Procedural Page Elements... Classes... done
    Writing /horde/web/dev.horde.org/api/babel/Babel/_lib---base.php.html
Converting /usr/local/horde/checkout/horde-hatchery.git/babel/lib/Display.php Procedural Page Elements... Classes...
    Writing /horde/web/dev.horde.org/api/babel/Babel/Translate_Display.html
 done
    Writing /horde/web/dev.horde.org/api/babel/Babel/_lib---Display.php.html
Converting /usr/local/horde/checkout/horde-hatchery.git/babel/lib/Translate.php Procedural Page Elements... Classes...
    Writing /horde/web/dev.horde.org/api/babel/Babel/Translate.html
 done
    Writing /horde/web/dev.horde.org/api/babel/Babel/_lib---Translate.php.html
Converting /usr/local/horde/checkout/horde-hatchery.git/babel/lib/Translate_Help.php Procedural Page Elements... Classes...
    Writing /horde/web/dev.horde.org/api/babel/Babel/Translate_Help.html
 done
    Writing /horde/web/dev.horde.org/api/babel/Babel/_lib---Translate_Help.php.html

Converting @todo List...done

Converting Error Log...    Writing /horde/web/dev.horde.org/api/babel/errors.html


To view errors and warnings, look at /horde/web/dev.horde.org/api/babel/errors.html
done

Parsing time: 1 seconds

Conversion time: 1 seconds

Total Documentation Time: 2 seconds
done
