PHP Version 5.2.11
phpDocumentor version 1.4.3

Parsing configuration file phpDocumentor.ini...
   (found in /usr/share/php/data/PhpDocumentor/)...

done
Maximum memory usage set at 256M after considering php.ini...
using tokenizer Parser
File  Ignored
File /usr/local/horde/checkout/horde-hatchery.git/beatnik/lib/version.php Ignored


Grabbing README/INSTALL/CHANGELOG

done


Tutorial/Extended Documentation Parsing Stage

done


General Parsing Stage

Reading file /usr/local/horde/checkout/horde-hatchery.git/beatnik/lib/Application.php -- Parsing file
WARNING in Application.php on line 7: DocBlock would be page-level, but precedes class "Beatnik_Application", use another DocBlock to document the file
Reading file /usr/local/horde/checkout/horde-hatchery.git/beatnik/lib/Beatnik.php -- Parsing file
WARNING in Beatnik.php on line 14: DocBlock would be page-level, but precedes class "Beatnik", use another DocBlock to document the file
Reading file /usr/local/horde/checkout/horde-hatchery.git/beatnik/lib/Driver.php -- Parsing file
WARNING in Driver.php on line 15: DocBlock would be page-level, but precedes class "Beatnik_Driver", use another DocBlock to document the file
Reading file /usr/local/horde/checkout/horde-hatchery.git/beatnik/lib/Driver/ldap2dns.php -- Parsing file
WARNING in ldap2dns.php on line 13: DocBlock would be page-level, but precedes class "Beatnik_Driver_ldap2dns", use another DocBlock to document the file

	ERROR in ldap2dns.php on line 499: DocBlock has multiple @access tags, illegal. ignoring additional tag "@access private"
Reading file /usr/local/horde/checkout/horde-hatchery.git/beatnik/lib/Driver/pdnsgsql.php -- Parsing file
WARNING in pdnsgsql.php on line 19: DocBlock would be page-level, but precedes class "Beatnik_Driver_pdnsgsql", use another DocBlock to document the file
Reading file /usr/local/horde/checkout/horde-hatchery.git/beatnik/lib/Driver/sql.php -- Parsing file
WARNING in sql.php on line 14: DocBlock would be page-level, but precedes class "Beatnik_Driver_sql", use another DocBlock to document the file
Reading file /usr/local/horde/checkout/horde-hatchery.git/beatnik/lib/Forms/Autogenerate.php -- Parsing file
WARNING in Autogenerate.php on line 13: DocBlock would be page-level, but precedes class "Autogenerate", use another DocBlock to document the file
Reading file /usr/local/horde/checkout/horde-hatchery.git/beatnik/lib/Forms/DeleteRecord.php -- Parsing file
WARNING in DeleteRecord.php on line 13: DocBlock would be page-level, but precedes class "DeleteRecord", use another DocBlock to document the file
Reading file /usr/local/horde/checkout/horde-hatchery.git/beatnik/lib/Forms/EditRecord.php -- Parsing file
WARNING in EditRecord.php on line 13: DocBlock would be page-level, but precedes class "EditRecord", use another DocBlock to document the file
Reading file /usr/local/horde/checkout/horde-hatchery.git/beatnik/lib/base.php -- Parsing file
WARNING in base.php on line 18: Page-level DocBlock precedes "define HORDE_BASE", use another DocBlock to document the source element
done

Converting From Abstract Parsed Data

Processing Class Inheritance


Processing Root Trees


Processing leftover classes (classes that extend root classes not found in the same package)
Processing Beatnik_Application in file /usr/local/horde/checkout/horde-hatchery.git/beatnik/lib/Application.php
WARNING: Class Beatnik_Application parent Horde_Registry_Application not found
Processing Autogenerate in file /usr/local/horde/checkout/horde-hatchery.git/beatnik/lib/Forms/Autogenerate.php
WARNING: Class Autogenerate parent Horde_Form not found
Processing DeleteRecord in file /usr/local/horde/checkout/horde-hatchery.git/beatnik/lib/Forms/DeleteRecord.php
WARNING: Class DeleteRecord parent Horde_Form not found
Processing EditRecord in file /usr/local/horde/checkout/horde-hatchery.git/beatnik/lib/Forms/EditRecord.php
WARNING: Class EditRecord parent Horde_Form not found
done processing leftover classes

Processing Procedural Page Element Name Conflicts


Sorting page elements...done
Formatting @uses list...done

creating /horde/web/dev.horde.org/api/beatnik/media
copying /horde/web/dev.horde.org/api/beatnik/media/banner.css
copying /horde/web/dev.horde.org/api/beatnik/media/stylesheet.css
creating /horde/web/dev.horde.org/api/beatnik/media/images
copying /horde/web/dev.horde.org/api/beatnik/media/images/AbstractClass.png
copying /horde/web/dev.horde.org/api/beatnik/media/images/AbstractClass_logo.png
copying /horde/web/dev.horde.org/api/beatnik/media/images/AbstractMethod.png
copying /horde/web/dev.horde.org/api/beatnik/media/images/AbstractPrivateClass.png
copying /horde/web/dev.horde.org/api/beatnik/media/images/AbstractPrivateClass_logo.png
copying /horde/web/dev.horde.org/api/beatnik/media/images/AbstractPrivateMethod.png
copying /horde/web/dev.horde.org/api/beatnik/media/images/blank.png
copying /horde/web/dev.horde.org/api/beatnik/media/images/Class.png
copying /horde/web/dev.horde.org/api/beatnik/media/images/class_folder.png
copying /horde/web/dev.horde.org/api/beatnik/media/images/Class_logo.png
copying /horde/web/dev.horde.org/api/beatnik/media/images/Constant.png
copying /horde/web/dev.horde.org/api/beatnik/media/images/Constructor.png
copying /horde/web/dev.horde.org/api/beatnik/media/images/Destructor.png
copying /horde/web/dev.horde.org/api/beatnik/media/images/empty.png
copying /horde/web/dev.horde.org/api/beatnik/media/images/file.png
copying /horde/web/dev.horde.org/api/beatnik/media/images/folder.png
copying /horde/web/dev.horde.org/api/beatnik/media/images/Function.png
copying /horde/web/dev.horde.org/api/beatnik/media/images/function_folder.png
copying /horde/web/dev.horde.org/api/beatnik/media/images/Global.png
copying /horde/web/dev.horde.org/api/beatnik/media/images/I.png
copying /horde/web/dev.horde.org/api/beatnik/media/images/Index.png
copying /horde/web/dev.horde.org/api/beatnik/media/images/Interface.png
copying /horde/web/dev.horde.org/api/beatnik/media/images/Interface_logo.png
copying /horde/web/dev.horde.org/api/beatnik/media/images/L.png
copying /horde/web/dev.horde.org/api/beatnik/media/images/Lminus.png
copying /horde/web/dev.horde.org/api/beatnik/media/images/Lplus.png
copying /horde/web/dev.horde.org/api/beatnik/media/images/Method.png
copying /horde/web/dev.horde.org/api/beatnik/media/images/minus.gif
copying /horde/web/dev.horde.org/api/beatnik/media/images/next_button.png
copying /horde/web/dev.horde.org/api/beatnik/media/images/next_button_disabled.png
copying /horde/web/dev.horde.org/api/beatnik/media/images/package.png
copying /horde/web/dev.horde.org/api/beatnik/media/images/package_folder.png
copying /horde/web/dev.horde.org/api/beatnik/media/images/Page.png
copying /horde/web/dev.horde.org/api/beatnik/media/images/Page_logo.png
copying /horde/web/dev.horde.org/api/beatnik/media/images/plus.gif
copying /horde/web/dev.horde.org/api/beatnik/media/images/previous_button.png
copying /horde/web/dev.horde.org/api/beatnik/media/images/previous_button_disabled.png
copying /horde/web/dev.horde.org/api/beatnik/media/images/PrivateClass.png
copying /horde/web/dev.horde.org/api/beatnik/media/images/PrivateClass_logo.png
copying /horde/web/dev.horde.org/api/beatnik/media/images/PrivateMethod.png
copying /horde/web/dev.horde.org/api/beatnik/media/images/PrivateVariable.png
copying /horde/web/dev.horde.org/api/beatnik/media/images/private_class_logo.png
copying /horde/web/dev.horde.org/api/beatnik/media/images/StaticMethod.png
copying /horde/web/dev.horde.org/api/beatnik/media/images/StaticVariable.png
copying /horde/web/dev.horde.org/api/beatnik/media/images/T.png
copying /horde/web/dev.horde.org/api/beatnik/media/images/Tminus.png
copying /horde/web/dev.horde.org/api/beatnik/media/images/Tplus.png
copying /horde/web/dev.horde.org/api/beatnik/media/images/tutorial.png
copying /horde/web/dev.horde.org/api/beatnik/media/images/tutorial_folder.png
copying /horde/web/dev.horde.org/api/beatnik/media/images/up_button.png
copying /horde/web/dev.horde.org/api/beatnik/media/images/Variable.png
creating /horde/web/dev.horde.org/api/beatnik/media/lib
copying /horde/web/dev.horde.org/api/beatnik/media/lib/classTree.js
Building indexes...done

Sorting Indexes...done

Sorting @todo list...done
Converting tutorials/extended docs
Formatting Package Indexes...    Writing /horde/web/dev.horde.org/api/beatnik/elementindex_Beatnik.html

done
Formatting Index...
    Writing /horde/web/dev.horde.org/api/beatnik/elementindex.html
    Writing /horde/web/dev.horde.org/api/beatnik/blank.html

    Writing /horde/web/dev.horde.org/api/beatnik/index.html
    Writing /horde/web/dev.horde.org/api/beatnik/packages.html
done

Formatting Left Quick Index...
    Writing /horde/web/dev.horde.org/api/beatnik/li_Beatnik.html
    Writing /horde/web/dev.horde.org/api/beatnik/classtrees_Beatnik.html

done

Converting /usr/local/horde/checkout/horde-hatchery.git/beatnik/lib/Application.php Procedural Page Elements... Classes...
    Writing /horde/web/dev.horde.org/api/beatnik/Beatnik/Beatnik_Application.html
 done
    Writing /horde/web/dev.horde.org/api/beatnik/Beatnik/_Application.php.html
Converting /usr/local/horde/checkout/horde-hatchery.git/beatnik/lib/Forms/Autogenerate.php Procedural Page Elements... Classes...
    Writing /horde/web/dev.horde.org/api/beatnik/Beatnik/Autogenerate.html
 done
    Writing /horde/web/dev.horde.org/api/beatnik/Beatnik/_Forms---Autogenerate.php.html
Converting /usr/local/horde/checkout/horde-hatchery.git/beatnik/lib/base.php Procedural Page Elements... Classes... done
    Writing /horde/web/dev.horde.org/api/beatnik/Beatnik/_base.php.html
Converting /usr/local/horde/checkout/horde-hatchery.git/beatnik/lib/Beatnik.php Procedural Page Elements... Classes...
    Writing /horde/web/dev.horde.org/api/beatnik/Beatnik/Beatnik.html
 done
    Writing /horde/web/dev.horde.org/api/beatnik/Beatnik/_Beatnik.php.html
Converting /usr/local/horde/checkout/horde-hatchery.git/beatnik/lib/Forms/DeleteRecord.php Procedural Page Elements... Classes...
    Writing /horde/web/dev.horde.org/api/beatnik/Beatnik/DeleteRecord.html
 done
    Writing /horde/web/dev.horde.org/api/beatnik/Beatnik/_Forms---DeleteRecord.php.html
Converting /usr/local/horde/checkout/horde-hatchery.git/beatnik/lib/Driver.php Procedural Page Elements... Classes...
    Writing /horde/web/dev.horde.org/api/beatnik/Beatnik/Beatnik_Driver.html
 done
    Writing /horde/web/dev.horde.org/api/beatnik/Beatnik/_Driver.php.html
Converting /usr/local/horde/checkout/horde-hatchery.git/beatnik/lib/Forms/EditRecord.php Procedural Page Elements... Classes...
    Writing /horde/web/dev.horde.org/api/beatnik/Beatnik/EditRecord.html
 done
    Writing /horde/web/dev.horde.org/api/beatnik/Beatnik/_Forms---EditRecord.php.html
Converting /usr/local/horde/checkout/horde-hatchery.git/beatnik/lib/Driver/ldap2dns.php Procedural Page Elements... Classes...
    Writing /horde/web/dev.horde.org/api/beatnik/Beatnik/Beatnik_Driver_ldap2dns.html
 done
    Writing /horde/web/dev.horde.org/api/beatnik/Beatnik/_Driver---ldap2dns.php.html
Converting /usr/local/horde/checkout/horde-hatchery.git/beatnik/lib/Driver/pdnsgsql.php Procedural Page Elements... Classes...
    Writing /horde/web/dev.horde.org/api/beatnik/Beatnik/Beatnik_Driver_pdnsgsql.html
 done
    Writing /horde/web/dev.horde.org/api/beatnik/Beatnik/_Driver---pdnsgsql.php.html
Converting /usr/local/horde/checkout/horde-hatchery.git/beatnik/lib/Driver/sql.php Procedural Page Elements... Classes...
    Writing /horde/web/dev.horde.org/api/beatnik/Beatnik/Beatnik_Driver_sql.html
 done
    Writing /horde/web/dev.horde.org/api/beatnik/Beatnik/_Driver---sql.php.html

Converting @todo List...done

Converting Error Log...    Writing /horde/web/dev.horde.org/api/beatnik/errors.html


To view errors and warnings, look at /horde/web/dev.horde.org/api/beatnik/errors.html
done

Parsing time: 1 seconds

Conversion time: 1 seconds

Total Documentation Time: 2 seconds
done
