PHP Version 5.2.11
phpDocumentor version 1.4.3

Parsing configuration file phpDocumentor.ini...
   (found in /usr/share/php/data/PhpDocumentor/)...

done
Maximum memory usage set at 256M after considering php.ini...
using tokenizer Parser
Hidden /usr/local/horde/checkout/horde-hatchery.git/chora/lib/.htaccess Ignored


Grabbing README/INSTALL/CHANGELOG
README...
done


Tutorial/Extended Documentation Parsing Stage

done


General Parsing Stage

Reading file /usr/local/horde/checkout/horde-hatchery.git/chora/lib/Block/tree_menu.php -- Parsing file
WARNING in tree_menu.php on line 6: no @package tag was used in a DocBlock for class Horde_Block_chora_tree_menu
WARNING in tree_menu.php on line 34: File "/usr/local/horde/checkout/horde-hatchery.git/chora/lib/Block/tree_menu.php" has no page-level DocBlock, use @package in the first DocBlock to create one
Reading file /usr/local/horde/checkout/horde-hatchery.git/chora/lib/Application.php -- Parsing file
WARNING in Application.php on line 10: DocBlock would be page-level, but precedes class "Chora_Application", use another DocBlock to document the file
Reading file /usr/local/horde/checkout/horde-hatchery.git/chora/lib/Chora.php -- Parsing file
WARNING in Chora.php on line 14: DocBlock would be page-level, but precedes class "Chora", use another DocBlock to document the file
Reading file /usr/local/horde/checkout/horde-hatchery.git/chora/lib/base.load.php -- Parsing file
WARNING in base.load.php on line 13: Page-level DocBlock precedes "define CHORA_BASE", use another DocBlock to document the source element
Reading file /usr/local/horde/checkout/horde-hatchery.git/chora/lib/base.php -- Parsing file
WARNING in base.php on line 37: File "/usr/local/horde/checkout/horde-hatchery.git/chora/lib/base.php" has no page-level DocBlock, use @package in the first DocBlock to create one
done

Converting From Abstract Parsed Data

Processing Class Inheritance


Processing Root Trees


Processing leftover classes (classes that extend root classes not found in the same package)
Processing Horde_Block_chora_tree_menu in file /usr/local/horde/checkout/horde-hatchery.git/chora/lib/Block/tree_menu.php
WARNING: Class Horde_Block_chora_tree_menu parent Horde_Block not found
Processing Chora_Application in file /usr/local/horde/checkout/horde-hatchery.git/chora/lib/Application.php
WARNING: Class Chora_Application parent Horde_Registry_Application not found
done processing leftover classes

Processing Procedural Page Element Name Conflicts


Sorting page elements...done
Formatting @uses list...done

creating /horde/web/dev.horde.org/api/chora/media
copying /horde/web/dev.horde.org/api/chora/media/banner.css
copying /horde/web/dev.horde.org/api/chora/media/stylesheet.css
creating /horde/web/dev.horde.org/api/chora/media/images
copying /horde/web/dev.horde.org/api/chora/media/images/AbstractClass.png
copying /horde/web/dev.horde.org/api/chora/media/images/AbstractClass_logo.png
copying /horde/web/dev.horde.org/api/chora/media/images/AbstractMethod.png
copying /horde/web/dev.horde.org/api/chora/media/images/AbstractPrivateClass.png
copying /horde/web/dev.horde.org/api/chora/media/images/AbstractPrivateClass_logo.png
copying /horde/web/dev.horde.org/api/chora/media/images/AbstractPrivateMethod.png
copying /horde/web/dev.horde.org/api/chora/media/images/blank.png
copying /horde/web/dev.horde.org/api/chora/media/images/Class.png
copying /horde/web/dev.horde.org/api/chora/media/images/class_folder.png
copying /horde/web/dev.horde.org/api/chora/media/images/Class_logo.png
copying /horde/web/dev.horde.org/api/chora/media/images/Constant.png
copying /horde/web/dev.horde.org/api/chora/media/images/Constructor.png
copying /horde/web/dev.horde.org/api/chora/media/images/Destructor.png
copying /horde/web/dev.horde.org/api/chora/media/images/empty.png
copying /horde/web/dev.horde.org/api/chora/media/images/file.png
copying /horde/web/dev.horde.org/api/chora/media/images/folder.png
copying /horde/web/dev.horde.org/api/chora/media/images/Function.png
copying /horde/web/dev.horde.org/api/chora/media/images/function_folder.png
copying /horde/web/dev.horde.org/api/chora/media/images/Global.png
copying /horde/web/dev.horde.org/api/chora/media/images/I.png
copying /horde/web/dev.horde.org/api/chora/media/images/Index.png
copying /horde/web/dev.horde.org/api/chora/media/images/Interface.png
copying /horde/web/dev.horde.org/api/chora/media/images/Interface_logo.png
copying /horde/web/dev.horde.org/api/chora/media/images/L.png
copying /horde/web/dev.horde.org/api/chora/media/images/Lminus.png
copying /horde/web/dev.horde.org/api/chora/media/images/Lplus.png
copying /horde/web/dev.horde.org/api/chora/media/images/Method.png
copying /horde/web/dev.horde.org/api/chora/media/images/minus.gif
copying /horde/web/dev.horde.org/api/chora/media/images/next_button.png
copying /horde/web/dev.horde.org/api/chora/media/images/next_button_disabled.png
copying /horde/web/dev.horde.org/api/chora/media/images/package.png
copying /horde/web/dev.horde.org/api/chora/media/images/package_folder.png
copying /horde/web/dev.horde.org/api/chora/media/images/Page.png
copying /horde/web/dev.horde.org/api/chora/media/images/Page_logo.png
copying /horde/web/dev.horde.org/api/chora/media/images/plus.gif
copying /horde/web/dev.horde.org/api/chora/media/images/previous_button.png
copying /horde/web/dev.horde.org/api/chora/media/images/previous_button_disabled.png
copying /horde/web/dev.horde.org/api/chora/media/images/PrivateClass.png
copying /horde/web/dev.horde.org/api/chora/media/images/PrivateClass_logo.png
copying /horde/web/dev.horde.org/api/chora/media/images/PrivateMethod.png
copying /horde/web/dev.horde.org/api/chora/media/images/PrivateVariable.png
copying /horde/web/dev.horde.org/api/chora/media/images/private_class_logo.png
copying /horde/web/dev.horde.org/api/chora/media/images/StaticMethod.png
copying /horde/web/dev.horde.org/api/chora/media/images/StaticVariable.png
copying /horde/web/dev.horde.org/api/chora/media/images/T.png
copying /horde/web/dev.horde.org/api/chora/media/images/Tminus.png
copying /horde/web/dev.horde.org/api/chora/media/images/Tplus.png
copying /horde/web/dev.horde.org/api/chora/media/images/tutorial.png
copying /horde/web/dev.horde.org/api/chora/media/images/tutorial_folder.png
copying /horde/web/dev.horde.org/api/chora/media/images/up_button.png
copying /horde/web/dev.horde.org/api/chora/media/images/Variable.png
creating /horde/web/dev.horde.org/api/chora/media/lib
copying /horde/web/dev.horde.org/api/chora/media/lib/classTree.js
Building indexes...done

Sorting Indexes...done

Sorting @todo list...done
Converting README/INSTALL/CHANGELOG contents...
README...    Writing /horde/web/dev.horde.org/api/chora/ric_README.html

done
Converting tutorials/extended docs
Formatting Package Indexes...    Writing /horde/web/dev.horde.org/api/chora/elementindex_Chora.html
    Writing /horde/web/dev.horde.org/api/chora/elementindex_horde.html

done
Formatting Index...
    Writing /horde/web/dev.horde.org/api/chora/elementindex.html
    Writing /horde/web/dev.horde.org/api/chora/blank.html

    Writing /horde/web/dev.horde.org/api/chora/index.html
    Writing /horde/web/dev.horde.org/api/chora/packages.html
done

Formatting Left Quick Index...
    Writing /horde/web/dev.horde.org/api/chora/li_horde.html
    Writing /horde/web/dev.horde.org/api/chora/classtrees_horde.html

    Writing /horde/web/dev.horde.org/api/chora/li_Chora.html
    Writing /horde/web/dev.horde.org/api/chora/classtrees_Chora.html

done

Converting /usr/local/horde/checkout/horde-hatchery.git/chora/lib/Application.php Procedural Page Elements... Classes...
    Writing /horde/web/dev.horde.org/api/chora/Chora/Chora_Application.html
 done
    Writing /horde/web/dev.horde.org/api/chora/Chora/_lib---Application.php.html
Converting /usr/local/horde/checkout/horde-hatchery.git/chora/lib/base.load.php Procedural Page Elements... Classes... done
    Writing /horde/web/dev.horde.org/api/chora/Chora/_lib---base.load.php.html
Converting /usr/local/horde/checkout/horde-hatchery.git/chora/lib/base.php Procedural Page Elements... Classes... done
    Writing /horde/web/dev.horde.org/api/chora/horde/_lib---base.php.html
Converting /usr/local/horde/checkout/horde-hatchery.git/chora/lib/Chora.php Procedural Page Elements... Classes...
    Writing /horde/web/dev.horde.org/api/chora/Chora/Chora.html
 done
    Writing /horde/web/dev.horde.org/api/chora/Chora/_lib---Chora.php.html
Converting /usr/local/horde/checkout/horde-hatchery.git/chora/lib/Block/tree_menu.php Procedural Page Elements... Classes...
    Writing /horde/web/dev.horde.org/api/chora/horde/Horde_Block_chora_tree_menu.html
 done
    Writing /horde/web/dev.horde.org/api/chora/horde/_lib---Block---tree_menu.php.html

Converting @todo List...done

Converting Error Log...    Writing /horde/web/dev.horde.org/api/chora/errors.html


To view errors and warnings, look at /horde/web/dev.horde.org/api/chora/errors.html
done

Parsing time: 0 seconds

Conversion time: 1 seconds

Total Documentation Time: 1 seconds
done
