PHP Version 5.2.11
phpDocumentor version 1.4.3

Parsing configuration file phpDocumentor.ini...
   (found in /usr/share/php/data/PhpDocumentor/)...

done
Maximum memory usage set at 256M after considering php.ini...
using tokenizer Parser
File  Ignored


Grabbing README/INSTALL/CHANGELOG

done


Tutorial/Extended Documentation Parsing Stage

done


General Parsing Stage

Reading file /usr/local/horde/checkout/horde-hatchery.git/content/lib/Index/Index.php -- Parsing file
Reading file /usr/local/horde/checkout/horde-hatchery.git/content/lib/Index/IndexMapper.php -- Parsing file
Reading file /usr/local/horde/checkout/horde-hatchery.git/content/lib/Linkbacks/Linkback.php -- Parsing file
Reading file /usr/local/horde/checkout/horde-hatchery.git/content/lib/Linkbacks/LinkbackMapper.php -- Parsing file
Reading file /usr/local/horde/checkout/horde-hatchery.git/content/lib/Objects/Manager.php -- Parsing file
WARNING in Manager.php on line 17: package horde is already in category horde, will now replace with category Horde
WARNING in Manager.php on line 32: Unknown tag "@TODO:" used
Reading file /usr/local/horde/checkout/horde-hatchery.git/content/lib/Objects/Object.php -- Parsing file
Reading file /usr/local/horde/checkout/horde-hatchery.git/content/lib/Objects/ObjectMapper.php -- Parsing file
Reading file /usr/local/horde/checkout/horde-hatchery.git/content/lib/Relationships/Relationship.php -- Parsing file
Reading file /usr/local/horde/checkout/horde-hatchery.git/content/lib/Relationships/RelationshipMapper.php -- Parsing file
Reading file /usr/local/horde/checkout/horde-hatchery.git/content/lib/Tags/Tag.php -- Parsing file
Reading file /usr/local/horde/checkout/horde-hatchery.git/content/lib/Tags/TagMapper.php -- Parsing file
Reading file /usr/local/horde/checkout/horde-hatchery.git/content/lib/Types/Manager.php -- Parsing file
Reading file /usr/local/horde/checkout/horde-hatchery.git/content/lib/Users/Manager.php -- Parsing file
Reading file /usr/local/horde/checkout/horde-hatchery.git/content/lib/Tagger.php -- Parsing file
WARNING in Tagger.php on line 30: Unknown tag "@TODO:" used
done

Converting From Abstract Parsed Data

Processing Class Inheritance


Processing Root Trees


Processing leftover classes (classes that extend root classes not found in the same package)
Processing Content_Object in file /usr/local/horde/checkout/horde-hatchery.git/content/lib/Objects/Object.php
WARNING: Class Content_Object parent Horde_Rdo_Base not found
Processing Content_ObjectMapper in file /usr/local/horde/checkout/horde-hatchery.git/content/lib/Objects/ObjectMapper.php
WARNING: Class Content_ObjectMapper parent Horde_Rdo_Mapper not found
Processing Content_Tag in file /usr/local/horde/checkout/horde-hatchery.git/content/lib/Tags/Tag.php
WARNING: Class Content_Tag parent Horde_Rdo_Base not found
Processing Content_TagMapper in file /usr/local/horde/checkout/horde-hatchery.git/content/lib/Tags/TagMapper.php
WARNING: Class Content_TagMapper parent Horde_Rdo_Mapper not found
done processing leftover classes

Processing Procedural Page Element Name Conflicts


Sorting page elements...done
Formatting @uses list...done

Creating Directory /horde/web/dev.horde.org/api/content
creating /horde/web/dev.horde.org/api/content/media
Creating Directory /horde/web/dev.horde.org/api/content/media
copying /horde/web/dev.horde.org/api/content/media/banner.css
copying /horde/web/dev.horde.org/api/content/media/stylesheet.css
creating /horde/web/dev.horde.org/api/content/media/images
Creating Directory /horde/web/dev.horde.org/api/content/media/images
copying /horde/web/dev.horde.org/api/content/media/images/AbstractClass.png
copying /horde/web/dev.horde.org/api/content/media/images/AbstractClass_logo.png
copying /horde/web/dev.horde.org/api/content/media/images/AbstractMethod.png
copying /horde/web/dev.horde.org/api/content/media/images/AbstractPrivateClass.png
copying /horde/web/dev.horde.org/api/content/media/images/AbstractPrivateClass_logo.png
copying /horde/web/dev.horde.org/api/content/media/images/AbstractPrivateMethod.png
copying /horde/web/dev.horde.org/api/content/media/images/blank.png
copying /horde/web/dev.horde.org/api/content/media/images/Class.png
copying /horde/web/dev.horde.org/api/content/media/images/class_folder.png
copying /horde/web/dev.horde.org/api/content/media/images/Class_logo.png
copying /horde/web/dev.horde.org/api/content/media/images/Constant.png
copying /horde/web/dev.horde.org/api/content/media/images/Constructor.png
copying /horde/web/dev.horde.org/api/content/media/images/Destructor.png
copying /horde/web/dev.horde.org/api/content/media/images/empty.png
copying /horde/web/dev.horde.org/api/content/media/images/file.png
copying /horde/web/dev.horde.org/api/content/media/images/folder.png
copying /horde/web/dev.horde.org/api/content/media/images/Function.png
copying /horde/web/dev.horde.org/api/content/media/images/function_folder.png
copying /horde/web/dev.horde.org/api/content/media/images/Global.png
copying /horde/web/dev.horde.org/api/content/media/images/I.png
copying /horde/web/dev.horde.org/api/content/media/images/Index.png
copying /horde/web/dev.horde.org/api/content/media/images/Interface.png
copying /horde/web/dev.horde.org/api/content/media/images/Interface_logo.png
copying /horde/web/dev.horde.org/api/content/media/images/L.png
copying /horde/web/dev.horde.org/api/content/media/images/Lminus.png
copying /horde/web/dev.horde.org/api/content/media/images/Lplus.png
copying /horde/web/dev.horde.org/api/content/media/images/Method.png
copying /horde/web/dev.horde.org/api/content/media/images/minus.gif
copying /horde/web/dev.horde.org/api/content/media/images/next_button.png
copying /horde/web/dev.horde.org/api/content/media/images/next_button_disabled.png
copying /horde/web/dev.horde.org/api/content/media/images/package.png
copying /horde/web/dev.horde.org/api/content/media/images/package_folder.png
copying /horde/web/dev.horde.org/api/content/media/images/Page.png
copying /horde/web/dev.horde.org/api/content/media/images/Page_logo.png
copying /horde/web/dev.horde.org/api/content/media/images/plus.gif
copying /horde/web/dev.horde.org/api/content/media/images/previous_button.png
copying /horde/web/dev.horde.org/api/content/media/images/previous_button_disabled.png
copying /horde/web/dev.horde.org/api/content/media/images/PrivateClass.png
copying /horde/web/dev.horde.org/api/content/media/images/PrivateClass_logo.png
copying /horde/web/dev.horde.org/api/content/media/images/PrivateMethod.png
copying /horde/web/dev.horde.org/api/content/media/images/PrivateVariable.png
copying /horde/web/dev.horde.org/api/content/media/images/private_class_logo.png
copying /horde/web/dev.horde.org/api/content/media/images/StaticMethod.png
copying /horde/web/dev.horde.org/api/content/media/images/StaticVariable.png
copying /horde/web/dev.horde.org/api/content/media/images/T.png
copying /horde/web/dev.horde.org/api/content/media/images/Tminus.png
copying /horde/web/dev.horde.org/api/content/media/images/Tplus.png
copying /horde/web/dev.horde.org/api/content/media/images/tutorial.png
copying /horde/web/dev.horde.org/api/content/media/images/tutorial_folder.png
copying /horde/web/dev.horde.org/api/content/media/images/up_button.png
copying /horde/web/dev.horde.org/api/content/media/images/Variable.png
creating /horde/web/dev.horde.org/api/content/media/lib
Creating Directory /horde/web/dev.horde.org/api/content/media/lib
copying /horde/web/dev.horde.org/api/content/media/lib/classTree.js
Building indexes...done

Sorting Indexes...done

Sorting @todo list...done
Converting tutorials/extended docs
Formatting Package Indexes...    Writing /horde/web/dev.horde.org/api/content/elementindex_Horde_Content.html

done
Formatting Index...
    Writing /horde/web/dev.horde.org/api/content/elementindex.html
    Writing /horde/web/dev.horde.org/api/content/blank.html

    Writing /horde/web/dev.horde.org/api/content/index.html
    Writing /horde/web/dev.horde.org/api/content/packages.html
done

Formatting Left Quick Index...
    Writing /horde/web/dev.horde.org/api/content/li_Horde_Content.html
    Writing /horde/web/dev.horde.org/api/content/classtrees_Horde_Content.html

done

Converting /usr/local/horde/checkout/horde-hatchery.git/content/lib/Types/Manager.php Procedural Page Elements... Classes...
Creating Directory /horde/web/dev.horde.org/api/content/Horde_Content
    Writing /horde/web/dev.horde.org/api/content/Horde_Content/Content_Types_Manager.html
 done
    Writing /horde/web/dev.horde.org/api/content/Horde_Content/_Types---Manager.php.html
Converting /usr/local/horde/checkout/horde-hatchery.git/content/lib/Users/Manager.php Procedural Page Elements... Classes...
    Writing /horde/web/dev.horde.org/api/content/Horde_Content/Content_Users_Manager.html
 done
    Writing /horde/web/dev.horde.org/api/content/Horde_Content/_Users---Manager.php.html
Converting /usr/local/horde/checkout/horde-hatchery.git/content/lib/Objects/Manager.php Procedural Page Elements... Classes...
    Writing /horde/web/dev.horde.org/api/content/Horde_Content/Content_Objects_Manager.html
 done
    Writing /horde/web/dev.horde.org/api/content/Horde_Content/_Objects---Manager.php.html
Converting /usr/local/horde/checkout/horde-hatchery.git/content/lib/Objects/Object.php Procedural Page Elements... Classes...
    Writing /horde/web/dev.horde.org/api/content/Horde_Content/Content_Object.html
 done
    Writing /horde/web/dev.horde.org/api/content/Horde_Content/_Objects---Object.php.html
Converting /usr/local/horde/checkout/horde-hatchery.git/content/lib/Objects/ObjectMapper.php Procedural Page Elements... Classes...
    Writing /horde/web/dev.horde.org/api/content/Horde_Content/Content_ObjectMapper.html
 done
    Writing /horde/web/dev.horde.org/api/content/Horde_Content/_Objects---ObjectMapper.php.html
Converting /usr/local/horde/checkout/horde-hatchery.git/content/lib/Tags/Tag.php Procedural Page Elements... Classes...
    Writing /horde/web/dev.horde.org/api/content/Horde_Content/Content_Tag.html
 done
    Writing /horde/web/dev.horde.org/api/content/Horde_Content/_Tags---Tag.php.html
Converting /usr/local/horde/checkout/horde-hatchery.git/content/lib/Tagger.php Procedural Page Elements... Classes...
    Writing /horde/web/dev.horde.org/api/content/Horde_Content/Content_Tagger.html
 done
    Writing /horde/web/dev.horde.org/api/content/Horde_Content/_Tagger.php.html
Converting /usr/local/horde/checkout/horde-hatchery.git/content/lib/Tags/TagMapper.php Procedural Page Elements... Classes...
    Writing /horde/web/dev.horde.org/api/content/Horde_Content/Content_TagMapper.html
 done
    Writing /horde/web/dev.horde.org/api/content/Horde_Content/_Tags---TagMapper.php.html

Converting @todo List...done

Converting Error Log...    Writing /horde/web/dev.horde.org/api/content/errors.html


To view errors and warnings, look at /horde/web/dev.horde.org/api/content/errors.html
done

Parsing time: 1 seconds

Conversion time: 1 seconds

Total Documentation Time: 2 seconds
done
