PHP Version 5.2.11
phpDocumentor version 1.4.3

Parsing configuration file phpDocumentor.ini...
   (found in /usr/share/php/data/PhpDocumentor/)...

done
Maximum memory usage set at 256M after considering php.ini...
using tokenizer Parser


Grabbing README/INSTALL/CHANGELOG
README...
done


Tutorial/Extended Documentation Parsing Stage

done


General Parsing Stage

Reading file /usr/local/horde/checkout/horde-hatchery.git/crumb/lib/Block/example.php -- Parsing file
WARNING in example.php on line 9: DocBlock would be page-level, but precedes class "Horde_Block_Skeleton_example", use another DocBlock to document the file
Reading file /usr/local/horde/checkout/horde-hatchery.git/crumb/lib/Driver/sql.php -- Parsing file
WARNING in sql.php on line 30: DocBlock would be page-level, but precedes class "Crumb_Driver_sql", use another DocBlock to document the file
Reading file /usr/local/horde/checkout/horde-hatchery.git/crumb/lib/Forms/ContactSearch.php -- Parsing file
WARNING in ContactSearch.php on line 13: DocBlock would be page-level, but precedes class "Horde_Form_ContactSearch", use another DocBlock to document the file
Reading file /usr/local/horde/checkout/horde-hatchery.git/crumb/lib/Forms/AddClient.php -- Parsing file
WARNING in AddClient.php on line 12: Page-level DocBlock precedes "require_once 'Horde/Form/Action.php'", use another DocBlock to document the source element
WARNING in AddClient.php on line 15: no @package tag was used in a DocBlock for class Horde_Form_AddClient
Reading file /usr/local/horde/checkout/horde-hatchery.git/crumb/lib/Driver.php -- Parsing file
WARNING in Driver.php on line 15: DocBlock would be page-level, but precedes class "Crumb_Driver", use another DocBlock to document the file
Reading file /usr/local/horde/checkout/horde-hatchery.git/crumb/lib/Application.php -- Parsing file
WARNING in Application.php on line 2: no @package tag was used in a DocBlock for class Crumb_Application
WARNING in Application.php on line 15: File "/usr/local/horde/checkout/horde-hatchery.git/crumb/lib/Application.php" has no page-level DocBlock, use @package in the first DocBlock to create one
Reading file /usr/local/horde/checkout/horde-hatchery.git/crumb/lib/Crumb.php -- Parsing file
WARNING in Crumb.php on line 14: DocBlock would be page-level, but precedes class "Crumb", use another DocBlock to document the file
Reading file /usr/local/horde/checkout/horde-hatchery.git/crumb/lib/base.php -- Parsing file
WARNING in base.php on line 42: File "/usr/local/horde/checkout/horde-hatchery.git/crumb/lib/base.php" has no page-level DocBlock, use @package in the first DocBlock to create one
done

Converting From Abstract Parsed Data

Processing Class Inheritance


Processing Root Trees


Processing leftover classes (classes that extend root classes not found in the same package)
Processing Horde_Block_Skeleton_example in file /usr/local/horde/checkout/horde-hatchery.git/crumb/lib/Block/example.php
WARNING: Class Horde_Block_Skeleton_example parent Horde_Block not found
Processing Horde_Form_ContactSearch in file /usr/local/horde/checkout/horde-hatchery.git/crumb/lib/Forms/ContactSearch.php
WARNING: Class Horde_Form_ContactSearch parent Horde_Form not found
Processing Horde_Form_AddClient in file /usr/local/horde/checkout/horde-hatchery.git/crumb/lib/Forms/AddClient.php
WARNING: Class Horde_Form_AddClient parent Horde_Form not found
Processing Crumb_Application in file /usr/local/horde/checkout/horde-hatchery.git/crumb/lib/Application.php
WARNING: Class Crumb_Application parent Horde_Registry_Application not found
done processing leftover classes

Processing Procedural Page Element Name Conflicts


Sorting page elements...done
Formatting @uses list...done

Creating Directory /horde/web/dev.horde.org/api/crumb
creating /horde/web/dev.horde.org/api/crumb/media
Creating Directory /horde/web/dev.horde.org/api/crumb/media
copying /horde/web/dev.horde.org/api/crumb/media/banner.css
copying /horde/web/dev.horde.org/api/crumb/media/stylesheet.css
creating /horde/web/dev.horde.org/api/crumb/media/images
Creating Directory /horde/web/dev.horde.org/api/crumb/media/images
copying /horde/web/dev.horde.org/api/crumb/media/images/AbstractClass.png
copying /horde/web/dev.horde.org/api/crumb/media/images/AbstractClass_logo.png
copying /horde/web/dev.horde.org/api/crumb/media/images/AbstractMethod.png
copying /horde/web/dev.horde.org/api/crumb/media/images/AbstractPrivateClass.png
copying /horde/web/dev.horde.org/api/crumb/media/images/AbstractPrivateClass_logo.png
copying /horde/web/dev.horde.org/api/crumb/media/images/AbstractPrivateMethod.png
copying /horde/web/dev.horde.org/api/crumb/media/images/blank.png
copying /horde/web/dev.horde.org/api/crumb/media/images/Class.png
copying /horde/web/dev.horde.org/api/crumb/media/images/class_folder.png
copying /horde/web/dev.horde.org/api/crumb/media/images/Class_logo.png
copying /horde/web/dev.horde.org/api/crumb/media/images/Constant.png
copying /horde/web/dev.horde.org/api/crumb/media/images/Constructor.png
copying /horde/web/dev.horde.org/api/crumb/media/images/Destructor.png
copying /horde/web/dev.horde.org/api/crumb/media/images/empty.png
copying /horde/web/dev.horde.org/api/crumb/media/images/file.png
copying /horde/web/dev.horde.org/api/crumb/media/images/folder.png
copying /horde/web/dev.horde.org/api/crumb/media/images/Function.png
copying /horde/web/dev.horde.org/api/crumb/media/images/function_folder.png
copying /horde/web/dev.horde.org/api/crumb/media/images/Global.png
copying /horde/web/dev.horde.org/api/crumb/media/images/I.png
copying /horde/web/dev.horde.org/api/crumb/media/images/Index.png
copying /horde/web/dev.horde.org/api/crumb/media/images/Interface.png
copying /horde/web/dev.horde.org/api/crumb/media/images/Interface_logo.png
copying /horde/web/dev.horde.org/api/crumb/media/images/L.png
copying /horde/web/dev.horde.org/api/crumb/media/images/Lminus.png
copying /horde/web/dev.horde.org/api/crumb/media/images/Lplus.png
copying /horde/web/dev.horde.org/api/crumb/media/images/Method.png
copying /horde/web/dev.horde.org/api/crumb/media/images/minus.gif
copying /horde/web/dev.horde.org/api/crumb/media/images/next_button.png
copying /horde/web/dev.horde.org/api/crumb/media/images/next_button_disabled.png
copying /horde/web/dev.horde.org/api/crumb/media/images/package.png
copying /horde/web/dev.horde.org/api/crumb/media/images/package_folder.png
copying /horde/web/dev.horde.org/api/crumb/media/images/Page.png
copying /horde/web/dev.horde.org/api/crumb/media/images/Page_logo.png
copying /horde/web/dev.horde.org/api/crumb/media/images/plus.gif
copying /horde/web/dev.horde.org/api/crumb/media/images/previous_button.png
copying /horde/web/dev.horde.org/api/crumb/media/images/previous_button_disabled.png
copying /horde/web/dev.horde.org/api/crumb/media/images/PrivateClass.png
copying /horde/web/dev.horde.org/api/crumb/media/images/PrivateClass_logo.png
copying /horde/web/dev.horde.org/api/crumb/media/images/PrivateMethod.png
copying /horde/web/dev.horde.org/api/crumb/media/images/PrivateVariable.png
copying /horde/web/dev.horde.org/api/crumb/media/images/private_class_logo.png
copying /horde/web/dev.horde.org/api/crumb/media/images/StaticMethod.png
copying /horde/web/dev.horde.org/api/crumb/media/images/StaticVariable.png
copying /horde/web/dev.horde.org/api/crumb/media/images/T.png
copying /horde/web/dev.horde.org/api/crumb/media/images/Tminus.png
copying /horde/web/dev.horde.org/api/crumb/media/images/Tplus.png
copying /horde/web/dev.horde.org/api/crumb/media/images/tutorial.png
copying /horde/web/dev.horde.org/api/crumb/media/images/tutorial_folder.png
copying /horde/web/dev.horde.org/api/crumb/media/images/up_button.png
copying /horde/web/dev.horde.org/api/crumb/media/images/Variable.png
creating /horde/web/dev.horde.org/api/crumb/media/lib
Creating Directory /horde/web/dev.horde.org/api/crumb/media/lib
copying /horde/web/dev.horde.org/api/crumb/media/lib/classTree.js
Building indexes...done

Sorting Indexes...done

Sorting @todo list...done
Converting README/INSTALL/CHANGELOG contents...
README...    Writing /horde/web/dev.horde.org/api/crumb/ric_README.html

done
Converting tutorials/extended docs
Formatting Package Indexes...    Writing /horde/web/dev.horde.org/api/crumb/elementindex_Crumb.html
    Writing /horde/web/dev.horde.org/api/crumb/elementindex_horde.html
    Writing /horde/web/dev.horde.org/api/crumb/elementindex_Beatnik.html
    Writing /horde/web/dev.horde.org/api/crumb/elementindex_Horde_Block.html

done
Formatting Index...
    Writing /horde/web/dev.horde.org/api/crumb/elementindex.html
    Writing /horde/web/dev.horde.org/api/crumb/blank.html

    Writing /horde/web/dev.horde.org/api/crumb/index.html
    Writing /horde/web/dev.horde.org/api/crumb/packages.html
done

Formatting Left Quick Index...
    Writing /horde/web/dev.horde.org/api/crumb/li_Horde_Block.html
    Writing /horde/web/dev.horde.org/api/crumb/classtrees_Horde_Block.html

    Writing /horde/web/dev.horde.org/api/crumb/li_horde.html
    Writing /horde/web/dev.horde.org/api/crumb/classtrees_horde.html

    Writing /horde/web/dev.horde.org/api/crumb/li_Crumb.html
    Writing /horde/web/dev.horde.org/api/crumb/classtrees_Crumb.html

    Writing /horde/web/dev.horde.org/api/crumb/li_Beatnik.html
    Writing /horde/web/dev.horde.org/api/crumb/classtrees_Beatnik.html

done

Converting /usr/local/horde/checkout/horde-hatchery.git/crumb/lib/Forms/AddClient.php Procedural Page Elements... Classes...
Creating Directory /horde/web/dev.horde.org/api/crumb/Crumb
    Writing /horde/web/dev.horde.org/api/crumb/Crumb/Horde_Form_AddClient.html
 done
    Writing /horde/web/dev.horde.org/api/crumb/Crumb/_lib---Forms---AddClient.php.html
Converting /usr/local/horde/checkout/horde-hatchery.git/crumb/lib/Application.php Procedural Page Elements... Classes...
Creating Directory /horde/web/dev.horde.org/api/crumb/horde
    Writing /horde/web/dev.horde.org/api/crumb/horde/Crumb_Application.html
 done
    Writing /horde/web/dev.horde.org/api/crumb/horde/_lib---Application.php.html
Converting /usr/local/horde/checkout/horde-hatchery.git/crumb/lib/base.php Procedural Page Elements... Classes... done
    Writing /horde/web/dev.horde.org/api/crumb/horde/_lib---base.php.html
Converting /usr/local/horde/checkout/horde-hatchery.git/crumb/lib/Forms/ContactSearch.php Procedural Page Elements... Classes...
Creating Directory /horde/web/dev.horde.org/api/crumb/Beatnik
    Writing /horde/web/dev.horde.org/api/crumb/Beatnik/Horde_Form_ContactSearch.html
 done
    Writing /horde/web/dev.horde.org/api/crumb/Beatnik/_lib---Forms---ContactSearch.php.html
Converting /usr/local/horde/checkout/horde-hatchery.git/crumb/lib/Crumb.php Procedural Page Elements... Classes...
    Writing /horde/web/dev.horde.org/api/crumb/Crumb/Crumb.html
 done
    Writing /horde/web/dev.horde.org/api/crumb/Crumb/_lib---Crumb.php.html
Converting /usr/local/horde/checkout/horde-hatchery.git/crumb/lib/Driver.php Procedural Page Elements... Classes...
    Writing /horde/web/dev.horde.org/api/crumb/Crumb/Crumb_Driver.html
 done
    Writing /horde/web/dev.horde.org/api/crumb/Crumb/_lib---Driver.php.html
Converting /usr/local/horde/checkout/horde-hatchery.git/crumb/lib/Block/example.php Procedural Page Elements... Classes...
Creating Directory /horde/web/dev.horde.org/api/crumb/Horde_Block
    Writing /horde/web/dev.horde.org/api/crumb/Horde_Block/Horde_Block_Skeleton_example.html
 done
    Writing /horde/web/dev.horde.org/api/crumb/Horde_Block/_lib---Block---example.php.html
Converting /usr/local/horde/checkout/horde-hatchery.git/crumb/lib/Driver/sql.php Procedural Page Elements... Classes...
    Writing /horde/web/dev.horde.org/api/crumb/Crumb/Crumb_Driver_sql.html
 done
    Writing /horde/web/dev.horde.org/api/crumb/Crumb/_lib---Driver---sql.php.html

Converting @todo List...done

Converting Error Log...    Writing /horde/web/dev.horde.org/api/crumb/errors.html


To view errors and warnings, look at /horde/web/dev.horde.org/api/crumb/errors.html
done

Parsing time: 0 seconds

Conversion time: 2 seconds

Total Documentation Time: 2 seconds
done
