PHP Version 5.2.11
phpDocumentor version 1.4.3

Parsing configuration file phpDocumentor.ini...
   (found in /usr/share/php/data/PhpDocumentor/)...

done
Maximum memory usage set at 256M after considering php.ini...
using tokenizer Parser
Hidden /usr/local/horde/checkout/dimp/lib/.htaccess Ignored
File /usr/local/horde/checkout/dimp/lib/Block/CVS/Entries Ignored
File /usr/local/horde/checkout/dimp/lib/Block/CVS/Repository Ignored
File /usr/local/horde/checkout/dimp/lib/Block/CVS/Root Ignored
File /usr/local/horde/checkout/dimp/lib/CVS/Entries Ignored
File /usr/local/horde/checkout/dimp/lib/CVS/Repository Ignored
File /usr/local/horde/checkout/dimp/lib/CVS/Root Ignored
File /usr/local/horde/checkout/dimp/lib/Dimple/CVS/Entries Ignored
File /usr/local/horde/checkout/dimp/lib/Dimple/CVS/Repository Ignored
File /usr/local/horde/checkout/dimp/lib/Dimple/CVS/Root Ignored
File /usr/local/horde/checkout/dimp/lib/Notification/CVS/Entries Ignored
File /usr/local/horde/checkout/dimp/lib/Notification/CVS/Repository Ignored
File /usr/local/horde/checkout/dimp/lib/Notification/CVS/Root Ignored
File /usr/local/horde/checkout/dimp/lib/Notification/Listener/CVS/Entries Ignored
File /usr/local/horde/checkout/dimp/lib/Notification/Listener/CVS/Repository Ignored
File /usr/local/horde/checkout/dimp/lib/Notification/Listener/CVS/Root Ignored
File /usr/local/horde/checkout/dimp/lib/Views/CVS/Entries Ignored
File /usr/local/horde/checkout/dimp/lib/Views/CVS/Repository Ignored
File /usr/local/horde/checkout/dimp/lib/Views/CVS/Root Ignored
File /usr/local/horde/checkout/dimp/lib/version.php Ignored


Grabbing README/INSTALL/CHANGELOG
README...
done


Tutorial/Extended Documentation Parsing Stage

done


General Parsing Stage

Reading file /usr/local/horde/checkout/dimp/lib/Block/foldersummary.php -- Parsing file
WARNING in foldersummary.php on line 16: DocBlock would be page-level, but precedes class "Horde_Block_dimp_foldersummary", use another DocBlock to document the file
Reading file /usr/local/horde/checkout/dimp/lib/Block/newmail.php -- Parsing file
WARNING in newmail.php on line 17: DocBlock would be page-level, but precedes class "Horde_Block_dimp_newmail", use another DocBlock to document the file
Reading file /usr/local/horde/checkout/dimp/lib/Dimple/ContactAutoCompleter.php -- Parsing file
WARNING in ContactAutoCompleter.php on line 39: File "/usr/local/horde/checkout/dimp/lib/Dimple/ContactAutoCompleter.php" has no page-level DocBlock, use @package in the first DocBlock to create one
Reading file /usr/local/horde/checkout/dimp/lib/Dimple/SpellChecker.php -- Parsing file
WARNING in SpellChecker.php on line 36: File "/usr/local/horde/checkout/dimp/lib/Dimple/SpellChecker.php" has no page-level DocBlock, use @package in the first DocBlock to create one
Reading file /usr/local/horde/checkout/dimp/lib/Notification/Listener/status.php -- Parsing file
WARNING in status.php on line 88: File "/usr/local/horde/checkout/dimp/lib/Notification/Listener/status.php" has no page-level DocBlock, use @package in the first DocBlock to create one
Reading file /usr/local/horde/checkout/dimp/lib/Views/Compose.php -- Parsing file
WARNING in Compose.php on line 14: Page-level DocBlock precedes "require_once 'Horde/MIME.php'", use another DocBlock to document the source element
WARNING in Compose.php on line 19: no @package tag was used in a DocBlock for class DIMP_Views_Compose
Reading file /usr/local/horde/checkout/dimp/lib/Views/ListMessages.php -- Parsing file
WARNING in ListMessages.php on line 15: Page-level DocBlock precedes "require_once IMP_BASE.'/lib/Mailbox.php'", use another DocBlock to document the source element
WARNING in ListMessages.php on line 17: no @package tag was used in a DocBlock for class DIMP_Views_ListMessages

	ERROR in ListMessages.php on line 224: DocBlock has multiple @var tags, illegal. ignoring additional tag "@var integer Starting row number."

	ERROR in ListMessages.php on line 224: DocBlock has multiple @var tags, illegal. ignoring additional tag "@var integer Slice length."

	ERROR in ListMessages.php on line 260: DocBlock has multiple @var tags, illegal. ignoring additional tag "@var string The current folder."

	ERROR in ListMessages.php on line 260: DocBlock has multiple @var tags, illegal. ignoring additional tag "@var array The list of message sequence
                                       numbers to process."
Reading file /usr/local/horde/checkout/dimp/lib/Views/ShowMessage.php -- Parsing file
WARNING in ShowMessage.php on line 14: Page-level DocBlock precedes "require_once IMP_BASE.'/lib/IMAP/MessageCache.php'", use another DocBlock to document the source element
WARNING in ShowMessage.php on line 19: no @package tag was used in a DocBlock for class DIMP_Views_ShowMessage
Reading file /usr/local/horde/checkout/dimp/lib/DIMP.php -- Parsing file
WARNING in DIMP.php on line 9: no @package tag was used in a DocBlock for class DIMP
WARNING in DIMP.php on line 549: File "/usr/local/horde/checkout/dimp/lib/DIMP.php" has no page-level DocBlock, use @package in the first DocBlock to create one
Reading file /usr/local/horde/checkout/dimp/lib/Dimple.php -- Parsing file
WARNING in Dimple.php on line 44: File "/usr/local/horde/checkout/dimp/lib/Dimple.php" has no page-level DocBlock, use @package in the first DocBlock to create one
Reading file /usr/local/horde/checkout/dimp/lib/api.php -- Parsing file
Reading file /usr/local/horde/checkout/dimp/lib/base.php -- Parsing file
WARNING in base.php on line 115: File "/usr/local/horde/checkout/dimp/lib/base.php" has no page-level DocBlock, use @package in the first DocBlock to create one
Reading file /usr/local/horde/checkout/dimp/lib/prefs.php -- Parsing file
WARNING in prefs.php on line 3: File "/usr/local/horde/checkout/dimp/lib/prefs.php" has no page-level DocBlock, use @package in the first DocBlock to create one
done

Converting From Abstract Parsed Data

Processing Class Inheritance


Processing Root Trees


Processing leftover classes (classes that extend root classes not found in the same package)
Processing Horde_Block_dimp_foldersummary in file /usr/local/horde/checkout/dimp/lib/Block/foldersummary.php
WARNING: Class Horde_Block_dimp_foldersummary parent Horde_Block not found
Processing Horde_Block_dimp_newmail in file /usr/local/horde/checkout/dimp/lib/Block/newmail.php
WARNING: Class Horde_Block_dimp_newmail parent Horde_Block not found
Processing Dimple_ContactAutoCompleter in file /usr/local/horde/checkout/dimp/lib/Dimple/ContactAutoCompleter.php
WARNING: Class Dimple_ContactAutoCompleter parent Imple_ContactAutoCompleter not found
Processing Dimple_SpellChecker in file /usr/local/horde/checkout/dimp/lib/Dimple/SpellChecker.php
WARNING: Class Dimple_SpellChecker parent Imple_SpellChecker not found
Processing Notification_Listener_status_dimp in file /usr/local/horde/checkout/dimp/lib/Notification/Listener/status.php
WARNING: Class Notification_Listener_status_dimp parent Notification_Listener_status_imp not found
Processing Dimple in file /usr/local/horde/checkout/dimp/lib/Dimple.php
WARNING: Class Dimple parent Imple not found
done processing leftover classes

Processing Procedural Page Element Name Conflicts


Sorting page elements...done
Formatting @uses list...done

creating /horde/web/dev.horde.org/api/dimp/media
copying /horde/web/dev.horde.org/api/dimp/media/banner.css
copying /horde/web/dev.horde.org/api/dimp/media/stylesheet.css
creating /horde/web/dev.horde.org/api/dimp/media/images
copying /horde/web/dev.horde.org/api/dimp/media/images/AbstractClass.png
copying /horde/web/dev.horde.org/api/dimp/media/images/AbstractClass_logo.png
copying /horde/web/dev.horde.org/api/dimp/media/images/AbstractMethod.png
copying /horde/web/dev.horde.org/api/dimp/media/images/AbstractPrivateClass.png
copying /horde/web/dev.horde.org/api/dimp/media/images/AbstractPrivateClass_logo.png
copying /horde/web/dev.horde.org/api/dimp/media/images/AbstractPrivateMethod.png
copying /horde/web/dev.horde.org/api/dimp/media/images/blank.png
copying /horde/web/dev.horde.org/api/dimp/media/images/Class.png
copying /horde/web/dev.horde.org/api/dimp/media/images/class_folder.png
copying /horde/web/dev.horde.org/api/dimp/media/images/Class_logo.png
copying /horde/web/dev.horde.org/api/dimp/media/images/Constant.png
copying /horde/web/dev.horde.org/api/dimp/media/images/Constructor.png
copying /horde/web/dev.horde.org/api/dimp/media/images/Destructor.png
copying /horde/web/dev.horde.org/api/dimp/media/images/empty.png
copying /horde/web/dev.horde.org/api/dimp/media/images/file.png
copying /horde/web/dev.horde.org/api/dimp/media/images/folder.png
copying /horde/web/dev.horde.org/api/dimp/media/images/Function.png
copying /horde/web/dev.horde.org/api/dimp/media/images/function_folder.png
copying /horde/web/dev.horde.org/api/dimp/media/images/Global.png
copying /horde/web/dev.horde.org/api/dimp/media/images/I.png
copying /horde/web/dev.horde.org/api/dimp/media/images/Index.png
copying /horde/web/dev.horde.org/api/dimp/media/images/Interface.png
copying /horde/web/dev.horde.org/api/dimp/media/images/Interface_logo.png
copying /horde/web/dev.horde.org/api/dimp/media/images/L.png
copying /horde/web/dev.horde.org/api/dimp/media/images/Lminus.png
copying /horde/web/dev.horde.org/api/dimp/media/images/Lplus.png
copying /horde/web/dev.horde.org/api/dimp/media/images/Method.png
copying /horde/web/dev.horde.org/api/dimp/media/images/minus.gif
copying /horde/web/dev.horde.org/api/dimp/media/images/next_button.png
copying /horde/web/dev.horde.org/api/dimp/media/images/next_button_disabled.png
copying /horde/web/dev.horde.org/api/dimp/media/images/package.png
copying /horde/web/dev.horde.org/api/dimp/media/images/package_folder.png
copying /horde/web/dev.horde.org/api/dimp/media/images/Page.png
copying /horde/web/dev.horde.org/api/dimp/media/images/Page_logo.png
copying /horde/web/dev.horde.org/api/dimp/media/images/plus.gif
copying /horde/web/dev.horde.org/api/dimp/media/images/previous_button.png
copying /horde/web/dev.horde.org/api/dimp/media/images/previous_button_disabled.png
copying /horde/web/dev.horde.org/api/dimp/media/images/PrivateClass.png
copying /horde/web/dev.horde.org/api/dimp/media/images/PrivateClass_logo.png
copying /horde/web/dev.horde.org/api/dimp/media/images/PrivateMethod.png
copying /horde/web/dev.horde.org/api/dimp/media/images/PrivateVariable.png
copying /horde/web/dev.horde.org/api/dimp/media/images/private_class_logo.png
copying /horde/web/dev.horde.org/api/dimp/media/images/StaticMethod.png
copying /horde/web/dev.horde.org/api/dimp/media/images/StaticVariable.png
copying /horde/web/dev.horde.org/api/dimp/media/images/T.png
copying /horde/web/dev.horde.org/api/dimp/media/images/Tminus.png
copying /horde/web/dev.horde.org/api/dimp/media/images/Tplus.png
copying /horde/web/dev.horde.org/api/dimp/media/images/tutorial.png
copying /horde/web/dev.horde.org/api/dimp/media/images/tutorial_folder.png
copying /horde/web/dev.horde.org/api/dimp/media/images/up_button.png
copying /horde/web/dev.horde.org/api/dimp/media/images/Variable.png
creating /horde/web/dev.horde.org/api/dimp/media/lib
copying /horde/web/dev.horde.org/api/dimp/media/lib/classTree.js
Building indexes...done

Sorting Indexes...done

Sorting @todo list...done
Converting README/INSTALL/CHANGELOG contents...
README...    Writing /horde/web/dev.horde.org/api/dimp/ric_README.html

done
Converting tutorials/extended docs
Formatting Package Indexes...    Writing /horde/web/dev.horde.org/api/dimp/elementindex_DIMP.html
    Writing /horde/web/dev.horde.org/api/dimp/elementindex_horde.html
    Writing /horde/web/dev.horde.org/api/dimp/elementindex_Dimple.html
    Writing /horde/web/dev.horde.org/api/dimp/elementindex_Horde_Block.html
    Writing /horde/web/dev.horde.org/api/dimp/elementindex_Horde_Notification.html

done
Formatting Index...
    Writing /horde/web/dev.horde.org/api/dimp/elementindex.html
    Writing /horde/web/dev.horde.org/api/dimp/blank.html

    Writing /horde/web/dev.horde.org/api/dimp/index.html
    Writing /horde/web/dev.horde.org/api/dimp/packages.html
done

Formatting Left Quick Index...
    Writing /horde/web/dev.horde.org/api/dimp/li_Horde_Block.html
    Writing /horde/web/dev.horde.org/api/dimp/classtrees_Horde_Block.html

    Writing /horde/web/dev.horde.org/api/dimp/li_Dimple.html
    Writing /horde/web/dev.horde.org/api/dimp/classtrees_Dimple.html

    Writing /horde/web/dev.horde.org/api/dimp/li_horde.html
    Writing /horde/web/dev.horde.org/api/dimp/classtrees_horde.html

    Writing /horde/web/dev.horde.org/api/dimp/li_Horde_Notification.html
    Writing /horde/web/dev.horde.org/api/dimp/classtrees_Horde_Notification.html

    Writing /horde/web/dev.horde.org/api/dimp/li_DIMP.html
    Writing /horde/web/dev.horde.org/api/dimp/classtrees_DIMP.html

done

Converting /usr/local/horde/checkout/dimp/lib/api.php Procedural Page Elements... Classes... done
    Writing /horde/web/dev.horde.org/api/dimp/DIMP/_lib---api.php.html
Converting /usr/local/horde/checkout/dimp/lib/base.php Procedural Page Elements... Classes... done
    Writing /horde/web/dev.horde.org/api/dimp/horde/_lib---base.php.html
Converting /usr/local/horde/checkout/dimp/lib/Views/Compose.php Procedural Page Elements... Classes...
    Writing /horde/web/dev.horde.org/api/dimp/DIMP/DIMP_Views_Compose.html
 done
    Writing /horde/web/dev.horde.org/api/dimp/DIMP/_lib---Views---Compose.php.html
Converting /usr/local/horde/checkout/dimp/lib/Dimple/ContactAutoCompleter.php Procedural Page Elements... Classes...
    Writing /horde/web/dev.horde.org/api/dimp/Dimple/Dimple_ContactAutoCompleter.html
 done
    Writing /horde/web/dev.horde.org/api/dimp/Dimple/_lib---Dimple---ContactAutoCompleter.php.html
Converting /usr/local/horde/checkout/dimp/lib/DIMP.php Procedural Page Elements... Classes...
    Writing /horde/web/dev.horde.org/api/dimp/horde/DIMP.html
 done
    Writing /horde/web/dev.horde.org/api/dimp/horde/_lib---DIMP.php.html
Converting /usr/local/horde/checkout/dimp/lib/Dimple.php Procedural Page Elements... Classes...
    Writing /horde/web/dev.horde.org/api/dimp/Dimple/Dimple.html
 done
    Writing /horde/web/dev.horde.org/api/dimp/Dimple/_lib---Dimple.php.html
Converting /usr/local/horde/checkout/dimp/lib/Block/foldersummary.php Procedural Page Elements... Classes...
    Writing /horde/web/dev.horde.org/api/dimp/Horde_Block/Horde_Block_dimp_foldersummary.html
 done
    Writing /horde/web/dev.horde.org/api/dimp/Horde_Block/_lib---Block---foldersummary.php.html
Converting /usr/local/horde/checkout/dimp/lib/Views/ListMessages.php Procedural Page Elements... Classes...
    Writing /horde/web/dev.horde.org/api/dimp/DIMP/DIMP_Views_ListMessages.html
 done
    Writing /horde/web/dev.horde.org/api/dimp/DIMP/_lib---Views---ListMessages.php.html
Converting /usr/local/horde/checkout/dimp/lib/Block/newmail.php Procedural Page Elements... Classes...
    Writing /horde/web/dev.horde.org/api/dimp/Horde_Block/Horde_Block_dimp_newmail.html
 done
    Writing /horde/web/dev.horde.org/api/dimp/Horde_Block/_lib---Block---newmail.php.html
Converting /usr/local/horde/checkout/dimp/lib/prefs.php Procedural Page Elements... Classes... done
    Writing /horde/web/dev.horde.org/api/dimp/horde/_lib---prefs.php.html
Converting /usr/local/horde/checkout/dimp/lib/Views/ShowMessage.php Procedural Page Elements... Classes...
    Writing /horde/web/dev.horde.org/api/dimp/DIMP/DIMP_Views_ShowMessage.html
 done
    Writing /horde/web/dev.horde.org/api/dimp/DIMP/_lib---Views---ShowMessage.php.html
Converting /usr/local/horde/checkout/dimp/lib/Dimple/SpellChecker.php Procedural Page Elements... Classes...
    Writing /horde/web/dev.horde.org/api/dimp/Dimple/Dimple_SpellChecker.html
 done
    Writing /horde/web/dev.horde.org/api/dimp/Dimple/_lib---Dimple---SpellChecker.php.html
Converting /usr/local/horde/checkout/dimp/lib/Notification/Listener/status.php Procedural Page Elements... Classes...
    Writing /horde/web/dev.horde.org/api/dimp/Horde_Notification/Notification_Listener_status_dimp.html
 done
    Writing /horde/web/dev.horde.org/api/dimp/Horde_Notification/_lib---Notification---Listener---status.php.html

Converting @todo List...done

Converting Error Log...    Writing /horde/web/dev.horde.org/api/dimp/errors.html


To view errors and warnings, look at /horde/web/dev.horde.org/api/dimp/errors.html
done

Parsing time: 1 seconds

Conversion time: 2 seconds

Total Documentation Time: 3 seconds
done
