PHP Version 5.2.11
phpDocumentor version 1.4.3

Parsing configuration file phpDocumentor.ini...
   (found in /usr/share/php/data/PhpDocumentor/)...

done
Maximum memory usage set at 256M after considering php.ini...
using tokenizer Parser
File  Ignored


Grabbing README/INSTALL/CHANGELOG

done


Tutorial/Extended Documentation Parsing Stage

done


General Parsing Stage

Reading file /usr/local/horde/checkout/horde-hatchery.git/drag_n_drop_portal/lib/Block/Layout/View/js.php -- Parsing file
WARNING in js.php on line 15: DocBlock would be page-level, but precedes class "Horde_Block_Layout_View_Js", use another DocBlock to document the file
done

Converting From Abstract Parsed Data

Processing Class Inheritance


Processing Root Trees


Processing leftover classes (classes that extend root classes not found in the same package)
Processing Horde_Block_Layout_View_Js in file /usr/local/horde/checkout/horde-hatchery.git/drag_n_drop_portal/lib/Block/Layout/View/js.php
WARNING: Class Horde_Block_Layout_View_Js parent Horde_Block_Layout_View not found
done processing leftover classes

Processing Procedural Page Element Name Conflicts


Sorting page elements...done
Formatting @uses list...done

Creating Directory /horde/web/dev.horde.org/api/drag_n_drop_portal
creating /horde/web/dev.horde.org/api/drag_n_drop_portal/media
Creating Directory /horde/web/dev.horde.org/api/drag_n_drop_portal/media
copying /horde/web/dev.horde.org/api/drag_n_drop_portal/media/banner.css
copying /horde/web/dev.horde.org/api/drag_n_drop_portal/media/stylesheet.css
creating /horde/web/dev.horde.org/api/drag_n_drop_portal/media/images
Creating Directory /horde/web/dev.horde.org/api/drag_n_drop_portal/media/images
copying /horde/web/dev.horde.org/api/drag_n_drop_portal/media/images/AbstractClass.png
copying /horde/web/dev.horde.org/api/drag_n_drop_portal/media/images/AbstractClass_logo.png
copying /horde/web/dev.horde.org/api/drag_n_drop_portal/media/images/AbstractMethod.png
copying /horde/web/dev.horde.org/api/drag_n_drop_portal/media/images/AbstractPrivateClass.png
copying /horde/web/dev.horde.org/api/drag_n_drop_portal/media/images/AbstractPrivateClass_logo.png
copying /horde/web/dev.horde.org/api/drag_n_drop_portal/media/images/AbstractPrivateMethod.png
copying /horde/web/dev.horde.org/api/drag_n_drop_portal/media/images/blank.png
copying /horde/web/dev.horde.org/api/drag_n_drop_portal/media/images/Class.png
copying /horde/web/dev.horde.org/api/drag_n_drop_portal/media/images/class_folder.png
copying /horde/web/dev.horde.org/api/drag_n_drop_portal/media/images/Class_logo.png
copying /horde/web/dev.horde.org/api/drag_n_drop_portal/media/images/Constant.png
copying /horde/web/dev.horde.org/api/drag_n_drop_portal/media/images/Constructor.png
copying /horde/web/dev.horde.org/api/drag_n_drop_portal/media/images/Destructor.png
copying /horde/web/dev.horde.org/api/drag_n_drop_portal/media/images/empty.png
copying /horde/web/dev.horde.org/api/drag_n_drop_portal/media/images/file.png
copying /horde/web/dev.horde.org/api/drag_n_drop_portal/media/images/folder.png
copying /horde/web/dev.horde.org/api/drag_n_drop_portal/media/images/Function.png
copying /horde/web/dev.horde.org/api/drag_n_drop_portal/media/images/function_folder.png
copying /horde/web/dev.horde.org/api/drag_n_drop_portal/media/images/Global.png
copying /horde/web/dev.horde.org/api/drag_n_drop_portal/media/images/I.png
copying /horde/web/dev.horde.org/api/drag_n_drop_portal/media/images/Index.png
copying /horde/web/dev.horde.org/api/drag_n_drop_portal/media/images/Interface.png
copying /horde/web/dev.horde.org/api/drag_n_drop_portal/media/images/Interface_logo.png
copying /horde/web/dev.horde.org/api/drag_n_drop_portal/media/images/L.png
copying /horde/web/dev.horde.org/api/drag_n_drop_portal/media/images/Lminus.png
copying /horde/web/dev.horde.org/api/drag_n_drop_portal/media/images/Lplus.png
copying /horde/web/dev.horde.org/api/drag_n_drop_portal/media/images/Method.png
copying /horde/web/dev.horde.org/api/drag_n_drop_portal/media/images/minus.gif
copying /horde/web/dev.horde.org/api/drag_n_drop_portal/media/images/next_button.png
copying /horde/web/dev.horde.org/api/drag_n_drop_portal/media/images/next_button_disabled.png
copying /horde/web/dev.horde.org/api/drag_n_drop_portal/media/images/package.png
copying /horde/web/dev.horde.org/api/drag_n_drop_portal/media/images/package_folder.png
copying /horde/web/dev.horde.org/api/drag_n_drop_portal/media/images/Page.png
copying /horde/web/dev.horde.org/api/drag_n_drop_portal/media/images/Page_logo.png
copying /horde/web/dev.horde.org/api/drag_n_drop_portal/media/images/plus.gif
copying /horde/web/dev.horde.org/api/drag_n_drop_portal/media/images/previous_button.png
copying /horde/web/dev.horde.org/api/drag_n_drop_portal/media/images/previous_button_disabled.png
copying /horde/web/dev.horde.org/api/drag_n_drop_portal/media/images/PrivateClass.png
copying /horde/web/dev.horde.org/api/drag_n_drop_portal/media/images/PrivateClass_logo.png
copying /horde/web/dev.horde.org/api/drag_n_drop_portal/media/images/PrivateMethod.png
copying /horde/web/dev.horde.org/api/drag_n_drop_portal/media/images/PrivateVariable.png
copying /horde/web/dev.horde.org/api/drag_n_drop_portal/media/images/private_class_logo.png
copying /horde/web/dev.horde.org/api/drag_n_drop_portal/media/images/StaticMethod.png
copying /horde/web/dev.horde.org/api/drag_n_drop_portal/media/images/StaticVariable.png
copying /horde/web/dev.horde.org/api/drag_n_drop_portal/media/images/T.png
copying /horde/web/dev.horde.org/api/drag_n_drop_portal/media/images/Tminus.png
copying /horde/web/dev.horde.org/api/drag_n_drop_portal/media/images/Tplus.png
copying /horde/web/dev.horde.org/api/drag_n_drop_portal/media/images/tutorial.png
copying /horde/web/dev.horde.org/api/drag_n_drop_portal/media/images/tutorial_folder.png
copying /horde/web/dev.horde.org/api/drag_n_drop_portal/media/images/up_button.png
copying /horde/web/dev.horde.org/api/drag_n_drop_portal/media/images/Variable.png
creating /horde/web/dev.horde.org/api/drag_n_drop_portal/media/lib
Creating Directory /horde/web/dev.horde.org/api/drag_n_drop_portal/media/lib
copying /horde/web/dev.horde.org/api/drag_n_drop_portal/media/lib/classTree.js
Building indexes...done

Sorting Indexes...done

Sorting @todo list...done
Converting tutorials/extended docs
Formatting Package Indexes...    Writing /horde/web/dev.horde.org/api/drag_n_drop_portal/elementindex_Horde_Block.html

done
Formatting Index...
    Writing /horde/web/dev.horde.org/api/drag_n_drop_portal/elementindex.html
    Writing /horde/web/dev.horde.org/api/drag_n_drop_portal/blank.html

    Writing /horde/web/dev.horde.org/api/drag_n_drop_portal/index.html
    Writing /horde/web/dev.horde.org/api/drag_n_drop_portal/packages.html
done

Formatting Left Quick Index...
    Writing /horde/web/dev.horde.org/api/drag_n_drop_portal/li_Horde_Block.html
    Writing /horde/web/dev.horde.org/api/drag_n_drop_portal/classtrees_Horde_Block.html

done

Converting /usr/local/horde/checkout/horde-hatchery.git/drag_n_drop_portal/lib/Block/Layout/View/js.php Procedural Page Elements... Classes...
Creating Directory /horde/web/dev.horde.org/api/drag_n_drop_portal/Horde_Block
    Writing /horde/web/dev.horde.org/api/drag_n_drop_portal/Horde_Block/Horde_Block_Layout_View_Js.html
 done
    Writing /horde/web/dev.horde.org/api/drag_n_drop_portal/Horde_Block/_js.php.html

Converting @todo List...done

Converting Error Log...    Writing /horde/web/dev.horde.org/api/drag_n_drop_portal/errors.html


To view errors and warnings, look at /horde/web/dev.horde.org/api/drag_n_drop_portal/errors.html
done

Parsing time: 0 seconds

Conversion time: 0 seconds

Total Documentation Time: 0 seconds
done
