PHP Version 5.2.11
phpDocumentor version 1.4.3

Parsing configuration file phpDocumentor.ini...
   (found in /usr/share/php/data/PhpDocumentor/)...

done
Maximum memory usage set at 256M after considering php.ini...
using tokenizer Parser


Grabbing README/INSTALL/CHANGELOG
README...
done


Tutorial/Extended Documentation Parsing Stage

done


General Parsing Stage

Reading file /usr/local/horde/checkout/horde-hatchery.git/fima/lib/Block/summary.php -- Parsing file
WARNING in summary.php on line 9: DocBlock would be page-level, but precedes class "Horde_Block_fima_summary", use another DocBlock to document the file
Reading file /usr/local/horde/checkout/horde-hatchery.git/fima/lib/Block/tree_menu.php -- Parsing file
WARNING in tree_menu.php on line 8: no @package tag was used in a DocBlock for class Horde_Block_fima_tree_menu
WARNING in tree_menu.php on line 35: File "/usr/local/horde/checkout/horde-hatchery.git/fima/lib/Block/tree_menu.php" has no page-level DocBlock, use @package in the first DocBlock to create one
Reading file /usr/local/horde/checkout/horde-hatchery.git/fima/lib/Driver/sql.php -- Parsing file
WARNING in sql.php on line 32: DocBlock would be page-level, but precedes class "Fima_Driver_sql", use another DocBlock to document the file
Reading file /usr/local/horde/checkout/horde-hatchery.git/fima/lib/Forms/CreateLedger.php -- Parsing file
Reading file /usr/local/horde/checkout/horde-hatchery.git/fima/lib/Forms/DeleteLedger.php -- Parsing file
Reading file /usr/local/horde/checkout/horde-hatchery.git/fima/lib/Forms/EditLedger.php -- Parsing file
Reading file /usr/local/horde/checkout/horde-hatchery.git/fima/lib/Forms/account.php -- Parsing file
WARNING in account.php on line 93: no @package tag was used in a DocBlock for class Fima_AccountForm_Renderer
Reading file /usr/local/horde/checkout/horde-hatchery.git/fima/lib/Report/AccountOverview.php -- Parsing file
WARNING in AccountOverview.php on line 21: no @package tag was used in a DocBlock for class Fima_Report_AccountOverview
Reading file /usr/local/horde/checkout/horde-hatchery.git/fima/lib/Report/Analysis.php -- Parsing file
WARNING in Analysis.php on line 21: no @package tag was used in a DocBlock for class Fima_Report_Analysis
Reading file /usr/local/horde/checkout/horde-hatchery.git/fima/lib/Report/AssetOverview.php -- Parsing file
WARNING in AssetOverview.php on line 21: no @package tag was used in a DocBlock for class Fima_Report_AssetOverview
Reading file /usr/local/horde/checkout/horde-hatchery.git/fima/lib/Report/GeneralOverview.php -- Parsing file
WARNING in GeneralOverview.php on line 21: no @package tag was used in a DocBlock for class Fima_Report_GeneralOverview
Reading file /usr/local/horde/checkout/horde-hatchery.git/fima/lib/Report/PeriodOverview.php -- Parsing file
WARNING in PeriodOverview.php on line 21: no @package tag was used in a DocBlock for class Fima_Report_PeriodOverview
Reading file /usr/local/horde/checkout/horde-hatchery.git/fima/lib/Report/Trend.php -- Parsing file
WARNING in Trend.php on line 21: no @package tag was used in a DocBlock for class Fima_Report_Trend
Reading file /usr/local/horde/checkout/horde-hatchery.git/fima/lib/ReportGraph/Bar.php -- Parsing file
WARNING in Bar.php on line 21: no @package tag was used in a DocBlock for class Fima_ReportGraph_Bar
Reading file /usr/local/horde/checkout/horde-hatchery.git/fima/lib/ReportGraph/Line.php -- Parsing file
WARNING in Line.php on line 21: no @package tag was used in a DocBlock for class Fima_ReportGraph_Line
Reading file /usr/local/horde/checkout/horde-hatchery.git/fima/lib/ReportGraph/Pie.php -- Parsing file
WARNING in Pie.php on line 21: no @package tag was used in a DocBlock for class Fima_ReportGraph_Pie
Reading file /usr/local/horde/checkout/horde-hatchery.git/fima/lib/UI/VarRenderer/fima.php -- Parsing file
Reading file /usr/local/horde/checkout/horde-hatchery.git/fima/lib/Application.php -- Parsing file
WARNING in Application.php on line 2: no @package tag was used in a DocBlock for class Fima_Application
WARNING in Application.php on line 52: File "/usr/local/horde/checkout/horde-hatchery.git/fima/lib/Application.php" has no page-level DocBlock, use @package in the first DocBlock to create one
Reading file /usr/local/horde/checkout/horde-hatchery.git/fima/lib/Driver.php -- Parsing file
WARNING in Driver.php on line 15: DocBlock would be page-level, but precedes class "Fima_Driver", use another DocBlock to document the file
Reading file /usr/local/horde/checkout/horde-hatchery.git/fima/lib/Fima.php -- Parsing file
WARNING in Fima.php on line 779: File "/usr/local/horde/checkout/horde-hatchery.git/fima/lib/Fima.php" has no page-level DocBlock, use @package in the first DocBlock to create one
Reading file /usr/local/horde/checkout/horde-hatchery.git/fima/lib/Report.php -- Parsing file
WARNING in Report.php on line 14: DocBlock would be page-level, but precedes class "Fima_Report", use another DocBlock to document the file
Reading file /usr/local/horde/checkout/horde-hatchery.git/fima/lib/ReportGraph.php -- Parsing file
Reading file /usr/local/horde/checkout/horde-hatchery.git/fima/lib/base.php -- Parsing file
WARNING in base.php on line 58: File "/usr/local/horde/checkout/horde-hatchery.git/fima/lib/base.php" has no page-level DocBlock, use @package in the first DocBlock to create one
done

Converting From Abstract Parsed Data

Processing Class Inheritance


Processing Root Trees


Processing leftover classes (classes that extend root classes not found in the same package)
Processing Horde_Block_fima_summary in file /usr/local/horde/checkout/horde-hatchery.git/fima/lib/Block/summary.php
WARNING: Class Horde_Block_fima_summary parent Horde_Block not found
Processing Horde_Block_fima_tree_menu in file /usr/local/horde/checkout/horde-hatchery.git/fima/lib/Block/tree_menu.php
WARNING: Class Horde_Block_fima_tree_menu parent Horde_Block not found
Processing Fima_CreateLedgerForm in file /usr/local/horde/checkout/horde-hatchery.git/fima/lib/Forms/CreateLedger.php
WARNING: Class Fima_CreateLedgerForm parent Horde_Form not found
Processing Fima_DeleteLedgerForm in file /usr/local/horde/checkout/horde-hatchery.git/fima/lib/Forms/DeleteLedger.php
WARNING: Class Fima_DeleteLedgerForm parent Horde_Form not found
Processing Fima_EditLedgerForm in file /usr/local/horde/checkout/horde-hatchery.git/fima/lib/Forms/EditLedger.php
WARNING: Class Fima_EditLedgerForm parent Horde_Form not found
Processing Fima_AccountForm in file /usr/local/horde/checkout/horde-hatchery.git/fima/lib/Forms/account.php
WARNING: Class Fima_AccountForm parent Horde_Form not found
Processing Fima_AccountDeleteForm in file /usr/local/horde/checkout/horde-hatchery.git/fima/lib/Forms/account.php
WARNING: Class Fima_AccountDeleteForm parent Horde_Form not found
Processing Fima_AccountForm_Renderer in file /usr/local/horde/checkout/horde-hatchery.git/fima/lib/Forms/account.php
WARNING: Class Fima_AccountForm_Renderer parent Horde_Form_Renderer not found
Processing Horde_Form_Type_fima_dspostings in file /usr/local/horde/checkout/horde-hatchery.git/fima/lib/Forms/account.php
WARNING: Class Horde_Form_Type_fima_dspostings parent Horde_Form_Type not found
Processing Horde_Form_Type_fima_dssubaccounts in file /usr/local/horde/checkout/horde-hatchery.git/fima/lib/Forms/account.php
WARNING: Class Horde_Form_Type_fima_dssubaccounts parent Horde_Form_Type not found
Processing Horde_UI_VarRenderer_fima in file /usr/local/horde/checkout/horde-hatchery.git/fima/lib/UI/VarRenderer/fima.php
WARNING: Class Horde_UI_VarRenderer_fima parent Horde_UI_VarRenderer_html not found
Processing Fima_Application in file /usr/local/horde/checkout/horde-hatchery.git/fima/lib/Application.php
WARNING: Class Fima_Application parent Horde_Regsitry_Application not found
done processing leftover classes

Processing Procedural Page Element Name Conflicts


Sorting page elements...done
Formatting @uses list...done

Creating Directory /horde/web/dev.horde.org/api/fima
creating /horde/web/dev.horde.org/api/fima/media
Creating Directory /horde/web/dev.horde.org/api/fima/media
copying /horde/web/dev.horde.org/api/fima/media/banner.css
copying /horde/web/dev.horde.org/api/fima/media/stylesheet.css
creating /horde/web/dev.horde.org/api/fima/media/images
Creating Directory /horde/web/dev.horde.org/api/fima/media/images
copying /horde/web/dev.horde.org/api/fima/media/images/AbstractClass.png
copying /horde/web/dev.horde.org/api/fima/media/images/AbstractClass_logo.png
copying /horde/web/dev.horde.org/api/fima/media/images/AbstractMethod.png
copying /horde/web/dev.horde.org/api/fima/media/images/AbstractPrivateClass.png
copying /horde/web/dev.horde.org/api/fima/media/images/AbstractPrivateClass_logo.png
copying /horde/web/dev.horde.org/api/fima/media/images/AbstractPrivateMethod.png
copying /horde/web/dev.horde.org/api/fima/media/images/blank.png
copying /horde/web/dev.horde.org/api/fima/media/images/Class.png
copying /horde/web/dev.horde.org/api/fima/media/images/class_folder.png
copying /horde/web/dev.horde.org/api/fima/media/images/Class_logo.png
copying /horde/web/dev.horde.org/api/fima/media/images/Constant.png
copying /horde/web/dev.horde.org/api/fima/media/images/Constructor.png
copying /horde/web/dev.horde.org/api/fima/media/images/Destructor.png
copying /horde/web/dev.horde.org/api/fima/media/images/empty.png
copying /horde/web/dev.horde.org/api/fima/media/images/file.png
copying /horde/web/dev.horde.org/api/fima/media/images/folder.png
copying /horde/web/dev.horde.org/api/fima/media/images/Function.png
copying /horde/web/dev.horde.org/api/fima/media/images/function_folder.png
copying /horde/web/dev.horde.org/api/fima/media/images/Global.png
copying /horde/web/dev.horde.org/api/fima/media/images/I.png
copying /horde/web/dev.horde.org/api/fima/media/images/Index.png
copying /horde/web/dev.horde.org/api/fima/media/images/Interface.png
copying /horde/web/dev.horde.org/api/fima/media/images/Interface_logo.png
copying /horde/web/dev.horde.org/api/fima/media/images/L.png
copying /horde/web/dev.horde.org/api/fima/media/images/Lminus.png
copying /horde/web/dev.horde.org/api/fima/media/images/Lplus.png
copying /horde/web/dev.horde.org/api/fima/media/images/Method.png
copying /horde/web/dev.horde.org/api/fima/media/images/minus.gif
copying /horde/web/dev.horde.org/api/fima/media/images/next_button.png
copying /horde/web/dev.horde.org/api/fima/media/images/next_button_disabled.png
copying /horde/web/dev.horde.org/api/fima/media/images/package.png
copying /horde/web/dev.horde.org/api/fima/media/images/package_folder.png
copying /horde/web/dev.horde.org/api/fima/media/images/Page.png
copying /horde/web/dev.horde.org/api/fima/media/images/Page_logo.png
copying /horde/web/dev.horde.org/api/fima/media/images/plus.gif
copying /horde/web/dev.horde.org/api/fima/media/images/previous_button.png
copying /horde/web/dev.horde.org/api/fima/media/images/previous_button_disabled.png
copying /horde/web/dev.horde.org/api/fima/media/images/PrivateClass.png
copying /horde/web/dev.horde.org/api/fima/media/images/PrivateClass_logo.png
copying /horde/web/dev.horde.org/api/fima/media/images/PrivateMethod.png
copying /horde/web/dev.horde.org/api/fima/media/images/PrivateVariable.png
copying /horde/web/dev.horde.org/api/fima/media/images/private_class_logo.png
copying /horde/web/dev.horde.org/api/fima/media/images/StaticMethod.png
copying /horde/web/dev.horde.org/api/fima/media/images/StaticVariable.png
copying /horde/web/dev.horde.org/api/fima/media/images/T.png
copying /horde/web/dev.horde.org/api/fima/media/images/Tminus.png
copying /horde/web/dev.horde.org/api/fima/media/images/Tplus.png
copying /horde/web/dev.horde.org/api/fima/media/images/tutorial.png
copying /horde/web/dev.horde.org/api/fima/media/images/tutorial_folder.png
copying /horde/web/dev.horde.org/api/fima/media/images/up_button.png
copying /horde/web/dev.horde.org/api/fima/media/images/Variable.png
creating /horde/web/dev.horde.org/api/fima/media/lib
Creating Directory /horde/web/dev.horde.org/api/fima/media/lib
copying /horde/web/dev.horde.org/api/fima/media/lib/classTree.js
Building indexes...done

Sorting Indexes...done

Sorting @todo list...done
Converting README/INSTALL/CHANGELOG contents...
README...    Writing /horde/web/dev.horde.org/api/fima/ric_README.html

done
Converting tutorials/extended docs
Formatting Package Indexes...    Writing /horde/web/dev.horde.org/api/fima/elementindex_Fima.html
    Writing /horde/web/dev.horde.org/api/fima/elementindex_horde.html
    Writing /horde/web/dev.horde.org/api/fima/elementindex_Horde_Block.html

done
Formatting Index...
    Writing /horde/web/dev.horde.org/api/fima/elementindex.html
    Writing /horde/web/dev.horde.org/api/fima/blank.html

    Writing /horde/web/dev.horde.org/api/fima/index.html
    Writing /horde/web/dev.horde.org/api/fima/packages.html
done

Formatting Left Quick Index...
    Writing /horde/web/dev.horde.org/api/fima/li_Horde_Block.html
    Writing /horde/web/dev.horde.org/api/fima/classtrees_Horde_Block.html

    Writing /horde/web/dev.horde.org/api/fima/li_horde.html
    Writing /horde/web/dev.horde.org/api/fima/classtrees_horde.html

    Writing /horde/web/dev.horde.org/api/fima/li_Fima.html
    Writing /horde/web/dev.horde.org/api/fima/classtrees_Fima.html

done

Converting /usr/local/horde/checkout/horde-hatchery.git/fima/lib/Forms/account.php Procedural Page Elements... Classes...
Creating Directory /horde/web/dev.horde.org/api/fima/Fima
    Writing /horde/web/dev.horde.org/api/fima/Fima/Fima_AccountDeleteForm.html
    Writing /horde/web/dev.horde.org/api/fima/Fima/Fima_AccountForm.html
    Writing /horde/web/dev.horde.org/api/fima/Fima/Fima_AccountForm_Renderer.html
    Writing /horde/web/dev.horde.org/api/fima/Fima/Horde_Form_Type_fima_dspostings.html
    Writing /horde/web/dev.horde.org/api/fima/Fima/Horde_Form_Type_fima_dssubaccounts.html
 done
    Writing /horde/web/dev.horde.org/api/fima/Fima/_lib---Forms---account.php.html
Converting /usr/local/horde/checkout/horde-hatchery.git/fima/lib/Report/AccountOverview.php Procedural Page Elements... Classes...
    Writing /horde/web/dev.horde.org/api/fima/Fima/Fima_Report_AccountOverview.html
 done
    Writing /horde/web/dev.horde.org/api/fima/Fima/_lib---Report---AccountOverview.php.html
Converting /usr/local/horde/checkout/horde-hatchery.git/fima/lib/Report/Analysis.php Procedural Page Elements... Classes...
    Writing /horde/web/dev.horde.org/api/fima/Fima/Fima_Report_Analysis.html
 done
    Writing /horde/web/dev.horde.org/api/fima/Fima/_lib---Report---Analysis.php.html
Converting /usr/local/horde/checkout/horde-hatchery.git/fima/lib/Application.php Procedural Page Elements... Classes...
Creating Directory /horde/web/dev.horde.org/api/fima/horde
    Writing /horde/web/dev.horde.org/api/fima/horde/Fima_Application.html
 done
    Writing /horde/web/dev.horde.org/api/fima/horde/_lib---Application.php.html
Converting /usr/local/horde/checkout/horde-hatchery.git/fima/lib/Report/AssetOverview.php Procedural Page Elements... Classes...
    Writing /horde/web/dev.horde.org/api/fima/Fima/Fima_Report_AssetOverview.html
 done
    Writing /horde/web/dev.horde.org/api/fima/Fima/_lib---Report---AssetOverview.php.html
Converting /usr/local/horde/checkout/horde-hatchery.git/fima/lib/ReportGraph/Bar.php Procedural Page Elements... Classes...
    Writing /horde/web/dev.horde.org/api/fima/Fima/Fima_ReportGraph_Bar.html
 done
    Writing /horde/web/dev.horde.org/api/fima/Fima/_lib---ReportGraph---Bar.php.html
Converting /usr/local/horde/checkout/horde-hatchery.git/fima/lib/base.php Procedural Page Elements... Classes... done
    Writing /horde/web/dev.horde.org/api/fima/horde/_lib---base.php.html
Converting /usr/local/horde/checkout/horde-hatchery.git/fima/lib/Forms/CreateLedger.php Procedural Page Elements... Classes...
    Writing /horde/web/dev.horde.org/api/fima/Fima/Fima_CreateLedgerForm.html
 done
    Writing /horde/web/dev.horde.org/api/fima/Fima/_lib---Forms---CreateLedger.php.html
Converting /usr/local/horde/checkout/horde-hatchery.git/fima/lib/Forms/DeleteLedger.php Procedural Page Elements... Classes...
    Writing /horde/web/dev.horde.org/api/fima/Fima/Fima_DeleteLedgerForm.html
 done
    Writing /horde/web/dev.horde.org/api/fima/Fima/_lib---Forms---DeleteLedger.php.html
Converting /usr/local/horde/checkout/horde-hatchery.git/fima/lib/Driver.php Procedural Page Elements... Classes...
    Writing /horde/web/dev.horde.org/api/fima/Fima/Fima_Driver.html
 done
    Writing /horde/web/dev.horde.org/api/fima/Fima/_lib---Driver.php.html
Converting /usr/local/horde/checkout/horde-hatchery.git/fima/lib/Forms/EditLedger.php Procedural Page Elements... Classes...
    Writing /horde/web/dev.horde.org/api/fima/Fima/Fima_EditLedgerForm.html
 done
    Writing /horde/web/dev.horde.org/api/fima/Fima/_lib---Forms---EditLedger.php.html
Converting /usr/local/horde/checkout/horde-hatchery.git/fima/lib/Fima.php Procedural Page Elements... Classes...
    Writing /horde/web/dev.horde.org/api/fima/Fima/Fima.html
 done
    Writing /horde/web/dev.horde.org/api/fima/Fima/_lib---Fima.php.html
Converting /usr/local/horde/checkout/horde-hatchery.git/fima/lib/UI/VarRenderer/fima.php Procedural Page Elements... Classes...
    Writing /horde/web/dev.horde.org/api/fima/Fima/Horde_UI_VarRenderer_fima.html
 done
    Writing /horde/web/dev.horde.org/api/fima/Fima/_lib---UI---VarRenderer---fima.php.html
Converting /usr/local/horde/checkout/horde-hatchery.git/fima/lib/Report/GeneralOverview.php Procedural Page Elements... Classes...
    Writing /horde/web/dev.horde.org/api/fima/Fima/Fima_Report_GeneralOverview.html
 done
    Writing /horde/web/dev.horde.org/api/fima/Fima/_lib---Report---GeneralOverview.php.html
Converting /usr/local/horde/checkout/horde-hatchery.git/fima/lib/ReportGraph/Line.php Procedural Page Elements... Classes...
    Writing /horde/web/dev.horde.org/api/fima/Fima/Fima_ReportGraph_Line.html
 done
    Writing /horde/web/dev.horde.org/api/fima/Fima/_lib---ReportGraph---Line.php.html
Converting /usr/local/horde/checkout/horde-hatchery.git/fima/lib/Report/PeriodOverview.php Procedural Page Elements... Classes...
    Writing /horde/web/dev.horde.org/api/fima/Fima/Fima_Report_PeriodOverview.html
 done
    Writing /horde/web/dev.horde.org/api/fima/Fima/_lib---Report---PeriodOverview.php.html
Converting /usr/local/horde/checkout/horde-hatchery.git/fima/lib/ReportGraph/Pie.php Procedural Page Elements... Classes...
    Writing /horde/web/dev.horde.org/api/fima/Fima/Fima_ReportGraph_Pie.html
 done
    Writing /horde/web/dev.horde.org/api/fima/Fima/_lib---ReportGraph---Pie.php.html
Converting /usr/local/horde/checkout/horde-hatchery.git/fima/lib/Report.php Procedural Page Elements... Classes...
    Writing /horde/web/dev.horde.org/api/fima/Fima/Fima_Report.html
 done
    Writing /horde/web/dev.horde.org/api/fima/Fima/_lib---Report.php.html
Converting /usr/local/horde/checkout/horde-hatchery.git/fima/lib/ReportGraph.php Procedural Page Elements... Classes...
    Writing /horde/web/dev.horde.org/api/fima/Fima/Fima_ReportGraph.html
 done
    Writing /horde/web/dev.horde.org/api/fima/Fima/_lib---ReportGraph.php.html
Converting /usr/local/horde/checkout/horde-hatchery.git/fima/lib/Driver/sql.php Procedural Page Elements... Classes...
    Writing /horde/web/dev.horde.org/api/fima/Fima/Fima_Driver_sql.html
 done
    Writing /horde/web/dev.horde.org/api/fima/Fima/_lib---Driver---sql.php.html
Converting /usr/local/horde/checkout/horde-hatchery.git/fima/lib/Block/summary.php Procedural Page Elements... Classes...
Creating Directory /horde/web/dev.horde.org/api/fima/Horde_Block
    Writing /horde/web/dev.horde.org/api/fima/Horde_Block/Horde_Block_fima_summary.html
 done
    Writing /horde/web/dev.horde.org/api/fima/Horde_Block/_lib---Block---summary.php.html
Converting /usr/local/horde/checkout/horde-hatchery.git/fima/lib/Block/tree_menu.php Procedural Page Elements... Classes...
    Writing /horde/web/dev.horde.org/api/fima/horde/Horde_Block_fima_tree_menu.html
 done
    Writing /horde/web/dev.horde.org/api/fima/horde/_lib---Block---tree_menu.php.html
Converting /usr/local/horde/checkout/horde-hatchery.git/fima/lib/Report/Trend.php Procedural Page Elements... Classes...
    Writing /horde/web/dev.horde.org/api/fima/Fima/Fima_Report_Trend.html
 done
    Writing /horde/web/dev.horde.org/api/fima/Fima/_lib---Report---Trend.php.html

Converting @todo List...done

Converting Error Log...    Writing /horde/web/dev.horde.org/api/fima/errors.html


To view errors and warnings, look at /horde/web/dev.horde.org/api/fima/errors.html
done

Parsing time: 3 seconds

Conversion time: 2 seconds

Total Documentation Time: 5 seconds
done
