PHP Version 5.2.11
phpDocumentor version 1.4.3

Parsing configuration file phpDocumentor.ini...
   (found in /usr/share/php/data/PhpDocumentor/)...

done
Maximum memory usage set at 256M after considering php.ini...
using tokenizer Parser
File  Ignored


Grabbing README/INSTALL/CHANGELOG

done


Tutorial/Extended Documentation Parsing Stage

done


General Parsing Stage

Reading file /usr/local/horde/checkout/horde-hatchery.git/flexdemo/lib/Block/block1.php -- Parsing file
WARNING in block1.php on line 9: DocBlock would be page-level, but precedes class "Horde_Block_flexdemo_block1", use another DocBlock to document the file
Reading file /usr/local/horde/checkout/horde-hatchery.git/flexdemo/lib/Block/block2.php -- Parsing file
WARNING in block2.php on line 9: DocBlock would be page-level, but precedes class "Horde_Block_flexdemo_block2", use another DocBlock to document the file
Reading file /usr/local/horde/checkout/horde-hatchery.git/flexdemo/lib/Block/menu.php -- Parsing file
WARNING in menu.php on line 9: DocBlock would be page-level, but precedes class "Horde_Block_flexdemo_menu", use another DocBlock to document the file
done

Converting From Abstract Parsed Data

Processing Class Inheritance


Processing Root Trees


Processing leftover classes (classes that extend root classes not found in the same package)
Processing Horde_Block_flexdemo_block1 in file /usr/local/horde/checkout/horde-hatchery.git/flexdemo/lib/Block/block1.php
WARNING: Class Horde_Block_flexdemo_block1 parent Horde_Block not found
Processing Horde_Block_flexdemo_block2 in file /usr/local/horde/checkout/horde-hatchery.git/flexdemo/lib/Block/block2.php
WARNING: Class Horde_Block_flexdemo_block2 parent Horde_Block not found
Processing Horde_Block_flexdemo_menu in file /usr/local/horde/checkout/horde-hatchery.git/flexdemo/lib/Block/menu.php
WARNING: Class Horde_Block_flexdemo_menu parent Horde_Block not found
done processing leftover classes

Processing Procedural Page Element Name Conflicts


Sorting page elements...done
Formatting @uses list...done

Creating Directory /horde/web/dev.horde.org/api/flexdemo
creating /horde/web/dev.horde.org/api/flexdemo/media
Creating Directory /horde/web/dev.horde.org/api/flexdemo/media
copying /horde/web/dev.horde.org/api/flexdemo/media/banner.css
copying /horde/web/dev.horde.org/api/flexdemo/media/stylesheet.css
creating /horde/web/dev.horde.org/api/flexdemo/media/images
Creating Directory /horde/web/dev.horde.org/api/flexdemo/media/images
copying /horde/web/dev.horde.org/api/flexdemo/media/images/AbstractClass.png
copying /horde/web/dev.horde.org/api/flexdemo/media/images/AbstractClass_logo.png
copying /horde/web/dev.horde.org/api/flexdemo/media/images/AbstractMethod.png
copying /horde/web/dev.horde.org/api/flexdemo/media/images/AbstractPrivateClass.png
copying /horde/web/dev.horde.org/api/flexdemo/media/images/AbstractPrivateClass_logo.png
copying /horde/web/dev.horde.org/api/flexdemo/media/images/AbstractPrivateMethod.png
copying /horde/web/dev.horde.org/api/flexdemo/media/images/blank.png
copying /horde/web/dev.horde.org/api/flexdemo/media/images/Class.png
copying /horde/web/dev.horde.org/api/flexdemo/media/images/class_folder.png
copying /horde/web/dev.horde.org/api/flexdemo/media/images/Class_logo.png
copying /horde/web/dev.horde.org/api/flexdemo/media/images/Constant.png
copying /horde/web/dev.horde.org/api/flexdemo/media/images/Constructor.png
copying /horde/web/dev.horde.org/api/flexdemo/media/images/Destructor.png
copying /horde/web/dev.horde.org/api/flexdemo/media/images/empty.png
copying /horde/web/dev.horde.org/api/flexdemo/media/images/file.png
copying /horde/web/dev.horde.org/api/flexdemo/media/images/folder.png
copying /horde/web/dev.horde.org/api/flexdemo/media/images/Function.png
copying /horde/web/dev.horde.org/api/flexdemo/media/images/function_folder.png
copying /horde/web/dev.horde.org/api/flexdemo/media/images/Global.png
copying /horde/web/dev.horde.org/api/flexdemo/media/images/I.png
copying /horde/web/dev.horde.org/api/flexdemo/media/images/Index.png
copying /horde/web/dev.horde.org/api/flexdemo/media/images/Interface.png
copying /horde/web/dev.horde.org/api/flexdemo/media/images/Interface_logo.png
copying /horde/web/dev.horde.org/api/flexdemo/media/images/L.png
copying /horde/web/dev.horde.org/api/flexdemo/media/images/Lminus.png
copying /horde/web/dev.horde.org/api/flexdemo/media/images/Lplus.png
copying /horde/web/dev.horde.org/api/flexdemo/media/images/Method.png
copying /horde/web/dev.horde.org/api/flexdemo/media/images/minus.gif
copying /horde/web/dev.horde.org/api/flexdemo/media/images/next_button.png
copying /horde/web/dev.horde.org/api/flexdemo/media/images/next_button_disabled.png
copying /horde/web/dev.horde.org/api/flexdemo/media/images/package.png
copying /horde/web/dev.horde.org/api/flexdemo/media/images/package_folder.png
copying /horde/web/dev.horde.org/api/flexdemo/media/images/Page.png
copying /horde/web/dev.horde.org/api/flexdemo/media/images/Page_logo.png
copying /horde/web/dev.horde.org/api/flexdemo/media/images/plus.gif
copying /horde/web/dev.horde.org/api/flexdemo/media/images/previous_button.png
copying /horde/web/dev.horde.org/api/flexdemo/media/images/previous_button_disabled.png
copying /horde/web/dev.horde.org/api/flexdemo/media/images/PrivateClass.png
copying /horde/web/dev.horde.org/api/flexdemo/media/images/PrivateClass_logo.png
copying /horde/web/dev.horde.org/api/flexdemo/media/images/PrivateMethod.png
copying /horde/web/dev.horde.org/api/flexdemo/media/images/PrivateVariable.png
copying /horde/web/dev.horde.org/api/flexdemo/media/images/private_class_logo.png
copying /horde/web/dev.horde.org/api/flexdemo/media/images/StaticMethod.png
copying /horde/web/dev.horde.org/api/flexdemo/media/images/StaticVariable.png
copying /horde/web/dev.horde.org/api/flexdemo/media/images/T.png
copying /horde/web/dev.horde.org/api/flexdemo/media/images/Tminus.png
copying /horde/web/dev.horde.org/api/flexdemo/media/images/Tplus.png
copying /horde/web/dev.horde.org/api/flexdemo/media/images/tutorial.png
copying /horde/web/dev.horde.org/api/flexdemo/media/images/tutorial_folder.png
copying /horde/web/dev.horde.org/api/flexdemo/media/images/up_button.png
copying /horde/web/dev.horde.org/api/flexdemo/media/images/Variable.png
creating /horde/web/dev.horde.org/api/flexdemo/media/lib
Creating Directory /horde/web/dev.horde.org/api/flexdemo/media/lib
copying /horde/web/dev.horde.org/api/flexdemo/media/lib/classTree.js
Building indexes...done

Sorting Indexes...done

Sorting @todo list...done
Converting tutorials/extended docs
Formatting Package Indexes...    Writing /horde/web/dev.horde.org/api/flexdemo/elementindex_Horde_Block.html

done
Formatting Index...
    Writing /horde/web/dev.horde.org/api/flexdemo/elementindex.html
    Writing /horde/web/dev.horde.org/api/flexdemo/blank.html

    Writing /horde/web/dev.horde.org/api/flexdemo/index.html
    Writing /horde/web/dev.horde.org/api/flexdemo/packages.html
done

Formatting Left Quick Index...
    Writing /horde/web/dev.horde.org/api/flexdemo/li_Horde_Block.html
    Writing /horde/web/dev.horde.org/api/flexdemo/classtrees_Horde_Block.html

done

Converting /usr/local/horde/checkout/horde-hatchery.git/flexdemo/lib/Block/block1.php Procedural Page Elements... Classes...
Creating Directory /horde/web/dev.horde.org/api/flexdemo/Horde_Block
    Writing /horde/web/dev.horde.org/api/flexdemo/Horde_Block/Horde_Block_flexdemo_block1.html
 done
    Writing /horde/web/dev.horde.org/api/flexdemo/Horde_Block/_block1.php.html
Converting /usr/local/horde/checkout/horde-hatchery.git/flexdemo/lib/Block/block2.php Procedural Page Elements... Classes...
    Writing /horde/web/dev.horde.org/api/flexdemo/Horde_Block/Horde_Block_flexdemo_block2.html
 done
    Writing /horde/web/dev.horde.org/api/flexdemo/Horde_Block/_block2.php.html
Converting /usr/local/horde/checkout/horde-hatchery.git/flexdemo/lib/Block/menu.php Procedural Page Elements... Classes...
    Writing /horde/web/dev.horde.org/api/flexdemo/Horde_Block/Horde_Block_flexdemo_menu.html
 done
    Writing /horde/web/dev.horde.org/api/flexdemo/Horde_Block/_menu.php.html

Converting @todo List...done

Converting Error Log...    Writing /horde/web/dev.horde.org/api/flexdemo/errors.html


To view errors and warnings, look at /horde/web/dev.horde.org/api/flexdemo/errors.html
done

Parsing time: 0 seconds

Conversion time: 0 seconds

Total Documentation Time: 0 seconds
done
