PHP Version 5.2.11
phpDocumentor version 1.4.3

Parsing configuration file phpDocumentor.ini...
   (found in /usr/share/php/data/PhpDocumentor/)...

done
Maximum memory usage set at 256M after considering php.ini...
using tokenizer Parser
File  Ignored


Grabbing README/INSTALL/CHANGELOG

done


Tutorial/Extended Documentation Parsing Stage

done


General Parsing Stage

Reading file /usr/local/horde/checkout/horde-hatchery.git/folks/lib/Block/activities.php -- Parsing file
WARNING in activities.php on line 10: DocBlock would be page-level, but precedes class "Horde_Block_Folks_activities", use another DocBlock to document the file
Reading file /usr/local/horde/checkout/horde-hatchery.git/folks/lib/Block/friends.php -- Parsing file
WARNING in friends.php on line 10: DocBlock would be page-level, but precedes class "Horde_Block_Folks_friends", use another DocBlock to document the file
Reading file /usr/local/horde/checkout/horde-hatchery.git/folks/lib/Block/know.php -- Parsing file
WARNING in know.php on line 10: DocBlock would be page-level, but precedes class "Horde_Block_Folks_know", use another DocBlock to document the file
Reading file /usr/local/horde/checkout/horde-hatchery.git/folks/lib/Block/my_comments.php -- Parsing file
WARNING in my_comments.php on line 12: DocBlock would be page-level, but precedes class "Horde_Block_folks_my_comments", use another DocBlock to document the file
Reading file /usr/local/horde/checkout/horde-hatchery.git/folks/lib/Block/new.php -- Parsing file
WARNING in new.php on line 10: DocBlock would be page-level, but precedes class "Horde_Block_Folks_new", use another DocBlock to document the file
Reading file /usr/local/horde/checkout/horde-hatchery.git/folks/lib/Block/random.php -- Parsing file
WARNING in random.php on line 10: DocBlock would be page-level, but precedes class "Horde_Block_Folks_random", use another DocBlock to document the file
Reading file /usr/local/horde/checkout/horde-hatchery.git/folks/lib/Block/recent.php -- Parsing file
WARNING in recent.php on line 10: DocBlock would be page-level, but precedes class "Horde_Block_Folks_recent", use another DocBlock to document the file
Reading file /usr/local/horde/checkout/horde-hatchery.git/folks/lib/Driver/sql.php -- Parsing file
WARNING in sql.php on line 32: DocBlock would be page-level, but precedes class "Folks_Driver_sql", use another DocBlock to document the file
Reading file /usr/local/horde/checkout/horde-hatchery.git/folks/lib/Forms/AddFriend.php -- Parsing file
WARNING in AddFriend.php on line 11: no @package tag was used in a DocBlock for class Folks_AddFriend_Form
WARNING in AddFriend.php on line 20: File "/usr/local/horde/checkout/horde-hatchery.git/folks/lib/Forms/AddFriend.php" has no page-level DocBlock, use @package in the first DocBlock to create one
Reading file /usr/local/horde/checkout/horde-hatchery.git/folks/lib/Forms/Search.php -- Parsing file
WARNING in Search.php on line 12: DocBlock would be page-level, but precedes class "Folks_Search_Form", use another DocBlock to document the file
Reading file /usr/local/horde/checkout/horde-hatchery.git/folks/lib/Forms/Activity.php -- Parsing file
WARNING in Activity.php on line 12: DocBlock would be page-level, but precedes class "Folks_Activity_Form", use another DocBlock to document the file
Reading file /usr/local/horde/checkout/horde-hatchery.git/folks/lib/Forms/Login.php -- Parsing file
WARNING in Login.php on line 12: DocBlock would be page-level, but precedes class "Folks_Login_Form", use another DocBlock to document the file
Reading file /usr/local/horde/checkout/horde-hatchery.git/folks/lib/Friends/application.php -- Parsing file
WARNING in application.php on line 14: DocBlock would be page-level, but precedes class "Folks_Friends_application", use another DocBlock to document the file
Reading file /usr/local/horde/checkout/horde-hatchery.git/folks/lib/Friends/facebook.php -- Parsing file
WARNING in facebook.php on line 14: DocBlock would be page-level, but precedes class "Folks_Friends_facebook", use another DocBlock to document the file
Reading file /usr/local/horde/checkout/horde-hatchery.git/folks/lib/Friends/prefs.php -- Parsing file
WARNING in prefs.php on line 30: DocBlock would be page-level, but precedes class "Folks_Friends_prefs", use another DocBlock to document the file
Reading file /usr/local/horde/checkout/horde-hatchery.git/folks/lib/Friends/shared.php -- Parsing file
WARNING in shared.php on line 180: File "/usr/local/horde/checkout/horde-hatchery.git/folks/lib/Friends/shared.php" has no page-level DocBlock, use @package in the first DocBlock to create one
Reading file /usr/local/horde/checkout/horde-hatchery.git/folks/lib/Friends/sql.php -- Parsing file
WARNING in sql.php on line 15: DocBlock would be page-level, but precedes class "Folks_Friends_sql", use another DocBlock to document the file
Reading file /usr/local/horde/checkout/horde-hatchery.git/folks/lib/Notification/facebook.php -- Parsing file
WARNING in facebook.php on line 14: DocBlock would be page-level, but precedes class "Folks_Notification_facebook", use another DocBlock to document the file
Reading file /usr/local/horde/checkout/horde-hatchery.git/folks/lib/Notification/letter.php -- Parsing file
WARNING in letter.php on line 14: DocBlock would be page-level, but precedes class "Folks_Notification_letter", use another DocBlock to document the file
Reading file /usr/local/horde/checkout/horde-hatchery.git/folks/lib/Notification/mail.php -- Parsing file
WARNING in mail.php on line 14: DocBlock would be page-level, but precedes class "Folks_Notification_mail", use another DocBlock to document the file
Reading file /usr/local/horde/checkout/horde-hatchery.git/folks/lib/Notification/tickets.php -- Parsing file
WARNING in tickets.php on line 14: DocBlock would be page-level, but precedes class "Folks_Notification_tickets", use another DocBlock to document the file
Reading file /usr/local/horde/checkout/horde-hatchery.git/folks/lib/Api.php -- Parsing file
WARNING in Api.php on line 15: DocBlock would be page-level, but precedes class "Folks_Api", use another DocBlock to document the file
Reading file /usr/local/horde/checkout/horde-hatchery.git/folks/lib/Application.php -- Parsing file
WARNING in Application.php on line 10: DocBlock would be page-level, but precedes class "Folks_Application", use another DocBlock to document the file
Reading file /usr/local/horde/checkout/horde-hatchery.git/folks/lib/Driver.php -- Parsing file
WARNING in Driver.php on line 16: DocBlock would be page-level, but precedes class "Folks_Driver", use another DocBlock to document the file
Reading file /usr/local/horde/checkout/horde-hatchery.git/folks/lib/Folks.php -- Parsing file
WARNING in Folks.php on line 15: DocBlock would be page-level, but precedes class "Folks", use another DocBlock to document the file
Reading file /usr/local/horde/checkout/horde-hatchery.git/folks/lib/Friends.php -- Parsing file
WARNING in Friends.php on line 16: DocBlock would be page-level, but precedes class "Folks_Friends", use another DocBlock to document the file
Reading file /usr/local/horde/checkout/horde-hatchery.git/folks/lib/Notification.php -- Parsing file
WARNING in Notification.php on line 14: DocBlock would be page-level, but precedes class "Folks_Notification", use another DocBlock to document the file
Reading file /usr/local/horde/checkout/horde-hatchery.git/folks/lib/base.php -- Parsing file
WARNING in base.php on line 50: File "/usr/local/horde/checkout/horde-hatchery.git/folks/lib/base.php" has no page-level DocBlock, use @package in the first DocBlock to create one
done

Converting From Abstract Parsed Data

Processing Class Inheritance


Processing Root Trees


Processing leftover classes (classes that extend root classes not found in the same package)
Processing Horde_Block_Folks_activities in file /usr/local/horde/checkout/horde-hatchery.git/folks/lib/Block/activities.php
WARNING: Class Horde_Block_Folks_activities parent Horde_Block not found
Processing Horde_Block_Folks_friends in file /usr/local/horde/checkout/horde-hatchery.git/folks/lib/Block/friends.php
WARNING: Class Horde_Block_Folks_friends parent Horde_Block not found
Processing Horde_Block_Folks_know in file /usr/local/horde/checkout/horde-hatchery.git/folks/lib/Block/know.php
WARNING: Class Horde_Block_Folks_know parent Horde_Block not found
Processing Horde_Block_folks_my_comments in file /usr/local/horde/checkout/horde-hatchery.git/folks/lib/Block/my_comments.php
WARNING: Class Horde_Block_folks_my_comments parent Horde_Block not found
Processing Horde_Block_Folks_new in file /usr/local/horde/checkout/horde-hatchery.git/folks/lib/Block/new.php
WARNING: Class Horde_Block_Folks_new parent Horde_Block not found
Processing Horde_Block_Folks_random in file /usr/local/horde/checkout/horde-hatchery.git/folks/lib/Block/random.php
WARNING: Class Horde_Block_Folks_random parent Horde_Block not found
Processing Horde_Block_Folks_recent in file /usr/local/horde/checkout/horde-hatchery.git/folks/lib/Block/recent.php
WARNING: Class Horde_Block_Folks_recent parent Horde_Block not found
Processing Folks_AddFriend_Form in file /usr/local/horde/checkout/horde-hatchery.git/folks/lib/Forms/AddFriend.php
WARNING: Class Folks_AddFriend_Form parent Horde_Form not found
Processing Folks_Search_Form in file /usr/local/horde/checkout/horde-hatchery.git/folks/lib/Forms/Search.php
WARNING: Class Folks_Search_Form parent Horde_Form not found
Processing Folks_Activity_Form in file /usr/local/horde/checkout/horde-hatchery.git/folks/lib/Forms/Activity.php
WARNING: Class Folks_Activity_Form parent Horde_Form not found
Processing Folks_Login_Form in file /usr/local/horde/checkout/horde-hatchery.git/folks/lib/Forms/Login.php
WARNING: Class Folks_Login_Form parent Horde_Form not found
Processing Folks_Api in file /usr/local/horde/checkout/horde-hatchery.git/folks/lib/Api.php
WARNING: Class Folks_Api parent Horde_Registry_Api not found
Processing Folks_Application in file /usr/local/horde/checkout/horde-hatchery.git/folks/lib/Application.php
WARNING: Class Folks_Application parent Horde_Registry_Application not found
done processing leftover classes

Processing Procedural Page Element Name Conflicts


Sorting page elements...done
Formatting @uses list...done

Creating Directory /horde/web/dev.horde.org/api/folks
creating /horde/web/dev.horde.org/api/folks/media
Creating Directory /horde/web/dev.horde.org/api/folks/media
copying /horde/web/dev.horde.org/api/folks/media/banner.css
copying /horde/web/dev.horde.org/api/folks/media/stylesheet.css
creating /horde/web/dev.horde.org/api/folks/media/images
Creating Directory /horde/web/dev.horde.org/api/folks/media/images
copying /horde/web/dev.horde.org/api/folks/media/images/AbstractClass.png
copying /horde/web/dev.horde.org/api/folks/media/images/AbstractClass_logo.png
copying /horde/web/dev.horde.org/api/folks/media/images/AbstractMethod.png
copying /horde/web/dev.horde.org/api/folks/media/images/AbstractPrivateClass.png
copying /horde/web/dev.horde.org/api/folks/media/images/AbstractPrivateClass_logo.png
copying /horde/web/dev.horde.org/api/folks/media/images/AbstractPrivateMethod.png
copying /horde/web/dev.horde.org/api/folks/media/images/blank.png
copying /horde/web/dev.horde.org/api/folks/media/images/Class.png
copying /horde/web/dev.horde.org/api/folks/media/images/class_folder.png
copying /horde/web/dev.horde.org/api/folks/media/images/Class_logo.png
copying /horde/web/dev.horde.org/api/folks/media/images/Constant.png
copying /horde/web/dev.horde.org/api/folks/media/images/Constructor.png
copying /horde/web/dev.horde.org/api/folks/media/images/Destructor.png
copying /horde/web/dev.horde.org/api/folks/media/images/empty.png
copying /horde/web/dev.horde.org/api/folks/media/images/file.png
copying /horde/web/dev.horde.org/api/folks/media/images/folder.png
copying /horde/web/dev.horde.org/api/folks/media/images/Function.png
copying /horde/web/dev.horde.org/api/folks/media/images/function_folder.png
copying /horde/web/dev.horde.org/api/folks/media/images/Global.png
copying /horde/web/dev.horde.org/api/folks/media/images/I.png
copying /horde/web/dev.horde.org/api/folks/media/images/Index.png
copying /horde/web/dev.horde.org/api/folks/media/images/Interface.png
copying /horde/web/dev.horde.org/api/folks/media/images/Interface_logo.png
copying /horde/web/dev.horde.org/api/folks/media/images/L.png
copying /horde/web/dev.horde.org/api/folks/media/images/Lminus.png
copying /horde/web/dev.horde.org/api/folks/media/images/Lplus.png
copying /horde/web/dev.horde.org/api/folks/media/images/Method.png
copying /horde/web/dev.horde.org/api/folks/media/images/minus.gif
copying /horde/web/dev.horde.org/api/folks/media/images/next_button.png
copying /horde/web/dev.horde.org/api/folks/media/images/next_button_disabled.png
copying /horde/web/dev.horde.org/api/folks/media/images/package.png
copying /horde/web/dev.horde.org/api/folks/media/images/package_folder.png
copying /horde/web/dev.horde.org/api/folks/media/images/Page.png
copying /horde/web/dev.horde.org/api/folks/media/images/Page_logo.png
copying /horde/web/dev.horde.org/api/folks/media/images/plus.gif
copying /horde/web/dev.horde.org/api/folks/media/images/previous_button.png
copying /horde/web/dev.horde.org/api/folks/media/images/previous_button_disabled.png
copying /horde/web/dev.horde.org/api/folks/media/images/PrivateClass.png
copying /horde/web/dev.horde.org/api/folks/media/images/PrivateClass_logo.png
copying /horde/web/dev.horde.org/api/folks/media/images/PrivateMethod.png
copying /horde/web/dev.horde.org/api/folks/media/images/PrivateVariable.png
copying /horde/web/dev.horde.org/api/folks/media/images/private_class_logo.png
copying /horde/web/dev.horde.org/api/folks/media/images/StaticMethod.png
copying /horde/web/dev.horde.org/api/folks/media/images/StaticVariable.png
copying /horde/web/dev.horde.org/api/folks/media/images/T.png
copying /horde/web/dev.horde.org/api/folks/media/images/Tminus.png
copying /horde/web/dev.horde.org/api/folks/media/images/Tplus.png
copying /horde/web/dev.horde.org/api/folks/media/images/tutorial.png
copying /horde/web/dev.horde.org/api/folks/media/images/tutorial_folder.png
copying /horde/web/dev.horde.org/api/folks/media/images/up_button.png
copying /horde/web/dev.horde.org/api/folks/media/images/Variable.png
creating /horde/web/dev.horde.org/api/folks/media/lib
Creating Directory /horde/web/dev.horde.org/api/folks/media/lib
copying /horde/web/dev.horde.org/api/folks/media/lib/classTree.js
Building indexes...done

Sorting Indexes...done

Sorting @todo list...done
Converting tutorials/extended docs
Formatting Package Indexes...    Writing /horde/web/dev.horde.org/api/folks/elementindex_Folks.html
    Writing /horde/web/dev.horde.org/api/folks/elementindex_horde.html
    Writing /horde/web/dev.horde.org/api/folks/elementindex_Horde_Block.html

done
Formatting Index...
    Writing /horde/web/dev.horde.org/api/folks/elementindex.html
    Writing /horde/web/dev.horde.org/api/folks/blank.html

    Writing /horde/web/dev.horde.org/api/folks/index.html
    Writing /horde/web/dev.horde.org/api/folks/packages.html
done

Formatting Left Quick Index...
    Writing /horde/web/dev.horde.org/api/folks/li_Folks.html
    Writing /horde/web/dev.horde.org/api/folks/classtrees_Folks.html

    Writing /horde/web/dev.horde.org/api/folks/li_horde.html
    Writing /horde/web/dev.horde.org/api/folks/classtrees_horde.html

    Writing /horde/web/dev.horde.org/api/folks/li_Horde_Block.html
    Writing /horde/web/dev.horde.org/api/folks/classtrees_Horde_Block.html

done

Converting /usr/local/horde/checkout/horde-hatchery.git/folks/lib/Block/activities.php Procedural Page Elements... Classes...
Creating Directory /horde/web/dev.horde.org/api/folks/Folks
    Writing /horde/web/dev.horde.org/api/folks/Folks/Horde_Block_Folks_activities.html
 done
    Writing /horde/web/dev.horde.org/api/folks/Folks/_Block---activities.php.html
Converting /usr/local/horde/checkout/horde-hatchery.git/folks/lib/Forms/Activity.php Procedural Page Elements... Classes...
    Writing /horde/web/dev.horde.org/api/folks/Folks/Folks_Activity_Form.html
 done
    Writing /horde/web/dev.horde.org/api/folks/Folks/_Forms---Activity.php.html
Converting /usr/local/horde/checkout/horde-hatchery.git/folks/lib/Forms/AddFriend.php Procedural Page Elements... Classes...
Creating Directory /horde/web/dev.horde.org/api/folks/horde
    Writing /horde/web/dev.horde.org/api/folks/horde/Folks_AddFriend_Form.html
 done
    Writing /horde/web/dev.horde.org/api/folks/horde/_Forms---AddFriend.php.html
Converting /usr/local/horde/checkout/horde-hatchery.git/folks/lib/Api.php Procedural Page Elements... Classes...
    Writing /horde/web/dev.horde.org/api/folks/Folks/Folks_Api.html
 done
    Writing /horde/web/dev.horde.org/api/folks/Folks/_Api.php.html
Converting /usr/local/horde/checkout/horde-hatchery.git/folks/lib/Friends/application.php Procedural Page Elements... Classes...
    Writing /horde/web/dev.horde.org/api/folks/Folks/Folks_Friends_application.html
 done
    Writing /horde/web/dev.horde.org/api/folks/Folks/_Friends---application.php.html
Converting /usr/local/horde/checkout/horde-hatchery.git/folks/lib/Application.php Procedural Page Elements... Classes...
    Writing /horde/web/dev.horde.org/api/folks/Folks/Folks_Application.html
 done
    Writing /horde/web/dev.horde.org/api/folks/Folks/_Application.php.html
Converting /usr/local/horde/checkout/horde-hatchery.git/folks/lib/base.php Procedural Page Elements... Classes... done
    Writing /horde/web/dev.horde.org/api/folks/horde/_base.php.html
Converting /usr/local/horde/checkout/horde-hatchery.git/folks/lib/Driver.php Procedural Page Elements... Classes...
    Writing /horde/web/dev.horde.org/api/folks/Folks/Folks_Driver.html
 done
    Writing /horde/web/dev.horde.org/api/folks/Folks/_Driver.php.html
Converting /usr/local/horde/checkout/horde-hatchery.git/folks/lib/Notification/facebook.php Procedural Page Elements... Classes...
    Writing /horde/web/dev.horde.org/api/folks/Folks/Folks_Notification_facebook.html
 done
    Writing /horde/web/dev.horde.org/api/folks/Folks/_Notification---facebook.php.html
Converting /usr/local/horde/checkout/horde-hatchery.git/folks/lib/Friends/facebook.php Procedural Page Elements... Classes...
    Writing /horde/web/dev.horde.org/api/folks/Folks/Folks_Friends_facebook.html
 done
    Writing /horde/web/dev.horde.org/api/folks/Folks/_Friends---facebook.php.html
Converting /usr/local/horde/checkout/horde-hatchery.git/folks/lib/Folks.php Procedural Page Elements... Classes...
    Writing /horde/web/dev.horde.org/api/folks/Folks/Folks.html
 done
    Writing /horde/web/dev.horde.org/api/folks/Folks/_Folks.php.html
Converting /usr/local/horde/checkout/horde-hatchery.git/folks/lib/Friends.php Procedural Page Elements... Classes...
    Writing /horde/web/dev.horde.org/api/folks/Folks/Folks_Friends.html
 done
    Writing /horde/web/dev.horde.org/api/folks/Folks/_Friends.php.html
Converting /usr/local/horde/checkout/horde-hatchery.git/folks/lib/Block/friends.php Procedural Page Elements... Classes...
    Writing /horde/web/dev.horde.org/api/folks/Folks/Horde_Block_Folks_friends.html
 done
    Writing /horde/web/dev.horde.org/api/folks/Folks/_Block---friends.php.html
Converting /usr/local/horde/checkout/horde-hatchery.git/folks/lib/Block/know.php Procedural Page Elements... Classes...
    Writing /horde/web/dev.horde.org/api/folks/Folks/Horde_Block_Folks_know.html
 done
    Writing /horde/web/dev.horde.org/api/folks/Folks/_Block---know.php.html
Converting /usr/local/horde/checkout/horde-hatchery.git/folks/lib/Notification/letter.php Procedural Page Elements... Classes...
    Writing /horde/web/dev.horde.org/api/folks/Folks/Folks_Notification_letter.html
 done
    Writing /horde/web/dev.horde.org/api/folks/Folks/_Notification---letter.php.html
Converting /usr/local/horde/checkout/horde-hatchery.git/folks/lib/Forms/Login.php Procedural Page Elements... Classes...
    Writing /horde/web/dev.horde.org/api/folks/Folks/Folks_Login_Form.html
 done
    Writing /horde/web/dev.horde.org/api/folks/Folks/_Forms---Login.php.html
Converting /usr/local/horde/checkout/horde-hatchery.git/folks/lib/Notification/mail.php Procedural Page Elements... Classes...
    Writing /horde/web/dev.horde.org/api/folks/Folks/Folks_Notification_mail.html
 done
    Writing /horde/web/dev.horde.org/api/folks/Folks/_Notification---mail.php.html
Converting /usr/local/horde/checkout/horde-hatchery.git/folks/lib/Block/my_comments.php Procedural Page Elements... Classes...
Creating Directory /horde/web/dev.horde.org/api/folks/Horde_Block
    Writing /horde/web/dev.horde.org/api/folks/Horde_Block/Horde_Block_folks_my_comments.html
 done
    Writing /horde/web/dev.horde.org/api/folks/Horde_Block/_Block---my_comments.php.html
Converting /usr/local/horde/checkout/horde-hatchery.git/folks/lib/Block/new.php Procedural Page Elements... Classes...
    Writing /horde/web/dev.horde.org/api/folks/Folks/Horde_Block_Folks_new.html
 done
    Writing /horde/web/dev.horde.org/api/folks/Folks/_Block---new.php.html
Converting /usr/local/horde/checkout/horde-hatchery.git/folks/lib/Notification.php Procedural Page Elements... Classes...
    Writing /horde/web/dev.horde.org/api/folks/Folks/Folks_Notification.html
 done
    Writing /horde/web/dev.horde.org/api/folks/Folks/_Notification.php.html
Converting /usr/local/horde/checkout/horde-hatchery.git/folks/lib/Friends/prefs.php Procedural Page Elements... Classes...
    Writing /horde/web/dev.horde.org/api/folks/Folks/Folks_Friends_prefs.html
 done
    Writing /horde/web/dev.horde.org/api/folks/Folks/_Friends---prefs.php.html
Converting /usr/local/horde/checkout/horde-hatchery.git/folks/lib/Block/random.php Procedural Page Elements... Classes...
    Writing /horde/web/dev.horde.org/api/folks/Folks/Horde_Block_Folks_random.html
 done
    Writing /horde/web/dev.horde.org/api/folks/Folks/_Block---random.php.html
Converting /usr/local/horde/checkout/horde-hatchery.git/folks/lib/Block/recent.php Procedural Page Elements... Classes...
    Writing /horde/web/dev.horde.org/api/folks/Folks/Horde_Block_Folks_recent.html
 done
    Writing /horde/web/dev.horde.org/api/folks/Folks/_Block---recent.php.html
Converting /usr/local/horde/checkout/horde-hatchery.git/folks/lib/Forms/Search.php Procedural Page Elements... Classes...
    Writing /horde/web/dev.horde.org/api/folks/Folks/Folks_Search_Form.html
 done
    Writing /horde/web/dev.horde.org/api/folks/Folks/_Forms---Search.php.html
Converting /usr/local/horde/checkout/horde-hatchery.git/folks/lib/Friends/shared.php Procedural Page Elements... Classes...
    Writing /horde/web/dev.horde.org/api/folks/Folks/Folks_Friends_shared.html
 done
    Writing /horde/web/dev.horde.org/api/folks/Folks/_Friends---shared.php.html
Converting /usr/local/horde/checkout/horde-hatchery.git/folks/lib/Friends/sql.php Procedural Page Elements... Classes...
    Writing /horde/web/dev.horde.org/api/folks/Folks/Folks_Friends_sql.html
 done
    Writing /horde/web/dev.horde.org/api/folks/Folks/_Friends---sql.php.html
Converting /usr/local/horde/checkout/horde-hatchery.git/folks/lib/Driver/sql.php Procedural Page Elements... Classes...
    Writing /horde/web/dev.horde.org/api/folks/Folks/Folks_Driver_sql.html
 done
    Writing /horde/web/dev.horde.org/api/folks/Folks/_Driver---sql.php.html
Converting /usr/local/horde/checkout/horde-hatchery.git/folks/lib/Notification/tickets.php Procedural Page Elements... Classes...
    Writing /horde/web/dev.horde.org/api/folks/Folks/Folks_Notification_tickets.html
 done
    Writing /horde/web/dev.horde.org/api/folks/Folks/_Notification---tickets.php.html

Converting @todo List...done

Converting Error Log...    Writing /horde/web/dev.horde.org/api/folks/errors.html


To view errors and warnings, look at /horde/web/dev.horde.org/api/folks/errors.html
done

Parsing time: 2 seconds

Conversion time: 3 seconds

Total Documentation Time: 5 seconds
done
