PHP Version 5.2.11
phpDocumentor version 1.4.3

Parsing configuration file phpDocumentor.ini...
   (found in /usr/share/php/data/PhpDocumentor/)...

done
Maximum memory usage set at 256M after considering php.ini...
using tokenizer Parser
Hidden /usr/local/horde/checkout/forwards/lib/.htaccess Ignored
File /usr/local/horde/checkout/forwards/lib/Block/CVS/Entries Ignored
File /usr/local/horde/checkout/forwards/lib/Block/CVS/Repository Ignored
File /usr/local/horde/checkout/forwards/lib/Block/CVS/Root Ignored
File /usr/local/horde/checkout/forwards/lib/CVS/Entries Ignored
File /usr/local/horde/checkout/forwards/lib/CVS/Repository Ignored
File /usr/local/horde/checkout/forwards/lib/CVS/Root Ignored
File /usr/local/horde/checkout/forwards/lib/Driver/CVS/Entries Ignored
File /usr/local/horde/checkout/forwards/lib/Driver/CVS/Repository Ignored
File /usr/local/horde/checkout/forwards/lib/Driver/CVS/Root Ignored
File /usr/local/horde/checkout/forwards/lib/version.php Ignored


Grabbing README/INSTALL/CHANGELOG
README...
done


Tutorial/Extended Documentation Parsing Stage

done


General Parsing Stage

Reading file /usr/local/horde/checkout/forwards/lib/Block/summary.php -- Parsing file
WARNING in summary.php on line 9: DocBlock would be page-level, but precedes class "Horde_Block_Forwards_summary", use another DocBlock to document the file
Reading file /usr/local/horde/checkout/forwards/lib/Driver/customsql.php -- Parsing file
WARNING in customsql.php on line 16: DocBlock would be page-level, but precedes class "Forwards_Driver_customsql", use another DocBlock to document the file
Reading file /usr/local/horde/checkout/forwards/lib/Driver/forwards.php -- Parsing file
WARNING in forwards.php on line 17: DocBlock would be page-level, but precedes class "Forwards_Driver_forwards", use another DocBlock to document the file
Reading file /usr/local/horde/checkout/forwards/lib/Driver/ldap.php -- Parsing file
WARNING in ldap.php on line 17: DocBlock would be page-level, but precedes class "Forwards_Driver_ldap", use another DocBlock to document the file
Reading file /usr/local/horde/checkout/forwards/lib/Driver/mdaemon.php -- Parsing file
WARNING in mdaemon.php on line 17: DocBlock would be page-level, but precedes class "Forwards_Driver_mdaemon", use another DocBlock to document the file
Reading file /usr/local/horde/checkout/forwards/lib/Driver/plesk.php -- Parsing file
WARNING in plesk.php on line 18: DocBlock would be page-level, but precedes class "Forwards_Driver_plesk", use another DocBlock to document the file
Reading file /usr/local/horde/checkout/forwards/lib/Driver/postfixadmin.php -- Parsing file
WARNING in postfixadmin.php on line 116: File "/usr/local/horde/checkout/forwards/lib/Driver/postfixadmin.php" has no page-level DocBlock, use @package in the first DocBlock to create one
Reading file /usr/local/horde/checkout/forwards/lib/Driver/qmail.php -- Parsing file
WARNING in qmail.php on line 82: File "/usr/local/horde/checkout/forwards/lib/Driver/qmail.php" has no page-level DocBlock, use @package in the first DocBlock to create one
Reading file /usr/local/horde/checkout/forwards/lib/Driver/soap.php -- Parsing file
WARNING in soap.php on line 235: File "/usr/local/horde/checkout/forwards/lib/Driver/soap.php" has no page-level DocBlock, use @package in the first DocBlock to create one
Reading file /usr/local/horde/checkout/forwards/lib/Driver/sql.php -- Parsing file
WARNING in sql.php on line 162: File "/usr/local/horde/checkout/forwards/lib/Driver/sql.php" has no page-level DocBlock, use @package in the first DocBlock to create one
Reading file /usr/local/horde/checkout/forwards/lib/Driver.php -- Parsing file
WARNING in Driver.php on line 17: DocBlock would be page-level, but precedes class "Forwards_Driver", use another DocBlock to document the file
Reading file /usr/local/horde/checkout/forwards/lib/base.php -- Parsing file
WARNING in base.php on line 53: File "/usr/local/horde/checkout/forwards/lib/base.php" has no page-level DocBlock, use @package in the first DocBlock to create one
done

Converting From Abstract Parsed Data

Processing Class Inheritance


Processing Root Trees


Processing leftover classes (classes that extend root classes not found in the same package)
Processing Horde_Block_Forwards_summary in file /usr/local/horde/checkout/forwards/lib/Block/summary.php
WARNING: Class Horde_Block_Forwards_summary parent Horde_Block not found
done processing leftover classes

Processing Procedural Page Element Name Conflicts


Sorting page elements...done
Formatting @uses list...done

creating /horde/web/dev.horde.org/api/forwards/media
copying /horde/web/dev.horde.org/api/forwards/media/banner.css
copying /horde/web/dev.horde.org/api/forwards/media/stylesheet.css
creating /horde/web/dev.horde.org/api/forwards/media/images
copying /horde/web/dev.horde.org/api/forwards/media/images/AbstractClass.png
copying /horde/web/dev.horde.org/api/forwards/media/images/AbstractClass_logo.png
copying /horde/web/dev.horde.org/api/forwards/media/images/AbstractMethod.png
copying /horde/web/dev.horde.org/api/forwards/media/images/AbstractPrivateClass.png
copying /horde/web/dev.horde.org/api/forwards/media/images/AbstractPrivateClass_logo.png
copying /horde/web/dev.horde.org/api/forwards/media/images/AbstractPrivateMethod.png
copying /horde/web/dev.horde.org/api/forwards/media/images/blank.png
copying /horde/web/dev.horde.org/api/forwards/media/images/Class.png
copying /horde/web/dev.horde.org/api/forwards/media/images/class_folder.png
copying /horde/web/dev.horde.org/api/forwards/media/images/Class_logo.png
copying /horde/web/dev.horde.org/api/forwards/media/images/Constant.png
copying /horde/web/dev.horde.org/api/forwards/media/images/Constructor.png
copying /horde/web/dev.horde.org/api/forwards/media/images/Destructor.png
copying /horde/web/dev.horde.org/api/forwards/media/images/empty.png
copying /horde/web/dev.horde.org/api/forwards/media/images/file.png
copying /horde/web/dev.horde.org/api/forwards/media/images/folder.png
copying /horde/web/dev.horde.org/api/forwards/media/images/Function.png
copying /horde/web/dev.horde.org/api/forwards/media/images/function_folder.png
copying /horde/web/dev.horde.org/api/forwards/media/images/Global.png
copying /horde/web/dev.horde.org/api/forwards/media/images/I.png
copying /horde/web/dev.horde.org/api/forwards/media/images/Index.png
copying /horde/web/dev.horde.org/api/forwards/media/images/Interface.png
copying /horde/web/dev.horde.org/api/forwards/media/images/Interface_logo.png
copying /horde/web/dev.horde.org/api/forwards/media/images/L.png
copying /horde/web/dev.horde.org/api/forwards/media/images/Lminus.png
copying /horde/web/dev.horde.org/api/forwards/media/images/Lplus.png
copying /horde/web/dev.horde.org/api/forwards/media/images/Method.png
copying /horde/web/dev.horde.org/api/forwards/media/images/minus.gif
copying /horde/web/dev.horde.org/api/forwards/media/images/next_button.png
copying /horde/web/dev.horde.org/api/forwards/media/images/next_button_disabled.png
copying /horde/web/dev.horde.org/api/forwards/media/images/package.png
copying /horde/web/dev.horde.org/api/forwards/media/images/package_folder.png
copying /horde/web/dev.horde.org/api/forwards/media/images/Page.png
copying /horde/web/dev.horde.org/api/forwards/media/images/Page_logo.png
copying /horde/web/dev.horde.org/api/forwards/media/images/plus.gif
copying /horde/web/dev.horde.org/api/forwards/media/images/previous_button.png
copying /horde/web/dev.horde.org/api/forwards/media/images/previous_button_disabled.png
copying /horde/web/dev.horde.org/api/forwards/media/images/PrivateClass.png
copying /horde/web/dev.horde.org/api/forwards/media/images/PrivateClass_logo.png
copying /horde/web/dev.horde.org/api/forwards/media/images/PrivateMethod.png
copying /horde/web/dev.horde.org/api/forwards/media/images/PrivateVariable.png
copying /horde/web/dev.horde.org/api/forwards/media/images/private_class_logo.png
copying /horde/web/dev.horde.org/api/forwards/media/images/StaticMethod.png
copying /horde/web/dev.horde.org/api/forwards/media/images/StaticVariable.png
copying /horde/web/dev.horde.org/api/forwards/media/images/T.png
copying /horde/web/dev.horde.org/api/forwards/media/images/Tminus.png
copying /horde/web/dev.horde.org/api/forwards/media/images/Tplus.png
copying /horde/web/dev.horde.org/api/forwards/media/images/tutorial.png
copying /horde/web/dev.horde.org/api/forwards/media/images/tutorial_folder.png
copying /horde/web/dev.horde.org/api/forwards/media/images/up_button.png
copying /horde/web/dev.horde.org/api/forwards/media/images/Variable.png
creating /horde/web/dev.horde.org/api/forwards/media/lib
copying /horde/web/dev.horde.org/api/forwards/media/lib/classTree.js
Building indexes...done

Sorting Indexes...done

Sorting @todo list...done
Converting README/INSTALL/CHANGELOG contents...
README...    Writing /horde/web/dev.horde.org/api/forwards/ric_README.html

done
Converting tutorials/extended docs
Formatting Package Indexes...    Writing /horde/web/dev.horde.org/api/forwards/elementindex_horde.html
    Writing /horde/web/dev.horde.org/api/forwards/elementindex_Forwards.html
    Writing /horde/web/dev.horde.org/api/forwards/elementindex_Horde_Block.html

done
Formatting Index...
    Writing /horde/web/dev.horde.org/api/forwards/elementindex.html
    Writing /horde/web/dev.horde.org/api/forwards/blank.html

    Writing /horde/web/dev.horde.org/api/forwards/index.html
    Writing /horde/web/dev.horde.org/api/forwards/packages.html
done

Formatting Left Quick Index...
    Writing /horde/web/dev.horde.org/api/forwards/li_Horde_Block.html
    Writing /horde/web/dev.horde.org/api/forwards/classtrees_Horde_Block.html

    Writing /horde/web/dev.horde.org/api/forwards/li_Forwards.html
    Writing /horde/web/dev.horde.org/api/forwards/classtrees_Forwards.html

    Writing /horde/web/dev.horde.org/api/forwards/li_horde.html
    Writing /horde/web/dev.horde.org/api/forwards/classtrees_horde.html

done

Converting /usr/local/horde/checkout/forwards/lib/base.php Procedural Page Elements... Classes... done
    Writing /horde/web/dev.horde.org/api/forwards/horde/_lib---base.php.html
Converting /usr/local/horde/checkout/forwards/lib/Driver/customsql.php Procedural Page Elements... Classes...
    Writing /horde/web/dev.horde.org/api/forwards/Forwards/Forwards_Driver_customsql.html
 done
    Writing /horde/web/dev.horde.org/api/forwards/Forwards/_lib---Driver---customsql.php.html
Converting /usr/local/horde/checkout/forwards/lib/Driver.php Procedural Page Elements... Classes...
    Writing /horde/web/dev.horde.org/api/forwards/Forwards/Forwards_Driver.html
 done
    Writing /horde/web/dev.horde.org/api/forwards/Forwards/_lib---Driver.php.html
Converting /usr/local/horde/checkout/forwards/lib/Driver/forwards.php Procedural Page Elements... Classes...
    Writing /horde/web/dev.horde.org/api/forwards/Forwards/Forwards_Driver_forwards.html
 done
    Writing /horde/web/dev.horde.org/api/forwards/Forwards/_lib---Driver---forwards.php.html
Converting /usr/local/horde/checkout/forwards/lib/Driver/ldap.php Procedural Page Elements... Classes...
    Writing /horde/web/dev.horde.org/api/forwards/Forwards/Forwards_Driver_ldap.html
 done
    Writing /horde/web/dev.horde.org/api/forwards/Forwards/_lib---Driver---ldap.php.html
Converting /usr/local/horde/checkout/forwards/lib/Driver/mdaemon.php Procedural Page Elements... Classes...
    Writing /horde/web/dev.horde.org/api/forwards/Forwards/Forwards_Driver_mdaemon.html
 done
    Writing /horde/web/dev.horde.org/api/forwards/Forwards/_lib---Driver---mdaemon.php.html
Converting /usr/local/horde/checkout/forwards/lib/Driver/plesk.php Procedural Page Elements... Classes...
    Writing /horde/web/dev.horde.org/api/forwards/Forwards/Forwards_Driver_plesk.html
 done
    Writing /horde/web/dev.horde.org/api/forwards/Forwards/_lib---Driver---plesk.php.html
Converting /usr/local/horde/checkout/forwards/lib/Driver/postfixadmin.php Procedural Page Elements... Classes...
    Writing /horde/web/dev.horde.org/api/forwards/Forwards/Forwards_Driver_postfixadmin.html
 done
    Writing /horde/web/dev.horde.org/api/forwards/Forwards/_lib---Driver---postfixadmin.php.html
Converting /usr/local/horde/checkout/forwards/lib/Driver/qmail.php Procedural Page Elements... Classes...
    Writing /horde/web/dev.horde.org/api/forwards/Forwards/Forwards_Driver_qmail.html
 done
    Writing /horde/web/dev.horde.org/api/forwards/Forwards/_lib---Driver---qmail.php.html
Converting /usr/local/horde/checkout/forwards/lib/Driver/soap.php Procedural Page Elements... Classes...
    Writing /horde/web/dev.horde.org/api/forwards/Forwards/Forwards_Driver_soap.html
 done
    Writing /horde/web/dev.horde.org/api/forwards/Forwards/_lib---Driver---soap.php.html
Converting /usr/local/horde/checkout/forwards/lib/Driver/sql.php Procedural Page Elements... Classes...
    Writing /horde/web/dev.horde.org/api/forwards/Forwards/Forwards_Driver_sql.html
 done
    Writing /horde/web/dev.horde.org/api/forwards/Forwards/_lib---Driver---sql.php.html
Converting /usr/local/horde/checkout/forwards/lib/Block/summary.php Procedural Page Elements... Classes...
    Writing /horde/web/dev.horde.org/api/forwards/Horde_Block/Horde_Block_Forwards_summary.html
 done
    Writing /horde/web/dev.horde.org/api/forwards/Horde_Block/_lib---Block---summary.php.html

Converting @todo List...    Writing /horde/web/dev.horde.org/api/forwards/todolist.html
done

Converting Error Log...    Writing /horde/web/dev.horde.org/api/forwards/errors.html


To view errors and warnings, look at /horde/web/dev.horde.org/api/forwards/errors.html
done

Parsing time: 1 seconds

Conversion time: 2 seconds

Total Documentation Time: 3 seconds
done
