PHP Version 5.2.11
phpDocumentor version 1.4.3

Parsing configuration file phpDocumentor.ini...
   (found in /usr/share/php/data/PhpDocumentor/)...

done
Maximum memory usage set at 256M after considering php.ini...
using tokenizer Parser
Hidden /usr/local/horde/checkout/genie/lib/.htaccess Ignored
File /usr/local/horde/checkout/genie/lib/Block/CVS/Entries Ignored
File /usr/local/horde/checkout/genie/lib/Block/CVS/Repository Ignored
File /usr/local/horde/checkout/genie/lib/Block/CVS/Root Ignored
File /usr/local/horde/checkout/genie/lib/CVS/Entries Ignored
File /usr/local/horde/checkout/genie/lib/CVS/Repository Ignored
File /usr/local/horde/checkout/genie/lib/CVS/Root Ignored
File /usr/local/horde/checkout/genie/lib/version.php Ignored


Grabbing README/INSTALL/CHANGELOG
README...
done


Tutorial/Extended Documentation Parsing Stage

done


General Parsing Stage

Reading file /usr/local/horde/checkout/genie/lib/Block/my_comments.php -- Parsing file
WARNING in my_comments.php on line 12: DocBlock would be page-level, but precedes class "Horde_Block_genie_my_comments", use another DocBlock to document the file
Reading file /usr/local/horde/checkout/genie/lib/Block/summary.php -- Parsing file
WARNING in summary.php on line 9: DocBlock would be page-level, but precedes class "Horde_Block_Genie_summary", use another DocBlock to document the file
Reading file /usr/local/horde/checkout/genie/lib/Driver.php -- Parsing file
WARNING in Driver.php on line 10: DocBlock would be page-level, but precedes class "Genie_Driver", use another DocBlock to document the file
Reading file /usr/local/horde/checkout/genie/lib/Genie.php -- Parsing file
WARNING in Genie.php on line 9: DocBlock would be page-level, but precedes class "Genie", use another DocBlock to document the file
Reading file /usr/local/horde/checkout/genie/lib/api.php -- Parsing file
WARNING in api.php on line 40: no @package tag was used in a DocBlock for file /usr/local/horde/checkout/genie/lib/api.php
Reading file /usr/local/horde/checkout/genie/lib/prefs.php -- Parsing file
WARNING in prefs.php on line 22: File "/usr/local/horde/checkout/genie/lib/prefs.php" has no page-level DocBlock, use @package in the first DocBlock to create one
Reading file /usr/local/horde/checkout/genie/lib/base.php -- Parsing file
WARNING in base.php on line 74: File "/usr/local/horde/checkout/genie/lib/base.php" has no page-level DocBlock, use @package in the first DocBlock to create one
done

Converting From Abstract Parsed Data

Processing Class Inheritance


Processing Root Trees


Processing leftover classes (classes that extend root classes not found in the same package)
Processing Horde_Block_genie_my_comments in file /usr/local/horde/checkout/genie/lib/Block/my_comments.php
WARNING: Class Horde_Block_genie_my_comments parent Horde_Block not found
Processing Horde_Block_Genie_summary in file /usr/local/horde/checkout/genie/lib/Block/summary.php
WARNING: Class Horde_Block_Genie_summary parent Horde_Block not found
done processing leftover classes

Processing Procedural Page Element Name Conflicts


Sorting page elements...done
Formatting @uses list...done

creating /horde/web/dev.horde.org/api/genie/media
copying /horde/web/dev.horde.org/api/genie/media/banner.css
copying /horde/web/dev.horde.org/api/genie/media/stylesheet.css
creating /horde/web/dev.horde.org/api/genie/media/images
copying /horde/web/dev.horde.org/api/genie/media/images/AbstractClass.png
copying /horde/web/dev.horde.org/api/genie/media/images/AbstractClass_logo.png
copying /horde/web/dev.horde.org/api/genie/media/images/AbstractMethod.png
copying /horde/web/dev.horde.org/api/genie/media/images/AbstractPrivateClass.png
copying /horde/web/dev.horde.org/api/genie/media/images/AbstractPrivateClass_logo.png
copying /horde/web/dev.horde.org/api/genie/media/images/AbstractPrivateMethod.png
copying /horde/web/dev.horde.org/api/genie/media/images/blank.png
copying /horde/web/dev.horde.org/api/genie/media/images/Class.png
copying /horde/web/dev.horde.org/api/genie/media/images/class_folder.png
copying /horde/web/dev.horde.org/api/genie/media/images/Class_logo.png
copying /horde/web/dev.horde.org/api/genie/media/images/Constant.png
copying /horde/web/dev.horde.org/api/genie/media/images/Constructor.png
copying /horde/web/dev.horde.org/api/genie/media/images/Destructor.png
copying /horde/web/dev.horde.org/api/genie/media/images/empty.png
copying /horde/web/dev.horde.org/api/genie/media/images/file.png
copying /horde/web/dev.horde.org/api/genie/media/images/folder.png
copying /horde/web/dev.horde.org/api/genie/media/images/Function.png
copying /horde/web/dev.horde.org/api/genie/media/images/function_folder.png
copying /horde/web/dev.horde.org/api/genie/media/images/Global.png
copying /horde/web/dev.horde.org/api/genie/media/images/I.png
copying /horde/web/dev.horde.org/api/genie/media/images/Index.png
copying /horde/web/dev.horde.org/api/genie/media/images/Interface.png
copying /horde/web/dev.horde.org/api/genie/media/images/Interface_logo.png
copying /horde/web/dev.horde.org/api/genie/media/images/L.png
copying /horde/web/dev.horde.org/api/genie/media/images/Lminus.png
copying /horde/web/dev.horde.org/api/genie/media/images/Lplus.png
copying /horde/web/dev.horde.org/api/genie/media/images/Method.png
copying /horde/web/dev.horde.org/api/genie/media/images/minus.gif
copying /horde/web/dev.horde.org/api/genie/media/images/next_button.png
copying /horde/web/dev.horde.org/api/genie/media/images/next_button_disabled.png
copying /horde/web/dev.horde.org/api/genie/media/images/package.png
copying /horde/web/dev.horde.org/api/genie/media/images/package_folder.png
copying /horde/web/dev.horde.org/api/genie/media/images/Page.png
copying /horde/web/dev.horde.org/api/genie/media/images/Page_logo.png
copying /horde/web/dev.horde.org/api/genie/media/images/plus.gif
copying /horde/web/dev.horde.org/api/genie/media/images/previous_button.png
copying /horde/web/dev.horde.org/api/genie/media/images/previous_button_disabled.png
copying /horde/web/dev.horde.org/api/genie/media/images/PrivateClass.png
copying /horde/web/dev.horde.org/api/genie/media/images/PrivateClass_logo.png
copying /horde/web/dev.horde.org/api/genie/media/images/PrivateMethod.png
copying /horde/web/dev.horde.org/api/genie/media/images/PrivateVariable.png
copying /horde/web/dev.horde.org/api/genie/media/images/private_class_logo.png
copying /horde/web/dev.horde.org/api/genie/media/images/StaticMethod.png
copying /horde/web/dev.horde.org/api/genie/media/images/StaticVariable.png
copying /horde/web/dev.horde.org/api/genie/media/images/T.png
copying /horde/web/dev.horde.org/api/genie/media/images/Tminus.png
copying /horde/web/dev.horde.org/api/genie/media/images/Tplus.png
copying /horde/web/dev.horde.org/api/genie/media/images/tutorial.png
copying /horde/web/dev.horde.org/api/genie/media/images/tutorial_folder.png
copying /horde/web/dev.horde.org/api/genie/media/images/up_button.png
copying /horde/web/dev.horde.org/api/genie/media/images/Variable.png
creating /horde/web/dev.horde.org/api/genie/media/lib
copying /horde/web/dev.horde.org/api/genie/media/lib/classTree.js
Building indexes...done

Sorting Indexes...done

Sorting @todo list...done
Converting README/INSTALL/CHANGELOG contents...
README...    Writing /horde/web/dev.horde.org/api/genie/ric_README.html

done
Converting tutorials/extended docs
Formatting Package Indexes...    Writing /horde/web/dev.horde.org/api/genie/elementindex_horde.html
    Writing /horde/web/dev.horde.org/api/genie/elementindex_Genie.html
    Writing /horde/web/dev.horde.org/api/genie/elementindex_Horde_Block.html

done
Formatting Index...
    Writing /horde/web/dev.horde.org/api/genie/elementindex.html
    Writing /horde/web/dev.horde.org/api/genie/blank.html

    Writing /horde/web/dev.horde.org/api/genie/index.html
    Writing /horde/web/dev.horde.org/api/genie/packages.html
done

Formatting Left Quick Index...
    Writing /horde/web/dev.horde.org/api/genie/li_Horde_Block.html
    Writing /horde/web/dev.horde.org/api/genie/classtrees_Horde_Block.html

    Writing /horde/web/dev.horde.org/api/genie/li_horde.html
    Writing /horde/web/dev.horde.org/api/genie/classtrees_horde.html

    Writing /horde/web/dev.horde.org/api/genie/li_Genie.html
    Writing /horde/web/dev.horde.org/api/genie/classtrees_Genie.html

done

Converting /usr/local/horde/checkout/genie/lib/api.php Procedural Page Elements... Classes... done
    Writing /horde/web/dev.horde.org/api/genie/horde/_lib---api.php.html
Converting /usr/local/horde/checkout/genie/lib/base.php Procedural Page Elements... Classes... done
    Writing /horde/web/dev.horde.org/api/genie/horde/_lib---base.php.html
Converting /usr/local/horde/checkout/genie/lib/Driver.php Procedural Page Elements... Classes...
    Writing /horde/web/dev.horde.org/api/genie/Genie/Genie_Driver.html
 done
    Writing /horde/web/dev.horde.org/api/genie/Genie/_lib---Driver.php.html
Converting /usr/local/horde/checkout/genie/lib/Genie.php Procedural Page Elements... Classes...
    Writing /horde/web/dev.horde.org/api/genie/Genie/Genie.html
 done
    Writing /horde/web/dev.horde.org/api/genie/Genie/_lib---Genie.php.html
Converting /usr/local/horde/checkout/genie/lib/Block/my_comments.php Procedural Page Elements... Classes...
    Writing /horde/web/dev.horde.org/api/genie/Horde_Block/Horde_Block_genie_my_comments.html
 done
    Writing /horde/web/dev.horde.org/api/genie/Horde_Block/_lib---Block---my_comments.php.html
Converting /usr/local/horde/checkout/genie/lib/prefs.php Procedural Page Elements... Classes... done
    Writing /horde/web/dev.horde.org/api/genie/horde/_lib---prefs.php.html
Converting /usr/local/horde/checkout/genie/lib/Block/summary.php Procedural Page Elements... Classes...
    Writing /horde/web/dev.horde.org/api/genie/Horde_Block/Horde_Block_Genie_summary.html
 done
    Writing /horde/web/dev.horde.org/api/genie/Horde_Block/_lib---Block---summary.php.html

Converting @todo List...done

Converting Error Log...    Writing /horde/web/dev.horde.org/api/genie/errors.html


To view errors and warnings, look at /horde/web/dev.horde.org/api/genie/errors.html
done

Parsing time: 1 seconds

Conversion time: 1 seconds

Total Documentation Time: 2 seconds
done
