PHP Version 5.2.11
phpDocumentor version 1.4.3

Parsing configuration file phpDocumentor.ini...
   (found in /usr/share/php/data/PhpDocumentor/)...

done
Maximum memory usage set at 256M after considering php.ini...
using tokenizer Parser


Grabbing README/INSTALL/CHANGELOG
README...
done


Tutorial/Extended Documentation Parsing Stage

done


General Parsing Stage

Reading file /usr/local/horde/checkout/horde-hatchery.git/gollem/lib/Api.php -- Parsing file
WARNING in Api.php on line 13: DocBlock would be page-level, but precedes class "Gollem_Api", use another DocBlock to document the file
Reading file /usr/local/horde/checkout/horde-hatchery.git/gollem/lib/Application.php -- Parsing file
WARNING in Application.php on line 13: DocBlock would be page-level, but precedes class "Gollem_Application", use another DocBlock to document the file
Reading file /usr/local/horde/checkout/horde-hatchery.git/gollem/lib/Auth.php -- Parsing file
WARNING in Auth.php on line 17: DocBlock would be page-level, but precedes class "Gollem_Auth", use another DocBlock to document the file
WARNING in Auth.php on line 78: Unknown tag "@throw" used
Reading file /usr/local/horde/checkout/horde-hatchery.git/gollem/lib/Block/tree_menu.php -- Parsing file
WARNING in tree_menu.php on line 18: DocBlock would be page-level, but precedes class "Horde_Block_gollem_tree_menu", use another DocBlock to document the file
Reading file /usr/local/horde/checkout/horde-hatchery.git/gollem/lib/Gollem.php -- Parsing file
WARNING in Gollem.php on line 15: DocBlock would be page-level, but precedes class "Gollem", use another DocBlock to document the file
Reading file /usr/local/horde/checkout/horde-hatchery.git/gollem/lib/Mime/Viewer/Images.php -- Parsing file
WARNING in Images.php on line 14: DocBlock would be page-level, but precedes class "Gollem_Horde_Mime_Viewer_Images", use another DocBlock to document the file
Reading file /usr/local/horde/checkout/horde-hatchery.git/gollem/lib/Session.php -- Parsing file
WARNING in Session.php on line 16: DocBlock would be page-level, but precedes class "Gollem_Session", use another DocBlock to document the file
Reading file /usr/local/horde/checkout/horde-hatchery.git/gollem/lib/base.load.php -- Parsing file
WARNING in base.load.php on line 13: Page-level DocBlock precedes "define GOLLEM_BASE", use another DocBlock to document the source element
Reading file /usr/local/horde/checkout/horde-hatchery.git/gollem/lib/base.php -- Parsing file
WARNING in base.php on line 56: File "/usr/local/horde/checkout/horde-hatchery.git/gollem/lib/base.php" has no page-level DocBlock, use @package in the first DocBlock to create one
done

Converting From Abstract Parsed Data

Processing Class Inheritance


Processing Root Trees


Processing leftover classes (classes that extend root classes not found in the same package)
Processing Gollem_Api in file /usr/local/horde/checkout/horde-hatchery.git/gollem/lib/Api.php
WARNING: Class Gollem_Api parent Horde_Registry_Api not found
Processing Gollem_Application in file /usr/local/horde/checkout/horde-hatchery.git/gollem/lib/Application.php
WARNING: Class Gollem_Application parent Horde_Registry_Application not found
Processing Horde_Block_gollem_tree_menu in file /usr/local/horde/checkout/horde-hatchery.git/gollem/lib/Block/tree_menu.php
WARNING: Class Horde_Block_gollem_tree_menu parent Horde_Block not found
Processing Gollem_Horde_Mime_Viewer_Images in file /usr/local/horde/checkout/horde-hatchery.git/gollem/lib/Mime/Viewer/Images.php
WARNING: Class Gollem_Horde_Mime_Viewer_Images parent Horde_Mime_Viewer_Images not found
done processing leftover classes

Processing Procedural Page Element Name Conflicts


Sorting page elements...done
Formatting @uses list...done

creating /horde/web/dev.horde.org/api/gollem/media
copying /horde/web/dev.horde.org/api/gollem/media/banner.css
copying /horde/web/dev.horde.org/api/gollem/media/stylesheet.css
creating /horde/web/dev.horde.org/api/gollem/media/images
copying /horde/web/dev.horde.org/api/gollem/media/images/AbstractClass.png
copying /horde/web/dev.horde.org/api/gollem/media/images/AbstractClass_logo.png
copying /horde/web/dev.horde.org/api/gollem/media/images/AbstractMethod.png
copying /horde/web/dev.horde.org/api/gollem/media/images/AbstractPrivateClass.png
copying /horde/web/dev.horde.org/api/gollem/media/images/AbstractPrivateClass_logo.png
copying /horde/web/dev.horde.org/api/gollem/media/images/AbstractPrivateMethod.png
copying /horde/web/dev.horde.org/api/gollem/media/images/blank.png
copying /horde/web/dev.horde.org/api/gollem/media/images/Class.png
copying /horde/web/dev.horde.org/api/gollem/media/images/class_folder.png
copying /horde/web/dev.horde.org/api/gollem/media/images/Class_logo.png
copying /horde/web/dev.horde.org/api/gollem/media/images/Constant.png
copying /horde/web/dev.horde.org/api/gollem/media/images/Constructor.png
copying /horde/web/dev.horde.org/api/gollem/media/images/Destructor.png
copying /horde/web/dev.horde.org/api/gollem/media/images/empty.png
copying /horde/web/dev.horde.org/api/gollem/media/images/file.png
copying /horde/web/dev.horde.org/api/gollem/media/images/folder.png
copying /horde/web/dev.horde.org/api/gollem/media/images/Function.png
copying /horde/web/dev.horde.org/api/gollem/media/images/function_folder.png
copying /horde/web/dev.horde.org/api/gollem/media/images/Global.png
copying /horde/web/dev.horde.org/api/gollem/media/images/I.png
copying /horde/web/dev.horde.org/api/gollem/media/images/Index.png
copying /horde/web/dev.horde.org/api/gollem/media/images/Interface.png
copying /horde/web/dev.horde.org/api/gollem/media/images/Interface_logo.png
copying /horde/web/dev.horde.org/api/gollem/media/images/L.png
copying /horde/web/dev.horde.org/api/gollem/media/images/Lminus.png
copying /horde/web/dev.horde.org/api/gollem/media/images/Lplus.png
copying /horde/web/dev.horde.org/api/gollem/media/images/Method.png
copying /horde/web/dev.horde.org/api/gollem/media/images/minus.gif
copying /horde/web/dev.horde.org/api/gollem/media/images/next_button.png
copying /horde/web/dev.horde.org/api/gollem/media/images/next_button_disabled.png
copying /horde/web/dev.horde.org/api/gollem/media/images/package.png
copying /horde/web/dev.horde.org/api/gollem/media/images/package_folder.png
copying /horde/web/dev.horde.org/api/gollem/media/images/Page.png
copying /horde/web/dev.horde.org/api/gollem/media/images/Page_logo.png
copying /horde/web/dev.horde.org/api/gollem/media/images/plus.gif
copying /horde/web/dev.horde.org/api/gollem/media/images/previous_button.png
copying /horde/web/dev.horde.org/api/gollem/media/images/previous_button_disabled.png
copying /horde/web/dev.horde.org/api/gollem/media/images/PrivateClass.png
copying /horde/web/dev.horde.org/api/gollem/media/images/PrivateClass_logo.png
copying /horde/web/dev.horde.org/api/gollem/media/images/PrivateMethod.png
copying /horde/web/dev.horde.org/api/gollem/media/images/PrivateVariable.png
copying /horde/web/dev.horde.org/api/gollem/media/images/private_class_logo.png
copying /horde/web/dev.horde.org/api/gollem/media/images/StaticMethod.png
copying /horde/web/dev.horde.org/api/gollem/media/images/StaticVariable.png
copying /horde/web/dev.horde.org/api/gollem/media/images/T.png
copying /horde/web/dev.horde.org/api/gollem/media/images/Tminus.png
copying /horde/web/dev.horde.org/api/gollem/media/images/Tplus.png
copying /horde/web/dev.horde.org/api/gollem/media/images/tutorial.png
copying /horde/web/dev.horde.org/api/gollem/media/images/tutorial_folder.png
copying /horde/web/dev.horde.org/api/gollem/media/images/up_button.png
copying /horde/web/dev.horde.org/api/gollem/media/images/Variable.png
creating /horde/web/dev.horde.org/api/gollem/media/lib
copying /horde/web/dev.horde.org/api/gollem/media/lib/classTree.js
Building indexes...done

Sorting Indexes...done

Sorting @todo list...done
Converting README/INSTALL/CHANGELOG contents...
README...    Writing /horde/web/dev.horde.org/api/gollem/ric_README.html

done
Converting tutorials/extended docs
Formatting Package Indexes...    Writing /horde/web/dev.horde.org/api/gollem/elementindex_Gollem.html
    Writing /horde/web/dev.horde.org/api/gollem/elementindex_horde.html
    Writing /horde/web/dev.horde.org/api/gollem/elementindex_Horde_Mime.html

done
Formatting Index...
    Writing /horde/web/dev.horde.org/api/gollem/elementindex.html
    Writing /horde/web/dev.horde.org/api/gollem/blank.html

    Writing /horde/web/dev.horde.org/api/gollem/index.html
    Writing /horde/web/dev.horde.org/api/gollem/packages.html
done

Formatting Left Quick Index...
    Writing /horde/web/dev.horde.org/api/gollem/li_Gollem.html
    Writing /horde/web/dev.horde.org/api/gollem/classtrees_Gollem.html

    Writing /horde/web/dev.horde.org/api/gollem/li_horde.html
    Writing /horde/web/dev.horde.org/api/gollem/classtrees_horde.html

    Writing /horde/web/dev.horde.org/api/gollem/li_Horde_Mime.html
    Writing /horde/web/dev.horde.org/api/gollem/classtrees_Horde_Mime.html

done

Converting /usr/local/horde/checkout/horde-hatchery.git/gollem/lib/Api.php Procedural Page Elements... Classes...
    Writing /horde/web/dev.horde.org/api/gollem/Gollem/Gollem_Api.html
 done
    Writing /horde/web/dev.horde.org/api/gollem/Gollem/_lib---Api.php.html
Converting /usr/local/horde/checkout/horde-hatchery.git/gollem/lib/Application.php Procedural Page Elements... Classes...
    Writing /horde/web/dev.horde.org/api/gollem/Gollem/Gollem_Application.html
 done
    Writing /horde/web/dev.horde.org/api/gollem/Gollem/_lib---Application.php.html
Converting /usr/local/horde/checkout/horde-hatchery.git/gollem/lib/Auth.php Procedural Page Elements... Classes...
    Writing /horde/web/dev.horde.org/api/gollem/Gollem/Gollem_Auth.html
 done
    Writing /horde/web/dev.horde.org/api/gollem/Gollem/_lib---Auth.php.html
Converting /usr/local/horde/checkout/horde-hatchery.git/gollem/lib/base.load.php Procedural Page Elements... Classes... done
    Writing /horde/web/dev.horde.org/api/gollem/Gollem/_lib---base.load.php.html
Converting /usr/local/horde/checkout/horde-hatchery.git/gollem/lib/base.php Procedural Page Elements... Classes... done
    Writing /horde/web/dev.horde.org/api/gollem/horde/_lib---base.php.html
Converting /usr/local/horde/checkout/horde-hatchery.git/gollem/lib/Gollem.php Procedural Page Elements... Classes...
    Writing /horde/web/dev.horde.org/api/gollem/Gollem/Gollem.html
 done
    Writing /horde/web/dev.horde.org/api/gollem/Gollem/_lib---Gollem.php.html
Converting /usr/local/horde/checkout/horde-hatchery.git/gollem/lib/Mime/Viewer/Images.php Procedural Page Elements... Classes...
Creating Directory /horde/web/dev.horde.org/api/gollem/Horde_Mime
    Writing /horde/web/dev.horde.org/api/gollem/Horde_Mime/Gollem_Horde_Mime_Viewer_Images.html
 done
    Writing /horde/web/dev.horde.org/api/gollem/Horde_Mime/_lib---Mime---Viewer---Images.php.html
Converting /usr/local/horde/checkout/horde-hatchery.git/gollem/lib/Session.php Procedural Page Elements... Classes...
    Writing /horde/web/dev.horde.org/api/gollem/Gollem/Gollem_Session.html
 done
    Writing /horde/web/dev.horde.org/api/gollem/Gollem/_lib---Session.php.html
Converting /usr/local/horde/checkout/horde-hatchery.git/gollem/lib/Block/tree_menu.php Procedural Page Elements... Classes...
    Writing /horde/web/dev.horde.org/api/gollem/Gollem/Horde_Block_gollem_tree_menu.html
 done
    Writing /horde/web/dev.horde.org/api/gollem/Gollem/_lib---Block---tree_menu.php.html

Converting @todo List...done

Converting Error Log...    Writing /horde/web/dev.horde.org/api/gollem/errors.html


To view errors and warnings, look at /horde/web/dev.horde.org/api/gollem/errors.html
done

Parsing time: 0 seconds

Conversion time: 2 seconds

Total Documentation Time: 2 seconds
done
