PHP Version 5.2.11
phpDocumentor version 1.4.3

Parsing configuration file phpDocumentor.ini...
   (found in /usr/share/php/data/PhpDocumentor/)...

done
Maximum memory usage set at 256M after considering php.ini...
using tokenizer Parser
File /usr/local/horde/checkout/hermes/lib/Block/CVS/Entries Ignored
File /usr/local/horde/checkout/hermes/lib/Block/CVS/Repository Ignored
File /usr/local/horde/checkout/hermes/lib/Block/CVS/Root Ignored
File /usr/local/horde/checkout/hermes/lib/CVS/Entries Ignored
File /usr/local/horde/checkout/hermes/lib/CVS/Repository Ignored
File /usr/local/horde/checkout/hermes/lib/CVS/Root Ignored
File /usr/local/horde/checkout/hermes/lib/Data/CVS/Entries Ignored
File /usr/local/horde/checkout/hermes/lib/Data/CVS/Repository Ignored
File /usr/local/horde/checkout/hermes/lib/Data/CVS/Root Ignored
File /usr/local/horde/checkout/hermes/lib/Driver/CVS/Entries Ignored
File /usr/local/horde/checkout/hermes/lib/Driver/CVS/Repository Ignored
File /usr/local/horde/checkout/hermes/lib/Driver/CVS/Root Ignored
File /usr/local/horde/checkout/hermes/lib/Forms/CVS/Entries Ignored
File /usr/local/horde/checkout/hermes/lib/Forms/CVS/Repository Ignored
File /usr/local/horde/checkout/hermes/lib/Forms/CVS/Root Ignored
File /usr/local/horde/checkout/hermes/lib/version.php Ignored


Grabbing README/INSTALL/CHANGELOG
README...
done


Tutorial/Extended Documentation Parsing Stage

done


General Parsing Stage

Reading file /usr/local/horde/checkout/hermes/lib/Block/tree_menu.php -- Parsing file
WARNING in tree_menu.php on line 10: DocBlock would be page-level, but precedes class "Horde_Block_hermes_tree_menu", use another DocBlock to document the file
Reading file /usr/local/horde/checkout/hermes/lib/Block/tree_stopwatch.php -- Parsing file
WARNING in tree_stopwatch.php on line 10: DocBlock would be page-level, but precedes class "Horde_Block_hermes_tree_stopwatch", use another DocBlock to document the file
Reading file /usr/local/horde/checkout/hermes/lib/Data/hermes_csv.php -- Parsing file
WARNING in hermes_csv.php on line 46: File "/usr/local/horde/checkout/hermes/lib/Data/hermes_csv.php" has no page-level DocBlock, use @package in the first DocBlock to create one
Reading file /usr/local/horde/checkout/hermes/lib/Data/hermes_tsv.php -- Parsing file
WARNING in hermes_tsv.php on line 46: File "/usr/local/horde/checkout/hermes/lib/Data/hermes_tsv.php" has no page-level DocBlock, use @package in the first DocBlock to create one
Reading file /usr/local/horde/checkout/hermes/lib/Data/hermes_xls.php -- Parsing file
WARNING in hermes_xls.php on line 22: File "/usr/local/horde/checkout/hermes/lib/Data/hermes_xls.php" has no page-level DocBlock, use @package in the first DocBlock to create one
Reading file /usr/local/horde/checkout/hermes/lib/Data/iif.php -- Parsing file
WARNING in iif.php on line 23: DocBlock would be page-level, but precedes class "Horde_Data_iif", use another DocBlock to document the file
Reading file /usr/local/horde/checkout/hermes/lib/Data/qbxml.php -- Parsing file
WARNING in qbxml.php on line 15: DocBlock would be page-level, but precedes class "Horde_Data_qbxml", use another DocBlock to document the file
Reading file /usr/local/horde/checkout/hermes/lib/Driver/sql.php -- Parsing file
WARNING in sql.php on line 25: DocBlock would be page-level, but precedes class "Hermes_Driver_sql", use another DocBlock to document the file
Reading file /usr/local/horde/checkout/hermes/lib/Forms/Deliverable.php -- Parsing file
WARNING in Deliverable.php on line 47: no @package tag was used in a DocBlock for class DeliverableForm
WARNING in Deliverable.php on line 63: File "/usr/local/horde/checkout/hermes/lib/Forms/Deliverable.php" has no page-level DocBlock, use @package in the first DocBlock to create one
Reading file /usr/local/horde/checkout/hermes/lib/Forms/Export.php -- Parsing file
Reading file /usr/local/horde/checkout/hermes/lib/Forms/Search.php -- Parsing file
Reading file /usr/local/horde/checkout/hermes/lib/Forms/Time.php -- Parsing file
Reading file /usr/local/horde/checkout/hermes/lib/Admin.php -- Parsing file
WARNING in Admin.php on line 15: no @package tag was used in a DocBlock for file /usr/local/horde/checkout/hermes/lib/Admin.php
Reading file /usr/local/horde/checkout/hermes/lib/Driver.php -- Parsing file
Reading file /usr/local/horde/checkout/hermes/lib/Hermes.php -- Parsing file
Reading file /usr/local/horde/checkout/hermes/lib/Table.php -- Parsing file
WARNING in Table.php on line 248: File "/usr/local/horde/checkout/hermes/lib/Table.php" has no page-level DocBlock, use @package in the first DocBlock to create one
Reading file /usr/local/horde/checkout/hermes/lib/api.php -- Parsing file
WARNING in api.php on line 58: Page-level DocBlock precedes "function _hermes_perms", use another DocBlock to document the source element

	ERROR in api.php on line 58: _hermes_perms function's DocBlock has @package tag, illegal. ignoring tag "@package Hermes"
Reading file /usr/local/horde/checkout/hermes/lib/base.php -- Parsing file
WARNING in base.php on line 57: File "/usr/local/horde/checkout/hermes/lib/base.php" has no page-level DocBlock, use @package in the first DocBlock to create one
done

Converting From Abstract Parsed Data

Processing Class Inheritance


Processing Root Trees


Processing leftover classes (classes that extend root classes not found in the same package)
Processing Horde_Block_hermes_tree_menu in file /usr/local/horde/checkout/hermes/lib/Block/tree_menu.php
WARNING: Class Horde_Block_hermes_tree_menu parent Horde_Block not found
Processing Horde_Block_hermes_tree_stopwatch in file /usr/local/horde/checkout/hermes/lib/Block/tree_stopwatch.php
WARNING: Class Horde_Block_hermes_tree_stopwatch parent Horde_Block not found
Processing Horde_Data_hermes_csv in file /usr/local/horde/checkout/hermes/lib/Data/hermes_csv.php
WARNING: Class Horde_Data_hermes_csv parent Horde_Data_csv not found
Processing Horde_Data_hermes_tsv in file /usr/local/horde/checkout/hermes/lib/Data/hermes_tsv.php
WARNING: Class Horde_Data_hermes_tsv parent Horde_Data_tsv not found
Processing Horde_Data_iif in file /usr/local/horde/checkout/hermes/lib/Data/iif.php
WARNING: Class Horde_Data_iif parent Horde_Data not found
Processing Horde_Data_qbxml in file /usr/local/horde/checkout/hermes/lib/Data/qbxml.php
WARNING: Class Horde_Data_qbxml parent Horde_Data not found
Processing DeliverableClientSelector in file /usr/local/horde/checkout/hermes/lib/Forms/Deliverable.php
WARNING: Class DeliverableClientSelector parent Horde_Form not found
Processing DeliverableForm in file /usr/local/horde/checkout/hermes/lib/Forms/Deliverable.php
WARNING: Class DeliverableForm parent Horde_Form not found
Processing ExportForm in file /usr/local/horde/checkout/hermes/lib/Forms/Export.php
WARNING: Class ExportForm parent Horde_Form not found
Processing SearchForm in file /usr/local/horde/checkout/hermes/lib/Forms/Search.php
WARNING: Class SearchForm parent Horde_Form not found
Processing TimeForm in file /usr/local/horde/checkout/hermes/lib/Forms/Time.php
WARNING: Class TimeForm parent Horde_Form not found
Processing AddJobTypeForm in file /usr/local/horde/checkout/hermes/lib/Admin.php
WARNING: Class AddJobTypeForm parent Horde_Form not found
Processing EditJobTypeStep1Form in file /usr/local/horde/checkout/hermes/lib/Admin.php
WARNING: Class EditJobTypeStep1Form parent Horde_Form not found
Processing EditJobTypeStep2Form in file /usr/local/horde/checkout/hermes/lib/Admin.php
WARNING: Class EditJobTypeStep2Form parent Horde_Form not found
Processing DeleteJobTypeForm in file /usr/local/horde/checkout/hermes/lib/Admin.php
WARNING: Class DeleteJobTypeForm parent Horde_Form not found
Processing EditClientStep1Form in file /usr/local/horde/checkout/hermes/lib/Admin.php
WARNING: Class EditClientStep1Form parent Horde_Form not found
Processing EditClientStep2Form in file /usr/local/horde/checkout/hermes/lib/Admin.php
WARNING: Class EditClientStep2Form parent Horde_Form not found
Processing Horde_UI_Table in file /usr/local/horde/checkout/hermes/lib/Table.php
WARNING: Class Horde_UI_Table parent Horde_UI_Widget not found
done processing leftover classes

Processing Procedural Page Element Name Conflicts


Sorting page elements...done
Formatting @uses list...done

creating /horde/web/dev.horde.org/api/hermes/media
copying /horde/web/dev.horde.org/api/hermes/media/banner.css
copying /horde/web/dev.horde.org/api/hermes/media/stylesheet.css
creating /horde/web/dev.horde.org/api/hermes/media/images
copying /horde/web/dev.horde.org/api/hermes/media/images/AbstractClass.png
copying /horde/web/dev.horde.org/api/hermes/media/images/AbstractClass_logo.png
copying /horde/web/dev.horde.org/api/hermes/media/images/AbstractMethod.png
copying /horde/web/dev.horde.org/api/hermes/media/images/AbstractPrivateClass.png
copying /horde/web/dev.horde.org/api/hermes/media/images/AbstractPrivateClass_logo.png
copying /horde/web/dev.horde.org/api/hermes/media/images/AbstractPrivateMethod.png
copying /horde/web/dev.horde.org/api/hermes/media/images/blank.png
copying /horde/web/dev.horde.org/api/hermes/media/images/Class.png
copying /horde/web/dev.horde.org/api/hermes/media/images/class_folder.png
copying /horde/web/dev.horde.org/api/hermes/media/images/Class_logo.png
copying /horde/web/dev.horde.org/api/hermes/media/images/Constant.png
copying /horde/web/dev.horde.org/api/hermes/media/images/Constructor.png
copying /horde/web/dev.horde.org/api/hermes/media/images/Destructor.png
copying /horde/web/dev.horde.org/api/hermes/media/images/empty.png
copying /horde/web/dev.horde.org/api/hermes/media/images/file.png
copying /horde/web/dev.horde.org/api/hermes/media/images/folder.png
copying /horde/web/dev.horde.org/api/hermes/media/images/Function.png
copying /horde/web/dev.horde.org/api/hermes/media/images/function_folder.png
copying /horde/web/dev.horde.org/api/hermes/media/images/Global.png
copying /horde/web/dev.horde.org/api/hermes/media/images/I.png
copying /horde/web/dev.horde.org/api/hermes/media/images/Index.png
copying /horde/web/dev.horde.org/api/hermes/media/images/Interface.png
copying /horde/web/dev.horde.org/api/hermes/media/images/Interface_logo.png
copying /horde/web/dev.horde.org/api/hermes/media/images/L.png
copying /horde/web/dev.horde.org/api/hermes/media/images/Lminus.png
copying /horde/web/dev.horde.org/api/hermes/media/images/Lplus.png
copying /horde/web/dev.horde.org/api/hermes/media/images/Method.png
copying /horde/web/dev.horde.org/api/hermes/media/images/minus.gif
copying /horde/web/dev.horde.org/api/hermes/media/images/next_button.png
copying /horde/web/dev.horde.org/api/hermes/media/images/next_button_disabled.png
copying /horde/web/dev.horde.org/api/hermes/media/images/package.png
copying /horde/web/dev.horde.org/api/hermes/media/images/package_folder.png
copying /horde/web/dev.horde.org/api/hermes/media/images/Page.png
copying /horde/web/dev.horde.org/api/hermes/media/images/Page_logo.png
copying /horde/web/dev.horde.org/api/hermes/media/images/plus.gif
copying /horde/web/dev.horde.org/api/hermes/media/images/previous_button.png
copying /horde/web/dev.horde.org/api/hermes/media/images/previous_button_disabled.png
copying /horde/web/dev.horde.org/api/hermes/media/images/PrivateClass.png
copying /horde/web/dev.horde.org/api/hermes/media/images/PrivateClass_logo.png
copying /horde/web/dev.horde.org/api/hermes/media/images/PrivateMethod.png
copying /horde/web/dev.horde.org/api/hermes/media/images/PrivateVariable.png
copying /horde/web/dev.horde.org/api/hermes/media/images/private_class_logo.png
copying /horde/web/dev.horde.org/api/hermes/media/images/StaticMethod.png
copying /horde/web/dev.horde.org/api/hermes/media/images/StaticVariable.png
copying /horde/web/dev.horde.org/api/hermes/media/images/T.png
copying /horde/web/dev.horde.org/api/hermes/media/images/Tminus.png
copying /horde/web/dev.horde.org/api/hermes/media/images/Tplus.png
copying /horde/web/dev.horde.org/api/hermes/media/images/tutorial.png
copying /horde/web/dev.horde.org/api/hermes/media/images/tutorial_folder.png
copying /horde/web/dev.horde.org/api/hermes/media/images/up_button.png
copying /horde/web/dev.horde.org/api/hermes/media/images/Variable.png
creating /horde/web/dev.horde.org/api/hermes/media/lib
copying /horde/web/dev.horde.org/api/hermes/media/lib/classTree.js
Building indexes...done

Sorting Indexes...done

Sorting @todo list...done
Converting README/INSTALL/CHANGELOG contents...
README...    Writing /horde/web/dev.horde.org/api/hermes/ric_README.html

done
Converting tutorials/extended docs
Formatting Package Indexes...    Writing /horde/web/dev.horde.org/api/hermes/elementindex_Hermes.html
    Writing /horde/web/dev.horde.org/api/hermes/elementindex_horde.html
    Writing /horde/web/dev.horde.org/api/hermes/elementindex_Horde_Data.html
    Writing /horde/web/dev.horde.org/api/hermes/elementindex_Horde_UI.html
    Writing /horde/web/dev.horde.org/api/hermes/elementindex_Horde_Block.html

done
Formatting Index...
    Writing /horde/web/dev.horde.org/api/hermes/elementindex.html
    Writing /horde/web/dev.horde.org/api/hermes/blank.html

    Writing /horde/web/dev.horde.org/api/hermes/index.html
    Writing /horde/web/dev.horde.org/api/hermes/packages.html
done

Formatting Left Quick Index...
    Writing /horde/web/dev.horde.org/api/hermes/li_Horde_Block.html
    Writing /horde/web/dev.horde.org/api/hermes/classtrees_Horde_Block.html

    Writing /horde/web/dev.horde.org/api/hermes/li_Horde_Data.html
    Writing /horde/web/dev.horde.org/api/hermes/classtrees_Horde_Data.html

    Writing /horde/web/dev.horde.org/api/hermes/li_horde.html
    Writing /horde/web/dev.horde.org/api/hermes/classtrees_horde.html

    Writing /horde/web/dev.horde.org/api/hermes/li_Hermes.html
    Writing /horde/web/dev.horde.org/api/hermes/classtrees_Hermes.html

    Writing /horde/web/dev.horde.org/api/hermes/li_Horde_UI.html
    Writing /horde/web/dev.horde.org/api/hermes/classtrees_Horde_UI.html

done

Converting /usr/local/horde/checkout/hermes/lib/Admin.php Procedural Page Elements... Classes...
    Writing /horde/web/dev.horde.org/api/hermes/Hermes/AddJobTypeForm.html
    Writing /horde/web/dev.horde.org/api/hermes/Hermes/DeleteJobTypeForm.html
    Writing /horde/web/dev.horde.org/api/hermes/Hermes/EditClientStep1Form.html
    Writing /horde/web/dev.horde.org/api/hermes/Hermes/EditClientStep2Form.html
    Writing /horde/web/dev.horde.org/api/hermes/Hermes/EditJobTypeStep1Form.html
    Writing /horde/web/dev.horde.org/api/hermes/Hermes/EditJobTypeStep2Form.html
 done
    Writing /horde/web/dev.horde.org/api/hermes/Hermes/_lib---Admin.php.html
Converting /usr/local/horde/checkout/hermes/lib/api.php Procedural Page Elements... Classes... done
    Writing /horde/web/dev.horde.org/api/hermes/Hermes/_lib---api.php.html
Converting /usr/local/horde/checkout/hermes/lib/base.php Procedural Page Elements... Classes... done
    Writing /horde/web/dev.horde.org/api/hermes/horde/_lib---base.php.html
Converting /usr/local/horde/checkout/hermes/lib/Forms/Deliverable.php Procedural Page Elements... Classes...
    Writing /horde/web/dev.horde.org/api/hermes/Hermes/DeliverableClientSelector.html
    Writing /horde/web/dev.horde.org/api/hermes/horde/DeliverableForm.html
 done
    Writing /horde/web/dev.horde.org/api/hermes/Hermes/_lib---Forms---Deliverable.php.html
Converting /usr/local/horde/checkout/hermes/lib/Driver.php Procedural Page Elements... Classes...
    Writing /horde/web/dev.horde.org/api/hermes/Hermes/Hermes_Driver.html
 done
    Writing /horde/web/dev.horde.org/api/hermes/Hermes/_lib---Driver.php.html
Converting /usr/local/horde/checkout/hermes/lib/Forms/Export.php Procedural Page Elements... Classes...
    Writing /horde/web/dev.horde.org/api/hermes/Hermes/ExportForm.html
 done
    Writing /horde/web/dev.horde.org/api/hermes/Hermes/_lib---Forms---Export.php.html
Converting /usr/local/horde/checkout/hermes/lib/Hermes.php Procedural Page Elements... Classes...
    Writing /horde/web/dev.horde.org/api/hermes/Hermes/Hermes.html
 done
    Writing /horde/web/dev.horde.org/api/hermes/Hermes/_lib---Hermes.php.html
Converting /usr/local/horde/checkout/hermes/lib/Data/hermes_csv.php Procedural Page Elements... Classes...
    Writing /horde/web/dev.horde.org/api/hermes/Horde_Data/Horde_Data_hermes_csv.html
 done
    Writing /horde/web/dev.horde.org/api/hermes/Horde_Data/_lib---Data---hermes_csv.php.html
Converting /usr/local/horde/checkout/hermes/lib/Data/hermes_tsv.php Procedural Page Elements... Classes...
    Writing /horde/web/dev.horde.org/api/hermes/Horde_Data/Horde_Data_hermes_tsv.html
 done
    Writing /horde/web/dev.horde.org/api/hermes/Horde_Data/_lib---Data---hermes_tsv.php.html
Converting /usr/local/horde/checkout/hermes/lib/Data/hermes_xls.php Procedural Page Elements... Classes...
    Writing /horde/web/dev.horde.org/api/hermes/Horde_Data/Horde_Data_hermes_xls.html
 done
    Writing /horde/web/dev.horde.org/api/hermes/Horde_Data/_lib---Data---hermes_xls.php.html
Converting /usr/local/horde/checkout/hermes/lib/Data/iif.php Procedural Page Elements... Classes...
    Writing /horde/web/dev.horde.org/api/hermes/Horde_Data/Horde_Data_iif.html
 done
    Writing /horde/web/dev.horde.org/api/hermes/Horde_Data/_lib---Data---iif.php.html
Converting /usr/local/horde/checkout/hermes/lib/Data/qbxml.php Procedural Page Elements... Classes...
    Writing /horde/web/dev.horde.org/api/hermes/Horde_Data/Horde_Data_qbxml.html
 done
    Writing /horde/web/dev.horde.org/api/hermes/Horde_Data/_lib---Data---qbxml.php.html
Converting /usr/local/horde/checkout/hermes/lib/Forms/Search.php Procedural Page Elements... Classes...
    Writing /horde/web/dev.horde.org/api/hermes/Hermes/SearchForm.html
 done
    Writing /horde/web/dev.horde.org/api/hermes/Hermes/_lib---Forms---Search.php.html
Converting /usr/local/horde/checkout/hermes/lib/Driver/sql.php Procedural Page Elements... Classes...
    Writing /horde/web/dev.horde.org/api/hermes/Hermes/Hermes_Driver_sql.html
 done
    Writing /horde/web/dev.horde.org/api/hermes/Hermes/_lib---Driver---sql.php.html
Converting /usr/local/horde/checkout/hermes/lib/Table.php Procedural Page Elements... Classes...
    Writing /horde/web/dev.horde.org/api/hermes/Horde_UI/Horde_UI_Table.html
 done
    Writing /horde/web/dev.horde.org/api/hermes/Horde_UI/_lib---Table.php.html
Converting /usr/local/horde/checkout/hermes/lib/Forms/Time.php Procedural Page Elements... Classes...
    Writing /horde/web/dev.horde.org/api/hermes/Hermes/TimeEntryForm.html
    Writing /horde/web/dev.horde.org/api/hermes/Hermes/TimeForm.html
    Writing /horde/web/dev.horde.org/api/hermes/Hermes/TimeReviewForm.html
 done
    Writing /horde/web/dev.horde.org/api/hermes/Hermes/_lib---Forms---Time.php.html
Converting /usr/local/horde/checkout/hermes/lib/Block/tree_menu.php Procedural Page Elements... Classes...
    Writing /horde/web/dev.horde.org/api/hermes/Horde_Block/Horde_Block_hermes_tree_menu.html
 done
    Writing /horde/web/dev.horde.org/api/hermes/Horde_Block/_lib---Block---tree_menu.php.html
Converting /usr/local/horde/checkout/hermes/lib/Block/tree_stopwatch.php Procedural Page Elements... Classes...
    Writing /horde/web/dev.horde.org/api/hermes/Horde_Block/Horde_Block_hermes_tree_stopwatch.html
 done
    Writing /horde/web/dev.horde.org/api/hermes/Horde_Block/_lib---Block---tree_stopwatch.php.html

Converting @todo List...done

Converting Error Log...    Writing /horde/web/dev.horde.org/api/hermes/errors.html


To view errors and warnings, look at /horde/web/dev.horde.org/api/hermes/errors.html
done

Parsing time: 1 seconds

Conversion time: 2 seconds

Total Documentation Time: 3 seconds
done
