PHP Version 5.2.11
phpDocumentor version 1.4.3

Parsing configuration file phpDocumentor.ini...
   (found in /usr/share/php/data/PhpDocumentor/)...

done
Maximum memory usage set at 256M after considering php.ini...
using tokenizer Parser
File  Ignored
Hidden /usr/local/horde/checkout/horde-hatchery.git/hippo/planet.horde.org/.htaccess Ignored


Grabbing README/INSTALL/CHANGELOG

done


Tutorial/Extended Documentation Parsing Stage

done


General Parsing Stage

Reading file /usr/local/horde/checkout/horde-hatchery.git/hippo/app/controllers/ApplicationController.php -- Parsing file
WARNING in ApplicationController.php on line 9: package horde is already in category horde, will now replace with category Horde
Reading file /usr/local/horde/checkout/horde-hatchery.git/hippo/config/routes.php -- Parsing file
WARNING in routes.php on line 6: File "/usr/local/horde/checkout/horde-hatchery.git/hippo/config/routes.php" has no page-level DocBlock, use @package in the first DocBlock to create one
Reading file /usr/local/horde/checkout/horde-hatchery.git/hippo/planet.horde.org/libs/scripts/aggregate.php -- Parsing file
WARNING in aggregate.php on line 5: File "/usr/local/horde/checkout/horde-hatchery.git/hippo/planet.horde.org/libs/scripts/aggregate.php" has no page-level DocBlock, use @package in the first DocBlock to create one
Reading file /usr/local/horde/checkout/horde-hatchery.git/hippo/planet.horde.org/libs/aggregator.php -- Parsing file
WARNING in aggregator.php on line 8: no @package tag was used in a DocBlock for class aggregator
WARNING in aggregator.php on line 307: File "/usr/local/horde/checkout/horde-hatchery.git/hippo/planet.horde.org/libs/aggregator.php" has no page-level DocBlock, use @package in the first DocBlock to create one
Reading file /usr/local/horde/checkout/horde-hatchery.git/hippo/planet.horde.org/libs/utf2entities.php -- Parsing file
WARNING in utf2entities.php on line 84: File "/usr/local/horde/checkout/horde-hatchery.git/hippo/planet.horde.org/libs/utf2entities.php" has no page-level DocBlock, use @package in the first DocBlock to create one
Reading file /usr/local/horde/checkout/horde-hatchery.git/hippo/planet.horde.org/themes/planet-horde/css/screen.css -- File not parsed, not a php file
Reading file /usr/local/horde/checkout/horde-hatchery.git/hippo/planet.horde.org/themes/planet-horde/css/style.css -- File not parsed, not a php file
Reading file /usr/local/horde/checkout/horde-hatchery.git/hippo/planet.horde.org/themes/planet-horde/img/content_corners.gif -- File not parsed, not a php file
Reading file /usr/local/horde/checkout/horde-hatchery.git/hippo/planet.horde.org/themes/planet-horde/img/feed-icon-10x10.png -- File not parsed, not a php file
Reading file /usr/local/horde/checkout/horde-hatchery.git/hippo/planet.horde.org/themes/planet-horde/img/logo.gif -- File not parsed, not a php file
Reading file /usr/local/horde/checkout/horde-hatchery.git/hippo/planet.horde.org/themes/planet-horde/img/planet-horde.psd -- File not parsed, not a php file
Reading file /usr/local/horde/checkout/horde-hatchery.git/hippo/planet.horde.org/themes/planet-horde/img/sidebar_bottom.gif -- File not parsed, not a php file
Reading file /usr/local/horde/checkout/horde-hatchery.git/hippo/planet.horde.org/themes/planet-horde/img/sidebar_head.gif -- File not parsed, not a php file
Reading file /usr/local/horde/checkout/horde-hatchery.git/hippo/planet.horde.org/themes/planet-horde/common.xsl -- File not parsed, not a php file
Reading file /usr/local/horde/checkout/horde-hatchery.git/hippo/planet.horde.org/themes/planet-horde/main.xsl -- File not parsed, not a php file
Reading file /usr/local/horde/checkout/horde-hatchery.git/hippo/planet.horde.org/favicon.ico -- File not parsed, not a php file
Reading file /usr/local/horde/checkout/horde-hatchery.git/hippo/SPEC.txt -- File not parsed, not a php file
Reading file /usr/local/horde/checkout/horde-hatchery.git/hippo/planet.sql -- File not parsed, not a php file
done

Converting From Abstract Parsed Data

Processing Class Inheritance


Processing Root Trees


Processing leftover classes (classes that extend root classes not found in the same package)
Processing Hippo_ApplicationController in file /usr/local/horde/checkout/horde-hatchery.git/hippo/app/controllers/ApplicationController.php
WARNING: Class Hippo_ApplicationController parent Horde_Controller_Base not found
done processing leftover classes

Processing Procedural Page Element Name Conflicts


Sorting page elements...done
Formatting @uses list...done

Creating Directory /horde/web/dev.horde.org/api/hippo
creating /horde/web/dev.horde.org/api/hippo/media
Creating Directory /horde/web/dev.horde.org/api/hippo/media
copying /horde/web/dev.horde.org/api/hippo/media/banner.css
copying /horde/web/dev.horde.org/api/hippo/media/stylesheet.css
creating /horde/web/dev.horde.org/api/hippo/media/images
Creating Directory /horde/web/dev.horde.org/api/hippo/media/images
copying /horde/web/dev.horde.org/api/hippo/media/images/AbstractClass.png
copying /horde/web/dev.horde.org/api/hippo/media/images/AbstractClass_logo.png
copying /horde/web/dev.horde.org/api/hippo/media/images/AbstractMethod.png
copying /horde/web/dev.horde.org/api/hippo/media/images/AbstractPrivateClass.png
copying /horde/web/dev.horde.org/api/hippo/media/images/AbstractPrivateClass_logo.png
copying /horde/web/dev.horde.org/api/hippo/media/images/AbstractPrivateMethod.png
copying /horde/web/dev.horde.org/api/hippo/media/images/blank.png
copying /horde/web/dev.horde.org/api/hippo/media/images/Class.png
copying /horde/web/dev.horde.org/api/hippo/media/images/class_folder.png
copying /horde/web/dev.horde.org/api/hippo/media/images/Class_logo.png
copying /horde/web/dev.horde.org/api/hippo/media/images/Constant.png
copying /horde/web/dev.horde.org/api/hippo/media/images/Constructor.png
copying /horde/web/dev.horde.org/api/hippo/media/images/Destructor.png
copying /horde/web/dev.horde.org/api/hippo/media/images/empty.png
copying /horde/web/dev.horde.org/api/hippo/media/images/file.png
copying /horde/web/dev.horde.org/api/hippo/media/images/folder.png
copying /horde/web/dev.horde.org/api/hippo/media/images/Function.png
copying /horde/web/dev.horde.org/api/hippo/media/images/function_folder.png
copying /horde/web/dev.horde.org/api/hippo/media/images/Global.png
copying /horde/web/dev.horde.org/api/hippo/media/images/I.png
copying /horde/web/dev.horde.org/api/hippo/media/images/Index.png
copying /horde/web/dev.horde.org/api/hippo/media/images/Interface.png
copying /horde/web/dev.horde.org/api/hippo/media/images/Interface_logo.png
copying /horde/web/dev.horde.org/api/hippo/media/images/L.png
copying /horde/web/dev.horde.org/api/hippo/media/images/Lminus.png
copying /horde/web/dev.horde.org/api/hippo/media/images/Lplus.png
copying /horde/web/dev.horde.org/api/hippo/media/images/Method.png
copying /horde/web/dev.horde.org/api/hippo/media/images/minus.gif
copying /horde/web/dev.horde.org/api/hippo/media/images/next_button.png
copying /horde/web/dev.horde.org/api/hippo/media/images/next_button_disabled.png
copying /horde/web/dev.horde.org/api/hippo/media/images/package.png
copying /horde/web/dev.horde.org/api/hippo/media/images/package_folder.png
copying /horde/web/dev.horde.org/api/hippo/media/images/Page.png
copying /horde/web/dev.horde.org/api/hippo/media/images/Page_logo.png
copying /horde/web/dev.horde.org/api/hippo/media/images/plus.gif
copying /horde/web/dev.horde.org/api/hippo/media/images/previous_button.png
copying /horde/web/dev.horde.org/api/hippo/media/images/previous_button_disabled.png
copying /horde/web/dev.horde.org/api/hippo/media/images/PrivateClass.png
copying /horde/web/dev.horde.org/api/hippo/media/images/PrivateClass_logo.png
copying /horde/web/dev.horde.org/api/hippo/media/images/PrivateMethod.png
copying /horde/web/dev.horde.org/api/hippo/media/images/PrivateVariable.png
copying /horde/web/dev.horde.org/api/hippo/media/images/private_class_logo.png
copying /horde/web/dev.horde.org/api/hippo/media/images/StaticMethod.png
copying /horde/web/dev.horde.org/api/hippo/media/images/StaticVariable.png
copying /horde/web/dev.horde.org/api/hippo/media/images/T.png
copying /horde/web/dev.horde.org/api/hippo/media/images/Tminus.png
copying /horde/web/dev.horde.org/api/hippo/media/images/Tplus.png
copying /horde/web/dev.horde.org/api/hippo/media/images/tutorial.png
copying /horde/web/dev.horde.org/api/hippo/media/images/tutorial_folder.png
copying /horde/web/dev.horde.org/api/hippo/media/images/up_button.png
copying /horde/web/dev.horde.org/api/hippo/media/images/Variable.png
creating /horde/web/dev.horde.org/api/hippo/media/lib
Creating Directory /horde/web/dev.horde.org/api/hippo/media/lib
copying /horde/web/dev.horde.org/api/hippo/media/lib/classTree.js
Building indexes...done

Sorting Indexes...done

Sorting @todo list...done
Converting tutorials/extended docs
Formatting Package Indexes...    Writing /horde/web/dev.horde.org/api/hippo/elementindex_horde.html
    Writing /horde/web/dev.horde.org/api/hippo/elementindex_Hippo.html

done
Formatting Index...
    Writing /horde/web/dev.horde.org/api/hippo/elementindex.html
    Writing /horde/web/dev.horde.org/api/hippo/blank.html

    Writing /horde/web/dev.horde.org/api/hippo/index.html
    Writing /horde/web/dev.horde.org/api/hippo/packages.html
done

Formatting Left Quick Index...
    Writing /horde/web/dev.horde.org/api/hippo/li_Hippo.html
    Writing /horde/web/dev.horde.org/api/hippo/classtrees_Hippo.html

    Writing /horde/web/dev.horde.org/api/hippo/li_horde.html
    Writing /horde/web/dev.horde.org/api/hippo/classtrees_horde.html

done

Converting /usr/local/horde/checkout/horde-hatchery.git/hippo/planet.horde.org/libs/scripts/aggregate.php Procedural Page Elements... Classes... done
Creating Directory /horde/web/dev.horde.org/api/hippo/horde
    Writing /horde/web/dev.horde.org/api/hippo/horde/_planet.horde.org---libs---scripts---aggregate.php.html
Converting /usr/local/horde/checkout/horde-hatchery.git/hippo/planet.horde.org/libs/aggregator.php Procedural Page Elements... Classes...
    Writing /horde/web/dev.horde.org/api/hippo/horde/aggregator.html
 done
    Writing /horde/web/dev.horde.org/api/hippo/horde/_planet.horde.org---libs---aggregator.php.html
Converting /usr/local/horde/checkout/horde-hatchery.git/hippo/app/controllers/ApplicationController.php Procedural Page Elements... Classes...
Creating Directory /horde/web/dev.horde.org/api/hippo/Hippo
    Writing /horde/web/dev.horde.org/api/hippo/Hippo/Hippo_ApplicationController.html
 done
    Writing /horde/web/dev.horde.org/api/hippo/Hippo/_app---controllers---ApplicationController.php.html
Converting /usr/local/horde/checkout/horde-hatchery.git/hippo/config/routes.php Procedural Page Elements... Classes... done
    Writing /horde/web/dev.horde.org/api/hippo/horde/_config---routes.php.html
Converting /usr/local/horde/checkout/horde-hatchery.git/hippo/planet.horde.org/libs/utf2entities.php Procedural Page Elements... Classes... done
    Writing /horde/web/dev.horde.org/api/hippo/horde/_planet.horde.org---libs---utf2entities.php.html

Converting @todo List...done

Converting Error Log...    Writing /horde/web/dev.horde.org/api/hippo/errors.html


To view errors and warnings, look at /horde/web/dev.horde.org/api/hippo/errors.html
done

Parsing time: 0 seconds

Conversion time: 1 seconds

Total Documentation Time: 1 seconds
done
