PHP Version 5.2.11
phpDocumentor version 1.4.3

Parsing configuration file phpDocumentor.ini...
   (found in /usr/share/php/data/PhpDocumentor/)...

done
Maximum memory usage set at 256M after considering php.ini...
using tokenizer Parser
Hidden /usr/local/horde/checkout/horde/lib/.cvsignore Ignored
Hidden /usr/local/horde/checkout/horde/lib/.htaccess Ignored
File /usr/local/horde/checkout/horde/lib/Block/CVS/Entries Ignored
File /usr/local/horde/checkout/horde/lib/Block/CVS/Repository Ignored
File /usr/local/horde/checkout/horde/lib/Block/CVS/Root Ignored
File /usr/local/horde/checkout/horde/lib/Block/feed/CVS/Entries Ignored
File /usr/local/horde/checkout/horde/lib/Block/feed/CVS/Repository Ignored
File /usr/local/horde/checkout/horde/lib/Block/feed/CVS/Root Ignored
File /usr/local/horde/checkout/horde/lib/CVS/Entries Ignored
File /usr/local/horde/checkout/horde/lib/CVS/Repository Ignored
File /usr/local/horde/checkout/horde/lib/CVS/Root Ignored
File /usr/local/horde/checkout/horde/lib/LoginTasks/CVS/Entries Ignored
File /usr/local/horde/checkout/horde/lib/LoginTasks/CVS/Repository Ignored
File /usr/local/horde/checkout/horde/lib/LoginTasks/CVS/Root Ignored
File /usr/local/horde/checkout/horde/lib/LoginTasks/SystemTask/CVS/Entries Ignored
File /usr/local/horde/checkout/horde/lib/LoginTasks/SystemTask/CVS/Repository Ignored
File /usr/local/horde/checkout/horde/lib/LoginTasks/SystemTask/CVS/Root Ignored
File /usr/local/horde/checkout/horde/lib/LoginTasks/Task/CVS/Entries Ignored
File /usr/local/horde/checkout/horde/lib/LoginTasks/Task/CVS/Repository Ignored
File /usr/local/horde/checkout/horde/lib/LoginTasks/Task/CVS/Root Ignored
File /usr/local/horde/checkout/horde/lib/tests/CVS/Entries Ignored
File /usr/local/horde/checkout/horde/lib/tests/CVS/Repository Ignored
File /usr/local/horde/checkout/horde/lib/tests/CVS/Root Ignored


Grabbing README/INSTALL/CHANGELOG
README...
done


Tutorial/Extended Documentation Parsing Stage

done


General Parsing Stage

Reading file /usr/local/horde/checkout/horde/lib/Block/feed/reader.php -- Parsing file
WARNING in reader.php on line 9: DocBlock would be page-level, but precedes class "Horde_Block_Horde_feed_reader", use another DocBlock to document the file
Reading file /usr/local/horde/checkout/horde/lib/Block/account.php -- Parsing file
WARNING in account.php on line 17: DocBlock would be page-level, but precedes class "Horde_Block_Horde_account", use another DocBlock to document the file
WARNING in account.php on line 740: no @package tag was used in a DocBlock for class Accounts_Driver_kolab
Reading file /usr/local/horde/checkout/horde/lib/Block/feed.php -- Parsing file
WARNING in feed.php on line 12: DocBlock would be page-level, but precedes class "Horde_Block_Horde_feed", use another DocBlock to document the file
Reading file /usr/local/horde/checkout/horde/lib/Block/fortune.php -- Parsing file
WARNING in fortune.php on line 13: DocBlock would be page-level, but precedes class "Horde_Block_Horde_fortune", use another DocBlock to document the file
Reading file /usr/local/horde/checkout/horde/lib/Block/google.php -- Parsing file
WARNING in google.php on line 9: DocBlock would be page-level, but precedes class "Horde_Block_Horde_google", use another DocBlock to document the file
Reading file /usr/local/horde/checkout/horde/lib/Block/iframe.php -- Parsing file
WARNING in iframe.php on line 9: DocBlock would be page-level, but precedes class "Horde_Block_Horde_iframe", use another DocBlock to document the file
Reading file /usr/local/horde/checkout/horde/lib/Block/metar.php -- Parsing file
WARNING in metar.php on line 475: File "/usr/local/horde/checkout/horde/lib/Block/metar.php" has no page-level DocBlock, use @package in the first DocBlock to create one
Reading file /usr/local/horde/checkout/horde/lib/Block/moon.php -- Parsing file
WARNING in moon.php on line 9: DocBlock would be page-level, but precedes class "Horde_Block_Horde_moon", use another DocBlock to document the file
Reading file /usr/local/horde/checkout/horde/lib/Block/sunrise.php -- Parsing file
WARNING in sunrise.php on line 9: DocBlock would be page-level, but precedes class "Horde_Block_Horde_sunrise", use another DocBlock to document the file
Reading file /usr/local/horde/checkout/horde/lib/Block/time.php -- Parsing file
WARNING in time.php on line 9: DocBlock would be page-level, but precedes class "Horde_Block_Horde_time", use another DocBlock to document the file
Reading file /usr/local/horde/checkout/horde/lib/Block/twitter.php -- Parsing file
WARNING in twitter.php on line 17: Page-level DocBlock precedes "include_once 'Services/Twitter.php'){$block_name=_("Twitter Status Update")", use another DocBlock to document the source element
WARNING in twitter.php on line 24: no @package tag was used in a DocBlock for class Horde_Block_Horde_twitter
Reading file /usr/local/horde/checkout/horde/lib/Block/vatid.php -- Parsing file
WARNING in vatid.php on line 7: DocBlock would be page-level, but precedes class "Horde_Block_Horde_vatid", use another DocBlock to document the file
Reading file /usr/local/horde/checkout/horde/lib/Block/weatherdotcom.php -- Parsing file
WARNING in weatherdotcom.php on line 17: DocBlock would be page-level, but precedes class "Horde_Block_Horde_weatherdotcom", use another DocBlock to document the file
Reading file /usr/local/horde/checkout/horde/lib/Block/weatherdotcom_strings.php -- Parsing file
WARNING in weatherdotcom_strings.php on line 105: File "/usr/local/horde/checkout/horde/lib/Block/weatherdotcom_strings.php" has no page-level DocBlock, use @package in the first DocBlock to create one
Reading file /usr/local/horde/checkout/horde/lib/Block/cloud.php -- Parsing file
WARNING in cloud.php on line 10: DocBlock would be page-level, but precedes class "Horde_Block_Horde_cloud", use another DocBlock to document the file
Reading file /usr/local/horde/checkout/horde/lib/Block/fb_stream.php -- Parsing file
WARNING in fb_stream.php on line 15: DocBlock would be page-level, but precedes class "Horde_Block_Horde_fb_stream", use another DocBlock to document the file
Reading file /usr/local/horde/checkout/horde/lib/Block/twitter_timeline.php -- Parsing file
WARNING in twitter_timeline.php on line 30: DocBlock would be page-level, but precedes class "Horde_Block_Horde_twitter_timeline", use another DocBlock to document the file
Reading file /usr/local/horde/checkout/horde/lib/LoginTasks/SystemTask/GarbageCollection.php -- Parsing file
WARNING in GarbageCollection.php on line 13: DocBlock would be page-level, but precedes class "Horde_LoginTasks_SystemTask_GarbageCollection", use another DocBlock to document the file
Reading file /usr/local/horde/checkout/horde/lib/LoginTasks/Task/TosAgreement.php -- Parsing file
WARNING in TosAgreement.php on line 14: DocBlock would be page-level, but precedes class "Horde_LoginTasks_Task_TosAgreement", use another DocBlock to document the file
Reading file /usr/local/horde/checkout/horde/lib/tests/webroot.phpt -- File not parsed, not a php file
Reading file /usr/local/horde/checkout/horde/lib/Api.php -- Parsing file
WARNING in Api.php on line 12: DocBlock would be page-level, but precedes class "Horde_Api", use another DocBlock to document the file
Reading file /usr/local/horde/checkout/horde/lib/Test.php -- Parsing file
WARNING in Test.php on line 692: File "/usr/local/horde/checkout/horde/lib/Test.php" has no page-level DocBlock, use @package in the first DocBlock to create one
Reading file /usr/local/horde/checkout/horde/lib/base.php -- Parsing file
WARNING in base.php on line 68: File "/usr/local/horde/checkout/horde/lib/base.php" has no page-level DocBlock, use @package in the first DocBlock to create one
Reading file /usr/local/horde/checkout/horde/lib/Application.php -- Parsing file
WARNING in Application.php on line 9: DocBlock would be page-level, but precedes class "Horde_Application", use another DocBlock to document the file
Reading file /usr/local/horde/checkout/horde/lib/core.php -- Parsing file
WARNING in core.php on line 73: File "/usr/local/horde/checkout/horde/lib/core.php" has no page-level DocBlock, use @package in the first DocBlock to create one
done

Converting From Abstract Parsed Data

Processing Class Inheritance


Processing Root Trees


Processing leftover classes (classes that extend root classes not found in the same package)
Processing Horde_Block_Horde_account in file /usr/local/horde/checkout/horde/lib/Block/account.php
WARNING: Class Horde_Block_Horde_account parent Horde_Block not found
Processing Horde_Block_Horde_feed in file /usr/local/horde/checkout/horde/lib/Block/feed.php
WARNING: Class Horde_Block_Horde_feed parent Horde_Block not found
Processing Horde_Block_Horde_fortune in file /usr/local/horde/checkout/horde/lib/Block/fortune.php
WARNING: Class Horde_Block_Horde_fortune parent Horde_Block not found
Processing Horde_Block_Horde_google in file /usr/local/horde/checkout/horde/lib/Block/google.php
WARNING: Class Horde_Block_Horde_google parent Horde_Block not found
Processing Horde_Block_Horde_iframe in file /usr/local/horde/checkout/horde/lib/Block/iframe.php
WARNING: Class Horde_Block_Horde_iframe parent Horde_Block not found
Processing Horde_Block_Horde_metar in file /usr/local/horde/checkout/horde/lib/Block/metar.php
WARNING: Class Horde_Block_Horde_metar parent Horde_Block not found
Processing Horde_Block_Horde_moon in file /usr/local/horde/checkout/horde/lib/Block/moon.php
WARNING: Class Horde_Block_Horde_moon parent Horde_Block not found
Processing Horde_Block_Horde_sunrise in file /usr/local/horde/checkout/horde/lib/Block/sunrise.php
WARNING: Class Horde_Block_Horde_sunrise parent Horde_Block not found
Processing Horde_Block_Horde_time in file /usr/local/horde/checkout/horde/lib/Block/time.php
WARNING: Class Horde_Block_Horde_time parent Horde_Block not found
Processing Horde_Block_Horde_twitter in file /usr/local/horde/checkout/horde/lib/Block/twitter.php
WARNING: Class Horde_Block_Horde_twitter parent Horde_Block not found
Processing Horde_Block_Horde_vatid in file /usr/local/horde/checkout/horde/lib/Block/vatid.php
WARNING: Class Horde_Block_Horde_vatid parent Horde_Block not found
Processing Horde_Block_Horde_weatherdotcom in file /usr/local/horde/checkout/horde/lib/Block/weatherdotcom.php
WARNING: Class Horde_Block_Horde_weatherdotcom parent Horde_Block not found
Processing Horde_Block_Horde_cloud in file /usr/local/horde/checkout/horde/lib/Block/cloud.php
WARNING: Class Horde_Block_Horde_cloud parent Horde_Block not found
Processing Horde_Block_Horde_fb_stream in file /usr/local/horde/checkout/horde/lib/Block/fb_stream.php
WARNING: Class Horde_Block_Horde_fb_stream parent Horde_Block not found
Processing Horde_Block_Horde_twitter_timeline in file /usr/local/horde/checkout/horde/lib/Block/twitter_timeline.php
WARNING: Class Horde_Block_Horde_twitter_timeline parent Horde_Block not found
Processing Horde_LoginTasks_SystemTask_GarbageCollection in file /usr/local/horde/checkout/horde/lib/LoginTasks/SystemTask/GarbageCollection.php
WARNING: Class Horde_LoginTasks_SystemTask_GarbageCollection parent Horde_LoginTasks_SystemTask not found
Processing Horde_LoginTasks_Task_TosAgreement in file /usr/local/horde/checkout/horde/lib/LoginTasks/Task/TosAgreement.php
WARNING: Class Horde_LoginTasks_Task_TosAgreement parent Horde_LoginTasks_Task not found
Processing Horde_Api in file /usr/local/horde/checkout/horde/lib/Api.php
WARNING: Class Horde_Api parent Horde_Registry_Api not found
Processing Horde_Application in file /usr/local/horde/checkout/horde/lib/Application.php
WARNING: Class Horde_Application parent Horde_Registry_Application not found
done processing leftover classes

Processing Procedural Page Element Name Conflicts


Sorting page elements...done
Formatting @uses list...done

creating /horde/web/dev.horde.org/api/horde/media
copying /horde/web/dev.horde.org/api/horde/media/banner.css
copying /horde/web/dev.horde.org/api/horde/media/stylesheet.css
creating /horde/web/dev.horde.org/api/horde/media/images
copying /horde/web/dev.horde.org/api/horde/media/images/AbstractClass.png
copying /horde/web/dev.horde.org/api/horde/media/images/AbstractClass_logo.png
copying /horde/web/dev.horde.org/api/horde/media/images/AbstractMethod.png
copying /horde/web/dev.horde.org/api/horde/media/images/AbstractPrivateClass.png
copying /horde/web/dev.horde.org/api/horde/media/images/AbstractPrivateClass_logo.png
copying /horde/web/dev.horde.org/api/horde/media/images/AbstractPrivateMethod.png
copying /horde/web/dev.horde.org/api/horde/media/images/blank.png
copying /horde/web/dev.horde.org/api/horde/media/images/Class.png
copying /horde/web/dev.horde.org/api/horde/media/images/class_folder.png
copying /horde/web/dev.horde.org/api/horde/media/images/Class_logo.png
copying /horde/web/dev.horde.org/api/horde/media/images/Constant.png
copying /horde/web/dev.horde.org/api/horde/media/images/Constructor.png
copying /horde/web/dev.horde.org/api/horde/media/images/Destructor.png
copying /horde/web/dev.horde.org/api/horde/media/images/empty.png
copying /horde/web/dev.horde.org/api/horde/media/images/file.png
copying /horde/web/dev.horde.org/api/horde/media/images/folder.png
copying /horde/web/dev.horde.org/api/horde/media/images/Function.png
copying /horde/web/dev.horde.org/api/horde/media/images/function_folder.png
copying /horde/web/dev.horde.org/api/horde/media/images/Global.png
copying /horde/web/dev.horde.org/api/horde/media/images/I.png
copying /horde/web/dev.horde.org/api/horde/media/images/Index.png
copying /horde/web/dev.horde.org/api/horde/media/images/Interface.png
copying /horde/web/dev.horde.org/api/horde/media/images/Interface_logo.png
copying /horde/web/dev.horde.org/api/horde/media/images/L.png
copying /horde/web/dev.horde.org/api/horde/media/images/Lminus.png
copying /horde/web/dev.horde.org/api/horde/media/images/Lplus.png
copying /horde/web/dev.horde.org/api/horde/media/images/Method.png
copying /horde/web/dev.horde.org/api/horde/media/images/minus.gif
copying /horde/web/dev.horde.org/api/horde/media/images/next_button.png
copying /horde/web/dev.horde.org/api/horde/media/images/next_button_disabled.png
copying /horde/web/dev.horde.org/api/horde/media/images/package.png
copying /horde/web/dev.horde.org/api/horde/media/images/package_folder.png
copying /horde/web/dev.horde.org/api/horde/media/images/Page.png
copying /horde/web/dev.horde.org/api/horde/media/images/Page_logo.png
copying /horde/web/dev.horde.org/api/horde/media/images/plus.gif
copying /horde/web/dev.horde.org/api/horde/media/images/previous_button.png
copying /horde/web/dev.horde.org/api/horde/media/images/previous_button_disabled.png
copying /horde/web/dev.horde.org/api/horde/media/images/PrivateClass.png
copying /horde/web/dev.horde.org/api/horde/media/images/PrivateClass_logo.png
copying /horde/web/dev.horde.org/api/horde/media/images/PrivateMethod.png
copying /horde/web/dev.horde.org/api/horde/media/images/PrivateVariable.png
copying /horde/web/dev.horde.org/api/horde/media/images/private_class_logo.png
copying /horde/web/dev.horde.org/api/horde/media/images/StaticMethod.png
copying /horde/web/dev.horde.org/api/horde/media/images/StaticVariable.png
copying /horde/web/dev.horde.org/api/horde/media/images/T.png
copying /horde/web/dev.horde.org/api/horde/media/images/Tminus.png
copying /horde/web/dev.horde.org/api/horde/media/images/Tplus.png
copying /horde/web/dev.horde.org/api/horde/media/images/tutorial.png
copying /horde/web/dev.horde.org/api/horde/media/images/tutorial_folder.png
copying /horde/web/dev.horde.org/api/horde/media/images/up_button.png
copying /horde/web/dev.horde.org/api/horde/media/images/Variable.png
creating /horde/web/dev.horde.org/api/horde/media/lib
copying /horde/web/dev.horde.org/api/horde/media/lib/classTree.js
Building indexes...done

Sorting Indexes...done

Sorting @todo list...done
Converting README/INSTALL/CHANGELOG contents...
README...    Writing /horde/web/dev.horde.org/api/horde/ric_README.html

done
Converting tutorials/extended docs
Formatting Package Indexes...    Writing /horde/web/dev.horde.org/api/horde/elementindex_Horde_Block.html
    Writing /horde/web/dev.horde.org/api/horde/elementindex_Horde.html
    Writing /horde/web/dev.horde.org/api/horde/elementindex_horde.html
    Writing /horde/web/dev.horde.org/api/horde/elementindex_Horde_LoginTasks.html
    Writing /horde/web/dev.horde.org/api/horde/elementindex_Horde_Test.html

done
Formatting Index...
    Writing /horde/web/dev.horde.org/api/horde/elementindex.html
    Writing /horde/web/dev.horde.org/api/horde/blank.html

    Writing /horde/web/dev.horde.org/api/horde/index.html
    Writing /horde/web/dev.horde.org/api/horde/packages.html
done

Formatting Left Quick Index...
    Writing /horde/web/dev.horde.org/api/horde/li_Horde_Block.html
    Writing /horde/web/dev.horde.org/api/horde/classtrees_Horde_Block.html

    Writing /horde/web/dev.horde.org/api/horde/li_horde.html
    Writing /horde/web/dev.horde.org/api/horde/classtrees_horde.html

    Writing /horde/web/dev.horde.org/api/horde/li_Horde_LoginTasks.html
    Writing /horde/web/dev.horde.org/api/horde/classtrees_Horde_LoginTasks.html

    Writing /horde/web/dev.horde.org/api/horde/li_Horde.html
    Writing /horde/web/dev.horde.org/api/horde/classtrees_Horde.html

    Writing /horde/web/dev.horde.org/api/horde/li_Horde_Test.html
    Writing /horde/web/dev.horde.org/api/horde/classtrees_Horde_Test.html

done

Converting /usr/local/horde/checkout/horde/lib/Block/account.php Procedural Page Elements... Classes...
    Writing /horde/web/dev.horde.org/api/horde/Horde_Block/Accounts_Driver.html
    Writing /horde/web/dev.horde.org/api/horde/Horde_Block/Accounts_Driver_finger.html
    Writing /horde/web/dev.horde.org/api/horde/Horde_Block/Accounts_Driver_kolab.html
    Writing /horde/web/dev.horde.org/api/horde/Horde_Block/Accounts_Driver_ldap.html
    Writing /horde/web/dev.horde.org/api/horde/Horde_Block/Accounts_Driver_localhost.html
    Writing /horde/web/dev.horde.org/api/horde/Horde_Block/Horde_Block_Horde_account.html
 done
    Writing /horde/web/dev.horde.org/api/horde/Horde_Block/_lib---Block---account.php.html
Converting /usr/local/horde/checkout/horde/lib/Api.php Procedural Page Elements... Classes...
    Writing /horde/web/dev.horde.org/api/horde/Horde/Horde_Api.html
 done
    Writing /horde/web/dev.horde.org/api/horde/Horde/_lib---Api.php.html
Converting /usr/local/horde/checkout/horde/lib/Application.php Procedural Page Elements... Classes...
    Writing /horde/web/dev.horde.org/api/horde/Horde/Horde_Application.html
 done
    Writing /horde/web/dev.horde.org/api/horde/Horde/_lib---Application.php.html
Converting /usr/local/horde/checkout/horde/lib/base.php Procedural Page Elements... Classes... done
    Writing /horde/web/dev.horde.org/api/horde/horde/_lib---base.php.html
Converting /usr/local/horde/checkout/horde/lib/Block/cloud.php Procedural Page Elements... Classes...
    Writing /horde/web/dev.horde.org/api/horde/Horde_Block/Horde_Block_Horde_cloud.html
 done
    Writing /horde/web/dev.horde.org/api/horde/Horde_Block/_lib---Block---cloud.php.html
Converting /usr/local/horde/checkout/horde/lib/core.php Procedural Page Elements... Classes... done
    Writing /horde/web/dev.horde.org/api/horde/horde/_lib---core.php.html
Converting /usr/local/horde/checkout/horde/lib/Block/fb_stream.php Procedural Page Elements... Classes...
    Writing /horde/web/dev.horde.org/api/horde/Horde_Block/Horde_Block_Horde_fb_stream.html
 done
    Writing /horde/web/dev.horde.org/api/horde/Horde_Block/_lib---Block---fb_stream.php.html
Converting /usr/local/horde/checkout/horde/lib/Block/feed.php Procedural Page Elements... Classes...
    Writing /horde/web/dev.horde.org/api/horde/Horde_Block/Horde_Block_Horde_feed.html
 done
    Writing /horde/web/dev.horde.org/api/horde/Horde_Block/_lib---Block---feed.php.html
Converting /usr/local/horde/checkout/horde/lib/Block/fortune.php Procedural Page Elements... Classes...
    Writing /horde/web/dev.horde.org/api/horde/Horde_Block/Horde_Block_Horde_fortune.html
 done
    Writing /horde/web/dev.horde.org/api/horde/Horde_Block/_lib---Block---fortune.php.html
Converting /usr/local/horde/checkout/horde/lib/LoginTasks/SystemTask/GarbageCollection.php Procedural Page Elements... Classes...
    Writing /horde/web/dev.horde.org/api/horde/Horde_LoginTasks/Horde_LoginTasks_SystemTask_GarbageCollection.html
 done
    Writing /horde/web/dev.horde.org/api/horde/Horde_LoginTasks/_lib---LoginTasks---SystemTask---GarbageCollection.php.html
Converting /usr/local/horde/checkout/horde/lib/Block/google.php Procedural Page Elements... Classes...
    Writing /horde/web/dev.horde.org/api/horde/Horde_Block/Horde_Block_Horde_google.html
 done
    Writing /horde/web/dev.horde.org/api/horde/Horde_Block/_lib---Block---google.php.html
Converting /usr/local/horde/checkout/horde/lib/Block/iframe.php Procedural Page Elements... Classes...
    Writing /horde/web/dev.horde.org/api/horde/Horde_Block/Horde_Block_Horde_iframe.html
 done
    Writing /horde/web/dev.horde.org/api/horde/Horde_Block/_lib---Block---iframe.php.html
Converting /usr/local/horde/checkout/horde/lib/Block/metar.php Procedural Page Elements... Classes...
    Writing /horde/web/dev.horde.org/api/horde/Horde_Block/Horde_Block_Horde_metar.html
 done
    Writing /horde/web/dev.horde.org/api/horde/Horde_Block/_lib---Block---metar.php.html
Converting /usr/local/horde/checkout/horde/lib/Block/moon.php Procedural Page Elements... Classes...
    Writing /horde/web/dev.horde.org/api/horde/Horde_Block/Horde_Block_Horde_moon.html
 done
    Writing /horde/web/dev.horde.org/api/horde/Horde_Block/_lib---Block---moon.php.html
Converting /usr/local/horde/checkout/horde/lib/Block/feed/reader.php Procedural Page Elements... Classes...
    Writing /horde/web/dev.horde.org/api/horde/Horde_Block/Horde_Block_Horde_feed_reader.html
 done
    Writing /horde/web/dev.horde.org/api/horde/Horde_Block/_lib---Block---feed---reader.php.html
Converting /usr/local/horde/checkout/horde/lib/Block/sunrise.php Procedural Page Elements... Classes...
    Writing /horde/web/dev.horde.org/api/horde/Horde_Block/Horde_Block_Horde_sunrise.html
 done
    Writing /horde/web/dev.horde.org/api/horde/Horde_Block/_lib---Block---sunrise.php.html
Converting /usr/local/horde/checkout/horde/lib/Test.php Procedural Page Elements... Classes...
    Writing /horde/web/dev.horde.org/api/horde/Horde_Test/Horde_Test.html
 done
    Writing /horde/web/dev.horde.org/api/horde/Horde_Test/_lib---Test.php.html
Converting /usr/local/horde/checkout/horde/lib/Block/time.php Procedural Page Elements... Classes...
    Writing /horde/web/dev.horde.org/api/horde/Horde_Block/Horde_Block_Horde_time.html
 done
    Writing /horde/web/dev.horde.org/api/horde/Horde_Block/_lib---Block---time.php.html
Converting /usr/local/horde/checkout/horde/lib/LoginTasks/Task/TosAgreement.php Procedural Page Elements... Classes...
    Writing /horde/web/dev.horde.org/api/horde/Horde_LoginTasks/Horde_LoginTasks_Task_TosAgreement.html
 done
    Writing /horde/web/dev.horde.org/api/horde/Horde_LoginTasks/_lib---LoginTasks---Task---TosAgreement.php.html
Converting /usr/local/horde/checkout/horde/lib/Block/twitter.php Procedural Page Elements... Classes...
    Writing /horde/web/dev.horde.org/api/horde/Horde_Block/Horde_Block_Horde_twitter.html
 done
    Writing /horde/web/dev.horde.org/api/horde/Horde_Block/_lib---Block---twitter.php.html
Converting /usr/local/horde/checkout/horde/lib/Block/twitter_timeline.php Procedural Page Elements... Classes...
    Writing /horde/web/dev.horde.org/api/horde/Horde_Block/Horde_Block_Horde_twitter_timeline.html
 done
    Writing /horde/web/dev.horde.org/api/horde/Horde_Block/_lib---Block---twitter_timeline.php.html
Converting /usr/local/horde/checkout/horde/lib/Block/vatid.php Procedural Page Elements... Classes...
    Writing /horde/web/dev.horde.org/api/horde/Horde_Block/Horde_Block_Horde_vatid.html
 done
    Writing /horde/web/dev.horde.org/api/horde/Horde_Block/_lib---Block---vatid.php.html
Converting /usr/local/horde/checkout/horde/lib/Block/weatherdotcom.php Procedural Page Elements... Classes...
    Writing /horde/web/dev.horde.org/api/horde/Horde_Block/Horde_Block_Horde_weatherdotcom.html
 done
    Writing /horde/web/dev.horde.org/api/horde/Horde_Block/_lib---Block---weatherdotcom.php.html
Converting /usr/local/horde/checkout/horde/lib/Block/weatherdotcom_strings.php Procedural Page Elements... Classes... done
    Writing /horde/web/dev.horde.org/api/horde/horde/_lib---Block---weatherdotcom_strings.php.html

Converting @todo List...done

Converting Error Log...    Writing /horde/web/dev.horde.org/api/horde/errors.html


To view errors and warnings, look at /horde/web/dev.horde.org/api/horde/errors.html
done

Parsing time: 3 seconds

Conversion time: 3 seconds

Total Documentation Time: 6 seconds
done
