PHP Version 5.2.11
phpDocumentor version 1.4.3

Parsing configuration file phpDocumentor.ini...
   (found in /usr/share/php/data/PhpDocumentor/)...

done
Maximum memory usage set at 256M after considering php.ini...
using tokenizer Parser
File  Ignored


Grabbing README/INSTALL/CHANGELOG

done


Tutorial/Extended Documentation Parsing Stage

done


General Parsing Stage

Reading file /usr/local/horde/checkout/horde-hatchery.git/hydra/lib/Page.php -- Parsing file
WARNING in Page.php on line 4: no @package tag was used in a DocBlock for class Page
WARNING in Page.php on line 5: File "/usr/local/horde/checkout/horde-hatchery.git/hydra/lib/Page.php" has no page-level DocBlock, use @package in the first DocBlock to create one
Reading file /usr/local/horde/checkout/horde-hatchery.git/hydra/lib/PageMapper.php -- Parsing file
WARNING in PageMapper.php on line 4: no @package tag was used in a DocBlock for class PageMapper
WARNING in PageMapper.php on line 5: File "/usr/local/horde/checkout/horde-hatchery.git/hydra/lib/PageMapper.php" has no page-level DocBlock, use @package in the first DocBlock to create one
done

Converting From Abstract Parsed Data

Processing Class Inheritance


Processing Root Trees


Processing leftover classes (classes that extend root classes not found in the same package)
Processing Page in file /usr/local/horde/checkout/horde-hatchery.git/hydra/lib/Page.php
WARNING: Class Page parent Horde_Content_Type not found
Processing PageMapper in file /usr/local/horde/checkout/horde-hatchery.git/hydra/lib/PageMapper.php
WARNING: Class PageMapper parent Horde_Db_Mapper not found
done processing leftover classes

Processing Procedural Page Element Name Conflicts


Sorting page elements...done
Formatting @uses list...done

Creating Directory /horde/web/dev.horde.org/api/hydra
creating /horde/web/dev.horde.org/api/hydra/media
Creating Directory /horde/web/dev.horde.org/api/hydra/media
copying /horde/web/dev.horde.org/api/hydra/media/banner.css
copying /horde/web/dev.horde.org/api/hydra/media/stylesheet.css
creating /horde/web/dev.horde.org/api/hydra/media/images
Creating Directory /horde/web/dev.horde.org/api/hydra/media/images
copying /horde/web/dev.horde.org/api/hydra/media/images/AbstractClass.png
copying /horde/web/dev.horde.org/api/hydra/media/images/AbstractClass_logo.png
copying /horde/web/dev.horde.org/api/hydra/media/images/AbstractMethod.png
copying /horde/web/dev.horde.org/api/hydra/media/images/AbstractPrivateClass.png
copying /horde/web/dev.horde.org/api/hydra/media/images/AbstractPrivateClass_logo.png
copying /horde/web/dev.horde.org/api/hydra/media/images/AbstractPrivateMethod.png
copying /horde/web/dev.horde.org/api/hydra/media/images/blank.png
copying /horde/web/dev.horde.org/api/hydra/media/images/Class.png
copying /horde/web/dev.horde.org/api/hydra/media/images/class_folder.png
copying /horde/web/dev.horde.org/api/hydra/media/images/Class_logo.png
copying /horde/web/dev.horde.org/api/hydra/media/images/Constant.png
copying /horde/web/dev.horde.org/api/hydra/media/images/Constructor.png
copying /horde/web/dev.horde.org/api/hydra/media/images/Destructor.png
copying /horde/web/dev.horde.org/api/hydra/media/images/empty.png
copying /horde/web/dev.horde.org/api/hydra/media/images/file.png
copying /horde/web/dev.horde.org/api/hydra/media/images/folder.png
copying /horde/web/dev.horde.org/api/hydra/media/images/Function.png
copying /horde/web/dev.horde.org/api/hydra/media/images/function_folder.png
copying /horde/web/dev.horde.org/api/hydra/media/images/Global.png
copying /horde/web/dev.horde.org/api/hydra/media/images/I.png
copying /horde/web/dev.horde.org/api/hydra/media/images/Index.png
copying /horde/web/dev.horde.org/api/hydra/media/images/Interface.png
copying /horde/web/dev.horde.org/api/hydra/media/images/Interface_logo.png
copying /horde/web/dev.horde.org/api/hydra/media/images/L.png
copying /horde/web/dev.horde.org/api/hydra/media/images/Lminus.png
copying /horde/web/dev.horde.org/api/hydra/media/images/Lplus.png
copying /horde/web/dev.horde.org/api/hydra/media/images/Method.png
copying /horde/web/dev.horde.org/api/hydra/media/images/minus.gif
copying /horde/web/dev.horde.org/api/hydra/media/images/next_button.png
copying /horde/web/dev.horde.org/api/hydra/media/images/next_button_disabled.png
copying /horde/web/dev.horde.org/api/hydra/media/images/package.png
copying /horde/web/dev.horde.org/api/hydra/media/images/package_folder.png
copying /horde/web/dev.horde.org/api/hydra/media/images/Page.png
copying /horde/web/dev.horde.org/api/hydra/media/images/Page_logo.png
copying /horde/web/dev.horde.org/api/hydra/media/images/plus.gif
copying /horde/web/dev.horde.org/api/hydra/media/images/previous_button.png
copying /horde/web/dev.horde.org/api/hydra/media/images/previous_button_disabled.png
copying /horde/web/dev.horde.org/api/hydra/media/images/PrivateClass.png
copying /horde/web/dev.horde.org/api/hydra/media/images/PrivateClass_logo.png
copying /horde/web/dev.horde.org/api/hydra/media/images/PrivateMethod.png
copying /horde/web/dev.horde.org/api/hydra/media/images/PrivateVariable.png
copying /horde/web/dev.horde.org/api/hydra/media/images/private_class_logo.png
copying /horde/web/dev.horde.org/api/hydra/media/images/StaticMethod.png
copying /horde/web/dev.horde.org/api/hydra/media/images/StaticVariable.png
copying /horde/web/dev.horde.org/api/hydra/media/images/T.png
copying /horde/web/dev.horde.org/api/hydra/media/images/Tminus.png
copying /horde/web/dev.horde.org/api/hydra/media/images/Tplus.png
copying /horde/web/dev.horde.org/api/hydra/media/images/tutorial.png
copying /horde/web/dev.horde.org/api/hydra/media/images/tutorial_folder.png
copying /horde/web/dev.horde.org/api/hydra/media/images/up_button.png
copying /horde/web/dev.horde.org/api/hydra/media/images/Variable.png
creating /horde/web/dev.horde.org/api/hydra/media/lib
Creating Directory /horde/web/dev.horde.org/api/hydra/media/lib
copying /horde/web/dev.horde.org/api/hydra/media/lib/classTree.js
Building indexes...done

Sorting Indexes...done

Sorting @todo list...done
Converting tutorials/extended docs
Formatting Package Indexes...    Writing /horde/web/dev.horde.org/api/hydra/elementindex_horde.html

done
Formatting Index...
    Writing /horde/web/dev.horde.org/api/hydra/elementindex.html
    Writing /horde/web/dev.horde.org/api/hydra/blank.html

    Writing /horde/web/dev.horde.org/api/hydra/index.html
    Writing /horde/web/dev.horde.org/api/hydra/packages.html
done

Formatting Left Quick Index...
    Writing /horde/web/dev.horde.org/api/hydra/li_horde.html
    Writing /horde/web/dev.horde.org/api/hydra/classtrees_horde.html

done

Converting /usr/local/horde/checkout/horde-hatchery.git/hydra/lib/Page.php Procedural Page Elements... Classes...
Creating Directory /horde/web/dev.horde.org/api/hydra/horde
    Writing /horde/web/dev.horde.org/api/hydra/horde/Page.html
 done
    Writing /horde/web/dev.horde.org/api/hydra/horde/_Page.php.html
Converting /usr/local/horde/checkout/horde-hatchery.git/hydra/lib/PageMapper.php Procedural Page Elements... Classes...
    Writing /horde/web/dev.horde.org/api/hydra/horde/PageMapper.html
 done
    Writing /horde/web/dev.horde.org/api/hydra/horde/_PageMapper.php.html

Converting @todo List...done

Converting Error Log...    Writing /horde/web/dev.horde.org/api/hydra/errors.html


To view errors and warnings, look at /horde/web/dev.horde.org/api/hydra/errors.html
done

Parsing time: 0 seconds

Conversion time: 1 seconds

Total Documentation Time: 1 seconds
done
