PHP Version 5.2.11
phpDocumentor version 1.4.3

Parsing configuration file phpDocumentor.ini...
   (found in /usr/share/php/data/PhpDocumentor/)...

done
Maximum memory usage set at 256M after considering php.ini...
using tokenizer Parser
Hidden /usr/local/horde/checkout/horde-hatchery.git/imp/lib/.htaccess Ignored
File /usr/local/horde/checkout/horde-hatchery.git/imp/lib/tests/fixtures/maildirsize Ignored


Grabbing README/INSTALL/CHANGELOG
README...
done


Tutorial/Extended Documentation Parsing Stage

done


General Parsing Stage

Reading file /usr/local/horde/checkout/horde-hatchery.git/imp/lib/Block/Foldersummary.php -- Parsing file
WARNING in Foldersummary.php on line 11: DocBlock would be page-level, but precedes class "IMP_Block_Foldersummary", use another DocBlock to document the file
Reading file /usr/local/horde/checkout/horde-hatchery.git/imp/lib/Block/Newmail.php -- Parsing file
WARNING in Newmail.php on line 11: DocBlock would be page-level, but precedes class "IMP_Block_Newmail", use another DocBlock to document the file
Reading file /usr/local/horde/checkout/horde-hatchery.git/imp/lib/Block/summary.php -- Parsing file
WARNING in summary.php on line 13: DocBlock would be page-level, but precedes class "Horde_Block_imp_summary", use another DocBlock to document the file
Reading file /usr/local/horde/checkout/horde-hatchery.git/imp/lib/Block/tree_folders.php -- Parsing file
WARNING in tree_folders.php on line 14: DocBlock would be page-level, but precedes class "Horde_Block_imp_tree_folders", use another DocBlock to document the file
Reading file /usr/local/horde/checkout/horde-hatchery.git/imp/lib/Crypt/Pgp.php -- Parsing file
WARNING in Pgp.php on line 14: DocBlock would be page-level, but precedes class "IMP_Crypt_Pgp", use another DocBlock to document the file
Reading file /usr/local/horde/checkout/horde-hatchery.git/imp/lib/Crypt/Smime.php -- Parsing file
WARNING in Smime.php on line 14: DocBlock would be page-level, but precedes class "IMP_Crypt_Smime", use another DocBlock to document the file
Reading file /usr/local/horde/checkout/horde-hatchery.git/imp/lib/Identity/imp.php -- Parsing file
WARNING in imp.php on line 16: DocBlock would be page-level, but precedes class "Identity_imp", use another DocBlock to document the file
Reading file /usr/local/horde/checkout/horde-hatchery.git/imp/lib/Imap/Acl.php -- Parsing file
WARNING in Acl.php on line 13: DocBlock would be page-level, but precedes class "IMP_Imap_Acl", use another DocBlock to document the file
Reading file /usr/local/horde/checkout/horde-hatchery.git/imp/lib/Imap/Flags.php -- Parsing file
WARNING in Flags.php on line 14: DocBlock would be page-level, but precedes class "IMP_Imap_Flags", use another DocBlock to document the file
Reading file /usr/local/horde/checkout/horde-hatchery.git/imp/lib/Imap/Thread.php -- Parsing file
WARNING in Thread.php on line 14: DocBlock would be page-level, but precedes class "IMP_Imap_Thread", use another DocBlock to document the file
Reading file /usr/local/horde/checkout/horde-hatchery.git/imp/lib/Imap/Tree.php -- Parsing file
WARNING in Tree.php on line 19: DocBlock would be page-level, but precedes class "IMP_Imap_Tree", use another DocBlock to document the file
WARNING in Tree.php on line 1635: Unknown tag "@params" used
Reading file /usr/local/horde/checkout/horde-hatchery.git/imp/lib/Mime/Viewer/Enriched.php -- Parsing file
WARNING in Enriched.php on line 14: DocBlock would be page-level, but precedes class "IMP_Horde_Mime_Viewer_Enriched", use another DocBlock to document the file
Reading file /usr/local/horde/checkout/horde-hatchery.git/imp/lib/Mime/Viewer/Alternative.php -- Parsing file
WARNING in Alternative.php on line 14: DocBlock would be page-level, but precedes class "IMP_Horde_Mime_Viewer_Alternative", use another DocBlock to document the file
Reading file /usr/local/horde/checkout/horde-hatchery.git/imp/lib/Mime/Viewer/Appledouble.php -- Parsing file
WARNING in Appledouble.php on line 14: DocBlock would be page-level, but precedes class "IMP_Horde_Mime_Viewer_Appledouble", use another DocBlock to document the file
Reading file /usr/local/horde/checkout/horde-hatchery.git/imp/lib/Mime/Viewer/Html.php -- Parsing file
WARNING in Html.php on line 16: DocBlock would be page-level, but precedes class "IMP_Horde_Mime_Viewer_Html", use another DocBlock to document the file
Reading file /usr/local/horde/checkout/horde-hatchery.git/imp/lib/Mime/Viewer/Images.php -- Parsing file
WARNING in Images.php on line 14: DocBlock would be page-level, but precedes class "IMP_Horde_Mime_Viewer_Images", use another DocBlock to document the file
Reading file /usr/local/horde/checkout/horde-hatchery.git/imp/lib/Mime/Viewer/Itip.php -- Parsing file
WARNING in Itip.php on line 16: DocBlock would be page-level, but precedes class "IMP_Horde_Mime_Viewer_Itip", use another DocBlock to document the file
Reading file /usr/local/horde/checkout/horde-hatchery.git/imp/lib/Mime/Viewer/Mdn.php -- Parsing file
WARNING in Mdn.php on line 14: DocBlock would be page-level, but precedes class "IMP_Horde_Mime_Viewer_Mdn", use another DocBlock to document the file
Reading file /usr/local/horde/checkout/horde-hatchery.git/imp/lib/Mime/Viewer/Partial.php -- Parsing file
WARNING in Partial.php on line 14: DocBlock would be page-level, but precedes class "IMP_Horde_Mime_Viewer_Partial", use another DocBlock to document the file
Reading file /usr/local/horde/checkout/horde-hatchery.git/imp/lib/Mime/Viewer/Pdf.php -- Parsing file
WARNING in Pdf.php on line 14: DocBlock would be page-level, but precedes class "IMP_Horde_Mime_Viewer_Pdf", use another DocBlock to document the file
Reading file /usr/local/horde/checkout/horde-hatchery.git/imp/lib/Mime/Viewer/Pgp.php -- Parsing file
WARNING in Pgp.php on line 23: DocBlock would be page-level, but precedes class "IMP_Horde_Mime_Viewer_Pgp", use another DocBlock to document the file
Reading file /usr/local/horde/checkout/horde-hatchery.git/imp/lib/Mime/Viewer/Plain.php -- Parsing file
WARNING in Plain.php on line 15: DocBlock would be page-level, but precedes class "IMP_Horde_Mime_Viewer_Plain", use another DocBlock to document the file
Reading file /usr/local/horde/checkout/horde-hatchery.git/imp/lib/Mime/Viewer/Related.php -- Parsing file
WARNING in Related.php on line 14: DocBlock would be page-level, but precedes class "IMP_Horde_Mime_Viewer_Related", use another DocBlock to document the file
Reading file /usr/local/horde/checkout/horde-hatchery.git/imp/lib/Mime/Viewer/Rfc822.php -- Parsing file
WARNING in Rfc822.php on line 14: DocBlock would be page-level, but precedes class "IMP_Horde_Mime_Viewer_Rfc822", use another DocBlock to document the file
Reading file /usr/local/horde/checkout/horde-hatchery.git/imp/lib/Mime/Viewer/Smil.php -- Parsing file
WARNING in Smil.php on line 14: DocBlock would be page-level, but precedes class "IMP_Horde_Mime_Viewer_Smil", use another DocBlock to document the file
Reading file /usr/local/horde/checkout/horde-hatchery.git/imp/lib/Mime/Viewer/Smime.php -- Parsing file
WARNING in Smime.php on line 26: DocBlock would be page-level, but precedes class "IMP_Horde_Mime_Viewer_Smime", use another DocBlock to document the file
Reading file /usr/local/horde/checkout/horde-hatchery.git/imp/lib/Mime/Viewer/Status.php -- Parsing file
WARNING in Status.php on line 14: DocBlock would be page-level, but precedes class "IMP_Horde_Mime_Viewer_Status", use another DocBlock to document the file
Reading file /usr/local/horde/checkout/horde-hatchery.git/imp/lib/Mime/Viewer/Tnef.php -- Parsing file
WARNING in Tnef.php on line 14: DocBlock would be page-level, but precedes class "IMP_Horde_Mime_Viewer_Tnef", use another DocBlock to document the file
Reading file /usr/local/horde/checkout/horde-hatchery.git/imp/lib/Mime/Viewer/Zip.php -- Parsing file
WARNING in Zip.php on line 15: DocBlock would be page-level, but precedes class "IMP_Horde_Mime_Viewer_Zip", use another DocBlock to document the file
Reading file /usr/local/horde/checkout/horde-hatchery.git/imp/lib/UI/Compose.php -- Parsing file
WARNING in Compose.php on line 14: DocBlock would be page-level, but precedes class "IMP_UI_Compose", use another DocBlock to document the file
Reading file /usr/local/horde/checkout/horde-hatchery.git/imp/lib/UI/Folder.php -- Parsing file
WARNING in Folder.php on line 14: DocBlock would be page-level, but precedes class "IMP_UI_Folder", use another DocBlock to document the file

	ERROR in Folder.php on line 33: DocBlock has multiple @var tags, illegal. ignoring additional tag "@var array Additional options:
 <pre>
 'expand_url' - (string) The URL to use for expand/collapse links.
 </pre>"

	ERROR in Folder.php on line 54: DocBlock has multiple @var tags, illegal. ignoring additional tag "@var array See self::getTreeImages()."
Reading file /usr/local/horde/checkout/horde-hatchery.git/imp/lib/UI/Mailbox.php -- Parsing file
WARNING in Mailbox.php on line 14: DocBlock would be page-level, but precedes class "IMP_UI_Mailbox", use another DocBlock to document the file
Reading file /usr/local/horde/checkout/horde-hatchery.git/imp/lib/UI/Message.php -- Parsing file
WARNING in Message.php on line 14: DocBlock would be page-level, but precedes class "IMP_UI_Message", use another DocBlock to document the file
Reading file /usr/local/horde/checkout/horde-hatchery.git/imp/lib/UI/Search.php -- Parsing file
WARNING in Search.php on line 14: DocBlock would be page-level, but precedes class "IMP_UI_Search", use another DocBlock to document the file
Reading file /usr/local/horde/checkout/horde-hatchery.git/imp/lib/Views/Compose.php -- Parsing file
WARNING in Compose.php on line 12: DocBlock would be page-level, but precedes class "IMP_Views_Compose", use another DocBlock to document the file
Reading file /usr/local/horde/checkout/horde-hatchery.git/imp/lib/Views/ListMessages.php -- Parsing file
WARNING in ListMessages.php on line 13: DocBlock would be page-level, but precedes class "IMP_Views_ListMessages", use another DocBlock to document the file
Reading file /usr/local/horde/checkout/horde-hatchery.git/imp/lib/Views/ShowMessage.php -- Parsing file
WARNING in ShowMessage.php on line 12: DocBlock would be page-level, but precedes class "IMP_Views_ShowMessage", use another DocBlock to document the file
Reading file /usr/local/horde/checkout/horde-hatchery.git/imp/lib/tests/mime_viewer_html.phpt -- File not parsed, not a php file
Reading file /usr/local/horde/checkout/horde-hatchery.git/imp/lib/tests/quota_maildir.phpt -- File not parsed, not a php file
Reading file /usr/local/horde/checkout/horde-hatchery.git/imp/lib/Accounts.php -- Parsing file
WARNING in Accounts.php on line 14: DocBlock would be page-level, but precedes class "IMP_Accounts", use another DocBlock to document the file
Reading file /usr/local/horde/checkout/horde-hatchery.git/imp/lib/Ajax/Imple/ContactAutoCompleter.php -- Parsing file
WARNING in ContactAutoCompleter.php on line 13: DocBlock would be page-level, but precedes class "IMP_Ajax_Imple_ContactAutoCompleter", use another DocBlock to document the file
Reading file /usr/local/horde/checkout/horde-hatchery.git/imp/lib/Api.php -- Parsing file
WARNING in Api.php on line 13: DocBlock would be page-level, but precedes class "IMP_Api", use another DocBlock to document the file
Reading file /usr/local/horde/checkout/horde-hatchery.git/imp/lib/Application.php -- Parsing file
WARNING in Application.php on line 955: File "/usr/local/horde/checkout/horde-hatchery.git/imp/lib/Application.php" has no page-level DocBlock, use @package in the first DocBlock to create one
Reading file /usr/local/horde/checkout/horde-hatchery.git/imp/lib/Auth.php -- Parsing file
WARNING in Auth.php on line 15: DocBlock would be page-level, but precedes class "IMP_Auth", use another DocBlock to document the file
Reading file /usr/local/horde/checkout/horde-hatchery.git/imp/lib/Compose.php -- Parsing file
WARNING in Compose.php on line 14: DocBlock would be page-level, but precedes class "IMP_Compose", use another DocBlock to document the file
WARNING in Compose.php on line 271: Unknown tag "@throw" used
Reading file /usr/local/horde/checkout/horde-hatchery.git/imp/lib/Compose/Exception.php -- Parsing file
WARNING in Exception.php on line 14: DocBlock would be page-level, but precedes class "IMP_Compose_Exception", use another DocBlock to document the file
Reading file /usr/local/horde/checkout/horde-hatchery.git/imp/lib/Contents.php -- Parsing file
WARNING in Contents.php on line 14: DocBlock would be page-level, but precedes class "IMP_Contents", use another DocBlock to document the file
Reading file /usr/local/horde/checkout/horde-hatchery.git/imp/lib/Dimp.php -- Parsing file
WARNING in Dimp.php on line 13: DocBlock would be page-level, but precedes class "IMP_Dimp", use another DocBlock to document the file
Reading file /usr/local/horde/checkout/horde-hatchery.git/imp/lib/Filter.php -- Parsing file
WARNING in Filter.php on line 24: DocBlock would be page-level, but precedes class "IMP_Filter", use another DocBlock to document the file
Reading file /usr/local/horde/checkout/horde-hatchery.git/imp/lib/Folder.php -- Parsing file
WARNING in Folder.php on line 18: DocBlock would be page-level, but precedes class "IMP_Folder", use another DocBlock to document the file
Reading file /usr/local/horde/checkout/horde-hatchery.git/imp/lib/IMP.php -- Parsing file
WARNING in IMP.php on line 15: DocBlock would be page-level, but precedes class "IMP", use another DocBlock to document the file
Reading file /usr/local/horde/checkout/horde-hatchery.git/imp/lib/Imap.php -- Parsing file
WARNING in Imap.php on line 14: DocBlock would be page-level, but precedes class "IMP_Imap", use another DocBlock to document the file
Reading file /usr/local/horde/checkout/horde-hatchery.git/imp/lib/LoginTasks/SystemTask/GarbageCollection.php -- Parsing file
WARNING in GarbageCollection.php on line 13: DocBlock would be page-level, but precedes class "IMP_LoginTasks_SystemTask_GarbageCollection", use another DocBlock to document the file
Reading file /usr/local/horde/checkout/horde-hatchery.git/imp/lib/LoginTasks/SystemTask/UpgradeFromImp4.php -- Parsing file
WARNING in UpgradeFromImp4.php on line 13: DocBlock would be page-level, but precedes class "IMP_LoginTasks_SystemTask_UpgradeFromImp4", use another DocBlock to document the file
Reading file /usr/local/horde/checkout/horde-hatchery.git/imp/lib/LoginTasks/Task/DeleteAttachmentsMonthly.php -- Parsing file
WARNING in DeleteAttachmentsMonthly.php on line 11: DocBlock would be page-level, but precedes class "IMP_LoginTasks_Task_DeleteAttachmentsMonthly", use another DocBlock to document the file
Reading file /usr/local/horde/checkout/horde-hatchery.git/imp/lib/LoginTasks/Task/DeleteSentmailMonthly.php -- Parsing file
WARNING in DeleteSentmailMonthly.php on line 13: DocBlock would be page-level, but precedes class "IMP_LoginTasks_Task_DeleteSentmailMonthly", use another DocBlock to document the file
Reading file /usr/local/horde/checkout/horde-hatchery.git/imp/lib/LoginTasks/Task/PurgeSentmail.php -- Parsing file
WARNING in PurgeSentmail.php on line 14: DocBlock would be page-level, but precedes class "IMP_LoginTasks_Task_PurgeSentmail", use another DocBlock to document the file
Reading file /usr/local/horde/checkout/horde-hatchery.git/imp/lib/LoginTasks/Task/PurgeSpam.php -- Parsing file
WARNING in PurgeSpam.php on line 14: DocBlock would be page-level, but precedes class "IMP_LoginTasks_Task_PurgeSpam", use another DocBlock to document the file
Reading file /usr/local/horde/checkout/horde-hatchery.git/imp/lib/LoginTasks/Task/PurgeTrash.php -- Parsing file
WARNING in PurgeTrash.php on line 13: DocBlock would be page-level, but precedes class "IMP_LoginTasks_Task_PurgeTrash", use another DocBlock to document the file
Reading file /usr/local/horde/checkout/horde-hatchery.git/imp/lib/LoginTasks/Task/RenameSentmailMonthly.php -- Parsing file
WARNING in RenameSentmailMonthly.php on line 13: DocBlock would be page-level, but precedes class "IMP_LoginTasks_Task_RenameSentmailMonthly", use another DocBlock to document the file
Reading file /usr/local/horde/checkout/horde-hatchery.git/imp/lib/Mailbox.php -- Parsing file
WARNING in Mailbox.php on line 14: DocBlock would be page-level, but precedes class "IMP_Mailbox", use another DocBlock to document the file
Reading file /usr/local/horde/checkout/horde-hatchery.git/imp/lib/Maillog.php -- Parsing file
WARNING in Maillog.php on line 14: DocBlock would be page-level, but precedes class "IMP_Maillog", use another DocBlock to document the file
Reading file /usr/local/horde/checkout/horde-hatchery.git/imp/lib/Message.php -- Parsing file
WARNING in Message.php on line 19: DocBlock would be page-level, but precedes class "IMP_Message", use another DocBlock to document the file
Reading file /usr/local/horde/checkout/horde-hatchery.git/imp/lib/Mimp.php -- Parsing file
WARNING in Mimp.php on line 14: DocBlock would be page-level, but precedes class "IMP_Mimp", use another DocBlock to document the file
Reading file /usr/local/horde/checkout/horde-hatchery.git/imp/lib/Notification/Listener/Status.php -- Parsing file
WARNING in Status.php on line 12: DocBlock would be page-level, but precedes class "IMP_Notification_Listener_Status", use another DocBlock to document the file
Reading file /usr/local/horde/checkout/horde-hatchery.git/imp/lib/Notification/Listener/StatusMobile.php -- Parsing file
WARNING in StatusMobile.php on line 15: DocBlock would be page-level, but precedes class "IMP_Notification_Listener_StatusMobile", use another DocBlock to document the file
Reading file /usr/local/horde/checkout/horde-hatchery.git/imp/lib/Quota.php -- Parsing file
WARNING in Quota.php on line 14: DocBlock would be page-level, but precedes class "IMP_Quota", use another DocBlock to document the file
Reading file /usr/local/horde/checkout/horde-hatchery.git/imp/lib/Quota/Command.php -- Parsing file
WARNING in Command.php on line 26: DocBlock would be page-level, but precedes class "IMP_Quota_Command", use another DocBlock to document the file
Reading file /usr/local/horde/checkout/horde-hatchery.git/imp/lib/Quota/Hook.php -- Parsing file
WARNING in Hook.php on line 21: DocBlock would be page-level, but precedes class "IMP_Quota_Hook", use another DocBlock to document the file
Reading file /usr/local/horde/checkout/horde-hatchery.git/imp/lib/Quota/Imap.php -- Parsing file
WARNING in Imap.php on line 13: DocBlock would be page-level, but precedes class "IMP_Quota_Imap", use another DocBlock to document the file
Reading file /usr/local/horde/checkout/horde-hatchery.git/imp/lib/Quota/Logfile.php -- Parsing file
WARNING in Logfile.php on line 39: DocBlock would be page-level, but precedes class "IMP_Quota_Logfile", use another DocBlock to document the file
Reading file /usr/local/horde/checkout/horde-hatchery.git/imp/lib/Quota/Maildir.php -- Parsing file
WARNING in Maildir.php on line 32: DocBlock would be page-level, but precedes class "IMP_Quota_Maildir", use another DocBlock to document the file
Reading file /usr/local/horde/checkout/horde-hatchery.git/imp/lib/Quota/Mdaemon.php -- Parsing file
WARNING in Mdaemon.php on line 18: DocBlock would be page-level, but precedes class "IMP_Quota_Mdaemon", use another DocBlock to document the file
Reading file /usr/local/horde/checkout/horde-hatchery.git/imp/lib/Quota/Mercury32.php -- Parsing file
WARNING in Mercury32.php on line 43: DocBlock would be page-level, but precedes class "IMP_Quota_Mercury32", use another DocBlock to document the file
Reading file /usr/local/horde/checkout/horde-hatchery.git/imp/lib/Quota/Sql.php -- Parsing file
WARNING in Sql.php on line 45: DocBlock would be page-level, but precedes class "IMP_Quota_Sql", use another DocBlock to document the file
Reading file /usr/local/horde/checkout/horde-hatchery.git/imp/lib/Search.php -- Parsing file
WARNING in Search.php on line 62: DocBlock would be page-level, but precedes class "IMP_Search", use another DocBlock to document the file
Reading file /usr/local/horde/checkout/horde-hatchery.git/imp/lib/Sentmail.php -- Parsing file
WARNING in Sentmail.php on line 14: DocBlock would be page-level, but precedes class "IMP_Sentmail", use another DocBlock to document the file
Reading file /usr/local/horde/checkout/horde-hatchery.git/imp/lib/Sentmail/Sql.php -- Parsing file
WARNING in Sql.php on line 29: DocBlock would be page-level, but precedes class "IMP_Sentmail_Sql", use another DocBlock to document the file
Reading file /usr/local/horde/checkout/horde-hatchery.git/imp/lib/Spam.php -- Parsing file
WARNING in Spam.php on line 14: DocBlock would be page-level, but precedes class "IMP_Spam", use another DocBlock to document the file
done

Converting From Abstract Parsed Data

Processing Class Inheritance


Processing Root Trees


Processing leftover classes (classes that extend root classes not found in the same package)
Processing IMP_Block_Foldersummary in file /usr/local/horde/checkout/horde-hatchery.git/imp/lib/Block/Foldersummary.php
WARNING: Class IMP_Block_Foldersummary parent Horde_Block not found
Processing IMP_Block_Newmail in file /usr/local/horde/checkout/horde-hatchery.git/imp/lib/Block/Newmail.php
WARNING: Class IMP_Block_Newmail parent Horde_Block not found
Processing Horde_Block_imp_summary in file /usr/local/horde/checkout/horde-hatchery.git/imp/lib/Block/summary.php
WARNING: Class Horde_Block_imp_summary parent Horde_Block not found
Processing Horde_Block_imp_tree_folders in file /usr/local/horde/checkout/horde-hatchery.git/imp/lib/Block/tree_folders.php
WARNING: Class Horde_Block_imp_tree_folders parent Horde_Block not found
Processing IMP_Crypt_Pgp in file /usr/local/horde/checkout/horde-hatchery.git/imp/lib/Crypt/Pgp.php
WARNING: Class IMP_Crypt_Pgp parent Horde_Crypt_Pgp not found
Processing IMP_Crypt_Smime in file /usr/local/horde/checkout/horde-hatchery.git/imp/lib/Crypt/Smime.php
WARNING: Class IMP_Crypt_Smime parent Horde_Crypt_Smime not found
Processing Identity_imp in file /usr/local/horde/checkout/horde-hatchery.git/imp/lib/Identity/imp.php
WARNING: Class Identity_imp parent Identity not found
Processing IMP_Horde_Mime_Viewer_Enriched in file /usr/local/horde/checkout/horde-hatchery.git/imp/lib/Mime/Viewer/Enriched.php
WARNING: Class IMP_Horde_Mime_Viewer_Enriched parent Horde_Mime_Viewer_Enriched not found
Processing IMP_Horde_Mime_Viewer_Alternative in file /usr/local/horde/checkout/horde-hatchery.git/imp/lib/Mime/Viewer/Alternative.php
WARNING: Class IMP_Horde_Mime_Viewer_Alternative parent Horde_Mime_Viewer_Driver not found
Processing IMP_Horde_Mime_Viewer_Appledouble in file /usr/local/horde/checkout/horde-hatchery.git/imp/lib/Mime/Viewer/Appledouble.php
WARNING: Class IMP_Horde_Mime_Viewer_Appledouble parent Horde_Mime_Viewer_Driver not found
Processing IMP_Horde_Mime_Viewer_Html in file /usr/local/horde/checkout/horde-hatchery.git/imp/lib/Mime/Viewer/Html.php
WARNING: Class IMP_Horde_Mime_Viewer_Html parent Horde_Mime_Viewer_Html not found
Processing IMP_Horde_Mime_Viewer_Images in file /usr/local/horde/checkout/horde-hatchery.git/imp/lib/Mime/Viewer/Images.php
WARNING: Class IMP_Horde_Mime_Viewer_Images parent Horde_Mime_Viewer_Images not found
Processing IMP_Horde_Mime_Viewer_Itip in file /usr/local/horde/checkout/horde-hatchery.git/imp/lib/Mime/Viewer/Itip.php
WARNING: Class IMP_Horde_Mime_Viewer_Itip parent Horde_Mime_Viewer_Driver not found
Processing IMP_Horde_Mime_Viewer_Mdn in file /usr/local/horde/checkout/horde-hatchery.git/imp/lib/Mime/Viewer/Mdn.php
WARNING: Class IMP_Horde_Mime_Viewer_Mdn parent Horde_Mime_Viewer_Driver not found
Processing IMP_Horde_Mime_Viewer_Partial in file /usr/local/horde/checkout/horde-hatchery.git/imp/lib/Mime/Viewer/Partial.php
WARNING: Class IMP_Horde_Mime_Viewer_Partial parent Horde_Mime_Viewer_Driver not found
Processing IMP_Horde_Mime_Viewer_Pdf in file /usr/local/horde/checkout/horde-hatchery.git/imp/lib/Mime/Viewer/Pdf.php
WARNING: Class IMP_Horde_Mime_Viewer_Pdf parent Horde_Mime_Viewer_Pdf not found
Processing IMP_Horde_Mime_Viewer_Pgp in file /usr/local/horde/checkout/horde-hatchery.git/imp/lib/Mime/Viewer/Pgp.php
WARNING: Class IMP_Horde_Mime_Viewer_Pgp parent Horde_Mime_Viewer_Driver not found
Processing IMP_Horde_Mime_Viewer_Plain in file /usr/local/horde/checkout/horde-hatchery.git/imp/lib/Mime/Viewer/Plain.php
WARNING: Class IMP_Horde_Mime_Viewer_Plain parent Horde_Mime_Viewer_Plain not found
Processing IMP_Horde_Mime_Viewer_Related in file /usr/local/horde/checkout/horde-hatchery.git/imp/lib/Mime/Viewer/Related.php
WARNING: Class IMP_Horde_Mime_Viewer_Related parent Horde_Mime_Viewer_Driver not found
Processing IMP_Horde_Mime_Viewer_Rfc822 in file /usr/local/horde/checkout/horde-hatchery.git/imp/lib/Mime/Viewer/Rfc822.php
WARNING: Class IMP_Horde_Mime_Viewer_Rfc822 parent Horde_Mime_Viewer_Rfc822 not found
Processing IMP_Horde_Mime_Viewer_Smil in file /usr/local/horde/checkout/horde-hatchery.git/imp/lib/Mime/Viewer/Smil.php
WARNING: Class IMP_Horde_Mime_Viewer_Smil parent Horde_Mime_Viewer_Smil not found
Processing IMP_Horde_Mime_Viewer_Smime in file /usr/local/horde/checkout/horde-hatchery.git/imp/lib/Mime/Viewer/Smime.php
WARNING: Class IMP_Horde_Mime_Viewer_Smime parent Horde_Mime_Viewer_Driver not found
Processing IMP_Horde_Mime_Viewer_Status in file /usr/local/horde/checkout/horde-hatchery.git/imp/lib/Mime/Viewer/Status.php
WARNING: Class IMP_Horde_Mime_Viewer_Status parent Horde_Mime_Viewer_Driver not found
Processing IMP_Horde_Mime_Viewer_Tnef in file /usr/local/horde/checkout/horde-hatchery.git/imp/lib/Mime/Viewer/Tnef.php
WARNING: Class IMP_Horde_Mime_Viewer_Tnef parent Horde_Mime_Viewer_Tnef not found
Processing IMP_Horde_Mime_Viewer_Zip in file /usr/local/horde/checkout/horde-hatchery.git/imp/lib/Mime/Viewer/Zip.php
WARNING: Class IMP_Horde_Mime_Viewer_Zip parent Horde_Mime_Viewer_Zip not found
Processing IMP_Ajax_Imple_ContactAutoCompleter in file /usr/local/horde/checkout/horde-hatchery.git/imp/lib/Ajax/Imple/ContactAutoCompleter.php
WARNING: Class IMP_Ajax_Imple_ContactAutoCompleter parent Horde_Ajax_Imple_AutoCompleter not found
Processing IMP_Api in file /usr/local/horde/checkout/horde-hatchery.git/imp/lib/Api.php
WARNING: Class IMP_Api parent Horde_Registry_Api not found
Processing IMP_Application in file /usr/local/horde/checkout/horde-hatchery.git/imp/lib/Application.php
WARNING: Class IMP_Application parent Horde_Registry_Application not found
Processing IMP_Compose_Exception in file /usr/local/horde/checkout/horde-hatchery.git/imp/lib/Compose/Exception.php
WARNING: Class IMP_Compose_Exception parent Horde_Exception not found
Processing IMP_LoginTasks_SystemTask_GarbageCollection in file /usr/local/horde/checkout/horde-hatchery.git/imp/lib/LoginTasks/SystemTask/GarbageCollection.php
WARNING: Class IMP_LoginTasks_SystemTask_GarbageCollection parent Horde_LoginTasks_SystemTask not found
Processing IMP_LoginTasks_SystemTask_UpgradeFromImp4 in file /usr/local/horde/checkout/horde-hatchery.git/imp/lib/LoginTasks/SystemTask/UpgradeFromImp4.php
WARNING: Class IMP_LoginTasks_SystemTask_UpgradeFromImp4 parent Horde_LoginTasks_SystemTask not found
Processing IMP_LoginTasks_Task_DeleteAttachmentsMonthly in file /usr/local/horde/checkout/horde-hatchery.git/imp/lib/LoginTasks/Task/DeleteAttachmentsMonthly.php
WARNING: Class IMP_LoginTasks_Task_DeleteAttachmentsMonthly parent Horde_LoginTasks_Task not found
Processing IMP_LoginTasks_Task_DeleteSentmailMonthly in file /usr/local/horde/checkout/horde-hatchery.git/imp/lib/LoginTasks/Task/DeleteSentmailMonthly.php
WARNING: Class IMP_LoginTasks_Task_DeleteSentmailMonthly parent Horde_LoginTasks_Task not found
Processing IMP_LoginTasks_Task_PurgeSentmail in file /usr/local/horde/checkout/horde-hatchery.git/imp/lib/LoginTasks/Task/PurgeSentmail.php
WARNING: Class IMP_LoginTasks_Task_PurgeSentmail parent Horde_LoginTasks_Task not found
Processing IMP_LoginTasks_Task_PurgeSpam in file /usr/local/horde/checkout/horde-hatchery.git/imp/lib/LoginTasks/Task/PurgeSpam.php
WARNING: Class IMP_LoginTasks_Task_PurgeSpam parent Horde_LoginTasks_Task not found
Processing IMP_LoginTasks_Task_PurgeTrash in file /usr/local/horde/checkout/horde-hatchery.git/imp/lib/LoginTasks/Task/PurgeTrash.php
WARNING: Class IMP_LoginTasks_Task_PurgeTrash parent Horde_LoginTasks_Task not found
Processing IMP_LoginTasks_Task_RenameSentmailMonthly in file /usr/local/horde/checkout/horde-hatchery.git/imp/lib/LoginTasks/Task/RenameSentmailMonthly.php
WARNING: Class IMP_LoginTasks_Task_RenameSentmailMonthly parent Horde_LoginTasks_Task not found
Processing IMP_Notification_Listener_Status in file /usr/local/horde/checkout/horde-hatchery.git/imp/lib/Notification/Listener/Status.php
WARNING: Class IMP_Notification_Listener_Status parent Horde_Notification_Listener_Status not found
Processing IMP_Notification_Listener_StatusMobile in file /usr/local/horde/checkout/horde-hatchery.git/imp/lib/Notification/Listener/StatusMobile.php
WARNING: Class IMP_Notification_Listener_StatusMobile parent Horde_Notification_Listener_Mobile not found
done processing leftover classes

Processing Procedural Page Element Name Conflicts


Sorting page elements...done
Formatting @uses list...done

creating /horde/web/dev.horde.org/api/imp/media
copying /horde/web/dev.horde.org/api/imp/media/banner.css
copying /horde/web/dev.horde.org/api/imp/media/stylesheet.css
creating /horde/web/dev.horde.org/api/imp/media/images
copying /horde/web/dev.horde.org/api/imp/media/images/AbstractClass.png
copying /horde/web/dev.horde.org/api/imp/media/images/AbstractClass_logo.png
copying /horde/web/dev.horde.org/api/imp/media/images/AbstractMethod.png
copying /horde/web/dev.horde.org/api/imp/media/images/AbstractPrivateClass.png
copying /horde/web/dev.horde.org/api/imp/media/images/AbstractPrivateClass_logo.png
copying /horde/web/dev.horde.org/api/imp/media/images/AbstractPrivateMethod.png
copying /horde/web/dev.horde.org/api/imp/media/images/blank.png
copying /horde/web/dev.horde.org/api/imp/media/images/Class.png
copying /horde/web/dev.horde.org/api/imp/media/images/class_folder.png
copying /horde/web/dev.horde.org/api/imp/media/images/Class_logo.png
copying /horde/web/dev.horde.org/api/imp/media/images/Constant.png
copying /horde/web/dev.horde.org/api/imp/media/images/Constructor.png
copying /horde/web/dev.horde.org/api/imp/media/images/Destructor.png
copying /horde/web/dev.horde.org/api/imp/media/images/empty.png
copying /horde/web/dev.horde.org/api/imp/media/images/file.png
copying /horde/web/dev.horde.org/api/imp/media/images/folder.png
copying /horde/web/dev.horde.org/api/imp/media/images/Function.png
copying /horde/web/dev.horde.org/api/imp/media/images/function_folder.png
copying /horde/web/dev.horde.org/api/imp/media/images/Global.png
copying /horde/web/dev.horde.org/api/imp/media/images/I.png
copying /horde/web/dev.horde.org/api/imp/media/images/Index.png
copying /horde/web/dev.horde.org/api/imp/media/images/Interface.png
copying /horde/web/dev.horde.org/api/imp/media/images/Interface_logo.png
copying /horde/web/dev.horde.org/api/imp/media/images/L.png
copying /horde/web/dev.horde.org/api/imp/media/images/Lminus.png
copying /horde/web/dev.horde.org/api/imp/media/images/Lplus.png
copying /horde/web/dev.horde.org/api/imp/media/images/Method.png
copying /horde/web/dev.horde.org/api/imp/media/images/minus.gif
copying /horde/web/dev.horde.org/api/imp/media/images/next_button.png
copying /horde/web/dev.horde.org/api/imp/media/images/next_button_disabled.png
copying /horde/web/dev.horde.org/api/imp/media/images/package.png
copying /horde/web/dev.horde.org/api/imp/media/images/package_folder.png
copying /horde/web/dev.horde.org/api/imp/media/images/Page.png
copying /horde/web/dev.horde.org/api/imp/media/images/Page_logo.png
copying /horde/web/dev.horde.org/api/imp/media/images/plus.gif
copying /horde/web/dev.horde.org/api/imp/media/images/previous_button.png
copying /horde/web/dev.horde.org/api/imp/media/images/previous_button_disabled.png
copying /horde/web/dev.horde.org/api/imp/media/images/PrivateClass.png
copying /horde/web/dev.horde.org/api/imp/media/images/PrivateClass_logo.png
copying /horde/web/dev.horde.org/api/imp/media/images/PrivateMethod.png
copying /horde/web/dev.horde.org/api/imp/media/images/PrivateVariable.png
copying /horde/web/dev.horde.org/api/imp/media/images/private_class_logo.png
copying /horde/web/dev.horde.org/api/imp/media/images/StaticMethod.png
copying /horde/web/dev.horde.org/api/imp/media/images/StaticVariable.png
copying /horde/web/dev.horde.org/api/imp/media/images/T.png
copying /horde/web/dev.horde.org/api/imp/media/images/Tminus.png
copying /horde/web/dev.horde.org/api/imp/media/images/Tplus.png
copying /horde/web/dev.horde.org/api/imp/media/images/tutorial.png
copying /horde/web/dev.horde.org/api/imp/media/images/tutorial_folder.png
copying /horde/web/dev.horde.org/api/imp/media/images/up_button.png
copying /horde/web/dev.horde.org/api/imp/media/images/Variable.png
creating /horde/web/dev.horde.org/api/imp/media/lib
copying /horde/web/dev.horde.org/api/imp/media/lib/classTree.js
Building indexes...done

Sorting Indexes...done

Sorting @todo list...done
Converting README/INSTALL/CHANGELOG contents...
README...    Writing /horde/web/dev.horde.org/api/imp/ric_README.html

done
Converting tutorials/extended docs
Formatting Package Indexes...    Writing /horde/web/dev.horde.org/api/imp/elementindex_IMP.html
    Writing /horde/web/dev.horde.org/api/imp/elementindex_Horde_Mime.html
    Writing /horde/web/dev.horde.org/api/imp/elementindex_IMP_Quota.html
    Writing /horde/web/dev.horde.org/api/imp/elementindex_Horde_LoginTasks.html
    Writing /horde/web/dev.horde.org/api/imp/elementindex_Horde_Block.html
    Writing /horde/web/dev.horde.org/api/imp/elementindex_Horde_Identity.html
    Writing /horde/web/dev.horde.org/api/imp/elementindex_Horde_Mime_Viewer.html
    Writing /horde/web/dev.horde.org/api/imp/elementindex_Horde_Notification.html

done
Formatting Index...
    Writing /horde/web/dev.horde.org/api/imp/elementindex.html
    Writing /horde/web/dev.horde.org/api/imp/blank.html

    Writing /horde/web/dev.horde.org/api/imp/index.html
    Writing /horde/web/dev.horde.org/api/imp/packages.html
done

Formatting Left Quick Index...
    Writing /horde/web/dev.horde.org/api/imp/li_Horde_Block.html
    Writing /horde/web/dev.horde.org/api/imp/classtrees_Horde_Block.html

    Writing /horde/web/dev.horde.org/api/imp/li_IMP.html
    Writing /horde/web/dev.horde.org/api/imp/classtrees_IMP.html

    Writing /horde/web/dev.horde.org/api/imp/li_Horde_Identity.html
    Writing /horde/web/dev.horde.org/api/imp/classtrees_Horde_Identity.html

    Writing /horde/web/dev.horde.org/api/imp/li_Horde_Mime.html
    Writing /horde/web/dev.horde.org/api/imp/classtrees_Horde_Mime.html

    Writing /horde/web/dev.horde.org/api/imp/li_Horde_Mime_Viewer.html
    Writing /horde/web/dev.horde.org/api/imp/classtrees_Horde_Mime_Viewer.html

    Writing /horde/web/dev.horde.org/api/imp/li_Horde_LoginTasks.html
    Writing /horde/web/dev.horde.org/api/imp/classtrees_Horde_LoginTasks.html

    Writing /horde/web/dev.horde.org/api/imp/li_Horde_Notification.html
    Writing /horde/web/dev.horde.org/api/imp/classtrees_Horde_Notification.html

    Writing /horde/web/dev.horde.org/api/imp/li_IMP_Quota.html
    Writing /horde/web/dev.horde.org/api/imp/classtrees_IMP_Quota.html

done

Converting /usr/local/horde/checkout/horde-hatchery.git/imp/lib/Accounts.php Procedural Page Elements... Classes...
    Writing /horde/web/dev.horde.org/api/imp/IMP/IMP_Accounts.html
 done
    Writing /horde/web/dev.horde.org/api/imp/IMP/_lib---Accounts.php.html
Converting /usr/local/horde/checkout/horde-hatchery.git/imp/lib/Imap/Acl.php Procedural Page Elements... Classes...
    Writing /horde/web/dev.horde.org/api/imp/IMP/IMP_Imap_Acl.html
 done
    Writing /horde/web/dev.horde.org/api/imp/IMP/_lib---Imap---Acl.php.html
Converting /usr/local/horde/checkout/horde-hatchery.git/imp/lib/Mime/Viewer/Alternative.php Procedural Page Elements... Classes...
Creating Directory /horde/web/dev.horde.org/api/imp/Horde_Mime
    Writing /horde/web/dev.horde.org/api/imp/Horde_Mime/IMP_Horde_Mime_Viewer_Alternative.html
 done
    Writing /horde/web/dev.horde.org/api/imp/Horde_Mime/_lib---Mime---Viewer---Alternative.php.html
Converting /usr/local/horde/checkout/horde-hatchery.git/imp/lib/Api.php Procedural Page Elements... Classes...
    Writing /horde/web/dev.horde.org/api/imp/IMP/IMP_Api.html
 done
    Writing /horde/web/dev.horde.org/api/imp/IMP/_lib---Api.php.html
Converting /usr/local/horde/checkout/horde-hatchery.git/imp/lib/Mime/Viewer/Appledouble.php Procedural Page Elements... Classes...
    Writing /horde/web/dev.horde.org/api/imp/Horde_Mime/IMP_Horde_Mime_Viewer_Appledouble.html
 done
    Writing /horde/web/dev.horde.org/api/imp/Horde_Mime/_lib---Mime---Viewer---Appledouble.php.html
Converting /usr/local/horde/checkout/horde-hatchery.git/imp/lib/Application.php Procedural Page Elements... Classes...
    Writing /horde/web/dev.horde.org/api/imp/IMP/IMP_Application.html
 done
    Writing /horde/web/dev.horde.org/api/imp/IMP/_lib---Application.php.html
Converting /usr/local/horde/checkout/horde-hatchery.git/imp/lib/Auth.php Procedural Page Elements... Classes...
    Writing /horde/web/dev.horde.org/api/imp/IMP/IMP_Auth.html
 done
    Writing /horde/web/dev.horde.org/api/imp/IMP/_lib---Auth.php.html
Converting /usr/local/horde/checkout/horde-hatchery.git/imp/lib/Quota/Command.php Procedural Page Elements... Classes...
    Writing /horde/web/dev.horde.org/api/imp/IMP_Quota/IMP_Quota_Command.html
 done
    Writing /horde/web/dev.horde.org/api/imp/IMP_Quota/_lib---Quota---Command.php.html
Converting /usr/local/horde/checkout/horde-hatchery.git/imp/lib/Compose.php Procedural Page Elements... Classes...
    Writing /horde/web/dev.horde.org/api/imp/IMP/IMP_Compose.html
 done
    Writing /horde/web/dev.horde.org/api/imp/IMP/_lib---Compose.php.html
Converting /usr/local/horde/checkout/horde-hatchery.git/imp/lib/UI/Compose.php Procedural Page Elements... Classes...
    Writing /horde/web/dev.horde.org/api/imp/IMP/IMP_UI_Compose.html
 done
    Writing /horde/web/dev.horde.org/api/imp/IMP/_lib---UI---Compose.php.html
Converting /usr/local/horde/checkout/horde-hatchery.git/imp/lib/Views/Compose.php Procedural Page Elements... Classes...
    Writing /horde/web/dev.horde.org/api/imp/IMP/IMP_Views_Compose.html
 done
    Writing /horde/web/dev.horde.org/api/imp/IMP/_lib---Views---Compose.php.html
Converting /usr/local/horde/checkout/horde-hatchery.git/imp/lib/Ajax/Imple/ContactAutoCompleter.php Procedural Page Elements... Classes...
    Writing /horde/web/dev.horde.org/api/imp/IMP/IMP_Ajax_Imple_ContactAutoCompleter.html
 done
    Writing /horde/web/dev.horde.org/api/imp/IMP/_lib---Ajax---Imple---ContactAutoCompleter.php.html
Converting /usr/local/horde/checkout/horde-hatchery.git/imp/lib/Contents.php Procedural Page Elements... Classes...
    Writing /horde/web/dev.horde.org/api/imp/IMP/IMP_Contents.html
 done
    Writing /horde/web/dev.horde.org/api/imp/IMP/_lib---Contents.php.html
Converting /usr/local/horde/checkout/horde-hatchery.git/imp/lib/LoginTasks/Task/DeleteAttachmentsMonthly.php Procedural Page Elements... Classes...
Creating Directory /horde/web/dev.horde.org/api/imp/Horde_LoginTasks
    Writing /horde/web/dev.horde.org/api/imp/Horde_LoginTasks/IMP_LoginTasks_Task_DeleteAttachmentsMonthly.html
 done
    Writing /horde/web/dev.horde.org/api/imp/Horde_LoginTasks/_lib---LoginTasks---Task---DeleteAttachmentsMonthly.php.html
Converting /usr/local/horde/checkout/horde-hatchery.git/imp/lib/LoginTasks/Task/DeleteSentmailMonthly.php Procedural Page Elements... Classes...
    Writing /horde/web/dev.horde.org/api/imp/Horde_LoginTasks/IMP_LoginTasks_Task_DeleteSentmailMonthly.html
 done
    Writing /horde/web/dev.horde.org/api/imp/Horde_LoginTasks/_lib---LoginTasks---Task---DeleteSentmailMonthly.php.html
Converting /usr/local/horde/checkout/horde-hatchery.git/imp/lib/Dimp.php Procedural Page Elements... Classes...
    Writing /horde/web/dev.horde.org/api/imp/IMP/IMP_Dimp.html
 done
    Writing /horde/web/dev.horde.org/api/imp/IMP/_lib---Dimp.php.html
Converting /usr/local/horde/checkout/horde-hatchery.git/imp/lib/Mime/Viewer/Enriched.php Procedural Page Elements... Classes...
    Writing /horde/web/dev.horde.org/api/imp/Horde_Mime/IMP_Horde_Mime_Viewer_Enriched.html
 done
    Writing /horde/web/dev.horde.org/api/imp/Horde_Mime/_lib---Mime---Viewer---Enriched.php.html
Converting /usr/local/horde/checkout/horde-hatchery.git/imp/lib/Compose/Exception.php Procedural Page Elements... Classes...
    Writing /horde/web/dev.horde.org/api/imp/IMP/IMP_Compose_Exception.html
 done
    Writing /horde/web/dev.horde.org/api/imp/IMP/_lib---Compose---Exception.php.html
Converting /usr/local/horde/checkout/horde-hatchery.git/imp/lib/Filter.php Procedural Page Elements... Classes...
    Writing /horde/web/dev.horde.org/api/imp/IMP/IMP_Filter.html
 done
    Writing /horde/web/dev.horde.org/api/imp/IMP/_lib---Filter.php.html
Converting /usr/local/horde/checkout/horde-hatchery.git/imp/lib/Imap/Flags.php Procedural Page Elements... Classes...
    Writing /horde/web/dev.horde.org/api/imp/IMP/IMP_Imap_Flags.html
 done
    Writing /horde/web/dev.horde.org/api/imp/IMP/_lib---Imap---Flags.php.html
Converting /usr/local/horde/checkout/horde-hatchery.git/imp/lib/UI/Folder.php Procedural Page Elements... Classes...
    Writing /horde/web/dev.horde.org/api/imp/IMP/IMP_UI_Folder.html
 done
    Writing /horde/web/dev.horde.org/api/imp/IMP/_lib---UI---Folder.php.html
Converting /usr/local/horde/checkout/horde-hatchery.git/imp/lib/Folder.php Procedural Page Elements... Classes...
    Writing /horde/web/dev.horde.org/api/imp/IMP/IMP_Folder.html
 done
    Writing /horde/web/dev.horde.org/api/imp/IMP/_lib---Folder.php.html
Converting /usr/local/horde/checkout/horde-hatchery.git/imp/lib/Block/Foldersummary.php Procedural Page Elements... Classes...
    Writing /horde/web/dev.horde.org/api/imp/Horde_Block/IMP_Block_Foldersummary.html
 done
    Writing /horde/web/dev.horde.org/api/imp/Horde_Block/_lib---Block---Foldersummary.php.html
Converting /usr/local/horde/checkout/horde-hatchery.git/imp/lib/LoginTasks/SystemTask/GarbageCollection.php Procedural Page Elements... Classes...
    Writing /horde/web/dev.horde.org/api/imp/Horde_LoginTasks/IMP_LoginTasks_SystemTask_GarbageCollection.html
 done
    Writing /horde/web/dev.horde.org/api/imp/Horde_LoginTasks/_lib---LoginTasks---SystemTask---GarbageCollection.php.html
Converting /usr/local/horde/checkout/horde-hatchery.git/imp/lib/Quota/Hook.php Procedural Page Elements... Classes...
    Writing /horde/web/dev.horde.org/api/imp/IMP_Quota/IMP_Quota_Hook.html
 done
    Writing /horde/web/dev.horde.org/api/imp/IMP_Quota/_lib---Quota---Hook.php.html
Converting /usr/local/horde/checkout/horde-hatchery.git/imp/lib/Mime/Viewer/Html.php Procedural Page Elements... Classes...
    Writing /horde/web/dev.horde.org/api/imp/Horde_Mime/IMP_Horde_Mime_Viewer_Html.html
 done
    Writing /horde/web/dev.horde.org/api/imp/Horde_Mime/_lib---Mime---Viewer---Html.php.html
Converting /usr/local/horde/checkout/horde-hatchery.git/imp/lib/Mime/Viewer/Images.php Procedural Page Elements... Classes...
    Writing /horde/web/dev.horde.org/api/imp/Horde_Mime/IMP_Horde_Mime_Viewer_Images.html
 done
    Writing /horde/web/dev.horde.org/api/imp/Horde_Mime/_lib---Mime---Viewer---Images.php.html
Converting /usr/local/horde/checkout/horde-hatchery.git/imp/lib/Quota/Imap.php Procedural Page Elements... Classes...
    Writing /horde/web/dev.horde.org/api/imp/IMP_Quota/IMP_Quota_Imap.html
 done
    Writing /horde/web/dev.horde.org/api/imp/IMP_Quota/_lib---Quota---Imap.php.html
Converting /usr/local/horde/checkout/horde-hatchery.git/imp/lib/Imap.php Procedural Page Elements... Classes...
    Writing /horde/web/dev.horde.org/api/imp/IMP/IMP_Imap.html
 done
    Writing /horde/web/dev.horde.org/api/imp/IMP/_lib---Imap.php.html
Converting /usr/local/horde/checkout/horde-hatchery.git/imp/lib/IMP.php Procedural Page Elements... Classes...
    Writing /horde/web/dev.horde.org/api/imp/IMP/IMP.html
 done
    Writing /horde/web/dev.horde.org/api/imp/IMP/_lib---IMP.php.html
Converting /usr/local/horde/checkout/horde-hatchery.git/imp/lib/Identity/imp.php Procedural Page Elements... Classes...
    Writing /horde/web/dev.horde.org/api/imp/Horde_Identity/Identity_imp.html
 done
    Writing /horde/web/dev.horde.org/api/imp/Horde_Identity/_lib---Identity---imp.php.html
Converting /usr/local/horde/checkout/horde-hatchery.git/imp/lib/Mime/Viewer/Itip.php Procedural Page Elements... Classes...
    Writing /horde/web/dev.horde.org/api/imp/Horde_Mime/IMP_Horde_Mime_Viewer_Itip.html
 done
    Writing /horde/web/dev.horde.org/api/imp/Horde_Mime/_lib---Mime---Viewer---Itip.php.html
Converting /usr/local/horde/checkout/horde-hatchery.git/imp/lib/Views/ListMessages.php Procedural Page Elements... Classes...
    Writing /horde/web/dev.horde.org/api/imp/IMP/IMP_Views_ListMessages.html
 done
    Writing /horde/web/dev.horde.org/api/imp/IMP/_lib---Views---ListMessages.php.html
Converting /usr/local/horde/checkout/horde-hatchery.git/imp/lib/Quota/Logfile.php Procedural Page Elements... Classes...
    Writing /horde/web/dev.horde.org/api/imp/IMP_Quota/IMP_Quota_Logfile.html
 done
    Writing /horde/web/dev.horde.org/api/imp/IMP_Quota/_lib---Quota---Logfile.php.html
Converting /usr/local/horde/checkout/horde-hatchery.git/imp/lib/UI/Mailbox.php Procedural Page Elements... Classes...
    Writing /horde/web/dev.horde.org/api/imp/IMP/IMP_UI_Mailbox.html
 done
    Writing /horde/web/dev.horde.org/api/imp/IMP/_lib---UI---Mailbox.php.html
Converting /usr/local/horde/checkout/horde-hatchery.git/imp/lib/Mailbox.php Procedural Page Elements... Classes...
    Writing /horde/web/dev.horde.org/api/imp/IMP/IMP_Mailbox.html
 done
    Writing /horde/web/dev.horde.org/api/imp/IMP/_lib---Mailbox.php.html
Converting /usr/local/horde/checkout/horde-hatchery.git/imp/lib/Quota/Maildir.php Procedural Page Elements... Classes...
    Writing /horde/web/dev.horde.org/api/imp/IMP_Quota/IMP_Quota_Maildir.html
 done
    Writing /horde/web/dev.horde.org/api/imp/IMP_Quota/_lib---Quota---Maildir.php.html
Converting /usr/local/horde/checkout/horde-hatchery.git/imp/lib/Maillog.php Procedural Page Elements... Classes...
    Writing /horde/web/dev.horde.org/api/imp/IMP/IMP_Maillog.html
 done
    Writing /horde/web/dev.horde.org/api/imp/IMP/_lib---Maillog.php.html
Converting /usr/local/horde/checkout/horde-hatchery.git/imp/lib/Quota/Mdaemon.php Procedural Page Elements... Classes...
    Writing /horde/web/dev.horde.org/api/imp/IMP_Quota/IMP_Quota_Mdaemon.html
 done
    Writing /horde/web/dev.horde.org/api/imp/IMP_Quota/_lib---Quota---Mdaemon.php.html
Converting /usr/local/horde/checkout/horde-hatchery.git/imp/lib/Mime/Viewer/Mdn.php Procedural Page Elements... Classes...
    Writing /horde/web/dev.horde.org/api/imp/Horde_Mime/IMP_Horde_Mime_Viewer_Mdn.html
 done
    Writing /horde/web/dev.horde.org/api/imp/Horde_Mime/_lib---Mime---Viewer---Mdn.php.html
Converting /usr/local/horde/checkout/horde-hatchery.git/imp/lib/Quota/Mercury32.php Procedural Page Elements... Classes...
    Writing /horde/web/dev.horde.org/api/imp/IMP_Quota/IMP_Quota_Mercury32.html
 done
    Writing /horde/web/dev.horde.org/api/imp/IMP_Quota/_lib---Quota---Mercury32.php.html
Converting /usr/local/horde/checkout/horde-hatchery.git/imp/lib/Message.php Procedural Page Elements... Classes...
    Writing /horde/web/dev.horde.org/api/imp/IMP/IMP_Message.html
 done
    Writing /horde/web/dev.horde.org/api/imp/IMP/_lib---Message.php.html
Converting /usr/local/horde/checkout/horde-hatchery.git/imp/lib/UI/Message.php Procedural Page Elements... Classes...
    Writing /horde/web/dev.horde.org/api/imp/IMP/IMP_UI_Message.html
 done
    Writing /horde/web/dev.horde.org/api/imp/IMP/_lib---UI---Message.php.html
Converting /usr/local/horde/checkout/horde-hatchery.git/imp/lib/Mimp.php Procedural Page Elements... Classes...
    Writing /horde/web/dev.horde.org/api/imp/IMP/IMP_Mimp.html
 done
    Writing /horde/web/dev.horde.org/api/imp/IMP/_lib---Mimp.php.html
Converting /usr/local/horde/checkout/horde-hatchery.git/imp/lib/Block/Newmail.php Procedural Page Elements... Classes...
    Writing /horde/web/dev.horde.org/api/imp/Horde_Block/IMP_Block_Newmail.html
 done
    Writing /horde/web/dev.horde.org/api/imp/Horde_Block/_lib---Block---Newmail.php.html
Converting /usr/local/horde/checkout/horde-hatchery.git/imp/lib/Mime/Viewer/Partial.php Procedural Page Elements... Classes...
    Writing /horde/web/dev.horde.org/api/imp/Horde_Mime/IMP_Horde_Mime_Viewer_Partial.html
 done
    Writing /horde/web/dev.horde.org/api/imp/Horde_Mime/_lib---Mime---Viewer---Partial.php.html
Converting /usr/local/horde/checkout/horde-hatchery.git/imp/lib/Mime/Viewer/Pdf.php Procedural Page Elements... Classes...
Creating Directory /horde/web/dev.horde.org/api/imp/Horde_Mime_Viewer
    Writing /horde/web/dev.horde.org/api/imp/Horde_Mime_Viewer/IMP_Horde_Mime_Viewer_Pdf.html
 done
    Writing /horde/web/dev.horde.org/api/imp/Horde_Mime_Viewer/_lib---Mime---Viewer---Pdf.php.html
Converting /usr/local/horde/checkout/horde-hatchery.git/imp/lib/Crypt/Pgp.php Procedural Page Elements... Classes...
    Writing /horde/web/dev.horde.org/api/imp/IMP/IMP_Crypt_Pgp.html
 done
    Writing /horde/web/dev.horde.org/api/imp/IMP/_lib---Crypt---Pgp.php.html
Converting /usr/local/horde/checkout/horde-hatchery.git/imp/lib/Mime/Viewer/Pgp.php Procedural Page Elements... Classes...
    Writing /horde/web/dev.horde.org/api/imp/Horde_Mime/IMP_Horde_Mime_Viewer_Pgp.html
 done
    Writing /horde/web/dev.horde.org/api/imp/Horde_Mime/_lib---Mime---Viewer---Pgp.php.html
Converting /usr/local/horde/checkout/horde-hatchery.git/imp/lib/Mime/Viewer/Plain.php Procedural Page Elements... Classes...
    Writing /horde/web/dev.horde.org/api/imp/Horde_Mime_Viewer/IMP_Horde_Mime_Viewer_Plain.html
 done
    Writing /horde/web/dev.horde.org/api/imp/Horde_Mime_Viewer/_lib---Mime---Viewer---Plain.php.html
Converting /usr/local/horde/checkout/horde-hatchery.git/imp/lib/LoginTasks/Task/PurgeSentmail.php Procedural Page Elements... Classes...
    Writing /horde/web/dev.horde.org/api/imp/Horde_LoginTasks/IMP_LoginTasks_Task_PurgeSentmail.html
 done
    Writing /horde/web/dev.horde.org/api/imp/Horde_LoginTasks/_lib---LoginTasks---Task---PurgeSentmail.php.html
Converting /usr/local/horde/checkout/horde-hatchery.git/imp/lib/LoginTasks/Task/PurgeSpam.php Procedural Page Elements... Classes...
    Writing /horde/web/dev.horde.org/api/imp/Horde_LoginTasks/IMP_LoginTasks_Task_PurgeSpam.html
 done
    Writing /horde/web/dev.horde.org/api/imp/Horde_LoginTasks/_lib---LoginTasks---Task---PurgeSpam.php.html
Converting /usr/local/horde/checkout/horde-hatchery.git/imp/lib/LoginTasks/Task/PurgeTrash.php Procedural Page Elements... Classes...
    Writing /horde/web/dev.horde.org/api/imp/Horde_LoginTasks/IMP_LoginTasks_Task_PurgeTrash.html
 done
    Writing /horde/web/dev.horde.org/api/imp/Horde_LoginTasks/_lib---LoginTasks---Task---PurgeTrash.php.html
Converting /usr/local/horde/checkout/horde-hatchery.git/imp/lib/Quota.php Procedural Page Elements... Classes...
    Writing /horde/web/dev.horde.org/api/imp/IMP_Quota/IMP_Quota.html
 done
    Writing /horde/web/dev.horde.org/api/imp/IMP_Quota/_lib---Quota.php.html
Converting /usr/local/horde/checkout/horde-hatchery.git/imp/lib/Mime/Viewer/Related.php Procedural Page Elements... Classes...
    Writing /horde/web/dev.horde.org/api/imp/Horde_Mime/IMP_Horde_Mime_Viewer_Related.html
 done
    Writing /horde/web/dev.horde.org/api/imp/Horde_Mime/_lib---Mime---Viewer---Related.php.html
Converting /usr/local/horde/checkout/horde-hatchery.git/imp/lib/LoginTasks/Task/RenameSentmailMonthly.php Procedural Page Elements... Classes...
    Writing /horde/web/dev.horde.org/api/imp/Horde_LoginTasks/IMP_LoginTasks_Task_RenameSentmailMonthly.html
 done
    Writing /horde/web/dev.horde.org/api/imp/Horde_LoginTasks/_lib---LoginTasks---Task---RenameSentmailMonthly.php.html
Converting /usr/local/horde/checkout/horde-hatchery.git/imp/lib/Mime/Viewer/Rfc822.php Procedural Page Elements... Classes...
    Writing /horde/web/dev.horde.org/api/imp/Horde_Mime/IMP_Horde_Mime_Viewer_Rfc822.html
 done
    Writing /horde/web/dev.horde.org/api/imp/Horde_Mime/_lib---Mime---Viewer---Rfc822.php.html
Converting /usr/local/horde/checkout/horde-hatchery.git/imp/lib/UI/Search.php Procedural Page Elements... Classes...
    Writing /horde/web/dev.horde.org/api/imp/IMP/IMP_UI_Search.html
 done
    Writing /horde/web/dev.horde.org/api/imp/IMP/_lib---UI---Search.php.html
Converting /usr/local/horde/checkout/horde-hatchery.git/imp/lib/Search.php Procedural Page Elements... Classes...
    Writing /horde/web/dev.horde.org/api/imp/IMP/IMP_Search.html
 done
    Writing /horde/web/dev.horde.org/api/imp/IMP/_lib---Search.php.html
Converting /usr/local/horde/checkout/horde-hatchery.git/imp/lib/Sentmail.php Procedural Page Elements... Classes...
    Writing /horde/web/dev.horde.org/api/imp/IMP/IMP_Sentmail.html
 done
    Writing /horde/web/dev.horde.org/api/imp/IMP/_lib---Sentmail.php.html
Converting /usr/local/horde/checkout/horde-hatchery.git/imp/lib/Views/ShowMessage.php Procedural Page Elements... Classes...
    Writing /horde/web/dev.horde.org/api/imp/IMP/IMP_Views_ShowMessage.html
 done
    Writing /horde/web/dev.horde.org/api/imp/IMP/_lib---Views---ShowMessage.php.html
Converting /usr/local/horde/checkout/horde-hatchery.git/imp/lib/Mime/Viewer/Smil.php Procedural Page Elements... Classes...
    Writing /horde/web/dev.horde.org/api/imp/Horde_Mime/IMP_Horde_Mime_Viewer_Smil.html
 done
    Writing /horde/web/dev.horde.org/api/imp/Horde_Mime/_lib---Mime---Viewer---Smil.php.html
Converting /usr/local/horde/checkout/horde-hatchery.git/imp/lib/Crypt/Smime.php Procedural Page Elements... Classes...
    Writing /horde/web/dev.horde.org/api/imp/IMP/IMP_Crypt_Smime.html
 done
    Writing /horde/web/dev.horde.org/api/imp/IMP/_lib---Crypt---Smime.php.html
Converting /usr/local/horde/checkout/horde-hatchery.git/imp/lib/Mime/Viewer/Smime.php Procedural Page Elements... Classes...
    Writing /horde/web/dev.horde.org/api/imp/Horde_Mime_Viewer/IMP_Horde_Mime_Viewer_Smime.html
 done
    Writing /horde/web/dev.horde.org/api/imp/Horde_Mime_Viewer/_lib---Mime---Viewer---Smime.php.html
Converting /usr/local/horde/checkout/horde-hatchery.git/imp/lib/Spam.php Procedural Page Elements... Classes...
    Writing /horde/web/dev.horde.org/api/imp/IMP/IMP_Spam.html
 done
    Writing /horde/web/dev.horde.org/api/imp/IMP/_lib---Spam.php.html
Converting /usr/local/horde/checkout/horde-hatchery.git/imp/lib/Sentmail/Sql.php Procedural Page Elements... Classes...
    Writing /horde/web/dev.horde.org/api/imp/IMP/IMP_Sentmail_Sql.html
 done
    Writing /horde/web/dev.horde.org/api/imp/IMP/_lib---Sentmail---Sql.php.html
Converting /usr/local/horde/checkout/horde-hatchery.git/imp/lib/Quota/Sql.php Procedural Page Elements... Classes...
    Writing /horde/web/dev.horde.org/api/imp/IMP_Quota/IMP_Quota_Sql.html
 done
    Writing /horde/web/dev.horde.org/api/imp/IMP_Quota/_lib---Quota---Sql.php.html
Converting /usr/local/horde/checkout/horde-hatchery.git/imp/lib/Mime/Viewer/Status.php Procedural Page Elements... Classes...
    Writing /horde/web/dev.horde.org/api/imp/Horde_Mime/IMP_Horde_Mime_Viewer_Status.html
 done
    Writing /horde/web/dev.horde.org/api/imp/Horde_Mime/_lib---Mime---Viewer---Status.php.html
Converting /usr/local/horde/checkout/horde-hatchery.git/imp/lib/Notification/Listener/Status.php Procedural Page Elements... Classes...
    Writing /horde/web/dev.horde.org/api/imp/Horde_Notification/IMP_Notification_Listener_Status.html
 done
    Writing /horde/web/dev.horde.org/api/imp/Horde_Notification/_lib---Notification---Listener---Status.php.html
Converting /usr/local/horde/checkout/horde-hatchery.git/imp/lib/Notification/Listener/StatusMobile.php Procedural Page Elements... Classes...
    Writing /horde/web/dev.horde.org/api/imp/Horde_Notification/IMP_Notification_Listener_StatusMobile.html
 done
    Writing /horde/web/dev.horde.org/api/imp/Horde_Notification/_lib---Notification---Listener---StatusMobile.php.html
Converting /usr/local/horde/checkout/horde-hatchery.git/imp/lib/Block/summary.php Procedural Page Elements... Classes...
    Writing /horde/web/dev.horde.org/api/imp/Horde_Block/Horde_Block_imp_summary.html
 done
    Writing /horde/web/dev.horde.org/api/imp/Horde_Block/_lib---Block---summary.php.html
Converting /usr/local/horde/checkout/horde-hatchery.git/imp/lib/Imap/Thread.php Procedural Page Elements... Classes...
    Writing /horde/web/dev.horde.org/api/imp/IMP/IMP_Imap_Thread.html
 done
    Writing /horde/web/dev.horde.org/api/imp/IMP/_lib---Imap---Thread.php.html
Converting /usr/local/horde/checkout/horde-hatchery.git/imp/lib/Mime/Viewer/Tnef.php Procedural Page Elements... Classes...
    Writing /horde/web/dev.horde.org/api/imp/Horde_Mime/IMP_Horde_Mime_Viewer_Tnef.html
 done
    Writing /horde/web/dev.horde.org/api/imp/Horde_Mime/_lib---Mime---Viewer---Tnef.php.html
Converting /usr/local/horde/checkout/horde-hatchery.git/imp/lib/Imap/Tree.php Procedural Page Elements... Classes...
    Writing /horde/web/dev.horde.org/api/imp/IMP/IMP_Imap_Tree.html
 done
    Writing /horde/web/dev.horde.org/api/imp/IMP/_lib---Imap---Tree.php.html
Converting /usr/local/horde/checkout/horde-hatchery.git/imp/lib/Block/tree_folders.php Procedural Page Elements... Classes...
    Writing /horde/web/dev.horde.org/api/imp/Horde_Block/Horde_Block_imp_tree_folders.html
 done
    Writing /horde/web/dev.horde.org/api/imp/Horde_Block/_lib---Block---tree_folders.php.html
Converting /usr/local/horde/checkout/horde-hatchery.git/imp/lib/LoginTasks/SystemTask/UpgradeFromImp4.php Procedural Page Elements... Classes...
    Writing /horde/web/dev.horde.org/api/imp/Horde_LoginTasks/IMP_LoginTasks_SystemTask_UpgradeFromImp4.html
 done
    Writing /horde/web/dev.horde.org/api/imp/Horde_LoginTasks/_lib---LoginTasks---SystemTask---UpgradeFromImp4.php.html
Converting /usr/local/horde/checkout/horde-hatchery.git/imp/lib/Mime/Viewer/Zip.php Procedural Page Elements... Classes...
    Writing /horde/web/dev.horde.org/api/imp/Horde_Mime/IMP_Horde_Mime_Viewer_Zip.html
 done
    Writing /horde/web/dev.horde.org/api/imp/Horde_Mime/_lib---Mime---Viewer---Zip.php.html

Converting @todo List...    Writing /horde/web/dev.horde.org/api/imp/todolist.html
done

Converting Error Log...    Writing /horde/web/dev.horde.org/api/imp/errors.html


To view errors and warnings, look at /horde/web/dev.horde.org/api/imp/errors.html
done

Parsing time: 11 seconds

Conversion time: 11 seconds

Total Documentation Time: 22 seconds
done
