PHP Version 5.2.11
phpDocumentor version 1.4.3

Parsing configuration file phpDocumentor.ini...
   (found in /usr/share/php/data/PhpDocumentor/)...

done
Maximum memory usage set at 256M after considering php.ini...
using tokenizer Parser
File /usr/local/horde/checkout/horde-hatchery.git/ingo/lib/tests/_data/from_spammer Ignored
File /usr/local/horde/checkout/horde-hatchery.git/ingo/lib/tests/_data/not_from_spammer Ignored


Grabbing README/INSTALL/CHANGELOG
README...
done


Tutorial/Extended Documentation Parsing Stage

done


General Parsing Stage

Reading file /usr/local/horde/checkout/horde-hatchery.git/ingo/lib/Block/overview.php -- Parsing file
WARNING in overview.php on line 14: DocBlock would be page-level, but precedes class "Horde_Block_ingo_overview", use another DocBlock to document the file
Reading file /usr/local/horde/checkout/horde-hatchery.git/ingo/lib/UI/VarRenderer/ingo.php -- Parsing file
WARNING in ingo.php on line 14: DocBlock would be page-level, but precedes class "Horde_UI_VarRenderer_ingo", use another DocBlock to document the file
Reading file /usr/local/horde/checkout/horde-hatchery.git/ingo/lib/tests/ScriptTest.php -- Parsing file
WARNING in ScriptTest.php on line 12: Page-level DocBlock precedes "require_once dirname(__FILE__).'/TestBase.php'", use another DocBlock to document the source element
WARNING in ScriptTest.php on line 14: no @package tag was used in a DocBlock for class Ingo_ScriptTest
WARNING in ScriptTest.php on line 91: no @package tag was used in a DocBlock for class ScriptTester
WARNING in ScriptTest.php on line 142: no @package tag was used in a DocBlock for class ScriptTester_imap
WARNING in ScriptTest.php on line 196: no @package tag was used in a DocBlock for class ScriptTester_all
WARNING in ScriptTest.php on line 232: no @package tag was used in a DocBlock for class ScriptTester_sieve
Reading file /usr/local/horde/checkout/horde-hatchery.git/ingo/lib/tests/TestBase.php -- Parsing file
WARNING in TestBase.php on line 11: DocBlock would be page-level, but precedes class "Ingo_TestBase", use another DocBlock to document the file
Reading file /usr/local/horde/checkout/horde-hatchery.git/ingo/lib/tests/MaildropTest.php -- Parsing file
WARNING in MaildropTest.php on line 12: Page-level DocBlock precedes "require_once dirname(__FILE__).'/TestBase.php'", use another DocBlock to document the source element
WARNING in MaildropTest.php on line 14: no @package tag was used in a DocBlock for class Ingo_MaildropTest
Reading file /usr/local/horde/checkout/horde-hatchery.git/ingo/lib/tests/ProcmailTest.php -- Parsing file
WARNING in ProcmailTest.php on line 12: Page-level DocBlock precedes "require_once dirname(__FILE__).'/TestBase.php'", use another DocBlock to document the source element
WARNING in ProcmailTest.php on line 14: no @package tag was used in a DocBlock for class Ingo_ProcmailTest
Reading file /usr/local/horde/checkout/horde-hatchery.git/ingo/lib/tests/SieveTest.php -- Parsing file
WARNING in SieveTest.php on line 12: Page-level DocBlock precedes "require_once dirname(__FILE__).'/TestBase.php'", use another DocBlock to document the source element
WARNING in SieveTest.php on line 14: no @package tag was used in a DocBlock for class Ingo_SieveTest
Reading file /usr/local/horde/checkout/horde-hatchery.git/ingo/lib/Api.php -- Parsing file
WARNING in Api.php on line 11: no @package tag was used in a DocBlock for class Ingo_Api
WARNING in Api.php on line 224: File "/usr/local/horde/checkout/horde-hatchery.git/ingo/lib/Api.php" has no page-level DocBlock, use @package in the first DocBlock to create one
Reading file /usr/local/horde/checkout/horde-hatchery.git/ingo/lib/Application.php -- Parsing file
WARNING in Application.php on line 8: no @package tag was used in a DocBlock for class Ingo_Application
WARNING in Application.php on line 113: File "/usr/local/horde/checkout/horde-hatchery.git/ingo/lib/Application.php" has no page-level DocBlock, use @package in the first DocBlock to create one
Reading file /usr/local/horde/checkout/horde-hatchery.git/ingo/lib/Driver.php -- Parsing file
WARNING in Driver.php on line 11: DocBlock would be page-level, but precedes class "Ingo_Driver", use another DocBlock to document the file
Reading file /usr/local/horde/checkout/horde-hatchery.git/ingo/lib/Driver/Ldap.php -- Parsing file
WARNING in Ldap.php on line 12: DocBlock would be page-level, but precedes class "Ingo_Driver_Ldap", use another DocBlock to document the file
Reading file /usr/local/horde/checkout/horde-hatchery.git/ingo/lib/Driver/Null.php -- Parsing file
WARNING in Null.php on line 13: DocBlock would be page-level, but precedes class "Ingo_Driver_Null", use another DocBlock to document the file
Reading file /usr/local/horde/checkout/horde-hatchery.git/ingo/lib/Driver/Sivtest.php -- Parsing file
WARNING in Sivtest.php on line 17: DocBlock would be page-level, but precedes class "Ingo_Driver_Sivtest", use another DocBlock to document the file
Reading file /usr/local/horde/checkout/horde-hatchery.git/ingo/lib/Driver/Timsieved.php -- Parsing file
WARNING in Timsieved.php on line 15: DocBlock would be page-level, but precedes class "Ingo_Driver_Timsieved", use another DocBlock to document the file
Reading file /usr/local/horde/checkout/horde-hatchery.git/ingo/lib/Driver/Vfs.php -- Parsing file
WARNING in Vfs.php on line 14: DocBlock would be page-level, but precedes class "Ingo_Driver_Vfs", use another DocBlock to document the file
Reading file /usr/local/horde/checkout/horde-hatchery.git/ingo/lib/Ingo.php -- Parsing file
WARNING in Ingo.php on line 12: DocBlock would be page-level, but precedes class "Ingo", use another DocBlock to document the file
Reading file /usr/local/horde/checkout/horde-hatchery.git/ingo/lib/Script.php -- Parsing file
WARNING in Script.php on line 12: DocBlock would be page-level, but precedes class "Ingo_Script", use another DocBlock to document the file
Reading file /usr/local/horde/checkout/horde-hatchery.git/ingo/lib/Script/Imap.php -- Parsing file
WARNING in Imap.php on line 16: DocBlock would be page-level, but precedes class "Ingo_Script_Imap", use another DocBlock to document the file
Reading file /usr/local/horde/checkout/horde-hatchery.git/ingo/lib/Script/Imap/Api.php -- Parsing file
WARNING in Api.php on line 13: DocBlock would be page-level, but precedes class "Ingo_Script_Imap_Api", use another DocBlock to document the file
Reading file /usr/local/horde/checkout/horde-hatchery.git/ingo/lib/Script/Imap/Live.php -- Parsing file
WARNING in Live.php on line 14: DocBlock would be page-level, but precedes class "Ingo_Script_Imap_Live", use another DocBlock to document the file
Reading file /usr/local/horde/checkout/horde-hatchery.git/ingo/lib/Script/Imap/Mock.php -- Parsing file
WARNING in Mock.php on line 5: no @package tag was used in a DocBlock for class Ingo_Script_Imap_Mock
WARNING in Mock.php on line 124: File "/usr/local/horde/checkout/horde-hatchery.git/ingo/lib/Script/Imap/Mock.php" has no page-level DocBlock, use @package in the first DocBlock to create one
Reading file /usr/local/horde/checkout/horde-hatchery.git/ingo/lib/Script/Maildrop.php -- Parsing file
WARNING in Maildrop.php on line 21: no @package tag was used in a DocBlock for class Ingo_Script_Maildrop
Reading file /usr/local/horde/checkout/horde-hatchery.git/ingo/lib/Script/Procmail.php -- Parsing file
WARNING in Procmail.php on line 13: DocBlock would be page-level, but precedes class "Ingo_Script_Procmail", use another DocBlock to document the file
Reading file /usr/local/horde/checkout/horde-hatchery.git/ingo/lib/Script/Sieve.php -- Parsing file
WARNING in Sieve.php on line 10: DocBlock would be page-level, but precedes class "Ingo_Script_Sieve", use another DocBlock to document the file
WARNING in Sieve.php on line 957: Unknown tag "@params" used
WARNING in Sieve.php on line 1118: Unknown tag "@params" used
WARNING in Sieve.php on line 1222: Unknown tag "@params" used
WARNING in Sieve.php on line 1448: Unknown tag "@params" used
WARNING in Sieve.php on line 1547: Unknown tag "@params" used
WARNING in Sieve.php on line 1641: Unknown tag "@params" used
WARNING in Sieve.php on line 1741: Unknown tag "@params" used
WARNING in Sieve.php on line 1791: Unknown tag "@params" used
WARNING in Sieve.php on line 1845: Unknown tag "@params" used
WARNING in Sieve.php on line 1909: Unknown tag "@params" used
WARNING in Sieve.php on line 2023: Unknown tag "@params" used
WARNING in Sieve.php on line 2137: Unknown tag "@params" used
WARNING in Sieve.php on line 2224: Unknown tag "@params" used
WARNING in Sieve.php on line 2342: Unknown tag "@params" used
WARNING in Sieve.php on line 2384: Unknown tag "@params" used
WARNING in Sieve.php on line 2537: Unknown tag "@params" used
WARNING in Sieve.php on line 2594: Unknown tag "@params" used
WARNING in Sieve.php on line 2817: Unknown tag "@params" used
WARNING in Sieve.php on line 2949: Unknown tag "@params" used
Reading file /usr/local/horde/checkout/horde-hatchery.git/ingo/lib/Session.php -- Parsing file
WARNING in Session.php on line 13: DocBlock would be page-level, but precedes class "Ingo_Session", use another DocBlock to document the file
Reading file /usr/local/horde/checkout/horde-hatchery.git/ingo/lib/Storage.php -- Parsing file
WARNING in Storage.php on line 12: DocBlock would be page-level, but precedes class "Ingo_Storage", use another DocBlock to document the file
Reading file /usr/local/horde/checkout/horde-hatchery.git/ingo/lib/Storage/Blacklist.php -- Parsing file
WARNING in Blacklist.php on line 12: DocBlock would be page-level, but precedes class "Ingo_Storage_Blacklist", use another DocBlock to document the file
Reading file /usr/local/horde/checkout/horde-hatchery.git/ingo/lib/Storage/Filters.php -- Parsing file
WARNING in Filters.php on line 12: DocBlock would be page-level, but precedes class "Ingo_Storage_Filters", use another DocBlock to document the file
Reading file /usr/local/horde/checkout/horde-hatchery.git/ingo/lib/Storage/Filters/Sql.php -- Parsing file
WARNING in Sql.php on line 11: DocBlock would be page-level, but precedes class "Ingo_Storage_Filters_Sql", use another DocBlock to document the file
Reading file /usr/local/horde/checkout/horde-hatchery.git/ingo/lib/Storage/Forward.php -- Parsing file
WARNING in Forward.php on line 12: DocBlock would be page-level, but precedes class "Ingo_Storage_Forward", use another DocBlock to document the file
Reading file /usr/local/horde/checkout/horde-hatchery.git/ingo/lib/Storage/Mock.php -- Parsing file
WARNING in Mock.php on line 13: DocBlock would be page-level, but precedes class "Ingo_Storage_Mock", use another DocBlock to document the file
Reading file /usr/local/horde/checkout/horde-hatchery.git/ingo/lib/Storage/Prefs.php -- Parsing file
WARNING in Prefs.php on line 13: DocBlock would be page-level, but precedes class "Ingo_Storage_Prefs", use another DocBlock to document the file
Reading file /usr/local/horde/checkout/horde-hatchery.git/ingo/lib/Storage/Rule.php -- Parsing file
WARNING in Rule.php on line 12: DocBlock would be page-level, but precedes class "Ingo_Storage_Rule", use another DocBlock to document the file
Reading file /usr/local/horde/checkout/horde-hatchery.git/ingo/lib/Storage/Spam.php -- Parsing file
WARNING in Spam.php on line 12: DocBlock would be page-level, but precedes class "Ingo_Storage_Spam", use another DocBlock to document the file
Reading file /usr/local/horde/checkout/horde-hatchery.git/ingo/lib/Storage/Sql.php -- Parsing file
WARNING in Sql.php on line 29: DocBlock would be page-level, but precedes class "Ingo_Storage_Sql", use another DocBlock to document the file
Reading file /usr/local/horde/checkout/horde-hatchery.git/ingo/lib/Storage/Vacation.php -- Parsing file
WARNING in Vacation.php on line 12: DocBlock would be page-level, but precedes class "Ingo_Storage_Vacation", use another DocBlock to document the file
Reading file /usr/local/horde/checkout/horde-hatchery.git/ingo/lib/Storage/Whitelist.php -- Parsing file
WARNING in Whitelist.php on line 12: DocBlock would be page-level, but precedes class "Ingo_Storage_Whitelist", use another DocBlock to document the file
Reading file /usr/local/horde/checkout/horde-hatchery.git/ingo/lib/base.load.php -- Parsing file
WARNING in base.load.php on line 13: Page-level DocBlock precedes "define INGO_BASE", use another DocBlock to document the source element
Reading file /usr/local/horde/checkout/horde-hatchery.git/ingo/lib/base.php -- Parsing file
WARNING in base.php on line 90: File "/usr/local/horde/checkout/horde-hatchery.git/ingo/lib/base.php" has no page-level DocBlock, use @package in the first DocBlock to create one
done

Converting From Abstract Parsed Data

Processing Class Inheritance


Processing Root Trees


Processing leftover classes (classes that extend root classes not found in the same package)
Processing Horde_Block_ingo_overview in file /usr/local/horde/checkout/horde-hatchery.git/ingo/lib/Block/overview.php
WARNING: Class Horde_Block_ingo_overview parent Horde_Block not found
Processing Horde_UI_VarRenderer_ingo in file /usr/local/horde/checkout/horde-hatchery.git/ingo/lib/UI/VarRenderer/ingo.php
WARNING: Class Horde_UI_VarRenderer_ingo parent Horde_UI_VarRenderer_html not found
Processing Ingo_ScriptTest in file /usr/local/horde/checkout/horde-hatchery.git/ingo/lib/tests/ScriptTest.php
Processing Ingo_TestBase in file /usr/local/horde/checkout/horde-hatchery.git/ingo/lib/tests/TestBase.php
WARNING: Class Ingo_TestBase parent PHPUnit_Framework_TestCase not found
Processing Ingo_Api in file /usr/local/horde/checkout/horde-hatchery.git/ingo/lib/Api.php
WARNING: Class Ingo_Api parent Horde_Registry_Api not found
Processing Ingo_Application in file /usr/local/horde/checkout/horde-hatchery.git/ingo/lib/Application.php
WARNING: Class Ingo_Application parent Horde_Registry_Application not found
done processing leftover classes

Processing Procedural Page Element Name Conflicts


Sorting page elements...done
Formatting @uses list...done

creating /horde/web/dev.horde.org/api/ingo/media
copying /horde/web/dev.horde.org/api/ingo/media/banner.css
copying /horde/web/dev.horde.org/api/ingo/media/stylesheet.css
creating /horde/web/dev.horde.org/api/ingo/media/images
copying /horde/web/dev.horde.org/api/ingo/media/images/AbstractClass.png
copying /horde/web/dev.horde.org/api/ingo/media/images/AbstractClass_logo.png
copying /horde/web/dev.horde.org/api/ingo/media/images/AbstractMethod.png
copying /horde/web/dev.horde.org/api/ingo/media/images/AbstractPrivateClass.png
copying /horde/web/dev.horde.org/api/ingo/media/images/AbstractPrivateClass_logo.png
copying /horde/web/dev.horde.org/api/ingo/media/images/AbstractPrivateMethod.png
copying /horde/web/dev.horde.org/api/ingo/media/images/blank.png
copying /horde/web/dev.horde.org/api/ingo/media/images/Class.png
copying /horde/web/dev.horde.org/api/ingo/media/images/class_folder.png
copying /horde/web/dev.horde.org/api/ingo/media/images/Class_logo.png
copying /horde/web/dev.horde.org/api/ingo/media/images/Constant.png
copying /horde/web/dev.horde.org/api/ingo/media/images/Constructor.png
copying /horde/web/dev.horde.org/api/ingo/media/images/Destructor.png
copying /horde/web/dev.horde.org/api/ingo/media/images/empty.png
copying /horde/web/dev.horde.org/api/ingo/media/images/file.png
copying /horde/web/dev.horde.org/api/ingo/media/images/folder.png
copying /horde/web/dev.horde.org/api/ingo/media/images/Function.png
copying /horde/web/dev.horde.org/api/ingo/media/images/function_folder.png
copying /horde/web/dev.horde.org/api/ingo/media/images/Global.png
copying /horde/web/dev.horde.org/api/ingo/media/images/I.png
copying /horde/web/dev.horde.org/api/ingo/media/images/Index.png
copying /horde/web/dev.horde.org/api/ingo/media/images/Interface.png
copying /horde/web/dev.horde.org/api/ingo/media/images/Interface_logo.png
copying /horde/web/dev.horde.org/api/ingo/media/images/L.png
copying /horde/web/dev.horde.org/api/ingo/media/images/Lminus.png
copying /horde/web/dev.horde.org/api/ingo/media/images/Lplus.png
copying /horde/web/dev.horde.org/api/ingo/media/images/Method.png
copying /horde/web/dev.horde.org/api/ingo/media/images/minus.gif
copying /horde/web/dev.horde.org/api/ingo/media/images/next_button.png
copying /horde/web/dev.horde.org/api/ingo/media/images/next_button_disabled.png
copying /horde/web/dev.horde.org/api/ingo/media/images/package.png
copying /horde/web/dev.horde.org/api/ingo/media/images/package_folder.png
copying /horde/web/dev.horde.org/api/ingo/media/images/Page.png
copying /horde/web/dev.horde.org/api/ingo/media/images/Page_logo.png
copying /horde/web/dev.horde.org/api/ingo/media/images/plus.gif
copying /horde/web/dev.horde.org/api/ingo/media/images/previous_button.png
copying /horde/web/dev.horde.org/api/ingo/media/images/previous_button_disabled.png
copying /horde/web/dev.horde.org/api/ingo/media/images/PrivateClass.png
copying /horde/web/dev.horde.org/api/ingo/media/images/PrivateClass_logo.png
copying /horde/web/dev.horde.org/api/ingo/media/images/PrivateMethod.png
copying /horde/web/dev.horde.org/api/ingo/media/images/PrivateVariable.png
copying /horde/web/dev.horde.org/api/ingo/media/images/private_class_logo.png
copying /horde/web/dev.horde.org/api/ingo/media/images/StaticMethod.png
copying /horde/web/dev.horde.org/api/ingo/media/images/StaticVariable.png
copying /horde/web/dev.horde.org/api/ingo/media/images/T.png
copying /horde/web/dev.horde.org/api/ingo/media/images/Tminus.png
copying /horde/web/dev.horde.org/api/ingo/media/images/Tplus.png
copying /horde/web/dev.horde.org/api/ingo/media/images/tutorial.png
copying /horde/web/dev.horde.org/api/ingo/media/images/tutorial_folder.png
copying /horde/web/dev.horde.org/api/ingo/media/images/up_button.png
copying /horde/web/dev.horde.org/api/ingo/media/images/Variable.png
creating /horde/web/dev.horde.org/api/ingo/media/lib
copying /horde/web/dev.horde.org/api/ingo/media/lib/classTree.js
Building indexes...done

Sorting Indexes...done

Sorting @todo list...done
Converting README/INSTALL/CHANGELOG contents...
README...    Writing /horde/web/dev.horde.org/api/ingo/ric_README.html

done
Converting tutorials/extended docs
Formatting Package Indexes...    Writing /horde/web/dev.horde.org/api/ingo/elementindex_horde.html
    Writing /horde/web/dev.horde.org/api/ingo/elementindex_Ingo.html
    Writing /horde/web/dev.horde.org/api/ingo/elementindex_Horde_Block.html

done
Formatting Index...
    Writing /horde/web/dev.horde.org/api/ingo/elementindex.html
    Writing /horde/web/dev.horde.org/api/ingo/blank.html

    Writing /horde/web/dev.horde.org/api/ingo/index.html
    Writing /horde/web/dev.horde.org/api/ingo/packages.html
done

Formatting Left Quick Index...
    Writing /horde/web/dev.horde.org/api/ingo/li_Horde_Block.html
    Writing /horde/web/dev.horde.org/api/ingo/classtrees_Horde_Block.html

    Writing /horde/web/dev.horde.org/api/ingo/li_horde.html
    Writing /horde/web/dev.horde.org/api/ingo/classtrees_horde.html

    Writing /horde/web/dev.horde.org/api/ingo/li_Ingo.html
    Writing /horde/web/dev.horde.org/api/ingo/classtrees_Ingo.html

done

Converting /usr/local/horde/checkout/horde-hatchery.git/ingo/lib/Api.php Procedural Page Elements... Classes...
    Writing /horde/web/dev.horde.org/api/ingo/horde/Ingo_Api.html
 done
    Writing /horde/web/dev.horde.org/api/ingo/horde/_lib---Api.php.html
Converting /usr/local/horde/checkout/horde-hatchery.git/ingo/lib/Script/Imap/Api.php Procedural Page Elements... Classes...
    Writing /horde/web/dev.horde.org/api/ingo/Ingo/Ingo_Script_Imap_Api.html
 done
    Writing /horde/web/dev.horde.org/api/ingo/Ingo/_lib---Script---Imap---Api.php.html
Converting /usr/local/horde/checkout/horde-hatchery.git/ingo/lib/Application.php Procedural Page Elements... Classes...
    Writing /horde/web/dev.horde.org/api/ingo/horde/Ingo_Application.html
 done
    Writing /horde/web/dev.horde.org/api/ingo/horde/_lib---Application.php.html
Converting /usr/local/horde/checkout/horde-hatchery.git/ingo/lib/base.load.php Procedural Page Elements... Classes... done
    Writing /horde/web/dev.horde.org/api/ingo/Ingo/_lib---base.load.php.html
Converting /usr/local/horde/checkout/horde-hatchery.git/ingo/lib/base.php Procedural Page Elements... Classes... done
    Writing /horde/web/dev.horde.org/api/ingo/horde/_lib---base.php.html
Converting /usr/local/horde/checkout/horde-hatchery.git/ingo/lib/Storage/Blacklist.php Procedural Page Elements... Classes...
    Writing /horde/web/dev.horde.org/api/ingo/Ingo/Ingo_Storage_Blacklist.html
 done
    Writing /horde/web/dev.horde.org/api/ingo/Ingo/_lib---Storage---Blacklist.php.html
Converting /usr/local/horde/checkout/horde-hatchery.git/ingo/lib/Driver.php Procedural Page Elements... Classes...
    Writing /horde/web/dev.horde.org/api/ingo/Ingo/Ingo_Driver.html
 done
    Writing /horde/web/dev.horde.org/api/ingo/Ingo/_lib---Driver.php.html
Converting /usr/local/horde/checkout/horde-hatchery.git/ingo/lib/Storage/Filters.php Procedural Page Elements... Classes...
    Writing /horde/web/dev.horde.org/api/ingo/Ingo/Ingo_Storage_Filters.html
 done
    Writing /horde/web/dev.horde.org/api/ingo/Ingo/_lib---Storage---Filters.php.html
Converting /usr/local/horde/checkout/horde-hatchery.git/ingo/lib/Storage/Forward.php Procedural Page Elements... Classes...
    Writing /horde/web/dev.horde.org/api/ingo/Ingo/Ingo_Storage_Forward.html
 done
    Writing /horde/web/dev.horde.org/api/ingo/Ingo/_lib---Storage---Forward.php.html
Converting /usr/local/horde/checkout/horde-hatchery.git/ingo/lib/Script/Imap.php Procedural Page Elements... Classes...
    Writing /horde/web/dev.horde.org/api/ingo/Ingo/Ingo_Script_Imap.html
 done
    Writing /horde/web/dev.horde.org/api/ingo/Ingo/_lib---Script---Imap.php.html
Converting /usr/local/horde/checkout/horde-hatchery.git/ingo/lib/UI/VarRenderer/ingo.php Procedural Page Elements... Classes...
    Writing /horde/web/dev.horde.org/api/ingo/Ingo/Horde_UI_VarRenderer_ingo.html
 done
    Writing /horde/web/dev.horde.org/api/ingo/Ingo/_lib---UI---VarRenderer---ingo.php.html
Converting /usr/local/horde/checkout/horde-hatchery.git/ingo/lib/Ingo.php Procedural Page Elements... Classes...
    Writing /horde/web/dev.horde.org/api/ingo/Ingo/Ingo.html
 done
    Writing /horde/web/dev.horde.org/api/ingo/Ingo/_lib---Ingo.php.html
Converting /usr/local/horde/checkout/horde-hatchery.git/ingo/lib/Driver/Ldap.php Procedural Page Elements... Classes...
    Writing /horde/web/dev.horde.org/api/ingo/Ingo/Ingo_Driver_Ldap.html
 done
    Writing /horde/web/dev.horde.org/api/ingo/Ingo/_lib---Driver---Ldap.php.html
Converting /usr/local/horde/checkout/horde-hatchery.git/ingo/lib/Script/Imap/Live.php Procedural Page Elements... Classes...
    Writing /horde/web/dev.horde.org/api/ingo/Ingo/Ingo_Script_Imap_Live.html
 done
    Writing /horde/web/dev.horde.org/api/ingo/Ingo/_lib---Script---Imap---Live.php.html
Converting /usr/local/horde/checkout/horde-hatchery.git/ingo/lib/Script/Maildrop.php Procedural Page Elements... Classes...
    Writing /horde/web/dev.horde.org/api/ingo/Ingo/Ingo_Script_Maildrop.html
    Writing /horde/web/dev.horde.org/api/ingo/Ingo/Maildrop_Comment.html
    Writing /horde/web/dev.horde.org/api/ingo/Ingo/Maildrop_Recipe.html
    Writing /horde/web/dev.horde.org/api/ingo/Ingo/Maildrop_Variable.html
 done
    Writing /horde/web/dev.horde.org/api/ingo/Ingo/_lib---Script---Maildrop.php.html
Converting /usr/local/horde/checkout/horde-hatchery.git/ingo/lib/tests/MaildropTest.php Procedural Page Elements... Classes...
    Writing /horde/web/dev.horde.org/api/ingo/Ingo/UnitTests/Ingo_MaildropTest.html
 done
    Writing /horde/web/dev.horde.org/api/ingo/Ingo/UnitTests/_lib---tests---MaildropTest.php.html
Converting /usr/local/horde/checkout/horde-hatchery.git/ingo/lib/Storage/Mock.php Procedural Page Elements... Classes...
    Writing /horde/web/dev.horde.org/api/ingo/Ingo/Ingo_Storage_Mock.html
 done
    Writing /horde/web/dev.horde.org/api/ingo/Ingo/_lib---Storage---Mock.php.html
Converting /usr/local/horde/checkout/horde-hatchery.git/ingo/lib/Script/Imap/Mock.php Procedural Page Elements... Classes...
    Writing /horde/web/dev.horde.org/api/ingo/Ingo/Ingo_Script_Imap_Mock.html
 done
    Writing /horde/web/dev.horde.org/api/ingo/horde/_lib---Script---Imap---Mock.php.html
Converting /usr/local/horde/checkout/horde-hatchery.git/ingo/lib/Driver/Null.php Procedural Page Elements... Classes...
    Writing /horde/web/dev.horde.org/api/ingo/Ingo/Ingo_Driver_Null.html
 done
    Writing /horde/web/dev.horde.org/api/ingo/Ingo/_lib---Driver---Null.php.html
Converting /usr/local/horde/checkout/horde-hatchery.git/ingo/lib/Block/overview.php Procedural Page Elements... Classes...
    Writing /horde/web/dev.horde.org/api/ingo/Horde_Block/Horde_Block_ingo_overview.html
 done
    Writing /horde/web/dev.horde.org/api/ingo/Horde_Block/_lib---Block---overview.php.html
Converting /usr/local/horde/checkout/horde-hatchery.git/ingo/lib/Storage/Prefs.php Procedural Page Elements... Classes...
    Writing /horde/web/dev.horde.org/api/ingo/Ingo/Ingo_Storage_Prefs.html
 done
    Writing /horde/web/dev.horde.org/api/ingo/Ingo/_lib---Storage---Prefs.php.html
Converting /usr/local/horde/checkout/horde-hatchery.git/ingo/lib/Script/Procmail.php Procedural Page Elements... Classes...
    Writing /horde/web/dev.horde.org/api/ingo/Ingo/Ingo_Script_Procmail.html
    Writing /horde/web/dev.horde.org/api/ingo/Ingo/Procmail_Comment.html
    Writing /horde/web/dev.horde.org/api/ingo/Ingo/Procmail_Recipe.html
    Writing /horde/web/dev.horde.org/api/ingo/Ingo/Procmail_Variable.html
 done
    Writing /horde/web/dev.horde.org/api/ingo/Ingo/_lib---Script---Procmail.php.html
Converting /usr/local/horde/checkout/horde-hatchery.git/ingo/lib/tests/ProcmailTest.php Procedural Page Elements... Classes...
    Writing /horde/web/dev.horde.org/api/ingo/Ingo/UnitTests/Ingo_ProcmailTest.html
 done
    Writing /horde/web/dev.horde.org/api/ingo/Ingo/UnitTests/_lib---tests---ProcmailTest.php.html
Converting /usr/local/horde/checkout/horde-hatchery.git/ingo/lib/Storage/Rule.php Procedural Page Elements... Classes...
    Writing /horde/web/dev.horde.org/api/ingo/Ingo/Ingo_Storage_Rule.html
 done
    Writing /horde/web/dev.horde.org/api/ingo/Ingo/_lib---Storage---Rule.php.html
Converting /usr/local/horde/checkout/horde-hatchery.git/ingo/lib/Script.php Procedural Page Elements... Classes...
    Writing /horde/web/dev.horde.org/api/ingo/Ingo/Ingo_Script.html
 done
    Writing /horde/web/dev.horde.org/api/ingo/Ingo/_lib---Script.php.html
Converting /usr/local/horde/checkout/horde-hatchery.git/ingo/lib/tests/ScriptTest.php Procedural Page Elements... Classes...
    Writing /horde/web/dev.horde.org/api/ingo/Ingo/UnitTests/Ingo_ScriptTest.html
    Writing /horde/web/dev.horde.org/api/ingo/Ingo/UnitTests/ScriptTester.html
    Writing /horde/web/dev.horde.org/api/ingo/Ingo/UnitTests/ScriptTester_all.html
    Writing /horde/web/dev.horde.org/api/ingo/Ingo/UnitTests/ScriptTester_imap.html
    Writing /horde/web/dev.horde.org/api/ingo/Ingo/UnitTests/ScriptTester_sieve.html
 done
    Writing /horde/web/dev.horde.org/api/ingo/Ingo/UnitTests/_lib---tests---ScriptTest.php.html
Converting /usr/local/horde/checkout/horde-hatchery.git/ingo/lib/Session.php Procedural Page Elements... Classes...
    Writing /horde/web/dev.horde.org/api/ingo/Ingo/Ingo_Session.html
 done
    Writing /horde/web/dev.horde.org/api/ingo/Ingo/_lib---Session.php.html
Converting /usr/local/horde/checkout/horde-hatchery.git/ingo/lib/Script/Sieve.php Procedural Page Elements... Classes...
    Writing /horde/web/dev.horde.org/api/ingo/Ingo/Ingo_Script_Sieve.html
    Writing /horde/web/dev.horde.org/api/ingo/Ingo/Sieve_Action.html
    Writing /horde/web/dev.horde.org/api/ingo/Ingo/Sieve_Action_Addflag.html
    Writing /horde/web/dev.horde.org/api/ingo/Ingo/Sieve_Action_Discard.html
    Writing /horde/web/dev.horde.org/api/ingo/Ingo/Sieve_Action_Fileinto.html
    Writing /horde/web/dev.horde.org/api/ingo/Ingo/Sieve_Action_Flag.html
    Writing /horde/web/dev.horde.org/api/ingo/Ingo/Sieve_Action_Keep.html
    Writing /horde/web/dev.horde.org/api/ingo/Ingo/Sieve_Action_Notify.html
    Writing /horde/web/dev.horde.org/api/ingo/Ingo/Sieve_Action_Redirect.html
    Writing /horde/web/dev.horde.org/api/ingo/Ingo/Sieve_Action_Reject.html
    Writing /horde/web/dev.horde.org/api/ingo/Ingo/Sieve_Action_Removeflag.html
    Writing /horde/web/dev.horde.org/api/ingo/Ingo/Sieve_Action_Stop.html
    Writing /horde/web/dev.horde.org/api/ingo/Ingo/Sieve_Action_Vacation.html
    Writing /horde/web/dev.horde.org/api/ingo/Ingo/Sieve_Comment.html
    Writing /horde/web/dev.horde.org/api/ingo/Ingo/Sieve_Else.html
    Writing /horde/web/dev.horde.org/api/ingo/Ingo/Sieve_Elsif.html
    Writing /horde/web/dev.horde.org/api/ingo/Ingo/Sieve_If.html
    Writing /horde/web/dev.horde.org/api/ingo/Ingo/Sieve_Test.html
    Writing /horde/web/dev.horde.org/api/ingo/Ingo/Sieve_Test_Address.html
    Writing /horde/web/dev.horde.org/api/ingo/Ingo/Sieve_Test_Allof.html
    Writing /horde/web/dev.horde.org/api/ingo/Ingo/Sieve_Test_Anyof.html
    Writing /horde/web/dev.horde.org/api/ingo/Ingo/Sieve_Test_Body.html
    Writing /horde/web/dev.horde.org/api/ingo/Ingo/Sieve_Test_Exists.html
    Writing /horde/web/dev.horde.org/api/ingo/Ingo/Sieve_Test_False.html
    Writing /horde/web/dev.horde.org/api/ingo/Ingo/Sieve_Test_Header.html
    Writing /horde/web/dev.horde.org/api/ingo/Ingo/Sieve_Test_Not.html
    Writing /horde/web/dev.horde.org/api/ingo/Ingo/Sieve_Test_Relational.html
    Writing /horde/web/dev.horde.org/api/ingo/Ingo/Sieve_Test_Size.html
    Writing /horde/web/dev.horde.org/api/ingo/Ingo/Sieve_Test_True.html
 done
    Writing /horde/web/dev.horde.org/api/ingo/Ingo/_lib---Script---Sieve.php.html
Converting /usr/local/horde/checkout/horde-hatchery.git/ingo/lib/tests/SieveTest.php Procedural Page Elements... Classes...
    Writing /horde/web/dev.horde.org/api/ingo/Ingo/UnitTests/Ingo_SieveTest.html
 done
    Writing /horde/web/dev.horde.org/api/ingo/Ingo/UnitTests/_lib---tests---SieveTest.php.html
Converting /usr/local/horde/checkout/horde-hatchery.git/ingo/lib/Driver/Sivtest.php Procedural Page Elements... Classes...
    Writing /horde/web/dev.horde.org/api/ingo/Ingo/Ingo_Driver_Sivtest.html
 done
    Writing /horde/web/dev.horde.org/api/ingo/Ingo/_lib---Driver---Sivtest.php.html
Converting /usr/local/horde/checkout/horde-hatchery.git/ingo/lib/Storage/Spam.php Procedural Page Elements... Classes...
    Writing /horde/web/dev.horde.org/api/ingo/Ingo/Ingo_Storage_Spam.html
 done
    Writing /horde/web/dev.horde.org/api/ingo/Ingo/_lib---Storage---Spam.php.html
Converting /usr/local/horde/checkout/horde-hatchery.git/ingo/lib/Storage/Filters/Sql.php Procedural Page Elements... Classes...
    Writing /horde/web/dev.horde.org/api/ingo/Ingo/Ingo_Storage_Filters_Sql.html
 done
    Writing /horde/web/dev.horde.org/api/ingo/Ingo/_lib---Storage---Filters---Sql.php.html
Converting /usr/local/horde/checkout/horde-hatchery.git/ingo/lib/Storage/Sql.php Procedural Page Elements... Classes...
    Writing /horde/web/dev.horde.org/api/ingo/Ingo/Ingo_Storage_Sql.html
 done
    Writing /horde/web/dev.horde.org/api/ingo/Ingo/_lib---Storage---Sql.php.html
Converting /usr/local/horde/checkout/horde-hatchery.git/ingo/lib/Storage.php Procedural Page Elements... Classes...
    Writing /horde/web/dev.horde.org/api/ingo/Ingo/Ingo_Storage.html
 done
    Writing /horde/web/dev.horde.org/api/ingo/Ingo/_lib---Storage.php.html
Converting /usr/local/horde/checkout/horde-hatchery.git/ingo/lib/tests/TestBase.php Procedural Page Elements... Classes...
    Writing /horde/web/dev.horde.org/api/ingo/Ingo/UnitTests/Ingo_TestBase.html
 done
    Writing /horde/web/dev.horde.org/api/ingo/Ingo/UnitTests/_lib---tests---TestBase.php.html
Converting /usr/local/horde/checkout/horde-hatchery.git/ingo/lib/Driver/Timsieved.php Procedural Page Elements... Classes...
    Writing /horde/web/dev.horde.org/api/ingo/Ingo/Ingo_Driver_Timsieved.html
 done
    Writing /horde/web/dev.horde.org/api/ingo/Ingo/_lib---Driver---Timsieved.php.html
Converting /usr/local/horde/checkout/horde-hatchery.git/ingo/lib/Storage/Vacation.php Procedural Page Elements... Classes...
    Writing /horde/web/dev.horde.org/api/ingo/Ingo/Ingo_Storage_Vacation.html
 done
    Writing /horde/web/dev.horde.org/api/ingo/Ingo/_lib---Storage---Vacation.php.html
Converting /usr/local/horde/checkout/horde-hatchery.git/ingo/lib/Driver/Vfs.php Procedural Page Elements... Classes...
    Writing /horde/web/dev.horde.org/api/ingo/Ingo/Ingo_Driver_Vfs.html
 done
    Writing /horde/web/dev.horde.org/api/ingo/Ingo/_lib---Driver---Vfs.php.html
Converting /usr/local/horde/checkout/horde-hatchery.git/ingo/lib/Storage/Whitelist.php Procedural Page Elements... Classes...
    Writing /horde/web/dev.horde.org/api/ingo/Ingo/Ingo_Storage_Whitelist.html
 done
    Writing /horde/web/dev.horde.org/api/ingo/Ingo/_lib---Storage---Whitelist.php.html

Converting @todo List...    Writing /horde/web/dev.horde.org/api/ingo/todolist.html
done

Converting Error Log...    Writing /horde/web/dev.horde.org/api/ingo/errors.html


To view errors and warnings, look at /horde/web/dev.horde.org/api/ingo/errors.html
done

Parsing time: 5 seconds

Conversion time: 6 seconds

Total Documentation Time: 11 seconds
done
