PHP Version 5.2.11
phpDocumentor version 1.4.3

Parsing configuration file phpDocumentor.ini...
   (found in /usr/share/php/data/PhpDocumentor/)...

done
Maximum memory usage set at 256M after considering php.ini...
using tokenizer Parser
Hidden /usr/local/horde/checkout/horde-hatchery.git/jeta/lib/.htaccess Ignored


Grabbing README/INSTALL/CHANGELOG
README...
done


Tutorial/Extended Documentation Parsing Stage

done


General Parsing Stage

Reading file /usr/local/horde/checkout/horde-hatchery.git/jeta/lib/Applet/jta.php -- Parsing file
WARNING in jta.php on line 17: DocBlock would be page-level, but precedes class "Jeta_Applet_jta", use another DocBlock to document the file
Reading file /usr/local/horde/checkout/horde-hatchery.git/jeta/lib/Applet/sshtools.php -- Parsing file
WARNING in sshtools.php on line 17: DocBlock would be page-level, but precedes class "Jeta_Applet_sshtools", use another DocBlock to document the file
Reading file /usr/local/horde/checkout/horde-hatchery.git/jeta/lib/Applet.php -- Parsing file
WARNING in Applet.php on line 13: DocBlock would be page-level, but precedes class "Jeta_Applet", use another DocBlock to document the file
Reading file /usr/local/horde/checkout/horde-hatchery.git/jeta/lib/Application.php -- Parsing file
WARNING in Application.php on line 2: no @package tag was used in a DocBlock for class Jeta_Application
WARNING in Application.php on line 15: File "/usr/local/horde/checkout/horde-hatchery.git/jeta/lib/Application.php" has no page-level DocBlock, use @package in the first DocBlock to create one
Reading file /usr/local/horde/checkout/horde-hatchery.git/jeta/lib/Jeta.php -- Parsing file
WARNING in Jeta.php on line 10: DocBlock would be page-level, but precedes class "Jeta", use another DocBlock to document the file
Reading file /usr/local/horde/checkout/horde-hatchery.git/jeta/lib/base.load.php -- Parsing file
WARNING in base.load.php on line 13: Page-level DocBlock precedes "define JETA_BASE", use another DocBlock to document the source element
Reading file /usr/local/horde/checkout/horde-hatchery.git/jeta/lib/base.php -- Parsing file
WARNING in base.php on line 32: File "/usr/local/horde/checkout/horde-hatchery.git/jeta/lib/base.php" has no page-level DocBlock, use @package in the first DocBlock to create one
done

Converting From Abstract Parsed Data

Processing Class Inheritance


Processing Root Trees


Processing leftover classes (classes that extend root classes not found in the same package)
Processing Jeta_Application in file /usr/local/horde/checkout/horde-hatchery.git/jeta/lib/Application.php
WARNING: Class Jeta_Application parent Horde_Registry_Application not found
done processing leftover classes

Processing Procedural Page Element Name Conflicts


Sorting page elements...done
Formatting @uses list...done

Creating Directory /horde/web/dev.horde.org/api/jeta
creating /horde/web/dev.horde.org/api/jeta/media
Creating Directory /horde/web/dev.horde.org/api/jeta/media
copying /horde/web/dev.horde.org/api/jeta/media/banner.css
copying /horde/web/dev.horde.org/api/jeta/media/stylesheet.css
creating /horde/web/dev.horde.org/api/jeta/media/images
Creating Directory /horde/web/dev.horde.org/api/jeta/media/images
copying /horde/web/dev.horde.org/api/jeta/media/images/AbstractClass.png
copying /horde/web/dev.horde.org/api/jeta/media/images/AbstractClass_logo.png
copying /horde/web/dev.horde.org/api/jeta/media/images/AbstractMethod.png
copying /horde/web/dev.horde.org/api/jeta/media/images/AbstractPrivateClass.png
copying /horde/web/dev.horde.org/api/jeta/media/images/AbstractPrivateClass_logo.png
copying /horde/web/dev.horde.org/api/jeta/media/images/AbstractPrivateMethod.png
copying /horde/web/dev.horde.org/api/jeta/media/images/blank.png
copying /horde/web/dev.horde.org/api/jeta/media/images/Class.png
copying /horde/web/dev.horde.org/api/jeta/media/images/class_folder.png
copying /horde/web/dev.horde.org/api/jeta/media/images/Class_logo.png
copying /horde/web/dev.horde.org/api/jeta/media/images/Constant.png
copying /horde/web/dev.horde.org/api/jeta/media/images/Constructor.png
copying /horde/web/dev.horde.org/api/jeta/media/images/Destructor.png
copying /horde/web/dev.horde.org/api/jeta/media/images/empty.png
copying /horde/web/dev.horde.org/api/jeta/media/images/file.png
copying /horde/web/dev.horde.org/api/jeta/media/images/folder.png
copying /horde/web/dev.horde.org/api/jeta/media/images/Function.png
copying /horde/web/dev.horde.org/api/jeta/media/images/function_folder.png
copying /horde/web/dev.horde.org/api/jeta/media/images/Global.png
copying /horde/web/dev.horde.org/api/jeta/media/images/I.png
copying /horde/web/dev.horde.org/api/jeta/media/images/Index.png
copying /horde/web/dev.horde.org/api/jeta/media/images/Interface.png
copying /horde/web/dev.horde.org/api/jeta/media/images/Interface_logo.png
copying /horde/web/dev.horde.org/api/jeta/media/images/L.png
copying /horde/web/dev.horde.org/api/jeta/media/images/Lminus.png
copying /horde/web/dev.horde.org/api/jeta/media/images/Lplus.png
copying /horde/web/dev.horde.org/api/jeta/media/images/Method.png
copying /horde/web/dev.horde.org/api/jeta/media/images/minus.gif
copying /horde/web/dev.horde.org/api/jeta/media/images/next_button.png
copying /horde/web/dev.horde.org/api/jeta/media/images/next_button_disabled.png
copying /horde/web/dev.horde.org/api/jeta/media/images/package.png
copying /horde/web/dev.horde.org/api/jeta/media/images/package_folder.png
copying /horde/web/dev.horde.org/api/jeta/media/images/Page.png
copying /horde/web/dev.horde.org/api/jeta/media/images/Page_logo.png
copying /horde/web/dev.horde.org/api/jeta/media/images/plus.gif
copying /horde/web/dev.horde.org/api/jeta/media/images/previous_button.png
copying /horde/web/dev.horde.org/api/jeta/media/images/previous_button_disabled.png
copying /horde/web/dev.horde.org/api/jeta/media/images/PrivateClass.png
copying /horde/web/dev.horde.org/api/jeta/media/images/PrivateClass_logo.png
copying /horde/web/dev.horde.org/api/jeta/media/images/PrivateMethod.png
copying /horde/web/dev.horde.org/api/jeta/media/images/PrivateVariable.png
copying /horde/web/dev.horde.org/api/jeta/media/images/private_class_logo.png
copying /horde/web/dev.horde.org/api/jeta/media/images/StaticMethod.png
copying /horde/web/dev.horde.org/api/jeta/media/images/StaticVariable.png
copying /horde/web/dev.horde.org/api/jeta/media/images/T.png
copying /horde/web/dev.horde.org/api/jeta/media/images/Tminus.png
copying /horde/web/dev.horde.org/api/jeta/media/images/Tplus.png
copying /horde/web/dev.horde.org/api/jeta/media/images/tutorial.png
copying /horde/web/dev.horde.org/api/jeta/media/images/tutorial_folder.png
copying /horde/web/dev.horde.org/api/jeta/media/images/up_button.png
copying /horde/web/dev.horde.org/api/jeta/media/images/Variable.png
creating /horde/web/dev.horde.org/api/jeta/media/lib
Creating Directory /horde/web/dev.horde.org/api/jeta/media/lib
copying /horde/web/dev.horde.org/api/jeta/media/lib/classTree.js
Building indexes...done

Sorting Indexes...done

Sorting @todo list...done
Converting README/INSTALL/CHANGELOG contents...
README...    Writing /horde/web/dev.horde.org/api/jeta/ric_README.html

done
Converting tutorials/extended docs
Formatting Package Indexes...    Writing /horde/web/dev.horde.org/api/jeta/elementindex_Jeta.html
    Writing /horde/web/dev.horde.org/api/jeta/elementindex_horde.html

done
Formatting Index...
    Writing /horde/web/dev.horde.org/api/jeta/elementindex.html
    Writing /horde/web/dev.horde.org/api/jeta/blank.html

    Writing /horde/web/dev.horde.org/api/jeta/index.html
    Writing /horde/web/dev.horde.org/api/jeta/packages.html
done

Formatting Left Quick Index...
    Writing /horde/web/dev.horde.org/api/jeta/li_Jeta.html
    Writing /horde/web/dev.horde.org/api/jeta/classtrees_Jeta.html

    Writing /horde/web/dev.horde.org/api/jeta/li_horde.html
    Writing /horde/web/dev.horde.org/api/jeta/classtrees_horde.html

done

Converting /usr/local/horde/checkout/horde-hatchery.git/jeta/lib/Applet.php Procedural Page Elements... Classes...
Creating Directory /horde/web/dev.horde.org/api/jeta/Jeta
    Writing /horde/web/dev.horde.org/api/jeta/Jeta/Jeta_Applet.html
 done
    Writing /horde/web/dev.horde.org/api/jeta/Jeta/_lib---Applet.php.html
Converting /usr/local/horde/checkout/horde-hatchery.git/jeta/lib/Application.php Procedural Page Elements... Classes...
Creating Directory /horde/web/dev.horde.org/api/jeta/horde
    Writing /horde/web/dev.horde.org/api/jeta/horde/Jeta_Application.html
 done
    Writing /horde/web/dev.horde.org/api/jeta/horde/_lib---Application.php.html
Converting /usr/local/horde/checkout/horde-hatchery.git/jeta/lib/base.load.php Procedural Page Elements... Classes... done
    Writing /horde/web/dev.horde.org/api/jeta/Jeta/_lib---base.load.php.html
Converting /usr/local/horde/checkout/horde-hatchery.git/jeta/lib/base.php Procedural Page Elements... Classes... done
    Writing /horde/web/dev.horde.org/api/jeta/horde/_lib---base.php.html
Converting /usr/local/horde/checkout/horde-hatchery.git/jeta/lib/Jeta.php Procedural Page Elements... Classes...
    Writing /horde/web/dev.horde.org/api/jeta/Jeta/Jeta.html
 done
    Writing /horde/web/dev.horde.org/api/jeta/Jeta/_lib---Jeta.php.html
Converting /usr/local/horde/checkout/horde-hatchery.git/jeta/lib/Applet/jta.php Procedural Page Elements... Classes...
    Writing /horde/web/dev.horde.org/api/jeta/Jeta/Jeta_Applet_jta.html
 done
    Writing /horde/web/dev.horde.org/api/jeta/Jeta/_lib---Applet---jta.php.html
Converting /usr/local/horde/checkout/horde-hatchery.git/jeta/lib/Applet/sshtools.php Procedural Page Elements... Classes...
    Writing /horde/web/dev.horde.org/api/jeta/Jeta/Jeta_Applet_sshtools.html
 done
    Writing /horde/web/dev.horde.org/api/jeta/Jeta/_lib---Applet---sshtools.php.html

Converting @todo List...done

Converting Error Log...    Writing /horde/web/dev.horde.org/api/jeta/errors.html


To view errors and warnings, look at /horde/web/dev.horde.org/api/jeta/errors.html
done

Parsing time: 0 seconds

Conversion time: 1 seconds

Total Documentation Time: 1 seconds
done
