PHP Version 5.2.11
phpDocumentor version 1.4.3

Parsing configuration file phpDocumentor.ini...
   (found in /usr/share/php/data/PhpDocumentor/)...

done
Maximum memory usage set at 256M after considering php.ini...
using tokenizer Parser
Hidden /usr/local/horde/checkout/jonah/lib/.htaccess Ignored
File /usr/local/horde/checkout/jonah/lib/Block/CVS/Entries Ignored
File /usr/local/horde/checkout/jonah/lib/Block/CVS/Repository Ignored
File /usr/local/horde/checkout/jonah/lib/Block/CVS/Root Ignored
File /usr/local/horde/checkout/jonah/lib/CVS/Entries Ignored
File /usr/local/horde/checkout/jonah/lib/CVS/Repository Ignored
File /usr/local/horde/checkout/jonah/lib/CVS/Root Ignored
File /usr/local/horde/checkout/jonah/lib/Driver/CVS/Entries Ignored
File /usr/local/horde/checkout/jonah/lib/Driver/CVS/Repository Ignored
File /usr/local/horde/checkout/jonah/lib/Driver/CVS/Root Ignored
File /usr/local/horde/checkout/jonah/lib/Forms/CVS/Entries Ignored
File /usr/local/horde/checkout/jonah/lib/Forms/CVS/Repository Ignored
File /usr/local/horde/checkout/jonah/lib/Forms/CVS/Root Ignored
File /usr/local/horde/checkout/jonah/lib/News/CVS/Entries Ignored
File /usr/local/horde/checkout/jonah/lib/News/CVS/Repository Ignored
File /usr/local/horde/checkout/jonah/lib/News/CVS/Root Ignored
File /usr/local/horde/checkout/jonah/lib/version.php Ignored


Grabbing README/INSTALL/CHANGELOG
README...
done


Tutorial/Extended Documentation Parsing Stage

done


General Parsing Stage

Reading file /usr/local/horde/checkout/jonah/lib/Block/cloud.php -- Parsing file
WARNING in cloud.php on line 17: DocBlock would be page-level, but precedes class "Horde_Block_jonah_cloud", use another DocBlock to document the file
Reading file /usr/local/horde/checkout/jonah/lib/Block/delivery.php -- Parsing file
WARNING in delivery.php on line 18: DocBlock would be page-level, but precedes class "Horde_Block_Jonah_delivery", use another DocBlock to document the file
Reading file /usr/local/horde/checkout/jonah/lib/Block/latest.php -- Parsing file
WARNING in latest.php on line 18: DocBlock would be page-level, but precedes class "Horde_Block_Jonah_latest", use another DocBlock to document the file
Reading file /usr/local/horde/checkout/jonah/lib/Block/news.php -- Parsing file
WARNING in news.php on line 18: DocBlock would be page-level, but precedes class "Horde_Block_Jonah_news", use another DocBlock to document the file
Reading file /usr/local/horde/checkout/jonah/lib/Block/news_popular.php -- Parsing file
WARNING in news_popular.php on line 20: DocBlock would be page-level, but precedes class "Horde_Block_Jonah_news_popular", use another DocBlock to document the file
Reading file /usr/local/horde/checkout/jonah/lib/Block/story.php -- Parsing file
WARNING in story.php on line 18: DocBlock would be page-level, but precedes class "Horde_Block_Jonah_story", use another DocBlock to document the file
Reading file /usr/local/horde/checkout/jonah/lib/Block/tree_menu.php -- Parsing file
WARNING in tree_menu.php on line 10: DocBlock would be page-level, but precedes class "Horde_Block_jonah_tree_menu", use another DocBlock to document the file
Reading file /usr/local/horde/checkout/jonah/lib/Driver/sql.php -- Parsing file
WARNING in sql.php on line 34: DocBlock would be page-level, but precedes class "Jonah_Driver_sql", use another DocBlock to document the file
Reading file /usr/local/horde/checkout/jonah/lib/Forms/Feed.php -- Parsing file
Reading file /usr/local/horde/checkout/jonah/lib/Forms/Story.php -- Parsing file
Reading file /usr/local/horde/checkout/jonah/lib/News/sql.php -- Parsing file
WARNING in sql.php on line 33: DocBlock would be page-level, but precedes class "Jonah_News_sql", use another DocBlock to document the file
Reading file /usr/local/horde/checkout/jonah/lib/Driver.php -- Parsing file
Reading file /usr/local/horde/checkout/jonah/lib/FeedParser.php -- Parsing file
WARNING in FeedParser.php on line 16: DocBlock would be page-level, but precedes class "Jonah_FeedParser", use another DocBlock to document the file
Reading file /usr/local/horde/checkout/jonah/lib/Jonah.php -- Parsing file
Reading file /usr/local/horde/checkout/jonah/lib/News.php -- Parsing file
Reading file /usr/local/horde/checkout/jonah/lib/api.php -- Parsing file
Reading file /usr/local/horde/checkout/jonah/lib/base.php -- Parsing file
WARNING in base.php on line 58: File "/usr/local/horde/checkout/jonah/lib/base.php" has no page-level DocBlock, use @package in the first DocBlock to create one
done

Converting From Abstract Parsed Data

Processing Class Inheritance


Processing Root Trees


Processing leftover classes (classes that extend root classes not found in the same package)
Processing Horde_Block_jonah_cloud in file /usr/local/horde/checkout/jonah/lib/Block/cloud.php
WARNING: Class Horde_Block_jonah_cloud parent Horde_Block not found
Processing Horde_Block_Jonah_delivery in file /usr/local/horde/checkout/jonah/lib/Block/delivery.php
WARNING: Class Horde_Block_Jonah_delivery parent Horde_Block not found
Processing Horde_Block_Jonah_latest in file /usr/local/horde/checkout/jonah/lib/Block/latest.php
WARNING: Class Horde_Block_Jonah_latest parent Horde_Block not found
Processing Horde_Block_Jonah_news in file /usr/local/horde/checkout/jonah/lib/Block/news.php
WARNING: Class Horde_Block_Jonah_news parent Horde_Block not found
Processing Horde_Block_Jonah_news_popular in file /usr/local/horde/checkout/jonah/lib/Block/news_popular.php
WARNING: Class Horde_Block_Jonah_news_popular parent Horde_Block not found
Processing Horde_Block_Jonah_story in file /usr/local/horde/checkout/jonah/lib/Block/story.php
WARNING: Class Horde_Block_Jonah_story parent Horde_Block not found
Processing Horde_Block_jonah_tree_menu in file /usr/local/horde/checkout/jonah/lib/Block/tree_menu.php
WARNING: Class Horde_Block_jonah_tree_menu parent Horde_Block not found
Processing FeedForm in file /usr/local/horde/checkout/jonah/lib/Forms/Feed.php
WARNING: Class FeedForm parent Horde_Form not found
Processing StoryForm in file /usr/local/horde/checkout/jonah/lib/Forms/Story.php
WARNING: Class StoryForm parent Horde_Form not found
done processing leftover classes

Processing Procedural Page Element Name Conflicts


Sorting page elements...done
Formatting @uses list...done

creating /horde/web/dev.horde.org/api/jonah/media
copying /horde/web/dev.horde.org/api/jonah/media/banner.css
copying /horde/web/dev.horde.org/api/jonah/media/stylesheet.css
creating /horde/web/dev.horde.org/api/jonah/media/images
copying /horde/web/dev.horde.org/api/jonah/media/images/AbstractClass.png
copying /horde/web/dev.horde.org/api/jonah/media/images/AbstractClass_logo.png
copying /horde/web/dev.horde.org/api/jonah/media/images/AbstractMethod.png
copying /horde/web/dev.horde.org/api/jonah/media/images/AbstractPrivateClass.png
copying /horde/web/dev.horde.org/api/jonah/media/images/AbstractPrivateClass_logo.png
copying /horde/web/dev.horde.org/api/jonah/media/images/AbstractPrivateMethod.png
copying /horde/web/dev.horde.org/api/jonah/media/images/blank.png
copying /horde/web/dev.horde.org/api/jonah/media/images/Class.png
copying /horde/web/dev.horde.org/api/jonah/media/images/class_folder.png
copying /horde/web/dev.horde.org/api/jonah/media/images/Class_logo.png
copying /horde/web/dev.horde.org/api/jonah/media/images/Constant.png
copying /horde/web/dev.horde.org/api/jonah/media/images/Constructor.png
copying /horde/web/dev.horde.org/api/jonah/media/images/Destructor.png
copying /horde/web/dev.horde.org/api/jonah/media/images/empty.png
copying /horde/web/dev.horde.org/api/jonah/media/images/file.png
copying /horde/web/dev.horde.org/api/jonah/media/images/folder.png
copying /horde/web/dev.horde.org/api/jonah/media/images/Function.png
copying /horde/web/dev.horde.org/api/jonah/media/images/function_folder.png
copying /horde/web/dev.horde.org/api/jonah/media/images/Global.png
copying /horde/web/dev.horde.org/api/jonah/media/images/I.png
copying /horde/web/dev.horde.org/api/jonah/media/images/Index.png
copying /horde/web/dev.horde.org/api/jonah/media/images/Interface.png
copying /horde/web/dev.horde.org/api/jonah/media/images/Interface_logo.png
copying /horde/web/dev.horde.org/api/jonah/media/images/L.png
copying /horde/web/dev.horde.org/api/jonah/media/images/Lminus.png
copying /horde/web/dev.horde.org/api/jonah/media/images/Lplus.png
copying /horde/web/dev.horde.org/api/jonah/media/images/Method.png
copying /horde/web/dev.horde.org/api/jonah/media/images/minus.gif
copying /horde/web/dev.horde.org/api/jonah/media/images/next_button.png
copying /horde/web/dev.horde.org/api/jonah/media/images/next_button_disabled.png
copying /horde/web/dev.horde.org/api/jonah/media/images/package.png
copying /horde/web/dev.horde.org/api/jonah/media/images/package_folder.png
copying /horde/web/dev.horde.org/api/jonah/media/images/Page.png
copying /horde/web/dev.horde.org/api/jonah/media/images/Page_logo.png
copying /horde/web/dev.horde.org/api/jonah/media/images/plus.gif
copying /horde/web/dev.horde.org/api/jonah/media/images/previous_button.png
copying /horde/web/dev.horde.org/api/jonah/media/images/previous_button_disabled.png
copying /horde/web/dev.horde.org/api/jonah/media/images/PrivateClass.png
copying /horde/web/dev.horde.org/api/jonah/media/images/PrivateClass_logo.png
copying /horde/web/dev.horde.org/api/jonah/media/images/PrivateMethod.png
copying /horde/web/dev.horde.org/api/jonah/media/images/PrivateVariable.png
copying /horde/web/dev.horde.org/api/jonah/media/images/private_class_logo.png
copying /horde/web/dev.horde.org/api/jonah/media/images/StaticMethod.png
copying /horde/web/dev.horde.org/api/jonah/media/images/StaticVariable.png
copying /horde/web/dev.horde.org/api/jonah/media/images/T.png
copying /horde/web/dev.horde.org/api/jonah/media/images/Tminus.png
copying /horde/web/dev.horde.org/api/jonah/media/images/Tplus.png
copying /horde/web/dev.horde.org/api/jonah/media/images/tutorial.png
copying /horde/web/dev.horde.org/api/jonah/media/images/tutorial_folder.png
copying /horde/web/dev.horde.org/api/jonah/media/images/up_button.png
copying /horde/web/dev.horde.org/api/jonah/media/images/Variable.png
creating /horde/web/dev.horde.org/api/jonah/media/lib
copying /horde/web/dev.horde.org/api/jonah/media/lib/classTree.js
Building indexes...done

Sorting Indexes...done

Sorting @todo list...done
Converting README/INSTALL/CHANGELOG contents...
README...    Writing /horde/web/dev.horde.org/api/jonah/ric_README.html

done
Converting tutorials/extended docs
Formatting Package Indexes...    Writing /horde/web/dev.horde.org/api/jonah/elementindex_Jonah.html
    Writing /horde/web/dev.horde.org/api/jonah/elementindex_horde.html
    Writing /horde/web/dev.horde.org/api/jonah/elementindex_Horde_Block.html

done
Formatting Index...
    Writing /horde/web/dev.horde.org/api/jonah/elementindex.html
    Writing /horde/web/dev.horde.org/api/jonah/blank.html

    Writing /horde/web/dev.horde.org/api/jonah/index.html
    Writing /horde/web/dev.horde.org/api/jonah/packages.html
done

Formatting Left Quick Index...
    Writing /horde/web/dev.horde.org/api/jonah/li_Horde_Block.html
    Writing /horde/web/dev.horde.org/api/jonah/classtrees_Horde_Block.html

    Writing /horde/web/dev.horde.org/api/jonah/li_horde.html
    Writing /horde/web/dev.horde.org/api/jonah/classtrees_horde.html

    Writing /horde/web/dev.horde.org/api/jonah/li_Jonah.html
    Writing /horde/web/dev.horde.org/api/jonah/classtrees_Jonah.html

done

Converting /usr/local/horde/checkout/jonah/lib/api.php Procedural Page Elements... Classes... done
    Writing /horde/web/dev.horde.org/api/jonah/Jonah/_lib---api.php.html
Converting /usr/local/horde/checkout/jonah/lib/base.php Procedural Page Elements... Classes... done
    Writing /horde/web/dev.horde.org/api/jonah/horde/_lib---base.php.html
Converting /usr/local/horde/checkout/jonah/lib/Block/cloud.php Procedural Page Elements... Classes...
    Writing /horde/web/dev.horde.org/api/jonah/Horde_Block/Horde_Block_jonah_cloud.html
 done
    Writing /horde/web/dev.horde.org/api/jonah/Horde_Block/_lib---Block---cloud.php.html
Converting /usr/local/horde/checkout/jonah/lib/Block/delivery.php Procedural Page Elements... Classes...
    Writing /horde/web/dev.horde.org/api/jonah/Horde_Block/Horde_Block_Jonah_delivery.html
 done
    Writing /horde/web/dev.horde.org/api/jonah/Horde_Block/_lib---Block---delivery.php.html
Converting /usr/local/horde/checkout/jonah/lib/Driver.php Procedural Page Elements... Classes...
    Writing /horde/web/dev.horde.org/api/jonah/Jonah/Jonah_Driver.html
 done
    Writing /horde/web/dev.horde.org/api/jonah/Jonah/_lib---Driver.php.html
Converting /usr/local/horde/checkout/jonah/lib/Forms/Feed.php Procedural Page Elements... Classes...
    Writing /horde/web/dev.horde.org/api/jonah/Jonah/FeedForm.html
 done
    Writing /horde/web/dev.horde.org/api/jonah/Jonah/_lib---Forms---Feed.php.html
Converting /usr/local/horde/checkout/jonah/lib/FeedParser.php Procedural Page Elements... Classes...
    Writing /horde/web/dev.horde.org/api/jonah/Jonah/Jonah_FeedParser.html
 done
    Writing /horde/web/dev.horde.org/api/jonah/Jonah/_lib---FeedParser.php.html
Converting /usr/local/horde/checkout/jonah/lib/Jonah.php Procedural Page Elements... Classes...
    Writing /horde/web/dev.horde.org/api/jonah/Jonah/Jonah.html
 done
    Writing /horde/web/dev.horde.org/api/jonah/Jonah/_lib---Jonah.php.html
Converting /usr/local/horde/checkout/jonah/lib/Block/latest.php Procedural Page Elements... Classes...
    Writing /horde/web/dev.horde.org/api/jonah/Horde_Block/Horde_Block_Jonah_latest.html
 done
    Writing /horde/web/dev.horde.org/api/jonah/Horde_Block/_lib---Block---latest.php.html
Converting /usr/local/horde/checkout/jonah/lib/Block/news.php Procedural Page Elements... Classes...
    Writing /horde/web/dev.horde.org/api/jonah/Horde_Block/Horde_Block_Jonah_news.html
 done
    Writing /horde/web/dev.horde.org/api/jonah/Horde_Block/_lib---Block---news.php.html
Converting /usr/local/horde/checkout/jonah/lib/News.php Procedural Page Elements... Classes...
    Writing /horde/web/dev.horde.org/api/jonah/Jonah/Jonah_News.html
 done
    Writing /horde/web/dev.horde.org/api/jonah/Jonah/_lib---News.php.html
Converting /usr/local/horde/checkout/jonah/lib/Block/news_popular.php Procedural Page Elements... Classes...
    Writing /horde/web/dev.horde.org/api/jonah/Horde_Block/Horde_Block_Jonah_news_popular.html
 done
    Writing /horde/web/dev.horde.org/api/jonah/Horde_Block/_lib---Block---news_popular.php.html
Converting /usr/local/horde/checkout/jonah/lib/Driver/sql.php Procedural Page Elements... Classes...
    Writing /horde/web/dev.horde.org/api/jonah/Jonah/Jonah_Driver_sql.html
 done
    Writing /horde/web/dev.horde.org/api/jonah/Jonah/_lib---Driver---sql.php.html
Converting /usr/local/horde/checkout/jonah/lib/News/sql.php Procedural Page Elements... Classes...
    Writing /horde/web/dev.horde.org/api/jonah/Jonah/Jonah_News_sql.html
 done
    Writing /horde/web/dev.horde.org/api/jonah/Jonah/_lib---News---sql.php.html
Converting /usr/local/horde/checkout/jonah/lib/Block/story.php Procedural Page Elements... Classes...
    Writing /horde/web/dev.horde.org/api/jonah/Horde_Block/Horde_Block_Jonah_story.html
 done
    Writing /horde/web/dev.horde.org/api/jonah/Horde_Block/_lib---Block---story.php.html
Converting /usr/local/horde/checkout/jonah/lib/Forms/Story.php Procedural Page Elements... Classes...
    Writing /horde/web/dev.horde.org/api/jonah/Jonah/StoryForm.html
 done
    Writing /horde/web/dev.horde.org/api/jonah/Jonah/_lib---Forms---Story.php.html
Converting /usr/local/horde/checkout/jonah/lib/Block/tree_menu.php Procedural Page Elements... Classes...
    Writing /horde/web/dev.horde.org/api/jonah/Horde_Block/Horde_Block_jonah_tree_menu.html
 done
    Writing /horde/web/dev.horde.org/api/jonah/Horde_Block/_lib---Block---tree_menu.php.html

Converting @todo List...done

Converting Error Log...    Writing /horde/web/dev.horde.org/api/jonah/errors.html


To view errors and warnings, look at /horde/web/dev.horde.org/api/jonah/errors.html
done

Parsing time: 3 seconds

Conversion time: 3 seconds

Total Documentation Time: 6 seconds
done
