PHP Version 5.2.11
phpDocumentor version 1.4.3

Parsing configuration file phpDocumentor.ini...
   (found in /usr/share/php/data/PhpDocumentor/)...

done
Maximum memory usage set at 256M after considering php.ini...
using tokenizer Parser
File /usr/local/horde/checkout/juno/lib/Block/CVS/Entries Ignored
File /usr/local/horde/checkout/juno/lib/Block/CVS/Repository Ignored
File /usr/local/horde/checkout/juno/lib/Block/CVS/Root Ignored
File /usr/local/horde/checkout/juno/lib/CVS/Entries Ignored
File /usr/local/horde/checkout/juno/lib/CVS/Repository Ignored
File /usr/local/horde/checkout/juno/lib/CVS/Root Ignored
File /usr/local/horde/checkout/juno/lib/Stocks/CVS/Entries Ignored
File /usr/local/horde/checkout/juno/lib/Stocks/CVS/Repository Ignored
File /usr/local/horde/checkout/juno/lib/Stocks/CVS/Root Ignored
File /usr/local/horde/checkout/juno/lib/version.php Ignored


Grabbing README/INSTALL/CHANGELOG
README...
done


Tutorial/Extended Documentation Parsing Stage

done


General Parsing Stage

Reading file /usr/local/horde/checkout/juno/lib/Block/portfolio.php -- Parsing file
WARNING in portfolio.php on line 9: DocBlock would be page-level, but precedes class "Horde_Block_Juno_portfolio", use another DocBlock to document the file
Reading file /usr/local/horde/checkout/juno/lib/Stocks/nasdaq.php -- Parsing file
WARNING in nasdaq.php on line 12: DocBlock would be page-level, but precedes class "Juno_Stocks_nasdaq", use another DocBlock to document the file
Reading file /usr/local/horde/checkout/juno/lib/Stocks/yahoo.php -- Parsing file
WARNING in yahoo.php on line 16: DocBlock would be page-level, but precedes class "Juno_Stocks_yahoo", use another DocBlock to document the file
Reading file /usr/local/horde/checkout/juno/lib/Juno.php -- Parsing file
WARNING in Juno.php on line 13: DocBlock would be page-level, but precedes class "Juno", use another DocBlock to document the file
Reading file /usr/local/horde/checkout/juno/lib/Stocks.php -- Parsing file
WARNING in Stocks.php on line 11: DocBlock would be page-level, but precedes class "Juno_Stocks", use another DocBlock to document the file
Reading file /usr/local/horde/checkout/juno/lib/prefs.php -- Parsing file
WARNING in prefs.php on line 28: File "/usr/local/horde/checkout/juno/lib/prefs.php" has no page-level DocBlock, use @package in the first DocBlock to create one
Reading file /usr/local/horde/checkout/juno/lib/base.php -- Parsing file
WARNING in base.php on line 53: File "/usr/local/horde/checkout/juno/lib/base.php" has no page-level DocBlock, use @package in the first DocBlock to create one
done

Converting From Abstract Parsed Data

Processing Class Inheritance


Processing Root Trees


Processing leftover classes (classes that extend root classes not found in the same package)
Processing Horde_Block_Juno_portfolio in file /usr/local/horde/checkout/juno/lib/Block/portfolio.php
WARNING: Class Horde_Block_Juno_portfolio parent Horde_Block not found
done processing leftover classes

Processing Procedural Page Element Name Conflicts


Sorting page elements...done
Formatting @uses list...done

creating /horde/web/dev.horde.org/api/juno/media
copying /horde/web/dev.horde.org/api/juno/media/banner.css
copying /horde/web/dev.horde.org/api/juno/media/stylesheet.css
creating /horde/web/dev.horde.org/api/juno/media/images
copying /horde/web/dev.horde.org/api/juno/media/images/AbstractClass.png
copying /horde/web/dev.horde.org/api/juno/media/images/AbstractClass_logo.png
copying /horde/web/dev.horde.org/api/juno/media/images/AbstractMethod.png
copying /horde/web/dev.horde.org/api/juno/media/images/AbstractPrivateClass.png
copying /horde/web/dev.horde.org/api/juno/media/images/AbstractPrivateClass_logo.png
copying /horde/web/dev.horde.org/api/juno/media/images/AbstractPrivateMethod.png
copying /horde/web/dev.horde.org/api/juno/media/images/blank.png
copying /horde/web/dev.horde.org/api/juno/media/images/Class.png
copying /horde/web/dev.horde.org/api/juno/media/images/class_folder.png
copying /horde/web/dev.horde.org/api/juno/media/images/Class_logo.png
copying /horde/web/dev.horde.org/api/juno/media/images/Constant.png
copying /horde/web/dev.horde.org/api/juno/media/images/Constructor.png
copying /horde/web/dev.horde.org/api/juno/media/images/Destructor.png
copying /horde/web/dev.horde.org/api/juno/media/images/empty.png
copying /horde/web/dev.horde.org/api/juno/media/images/file.png
copying /horde/web/dev.horde.org/api/juno/media/images/folder.png
copying /horde/web/dev.horde.org/api/juno/media/images/Function.png
copying /horde/web/dev.horde.org/api/juno/media/images/function_folder.png
copying /horde/web/dev.horde.org/api/juno/media/images/Global.png
copying /horde/web/dev.horde.org/api/juno/media/images/I.png
copying /horde/web/dev.horde.org/api/juno/media/images/Index.png
copying /horde/web/dev.horde.org/api/juno/media/images/Interface.png
copying /horde/web/dev.horde.org/api/juno/media/images/Interface_logo.png
copying /horde/web/dev.horde.org/api/juno/media/images/L.png
copying /horde/web/dev.horde.org/api/juno/media/images/Lminus.png
copying /horde/web/dev.horde.org/api/juno/media/images/Lplus.png
copying /horde/web/dev.horde.org/api/juno/media/images/Method.png
copying /horde/web/dev.horde.org/api/juno/media/images/minus.gif
copying /horde/web/dev.horde.org/api/juno/media/images/next_button.png
copying /horde/web/dev.horde.org/api/juno/media/images/next_button_disabled.png
copying /horde/web/dev.horde.org/api/juno/media/images/package.png
copying /horde/web/dev.horde.org/api/juno/media/images/package_folder.png
copying /horde/web/dev.horde.org/api/juno/media/images/Page.png
copying /horde/web/dev.horde.org/api/juno/media/images/Page_logo.png
copying /horde/web/dev.horde.org/api/juno/media/images/plus.gif
copying /horde/web/dev.horde.org/api/juno/media/images/previous_button.png
copying /horde/web/dev.horde.org/api/juno/media/images/previous_button_disabled.png
copying /horde/web/dev.horde.org/api/juno/media/images/PrivateClass.png
copying /horde/web/dev.horde.org/api/juno/media/images/PrivateClass_logo.png
copying /horde/web/dev.horde.org/api/juno/media/images/PrivateMethod.png
copying /horde/web/dev.horde.org/api/juno/media/images/PrivateVariable.png
copying /horde/web/dev.horde.org/api/juno/media/images/private_class_logo.png
copying /horde/web/dev.horde.org/api/juno/media/images/StaticMethod.png
copying /horde/web/dev.horde.org/api/juno/media/images/StaticVariable.png
copying /horde/web/dev.horde.org/api/juno/media/images/T.png
copying /horde/web/dev.horde.org/api/juno/media/images/Tminus.png
copying /horde/web/dev.horde.org/api/juno/media/images/Tplus.png
copying /horde/web/dev.horde.org/api/juno/media/images/tutorial.png
copying /horde/web/dev.horde.org/api/juno/media/images/tutorial_folder.png
copying /horde/web/dev.horde.org/api/juno/media/images/up_button.png
copying /horde/web/dev.horde.org/api/juno/media/images/Variable.png
creating /horde/web/dev.horde.org/api/juno/media/lib
copying /horde/web/dev.horde.org/api/juno/media/lib/classTree.js
Building indexes...done

Sorting Indexes...done

Sorting @todo list...done
Converting README/INSTALL/CHANGELOG contents...
README...    Writing /horde/web/dev.horde.org/api/juno/ric_README.html

done
Converting tutorials/extended docs
Formatting Package Indexes...    Writing /horde/web/dev.horde.org/api/juno/elementindex_horde.html
    Writing /horde/web/dev.horde.org/api/juno/elementindex_Juno.html
    Writing /horde/web/dev.horde.org/api/juno/elementindex_Horde_Block.html

done
Formatting Index...
    Writing /horde/web/dev.horde.org/api/juno/elementindex.html
    Writing /horde/web/dev.horde.org/api/juno/blank.html

    Writing /horde/web/dev.horde.org/api/juno/index.html
    Writing /horde/web/dev.horde.org/api/juno/packages.html
done

Formatting Left Quick Index...
    Writing /horde/web/dev.horde.org/api/juno/li_Horde_Block.html
    Writing /horde/web/dev.horde.org/api/juno/classtrees_Horde_Block.html

    Writing /horde/web/dev.horde.org/api/juno/li_Juno.html
    Writing /horde/web/dev.horde.org/api/juno/classtrees_Juno.html

    Writing /horde/web/dev.horde.org/api/juno/li_horde.html
    Writing /horde/web/dev.horde.org/api/juno/classtrees_horde.html

done

Converting /usr/local/horde/checkout/juno/lib/base.php Procedural Page Elements... Classes... done
    Writing /horde/web/dev.horde.org/api/juno/horde/_lib---base.php.html
Converting /usr/local/horde/checkout/juno/lib/Juno.php Procedural Page Elements... Classes...
    Writing /horde/web/dev.horde.org/api/juno/Juno/Juno.html
 done
    Writing /horde/web/dev.horde.org/api/juno/Juno/_lib---Juno.php.html
Converting /usr/local/horde/checkout/juno/lib/Stocks/nasdaq.php Procedural Page Elements... Classes...
    Writing /horde/web/dev.horde.org/api/juno/Juno/Juno_Stocks_nasdaq.html
 done
    Writing /horde/web/dev.horde.org/api/juno/Juno/_lib---Stocks---nasdaq.php.html
Converting /usr/local/horde/checkout/juno/lib/Block/portfolio.php Procedural Page Elements... Classes...
    Writing /horde/web/dev.horde.org/api/juno/Horde_Block/Horde_Block_Juno_portfolio.html
 done
    Writing /horde/web/dev.horde.org/api/juno/Horde_Block/_lib---Block---portfolio.php.html
Converting /usr/local/horde/checkout/juno/lib/prefs.php Procedural Page Elements... Classes... done
    Writing /horde/web/dev.horde.org/api/juno/horde/_lib---prefs.php.html
Converting /usr/local/horde/checkout/juno/lib/Stocks.php Procedural Page Elements... Classes...
    Writing /horde/web/dev.horde.org/api/juno/Juno/Juno_Stocks.html
 done
    Writing /horde/web/dev.horde.org/api/juno/Juno/_lib---Stocks.php.html
Converting /usr/local/horde/checkout/juno/lib/Stocks/yahoo.php Procedural Page Elements... Classes...
    Writing /horde/web/dev.horde.org/api/juno/Juno/Juno_Stocks_yahoo.html
 done
    Writing /horde/web/dev.horde.org/api/juno/Juno/_lib---Stocks---yahoo.php.html

Converting @todo List...done

Converting Error Log...    Writing /horde/web/dev.horde.org/api/juno/errors.html


To view errors and warnings, look at /horde/web/dev.horde.org/api/juno/errors.html
done

Parsing time: 0 seconds

Conversion time: 1 seconds

Total Documentation Time: 1 seconds
done
