PHP Version 5.2.11
phpDocumentor version 1.4.3

Parsing configuration file phpDocumentor.ini...
   (found in /usr/share/php/data/PhpDocumentor/)...

done
Maximum memory usage set at 256M after considering php.ini...
using tokenizer Parser


Grabbing README/INSTALL/CHANGELOG
README...
done


Tutorial/Extended Documentation Parsing Stage

done


General Parsing Stage

Reading file /usr/local/horde/checkout/horde-hatchery.git/kastalia/lib/Application.php -- Parsing file
WARNING in Application.php on line 2: no @package tag was used in a DocBlock for class Kastalia_Application
WARNING in Application.php on line 15: File "/usr/local/horde/checkout/horde-hatchery.git/kastalia/lib/Application.php" has no page-level DocBlock, use @package in the first DocBlock to create one
Reading file /usr/local/horde/checkout/horde-hatchery.git/kastalia/lib/Block/tree_menu.php -- Parsing file
WARNING in tree_menu.php on line 15: DocBlock would be page-level, but precedes class "Horde_Block_kastalia_tree_menu", use another DocBlock to document the file
Reading file /usr/local/horde/checkout/horde-hatchery.git/kastalia/lib/Kastalia.php -- Parsing file
WARNING in Kastalia.php on line 13: DocBlock would be page-level, but precedes class "Kastalia", use another DocBlock to document the file
Reading file /usr/local/horde/checkout/horde-hatchery.git/kastalia/lib/base.php -- Parsing file
WARNING in base.php on line 39: File "/usr/local/horde/checkout/horde-hatchery.git/kastalia/lib/base.php" has no page-level DocBlock, use @package in the first DocBlock to create one
done

Converting From Abstract Parsed Data

Processing Class Inheritance


Processing Root Trees


Processing leftover classes (classes that extend root classes not found in the same package)
Processing Kastalia_Application in file /usr/local/horde/checkout/horde-hatchery.git/kastalia/lib/Application.php
WARNING: Class Kastalia_Application parent Horde_Registry_Application not found
Processing Horde_Block_kastalia_tree_menu in file /usr/local/horde/checkout/horde-hatchery.git/kastalia/lib/Block/tree_menu.php
WARNING: Class Horde_Block_kastalia_tree_menu parent Horde_Block not found
done processing leftover classes

Processing Procedural Page Element Name Conflicts


Sorting page elements...done
Formatting @uses list...done

Creating Directory /horde/web/dev.horde.org/api/kastalia
creating /horde/web/dev.horde.org/api/kastalia/media
Creating Directory /horde/web/dev.horde.org/api/kastalia/media
copying /horde/web/dev.horde.org/api/kastalia/media/banner.css
copying /horde/web/dev.horde.org/api/kastalia/media/stylesheet.css
creating /horde/web/dev.horde.org/api/kastalia/media/images
Creating Directory /horde/web/dev.horde.org/api/kastalia/media/images
copying /horde/web/dev.horde.org/api/kastalia/media/images/AbstractClass.png
copying /horde/web/dev.horde.org/api/kastalia/media/images/AbstractClass_logo.png
copying /horde/web/dev.horde.org/api/kastalia/media/images/AbstractMethod.png
copying /horde/web/dev.horde.org/api/kastalia/media/images/AbstractPrivateClass.png
copying /horde/web/dev.horde.org/api/kastalia/media/images/AbstractPrivateClass_logo.png
copying /horde/web/dev.horde.org/api/kastalia/media/images/AbstractPrivateMethod.png
copying /horde/web/dev.horde.org/api/kastalia/media/images/blank.png
copying /horde/web/dev.horde.org/api/kastalia/media/images/Class.png
copying /horde/web/dev.horde.org/api/kastalia/media/images/class_folder.png
copying /horde/web/dev.horde.org/api/kastalia/media/images/Class_logo.png
copying /horde/web/dev.horde.org/api/kastalia/media/images/Constant.png
copying /horde/web/dev.horde.org/api/kastalia/media/images/Constructor.png
copying /horde/web/dev.horde.org/api/kastalia/media/images/Destructor.png
copying /horde/web/dev.horde.org/api/kastalia/media/images/empty.png
copying /horde/web/dev.horde.org/api/kastalia/media/images/file.png
copying /horde/web/dev.horde.org/api/kastalia/media/images/folder.png
copying /horde/web/dev.horde.org/api/kastalia/media/images/Function.png
copying /horde/web/dev.horde.org/api/kastalia/media/images/function_folder.png
copying /horde/web/dev.horde.org/api/kastalia/media/images/Global.png
copying /horde/web/dev.horde.org/api/kastalia/media/images/I.png
copying /horde/web/dev.horde.org/api/kastalia/media/images/Index.png
copying /horde/web/dev.horde.org/api/kastalia/media/images/Interface.png
copying /horde/web/dev.horde.org/api/kastalia/media/images/Interface_logo.png
copying /horde/web/dev.horde.org/api/kastalia/media/images/L.png
copying /horde/web/dev.horde.org/api/kastalia/media/images/Lminus.png
copying /horde/web/dev.horde.org/api/kastalia/media/images/Lplus.png
copying /horde/web/dev.horde.org/api/kastalia/media/images/Method.png
copying /horde/web/dev.horde.org/api/kastalia/media/images/minus.gif
copying /horde/web/dev.horde.org/api/kastalia/media/images/next_button.png
copying /horde/web/dev.horde.org/api/kastalia/media/images/next_button_disabled.png
copying /horde/web/dev.horde.org/api/kastalia/media/images/package.png
copying /horde/web/dev.horde.org/api/kastalia/media/images/package_folder.png
copying /horde/web/dev.horde.org/api/kastalia/media/images/Page.png
copying /horde/web/dev.horde.org/api/kastalia/media/images/Page_logo.png
copying /horde/web/dev.horde.org/api/kastalia/media/images/plus.gif
copying /horde/web/dev.horde.org/api/kastalia/media/images/previous_button.png
copying /horde/web/dev.horde.org/api/kastalia/media/images/previous_button_disabled.png
copying /horde/web/dev.horde.org/api/kastalia/media/images/PrivateClass.png
copying /horde/web/dev.horde.org/api/kastalia/media/images/PrivateClass_logo.png
copying /horde/web/dev.horde.org/api/kastalia/media/images/PrivateMethod.png
copying /horde/web/dev.horde.org/api/kastalia/media/images/PrivateVariable.png
copying /horde/web/dev.horde.org/api/kastalia/media/images/private_class_logo.png
copying /horde/web/dev.horde.org/api/kastalia/media/images/StaticMethod.png
copying /horde/web/dev.horde.org/api/kastalia/media/images/StaticVariable.png
copying /horde/web/dev.horde.org/api/kastalia/media/images/T.png
copying /horde/web/dev.horde.org/api/kastalia/media/images/Tminus.png
copying /horde/web/dev.horde.org/api/kastalia/media/images/Tplus.png
copying /horde/web/dev.horde.org/api/kastalia/media/images/tutorial.png
copying /horde/web/dev.horde.org/api/kastalia/media/images/tutorial_folder.png
copying /horde/web/dev.horde.org/api/kastalia/media/images/up_button.png
copying /horde/web/dev.horde.org/api/kastalia/media/images/Variable.png
creating /horde/web/dev.horde.org/api/kastalia/media/lib
Creating Directory /horde/web/dev.horde.org/api/kastalia/media/lib
copying /horde/web/dev.horde.org/api/kastalia/media/lib/classTree.js
Building indexes...done

Sorting Indexes...done

Sorting @todo list...done
Converting README/INSTALL/CHANGELOG contents...
README...    Writing /horde/web/dev.horde.org/api/kastalia/ric_README.html

done
Converting tutorials/extended docs
Formatting Package Indexes...    Writing /horde/web/dev.horde.org/api/kastalia/elementindex_horde.html
    Writing /horde/web/dev.horde.org/api/kastalia/elementindex_Kastalia.html
    Writing /horde/web/dev.horde.org/api/kastalia/elementindex_Tree_Menu.html

done
Formatting Index...
    Writing /horde/web/dev.horde.org/api/kastalia/elementindex.html
    Writing /horde/web/dev.horde.org/api/kastalia/blank.html

    Writing /horde/web/dev.horde.org/api/kastalia/index.html
    Writing /horde/web/dev.horde.org/api/kastalia/packages.html
done

Formatting Left Quick Index...
    Writing /horde/web/dev.horde.org/api/kastalia/li_horde.html
    Writing /horde/web/dev.horde.org/api/kastalia/classtrees_horde.html

    Writing /horde/web/dev.horde.org/api/kastalia/li_Tree_Menu.html
    Writing /horde/web/dev.horde.org/api/kastalia/classtrees_Tree_Menu.html

    Writing /horde/web/dev.horde.org/api/kastalia/li_Kastalia.html
    Writing /horde/web/dev.horde.org/api/kastalia/classtrees_Kastalia.html

done

Converting /usr/local/horde/checkout/horde-hatchery.git/kastalia/lib/Application.php Procedural Page Elements... Classes...
Creating Directory /horde/web/dev.horde.org/api/kastalia/horde
    Writing /horde/web/dev.horde.org/api/kastalia/horde/Kastalia_Application.html
 done
    Writing /horde/web/dev.horde.org/api/kastalia/horde/_lib---Application.php.html
Converting /usr/local/horde/checkout/horde-hatchery.git/kastalia/lib/base.php Procedural Page Elements... Classes... done
    Writing /horde/web/dev.horde.org/api/kastalia/horde/_lib---base.php.html
Converting /usr/local/horde/checkout/horde-hatchery.git/kastalia/lib/Kastalia.php Procedural Page Elements... Classes...
Creating Directory /horde/web/dev.horde.org/api/kastalia/Kastalia
    Writing /horde/web/dev.horde.org/api/kastalia/Kastalia/Kastalia.html
 done
    Writing /horde/web/dev.horde.org/api/kastalia/Kastalia/_lib---Kastalia.php.html
Converting /usr/local/horde/checkout/horde-hatchery.git/kastalia/lib/Block/tree_menu.php Procedural Page Elements... Classes...
Creating Directory /horde/web/dev.horde.org/api/kastalia/Tree_Menu
    Writing /horde/web/dev.horde.org/api/kastalia/Tree_Menu/Horde_Block_kastalia_tree_menu.html
 done
    Writing /horde/web/dev.horde.org/api/kastalia/Tree_Menu/_lib---Block---tree_menu.php.html

Converting @todo List...done

Converting Error Log...    Writing /horde/web/dev.horde.org/api/kastalia/errors.html


To view errors and warnings, look at /horde/web/dev.horde.org/api/kastalia/errors.html
done

Parsing time: 0 seconds

Conversion time: 1 seconds

Total Documentation Time: 1 seconds
done
