PHP Version 5.2.11
phpDocumentor version 1.4.3

Parsing configuration file phpDocumentor.ini...
   (found in /usr/share/php/data/PhpDocumentor/)...

done
Maximum memory usage set at 256M after considering php.ini...
using tokenizer Parser
Hidden /usr/local/horde/checkout/klutz/lib/.htaccess Ignored
File /usr/local/horde/checkout/klutz/lib/Block/CVS/Entries Ignored
File /usr/local/horde/checkout/klutz/lib/Block/CVS/Repository Ignored
File /usr/local/horde/checkout/klutz/lib/Block/CVS/Root Ignored
File /usr/local/horde/checkout/klutz/lib/CVS/Entries Ignored
File /usr/local/horde/checkout/klutz/lib/CVS/Repository Ignored
File /usr/local/horde/checkout/klutz/lib/CVS/Root Ignored
File /usr/local/horde/checkout/klutz/lib/Comic/CVS/Entries Ignored
File /usr/local/horde/checkout/klutz/lib/Comic/CVS/Repository Ignored
File /usr/local/horde/checkout/klutz/lib/Comic/CVS/Root Ignored
File /usr/local/horde/checkout/klutz/lib/Driver/CVS/Entries Ignored
File /usr/local/horde/checkout/klutz/lib/Driver/CVS/Repository Ignored
File /usr/local/horde/checkout/klutz/lib/Driver/CVS/Root Ignored
File /usr/local/horde/checkout/klutz/lib/version.php Ignored


Grabbing README/INSTALL/CHANGELOG
README...
done


Tutorial/Extended Documentation Parsing Stage

done


General Parsing Stage

Reading file /usr/local/horde/checkout/klutz/lib/Block/summary.php -- Parsing file
WARNING in summary.php on line 9: DocBlock would be page-level, but precedes class "Horde_Block_Klutz_summary", use another DocBlock to document the file
Reading file /usr/local/horde/checkout/klutz/lib/Comic/bysize.php -- Parsing file
WARNING in bysize.php on line 15: DocBlock would be page-level, but precedes class "Klutz_Comic_bysize", use another DocBlock to document the file
Reading file /usr/local/horde/checkout/klutz/lib/Comic/direct.php -- Parsing file
WARNING in direct.php on line 12: DocBlock would be page-level, but precedes class "Klutz_Comic_direct", use another DocBlock to document the file
Reading file /usr/local/horde/checkout/klutz/lib/Comic/search.php -- Parsing file
WARNING in search.php on line 12: DocBlock would be page-level, but precedes class "Klutz_Comic_search", use another DocBlock to document the file
Reading file /usr/local/horde/checkout/klutz/lib/Driver/file.php -- Parsing file
WARNING in file.php on line 14: DocBlock would be page-level, but precedes class "Klutz_Driver_file", use another DocBlock to document the file
Reading file /usr/local/horde/checkout/klutz/lib/Driver/sql.php -- Parsing file

	ERROR in sql.php on line 38: "@var" tag was used without any parameters, illegal
WARNING in sql.php on line 467: File "/usr/local/horde/checkout/klutz/lib/Driver/sql.php" has no page-level DocBlock, use @package in the first DocBlock to create one
Reading file /usr/local/horde/checkout/klutz/lib/Comic.php -- Parsing file
WARNING in Comic.php on line 9: DocBlock would be page-level, but precedes class "Klutz_Comic", use another DocBlock to document the file
Reading file /usr/local/horde/checkout/klutz/lib/Driver.php -- Parsing file
WARNING in Driver.php on line 10: DocBlock would be page-level, but precedes class "Klutz_Driver", use another DocBlock to document the file
Reading file /usr/local/horde/checkout/klutz/lib/Image.php -- Parsing file
WARNING in Image.php on line 9: DocBlock would be page-level, but precedes class "Klutz_Image", use another DocBlock to document the file
Reading file /usr/local/horde/checkout/klutz/lib/Klutz.php -- Parsing file
WARNING in Klutz.php on line 365: File "/usr/local/horde/checkout/klutz/lib/Klutz.php" has no page-level DocBlock, use @package in the first DocBlock to create one
Reading file /usr/local/horde/checkout/klutz/lib/api.php -- Parsing file
Reading file /usr/local/horde/checkout/klutz/lib/prefs.php -- Parsing file
WARNING in prefs.php on line 29: File "/usr/local/horde/checkout/klutz/lib/prefs.php" has no page-level DocBlock, use @package in the first DocBlock to create one
Reading file /usr/local/horde/checkout/klutz/lib/base.php -- Parsing file
WARNING in base.php on line 58: File "/usr/local/horde/checkout/klutz/lib/base.php" has no page-level DocBlock, use @package in the first DocBlock to create one
done

Converting From Abstract Parsed Data

Processing Class Inheritance


Processing Root Trees


Processing leftover classes (classes that extend root classes not found in the same package)
Processing Horde_Block_Klutz_summary in file /usr/local/horde/checkout/klutz/lib/Block/summary.php
WARNING: Class Horde_Block_Klutz_summary parent Horde_Block not found
done processing leftover classes

Processing Procedural Page Element Name Conflicts


Sorting page elements...done
Formatting @uses list...done

creating /horde/web/dev.horde.org/api/klutz/media
copying /horde/web/dev.horde.org/api/klutz/media/banner.css
copying /horde/web/dev.horde.org/api/klutz/media/stylesheet.css
creating /horde/web/dev.horde.org/api/klutz/media/images
copying /horde/web/dev.horde.org/api/klutz/media/images/AbstractClass.png
copying /horde/web/dev.horde.org/api/klutz/media/images/AbstractClass_logo.png
copying /horde/web/dev.horde.org/api/klutz/media/images/AbstractMethod.png
copying /horde/web/dev.horde.org/api/klutz/media/images/AbstractPrivateClass.png
copying /horde/web/dev.horde.org/api/klutz/media/images/AbstractPrivateClass_logo.png
copying /horde/web/dev.horde.org/api/klutz/media/images/AbstractPrivateMethod.png
copying /horde/web/dev.horde.org/api/klutz/media/images/blank.png
copying /horde/web/dev.horde.org/api/klutz/media/images/Class.png
copying /horde/web/dev.horde.org/api/klutz/media/images/class_folder.png
copying /horde/web/dev.horde.org/api/klutz/media/images/Class_logo.png
copying /horde/web/dev.horde.org/api/klutz/media/images/Constant.png
copying /horde/web/dev.horde.org/api/klutz/media/images/Constructor.png
copying /horde/web/dev.horde.org/api/klutz/media/images/Destructor.png
copying /horde/web/dev.horde.org/api/klutz/media/images/empty.png
copying /horde/web/dev.horde.org/api/klutz/media/images/file.png
copying /horde/web/dev.horde.org/api/klutz/media/images/folder.png
copying /horde/web/dev.horde.org/api/klutz/media/images/Function.png
copying /horde/web/dev.horde.org/api/klutz/media/images/function_folder.png
copying /horde/web/dev.horde.org/api/klutz/media/images/Global.png
copying /horde/web/dev.horde.org/api/klutz/media/images/I.png
copying /horde/web/dev.horde.org/api/klutz/media/images/Index.png
copying /horde/web/dev.horde.org/api/klutz/media/images/Interface.png
copying /horde/web/dev.horde.org/api/klutz/media/images/Interface_logo.png
copying /horde/web/dev.horde.org/api/klutz/media/images/L.png
copying /horde/web/dev.horde.org/api/klutz/media/images/Lminus.png
copying /horde/web/dev.horde.org/api/klutz/media/images/Lplus.png
copying /horde/web/dev.horde.org/api/klutz/media/images/Method.png
copying /horde/web/dev.horde.org/api/klutz/media/images/minus.gif
copying /horde/web/dev.horde.org/api/klutz/media/images/next_button.png
copying /horde/web/dev.horde.org/api/klutz/media/images/next_button_disabled.png
copying /horde/web/dev.horde.org/api/klutz/media/images/package.png
copying /horde/web/dev.horde.org/api/klutz/media/images/package_folder.png
copying /horde/web/dev.horde.org/api/klutz/media/images/Page.png
copying /horde/web/dev.horde.org/api/klutz/media/images/Page_logo.png
copying /horde/web/dev.horde.org/api/klutz/media/images/plus.gif
copying /horde/web/dev.horde.org/api/klutz/media/images/previous_button.png
copying /horde/web/dev.horde.org/api/klutz/media/images/previous_button_disabled.png
copying /horde/web/dev.horde.org/api/klutz/media/images/PrivateClass.png
copying /horde/web/dev.horde.org/api/klutz/media/images/PrivateClass_logo.png
copying /horde/web/dev.horde.org/api/klutz/media/images/PrivateMethod.png
copying /horde/web/dev.horde.org/api/klutz/media/images/PrivateVariable.png
copying /horde/web/dev.horde.org/api/klutz/media/images/private_class_logo.png
copying /horde/web/dev.horde.org/api/klutz/media/images/StaticMethod.png
copying /horde/web/dev.horde.org/api/klutz/media/images/StaticVariable.png
copying /horde/web/dev.horde.org/api/klutz/media/images/T.png
copying /horde/web/dev.horde.org/api/klutz/media/images/Tminus.png
copying /horde/web/dev.horde.org/api/klutz/media/images/Tplus.png
copying /horde/web/dev.horde.org/api/klutz/media/images/tutorial.png
copying /horde/web/dev.horde.org/api/klutz/media/images/tutorial_folder.png
copying /horde/web/dev.horde.org/api/klutz/media/images/up_button.png
copying /horde/web/dev.horde.org/api/klutz/media/images/Variable.png
creating /horde/web/dev.horde.org/api/klutz/media/lib
copying /horde/web/dev.horde.org/api/klutz/media/lib/classTree.js
Building indexes...done

Sorting Indexes...done

Sorting @todo list...done
Converting README/INSTALL/CHANGELOG contents...
README...    Writing /horde/web/dev.horde.org/api/klutz/ric_README.html

done
Converting tutorials/extended docs
Formatting Package Indexes...    Writing /horde/web/dev.horde.org/api/klutz/elementindex_Klutz.html
    Writing /horde/web/dev.horde.org/api/klutz/elementindex_horde.html
    Writing /horde/web/dev.horde.org/api/klutz/elementindex_Horde_Block.html

done
Formatting Index...
    Writing /horde/web/dev.horde.org/api/klutz/elementindex.html
    Writing /horde/web/dev.horde.org/api/klutz/blank.html

    Writing /horde/web/dev.horde.org/api/klutz/index.html
    Writing /horde/web/dev.horde.org/api/klutz/packages.html
done

Formatting Left Quick Index...
    Writing /horde/web/dev.horde.org/api/klutz/li_Horde_Block.html
    Writing /horde/web/dev.horde.org/api/klutz/classtrees_Horde_Block.html

    Writing /horde/web/dev.horde.org/api/klutz/li_horde.html
    Writing /horde/web/dev.horde.org/api/klutz/classtrees_horde.html

    Writing /horde/web/dev.horde.org/api/klutz/li_Klutz.html
    Writing /horde/web/dev.horde.org/api/klutz/classtrees_Klutz.html

done

Converting /usr/local/horde/checkout/klutz/lib/api.php Procedural Page Elements... Classes... done
    Writing /horde/web/dev.horde.org/api/klutz/Klutz/_lib---api.php.html
Converting /usr/local/horde/checkout/klutz/lib/base.php Procedural Page Elements... Classes... done
    Writing /horde/web/dev.horde.org/api/klutz/horde/_lib---base.php.html
Converting /usr/local/horde/checkout/klutz/lib/Comic/bysize.php Procedural Page Elements... Classes...
    Writing /horde/web/dev.horde.org/api/klutz/Klutz/Klutz_Comic_bysize.html
 done
    Writing /horde/web/dev.horde.org/api/klutz/Klutz/_lib---Comic---bysize.php.html
Converting /usr/local/horde/checkout/klutz/lib/Comic.php Procedural Page Elements... Classes...
    Writing /horde/web/dev.horde.org/api/klutz/Klutz/Klutz_Comic.html
 done
    Writing /horde/web/dev.horde.org/api/klutz/Klutz/_lib---Comic.php.html
Converting /usr/local/horde/checkout/klutz/lib/Comic/direct.php Procedural Page Elements... Classes...
    Writing /horde/web/dev.horde.org/api/klutz/Klutz/Klutz_Comic_direct.html
 done
    Writing /horde/web/dev.horde.org/api/klutz/Klutz/_lib---Comic---direct.php.html
Converting /usr/local/horde/checkout/klutz/lib/Driver.php Procedural Page Elements... Classes...
    Writing /horde/web/dev.horde.org/api/klutz/Klutz/Klutz_Driver.html
 done
    Writing /horde/web/dev.horde.org/api/klutz/Klutz/_lib---Driver.php.html
Converting /usr/local/horde/checkout/klutz/lib/Driver/file.php Procedural Page Elements... Classes...
    Writing /horde/web/dev.horde.org/api/klutz/Klutz/Klutz_Driver_file.html
 done
    Writing /horde/web/dev.horde.org/api/klutz/Klutz/_lib---Driver---file.php.html
Converting /usr/local/horde/checkout/klutz/lib/Image.php Procedural Page Elements... Classes...
    Writing /horde/web/dev.horde.org/api/klutz/Klutz/Klutz_Image.html
 done
    Writing /horde/web/dev.horde.org/api/klutz/Klutz/_lib---Image.php.html
Converting /usr/local/horde/checkout/klutz/lib/Klutz.php Procedural Page Elements... Classes...
    Writing /horde/web/dev.horde.org/api/klutz/Klutz/Klutz.html
 done
    Writing /horde/web/dev.horde.org/api/klutz/Klutz/_lib---Klutz.php.html
Converting /usr/local/horde/checkout/klutz/lib/prefs.php Procedural Page Elements... Classes... done
    Writing /horde/web/dev.horde.org/api/klutz/horde/_lib---prefs.php.html
Converting /usr/local/horde/checkout/klutz/lib/Comic/search.php Procedural Page Elements... Classes...
    Writing /horde/web/dev.horde.org/api/klutz/Klutz/Klutz_Comic_search.html
 done
    Writing /horde/web/dev.horde.org/api/klutz/Klutz/_lib---Comic---search.php.html
Converting /usr/local/horde/checkout/klutz/lib/Driver/sql.php Procedural Page Elements... Classes...
    Writing /horde/web/dev.horde.org/api/klutz/Klutz/Klutz_Driver_sql.html
 done
    Writing /horde/web/dev.horde.org/api/klutz/Klutz/_lib---Driver---sql.php.html
Converting /usr/local/horde/checkout/klutz/lib/Block/summary.php Procedural Page Elements... Classes...
    Writing /horde/web/dev.horde.org/api/klutz/Horde_Block/Horde_Block_Klutz_summary.html
 done
    Writing /horde/web/dev.horde.org/api/klutz/Horde_Block/_lib---Block---summary.php.html

Converting @todo List...done

Converting Error Log...    Writing /horde/web/dev.horde.org/api/klutz/errors.html


To view errors and warnings, look at /horde/web/dev.horde.org/api/klutz/errors.html
done

Parsing time: 2 seconds

Conversion time: 3 seconds

Total Documentation Time: 5 seconds
done
