PHP Version 5.2.11
phpDocumentor version 1.4.3

Parsing configuration file phpDocumentor.ini...
   (found in /usr/share/php/data/PhpDocumentor/)...

done
Maximum memory usage set at 256M after considering php.ini...
using tokenizer Parser
File  Ignored


Grabbing README/INSTALL/CHANGELOG

done


Tutorial/Extended Documentation Parsing Stage

done


General Parsing Stage

Reading file /usr/local/horde/checkout/horde-hatchery.git/koward/lib/Koward.php -- Parsing file
WARNING in Koward.php on line 10: package horde is already in category horde, will now replace with category Kolab
WARNING in Koward.php on line 10: DocBlock would be page-level, but precedes class "Koward", use another DocBlock to document the file
Reading file /usr/local/horde/checkout/horde-hatchery.git/koward/lib/Koward/Cli.php -- Parsing file
Reading file /usr/local/horde/checkout/horde-hatchery.git/koward/lib/Koward/Controller/Application.php -- Parsing file
WARNING in Application.php on line 3: no @package tag was used in a DocBlock for class Koward_Controller_Application
WARNING in Application.php on line 113: File "/usr/local/horde/checkout/horde-hatchery.git/koward/lib/Koward/Controller/Application.php" has no page-level DocBlock, use @package in the first DocBlock to create one
Reading file /usr/local/horde/checkout/horde-hatchery.git/koward/lib/Koward/Controller/CheckController.php -- Parsing file
WARNING in CheckController.php on line 7: package horde is already in category Kolab, will now replace with category horde
WARNING in CheckController.php on line 9: package Koward is already in category Kolab, will now replace with category horde
Reading file /usr/local/horde/checkout/horde-hatchery.git/koward/lib/Koward/Controller/IndexController.php -- Parsing file
Reading file /usr/local/horde/checkout/horde-hatchery.git/koward/lib/Koward/Controller/ObjectController.php -- Parsing file
Reading file /usr/local/horde/checkout/horde-hatchery.git/koward/lib/Koward/Exception.php -- Parsing file
WARNING in Exception.php on line 26: package horde is already in category horde, will now replace with category Kolab
Reading file /usr/local/horde/checkout/horde-hatchery.git/koward/lib/Koward/Form/Actions.php -- Parsing file
WARNING in Actions.php on line 7: package horde is already in category Kolab, will now replace with category horde
Reading file /usr/local/horde/checkout/horde-hatchery.git/koward/lib/Koward/Form/Object.php -- Parsing file
Reading file /usr/local/horde/checkout/horde-hatchery.git/koward/lib/Koward/Form/Search.php -- Parsing file
Reading file /usr/local/horde/checkout/horde-hatchery.git/koward/lib/Koward/Test.php -- Parsing file
WARNING in Test.php on line 26: package horde is already in category horde, will now replace with category Kolab
WARNING in Test.php on line 28: package Koward is already in category horde, will now replace with category Kolab
Reading file /usr/local/horde/checkout/horde-hatchery.git/koward/lib/Koward/Test/AllTests.php -- Parsing file
Reading file /usr/local/horde/checkout/horde-hatchery.git/koward/lib/Koward/Test/Renderer.php -- Parsing file
WARNING in Renderer.php on line 3: no @package tag was used in a DocBlock for class Koward_Test_Renderer
WARNING in Renderer.php on line 43: File "/usr/local/horde/checkout/horde-hatchery.git/koward/lib/Koward/Test/Renderer.php" has no page-level DocBlock, use @package in the first DocBlock to create one
Reading file /usr/local/horde/checkout/horde-hatchery.git/koward/lib/Koward/Test/Server/UserTest.php -- Parsing file
WARNING in UserTest.php on line 36: Unknown tag "@scenario" used
Reading file /usr/local/horde/checkout/horde-hatchery.git/koward/lib/Koward/Test/Template/scenario.html.dist -- File not parsed, not a php file
Reading file /usr/local/horde/checkout/horde-hatchery.git/koward/lib/Koward/Test/Template/scenario_header.html.dist -- File not parsed, not a php file
Reading file /usr/local/horde/checkout/horde-hatchery.git/koward/lib/Koward/Test/Template/scenarios.html.dist -- File not parsed, not a php file
Reading file /usr/local/horde/checkout/horde-hatchery.git/koward/lib/Koward/Test/Template/step.html.dist -- File not parsed, not a php file
Reading file /usr/local/horde/checkout/horde-hatchery.git/koward/lib/Koward/View/Check/run.html.php -- Parsing file
WARNING in run.html.php on line 9: File "/usr/local/horde/checkout/horde-hatchery.git/koward/lib/Koward/View/Check/run.html.php" has no page-level DocBlock, use @package in the first DocBlock to create one
Reading file /usr/local/horde/checkout/horde-hatchery.git/koward/lib/Koward/View/Check/show.html.php -- Parsing file
WARNING in show.html.php on line 8: File "/usr/local/horde/checkout/horde-hatchery.git/koward/lib/Koward/View/Check/show.html.php" has no page-level DocBlock, use @package in the first DocBlock to create one
Reading file /usr/local/horde/checkout/horde-hatchery.git/koward/lib/Koward/View/Index/index.html.php -- Parsing file
WARNING in index.html.php on line 5: File "/usr/local/horde/checkout/horde-hatchery.git/koward/lib/Koward/View/Index/index.html.php" has no page-level DocBlock, use @package in the first DocBlock to create one
Reading file /usr/local/horde/checkout/horde-hatchery.git/koward/lib/Koward/View/Index/login.html.php -- Parsing file
WARNING in login.html.php on line 27: File "/usr/local/horde/checkout/horde-hatchery.git/koward/lib/Koward/View/Index/login.html.php" has no page-level DocBlock, use @package in the first DocBlock to create one
Reading file /usr/local/horde/checkout/horde-hatchery.git/koward/lib/Koward/View/Object/add.html.php -- Parsing file
WARNING in add.html.php on line 3: File "/usr/local/horde/checkout/horde-hatchery.git/koward/lib/Koward/View/Object/add.html.php" has no page-level DocBlock, use @package in the first DocBlock to create one
Reading file /usr/local/horde/checkout/horde-hatchery.git/koward/lib/Koward/View/Object/delete.html.php -- Parsing file
WARNING in delete.html.php on line 14: File "/usr/local/horde/checkout/horde-hatchery.git/koward/lib/Koward/View/Object/delete.html.php" has no page-level DocBlock, use @package in the first DocBlock to create one
Reading file /usr/local/horde/checkout/horde-hatchery.git/koward/lib/Koward/View/Object/edit.html.php -- Parsing file
WARNING in edit.html.php on line 3: File "/usr/local/horde/checkout/horde-hatchery.git/koward/lib/Koward/View/Object/edit.html.php" has no page-level DocBlock, use @package in the first DocBlock to create one
Reading file /usr/local/horde/checkout/horde-hatchery.git/koward/lib/Koward/View/Object/listall.html.php -- Parsing file
WARNING in listall.html.php on line 49: File "/usr/local/horde/checkout/horde-hatchery.git/koward/lib/Koward/View/Object/listall.html.php" has no page-level DocBlock, use @package in the first DocBlock to create one
Reading file /usr/local/horde/checkout/horde-hatchery.git/koward/lib/Koward/View/Object/search.html.php -- Parsing file
WARNING in search.html.php on line 61: File "/usr/local/horde/checkout/horde-hatchery.git/koward/lib/Koward/View/Object/search.html.php" has no page-level DocBlock, use @package in the first DocBlock to create one
Reading file /usr/local/horde/checkout/horde-hatchery.git/koward/lib/Koward/View/Object/view.html.php -- Parsing file
WARNING in view.html.php on line 14: File "/usr/local/horde/checkout/horde-hatchery.git/koward/lib/Koward/View/Object/view.html.php" has no page-level DocBlock, use @package in the first DocBlock to create one
Reading file /usr/local/horde/checkout/horde-hatchery.git/koward/lib/Koward/View/shared/_header.html.php -- Parsing file
WARNING in _header.html.php on line 35: File "/usr/local/horde/checkout/horde-hatchery.git/koward/lib/Koward/View/shared/_header.html.php" has no page-level DocBlock, use @package in the first DocBlock to create one
Reading file /usr/local/horde/checkout/horde-hatchery.git/koward/lib/Koward/View/shared/_menu.html.php -- Parsing file
WARNING in _menu.html.php on line 8: File "/usr/local/horde/checkout/horde-hatchery.git/koward/lib/Koward/View/shared/_menu.html.php" has no page-level DocBlock, use @package in the first DocBlock to create one
done

Converting From Abstract Parsed Data

Processing Class Inheritance


Processing Root Trees


Processing leftover classes (classes that extend root classes not found in the same package)
Processing Koward_Cli in file /usr/local/horde/checkout/horde-hatchery.git/koward/lib/Koward/Cli.php
WARNING: Class Koward_Cli parent Horde_Controller_Request_Base not found
Processing Koward_Controller_Application in file /usr/local/horde/checkout/horde-hatchery.git/koward/lib/Koward/Controller/Application.php
WARNING: Class Koward_Controller_Application parent Horde_Controller_Base not found
Processing Koward_Exception in file /usr/local/horde/checkout/horde-hatchery.git/koward/lib/Koward/Exception.php
Processing Koward_Form_Actions in file /usr/local/horde/checkout/horde-hatchery.git/koward/lib/Koward/Form/Actions.php
WARNING: Class Koward_Form_Actions parent Horde_Form not found
Processing Koward_Form_Object in file /usr/local/horde/checkout/horde-hatchery.git/koward/lib/Koward/Form/Object.php
WARNING: Class Koward_Form_Object parent Horde_Form not found
Processing Koward_Form_Search in file /usr/local/horde/checkout/horde-hatchery.git/koward/lib/Koward/Form/Search.php
WARNING: Class Koward_Form_Search parent Horde_Form not found
Processing Koward_Test in file /usr/local/horde/checkout/horde-hatchery.git/koward/lib/Koward/Test.php
WARNING: Class Koward_Test parent Horde_Kolab_Test_Storage not found
Processing Koward_Test_Renderer in file /usr/local/horde/checkout/horde-hatchery.git/koward/lib/Koward/Test/Renderer.php
WARNING: Class Koward_Test_Renderer parent PHPUnit_Extensions_Story_ResultPrinter_HTML not found
Processing Koward_Test_Server_UserTest in file /usr/local/horde/checkout/horde-hatchery.git/koward/lib/Koward/Test/Server/UserTest.php
WARNING: Class Koward_Test_Server_UserTest parent Horde_Kolab_Test_Server not found
done processing leftover classes

Processing Procedural Page Element Name Conflicts


Sorting page elements...done
Formatting @uses list...done

Creating Directory /horde/web/dev.horde.org/api/koward
creating /horde/web/dev.horde.org/api/koward/media
Creating Directory /horde/web/dev.horde.org/api/koward/media
copying /horde/web/dev.horde.org/api/koward/media/banner.css
copying /horde/web/dev.horde.org/api/koward/media/stylesheet.css
creating /horde/web/dev.horde.org/api/koward/media/images
Creating Directory /horde/web/dev.horde.org/api/koward/media/images
copying /horde/web/dev.horde.org/api/koward/media/images/AbstractClass.png
copying /horde/web/dev.horde.org/api/koward/media/images/AbstractClass_logo.png
copying /horde/web/dev.horde.org/api/koward/media/images/AbstractMethod.png
copying /horde/web/dev.horde.org/api/koward/media/images/AbstractPrivateClass.png
copying /horde/web/dev.horde.org/api/koward/media/images/AbstractPrivateClass_logo.png
copying /horde/web/dev.horde.org/api/koward/media/images/AbstractPrivateMethod.png
copying /horde/web/dev.horde.org/api/koward/media/images/blank.png
copying /horde/web/dev.horde.org/api/koward/media/images/Class.png
copying /horde/web/dev.horde.org/api/koward/media/images/class_folder.png
copying /horde/web/dev.horde.org/api/koward/media/images/Class_logo.png
copying /horde/web/dev.horde.org/api/koward/media/images/Constant.png
copying /horde/web/dev.horde.org/api/koward/media/images/Constructor.png
copying /horde/web/dev.horde.org/api/koward/media/images/Destructor.png
copying /horde/web/dev.horde.org/api/koward/media/images/empty.png
copying /horde/web/dev.horde.org/api/koward/media/images/file.png
copying /horde/web/dev.horde.org/api/koward/media/images/folder.png
copying /horde/web/dev.horde.org/api/koward/media/images/Function.png
copying /horde/web/dev.horde.org/api/koward/media/images/function_folder.png
copying /horde/web/dev.horde.org/api/koward/media/images/Global.png
copying /horde/web/dev.horde.org/api/koward/media/images/I.png
copying /horde/web/dev.horde.org/api/koward/media/images/Index.png
copying /horde/web/dev.horde.org/api/koward/media/images/Interface.png
copying /horde/web/dev.horde.org/api/koward/media/images/Interface_logo.png
copying /horde/web/dev.horde.org/api/koward/media/images/L.png
copying /horde/web/dev.horde.org/api/koward/media/images/Lminus.png
copying /horde/web/dev.horde.org/api/koward/media/images/Lplus.png
copying /horde/web/dev.horde.org/api/koward/media/images/Method.png
copying /horde/web/dev.horde.org/api/koward/media/images/minus.gif
copying /horde/web/dev.horde.org/api/koward/media/images/next_button.png
copying /horde/web/dev.horde.org/api/koward/media/images/next_button_disabled.png
copying /horde/web/dev.horde.org/api/koward/media/images/package.png
copying /horde/web/dev.horde.org/api/koward/media/images/package_folder.png
copying /horde/web/dev.horde.org/api/koward/media/images/Page.png
copying /horde/web/dev.horde.org/api/koward/media/images/Page_logo.png
copying /horde/web/dev.horde.org/api/koward/media/images/plus.gif
copying /horde/web/dev.horde.org/api/koward/media/images/previous_button.png
copying /horde/web/dev.horde.org/api/koward/media/images/previous_button_disabled.png
copying /horde/web/dev.horde.org/api/koward/media/images/PrivateClass.png
copying /horde/web/dev.horde.org/api/koward/media/images/PrivateClass_logo.png
copying /horde/web/dev.horde.org/api/koward/media/images/PrivateMethod.png
copying /horde/web/dev.horde.org/api/koward/media/images/PrivateVariable.png
copying /horde/web/dev.horde.org/api/koward/media/images/private_class_logo.png
copying /horde/web/dev.horde.org/api/koward/media/images/StaticMethod.png
copying /horde/web/dev.horde.org/api/koward/media/images/StaticVariable.png
copying /horde/web/dev.horde.org/api/koward/media/images/T.png
copying /horde/web/dev.horde.org/api/koward/media/images/Tminus.png
copying /horde/web/dev.horde.org/api/koward/media/images/Tplus.png
copying /horde/web/dev.horde.org/api/koward/media/images/tutorial.png
copying /horde/web/dev.horde.org/api/koward/media/images/tutorial_folder.png
copying /horde/web/dev.horde.org/api/koward/media/images/up_button.png
copying /horde/web/dev.horde.org/api/koward/media/images/Variable.png
creating /horde/web/dev.horde.org/api/koward/media/lib
Creating Directory /horde/web/dev.horde.org/api/koward/media/lib
copying /horde/web/dev.horde.org/api/koward/media/lib/classTree.js
Building indexes...done

Sorting Indexes...done

Sorting @todo list...done
Converting tutorials/extended docs
Formatting Package Indexes...    Writing /horde/web/dev.horde.org/api/koward/elementindex_Koward.html
    Writing /horde/web/dev.horde.org/api/koward/elementindex_horde.html
    Writing /horde/web/dev.horde.org/api/koward/elementindex_Kolab_Server.html
    Writing /horde/web/dev.horde.org/api/koward/elementindex_Koward_Server.html

done
Formatting Index...
    Writing /horde/web/dev.horde.org/api/koward/elementindex.html
    Writing /horde/web/dev.horde.org/api/koward/blank.html

    Writing /horde/web/dev.horde.org/api/koward/index.html
    Writing /horde/web/dev.horde.org/api/koward/packages.html
done

Formatting Left Quick Index...
    Writing /horde/web/dev.horde.org/api/koward/li_Koward.html
    Writing /horde/web/dev.horde.org/api/koward/classtrees_Koward.html

    Writing /horde/web/dev.horde.org/api/koward/li_horde.html
    Writing /horde/web/dev.horde.org/api/koward/classtrees_horde.html

    Writing /horde/web/dev.horde.org/api/koward/li_Koward_Server.html
    Writing /horde/web/dev.horde.org/api/koward/classtrees_Koward_Server.html

    Writing /horde/web/dev.horde.org/api/koward/li_Kolab_Server.html
    Writing /horde/web/dev.horde.org/api/koward/classtrees_Kolab_Server.html

done

Converting /usr/local/horde/checkout/horde-hatchery.git/koward/lib/Koward/Form/Actions.php Procedural Page Elements... Classes...
Creating Directory /horde/web/dev.horde.org/api/koward/Koward
    Writing /horde/web/dev.horde.org/api/koward/Koward/Koward_Form_Actions.html
 done
    Writing /horde/web/dev.horde.org/api/koward/Koward/_Koward---Form---Actions.php.html
Converting /usr/local/horde/checkout/horde-hatchery.git/koward/lib/Koward/View/Object/add.html.php Procedural Page Elements... Classes... done
Creating Directory /horde/web/dev.horde.org/api/koward/horde
    Writing /horde/web/dev.horde.org/api/koward/horde/_Koward---View---Object---add.html.php.html
Converting /usr/local/horde/checkout/horde-hatchery.git/koward/lib/Koward/Test/AllTests.php Procedural Page Elements... Classes...
Creating Directory /horde/web/dev.horde.org/api/koward/Kolab_Server
    Writing /horde/web/dev.horde.org/api/koward/Kolab_Server/Koward_Test_AllTests.html
 done
    Writing /horde/web/dev.horde.org/api/koward/Koward/_Koward---Test---AllTests.php.html
Converting /usr/local/horde/checkout/horde-hatchery.git/koward/lib/Koward/Controller/Application.php Procedural Page Elements... Classes...
    Writing /horde/web/dev.horde.org/api/koward/horde/Koward_Controller_Application.html
 done
    Writing /horde/web/dev.horde.org/api/koward/horde/_Koward---Controller---Application.php.html
Converting /usr/local/horde/checkout/horde-hatchery.git/koward/lib/Koward/Controller/CheckController.php Procedural Page Elements... Classes...
    Writing /horde/web/dev.horde.org/api/koward/Koward/CheckController.html
 done
    Writing /horde/web/dev.horde.org/api/koward/Koward/_Koward---Controller---CheckController.php.html
Converting /usr/local/horde/checkout/horde-hatchery.git/koward/lib/Koward/Cli.php Procedural Page Elements... Classes...
    Writing /horde/web/dev.horde.org/api/koward/Koward/Koward_Cli.html
 done
    Writing /horde/web/dev.horde.org/api/koward/Koward/_Koward---Cli.php.html
Converting /usr/local/horde/checkout/horde-hatchery.git/koward/lib/Koward/View/Object/delete.html.php Procedural Page Elements... Classes... done
    Writing /horde/web/dev.horde.org/api/koward/horde/_Koward---View---Object---delete.html.php.html
Converting /usr/local/horde/checkout/horde-hatchery.git/koward/lib/Koward/View/Object/edit.html.php Procedural Page Elements... Classes... done
    Writing /horde/web/dev.horde.org/api/koward/horde/_Koward---View---Object---edit.html.php.html
Converting /usr/local/horde/checkout/horde-hatchery.git/koward/lib/Koward/Exception.php Procedural Page Elements... Classes...
Creating Directory /horde/web/dev.horde.org/api/koward/Koward_Server
    Writing /horde/web/dev.horde.org/api/koward/Koward_Server/Koward_Exception.html
 done
    Writing /horde/web/dev.horde.org/api/koward/Koward_Server/_Koward---Exception.php.html
Converting /usr/local/horde/checkout/horde-hatchery.git/koward/lib/Koward/View/Index/index.html.php Procedural Page Elements... Classes... done
    Writing /horde/web/dev.horde.org/api/koward/horde/_Koward---View---Index---index.html.php.html
Converting /usr/local/horde/checkout/horde-hatchery.git/koward/lib/Koward/Controller/IndexController.php Procedural Page Elements... Classes...
    Writing /horde/web/dev.horde.org/api/koward/Koward/IndexController.html
 done
    Writing /horde/web/dev.horde.org/api/koward/Koward/_Koward---Controller---IndexController.php.html
Converting /usr/local/horde/checkout/horde-hatchery.git/koward/lib/Koward.php Procedural Page Elements... Classes...
    Writing /horde/web/dev.horde.org/api/koward/Koward/Koward.html
 done
    Writing /horde/web/dev.horde.org/api/koward/Koward/_Koward.php.html
Converting /usr/local/horde/checkout/horde-hatchery.git/koward/lib/Koward/View/Object/listall.html.php Procedural Page Elements... Classes... done
    Writing /horde/web/dev.horde.org/api/koward/horde/_Koward---View---Object---listall.html.php.html
Converting /usr/local/horde/checkout/horde-hatchery.git/koward/lib/Koward/View/Index/login.html.php Procedural Page Elements... Classes... done
    Writing /horde/web/dev.horde.org/api/koward/horde/_Koward---View---Index---login.html.php.html
Converting /usr/local/horde/checkout/horde-hatchery.git/koward/lib/Koward/Form/Object.php Procedural Page Elements... Classes...
    Writing /horde/web/dev.horde.org/api/koward/Koward/Koward_Form_Object.html
 done
    Writing /horde/web/dev.horde.org/api/koward/Koward/_Koward---Form---Object.php.html
Converting /usr/local/horde/checkout/horde-hatchery.git/koward/lib/Koward/Controller/ObjectController.php Procedural Page Elements... Classes...
    Writing /horde/web/dev.horde.org/api/koward/Koward/ObjectController.html
 done
    Writing /horde/web/dev.horde.org/api/koward/Koward/_Koward---Controller---ObjectController.php.html
Converting /usr/local/horde/checkout/horde-hatchery.git/koward/lib/Koward/Test/Renderer.php Procedural Page Elements... Classes...
    Writing /horde/web/dev.horde.org/api/koward/horde/Koward_Test_Renderer.html
 done
    Writing /horde/web/dev.horde.org/api/koward/horde/_Koward---Test---Renderer.php.html
Converting /usr/local/horde/checkout/horde-hatchery.git/koward/lib/Koward/View/Check/run.html.php Procedural Page Elements... Classes... done
    Writing /horde/web/dev.horde.org/api/koward/horde/_Koward---View---Check---run.html.php.html
Converting /usr/local/horde/checkout/horde-hatchery.git/koward/lib/Koward/View/Object/search.html.php Procedural Page Elements... Classes... done
    Writing /horde/web/dev.horde.org/api/koward/horde/_Koward---View---Object---search.html.php.html
Converting /usr/local/horde/checkout/horde-hatchery.git/koward/lib/Koward/Form/Search.php Procedural Page Elements... Classes...
    Writing /horde/web/dev.horde.org/api/koward/Koward/Koward_Form_Search.html
 done
    Writing /horde/web/dev.horde.org/api/koward/Koward/_Koward---Form---Search.php.html
Converting /usr/local/horde/checkout/horde-hatchery.git/koward/lib/Koward/View/Check/show.html.php Procedural Page Elements... Classes... done
    Writing /horde/web/dev.horde.org/api/koward/horde/_Koward---View---Check---show.html.php.html
Converting /usr/local/horde/checkout/horde-hatchery.git/koward/lib/Koward/Test.php Procedural Page Elements... Classes...
    Writing /horde/web/dev.horde.org/api/koward/Koward/Koward_Test.html
 done
    Writing /horde/web/dev.horde.org/api/koward/Koward/_Koward---Test.php.html
Converting /usr/local/horde/checkout/horde-hatchery.git/koward/lib/Koward/Test/Server/UserTest.php Procedural Page Elements... Classes...
    Writing /horde/web/dev.horde.org/api/koward/Koward/Koward_Test_Server_UserTest.html
 done
    Writing /horde/web/dev.horde.org/api/koward/Koward/_Koward---Test---Server---UserTest.php.html
Converting /usr/local/horde/checkout/horde-hatchery.git/koward/lib/Koward/View/Object/view.html.php Procedural Page Elements... Classes... done
    Writing /horde/web/dev.horde.org/api/koward/horde/_Koward---View---Object---view.html.php.html
Converting /usr/local/horde/checkout/horde-hatchery.git/koward/lib/Koward/View/shared/_header.html.php Procedural Page Elements... Classes... done
    Writing /horde/web/dev.horde.org/api/koward/horde/_Koward---View---shared---_header.html.php.html
Converting /usr/local/horde/checkout/horde-hatchery.git/koward/lib/Koward/View/shared/_menu.html.php Procedural Page Elements... Classes... done
    Writing /horde/web/dev.horde.org/api/koward/horde/_Koward---View---shared---_menu.html.php.html

Converting @todo List...done

Converting Error Log...    Writing /horde/web/dev.horde.org/api/koward/errors.html


To view errors and warnings, look at /horde/web/dev.horde.org/api/koward/errors.html
done

Parsing time: 1 seconds

Conversion time: 2 seconds

Total Documentation Time: 3 seconds
done
