PHP Version 5.2.11
phpDocumentor version 1.4.3

Parsing configuration file phpDocumentor.ini...
   (found in /usr/share/php/data/PhpDocumentor/)...

done
Maximum memory usage set at 256M after considering php.ini...
using tokenizer Parser


Grabbing README/INSTALL/CHANGELOG
README...
done


Tutorial/Extended Documentation Parsing Stage

done


General Parsing Stage

Reading file /usr/local/horde/checkout/horde-hatchery.git/kronolith/lib/Block/month.php -- Parsing file
WARNING in month.php on line 10: DocBlock would be page-level, but precedes class "Horde_Block_Kronolith_month", use another DocBlock to document the file
Reading file /usr/local/horde/checkout/horde-hatchery.git/kronolith/lib/Block/monthlist.php -- Parsing file
WARNING in monthlist.php on line 10: DocBlock would be page-level, but precedes class "Horde_Block_Kronolith_monthlist", use another DocBlock to document the file
Reading file /usr/local/horde/checkout/horde-hatchery.git/kronolith/lib/Block/prevmonthlist.php -- Parsing file
WARNING in prevmonthlist.php on line 10: DocBlock would be page-level, but precedes class "Horde_Block_Kronolith_prevmonthlist", use another DocBlock to document the file
Reading file /usr/local/horde/checkout/horde-hatchery.git/kronolith/lib/Block/summary.php -- Parsing file
WARNING in summary.php on line 10: DocBlock would be page-level, but precedes class "Horde_Block_Kronolith_summary", use another DocBlock to document the file
Reading file /usr/local/horde/checkout/horde-hatchery.git/kronolith/lib/Block/tree_alarms.php -- Parsing file
WARNING in tree_alarms.php on line 8: DocBlock would be page-level, but precedes class "Horde_Block_kronolith_tree_alarms", use another DocBlock to document the file
Reading file /usr/local/horde/checkout/horde-hatchery.git/kronolith/lib/Block/tree_menu.php -- Parsing file
WARNING in tree_menu.php on line 8: DocBlock would be page-level, but precedes class "Horde_Block_kronolith_tree_menu", use another DocBlock to document the file
Reading file /usr/local/horde/checkout/horde-hatchery.git/kronolith/lib/Driver/Holidays.php -- Parsing file
WARNING in Holidays.php on line 15: DocBlock would be page-level, but precedes class "Kronolith_Driver_Holidays", use another DocBlock to document the file
Reading file /usr/local/horde/checkout/horde-hatchery.git/kronolith/lib/Driver/Horde.php -- Parsing file
WARNING in Horde.php on line 16: DocBlock would be page-level, but precedes class "Kronolith_Driver_Horde", use another DocBlock to document the file
Reading file /usr/local/horde/checkout/horde-hatchery.git/kronolith/lib/Driver/Ical.php -- Parsing file
WARNING in Ical.php on line 23: DocBlock would be page-level, but precedes class "Kronolith_Driver_Ical", use another DocBlock to document the file
Reading file /usr/local/horde/checkout/horde-hatchery.git/kronolith/lib/Driver/Kolab.php -- Parsing file
WARNING in Kolab.php on line 500: File "/usr/local/horde/checkout/horde-hatchery.git/kronolith/lib/Driver/Kolab.php" has no page-level DocBlock, use @package in the first DocBlock to create one
Reading file /usr/local/horde/checkout/horde-hatchery.git/kronolith/lib/Driver/Resource.php -- Parsing file
WARNING in Resource.php on line 16: DocBlock would be page-level, but precedes class "Kronolith_Driver_Resource", use another DocBlock to document the file
Reading file /usr/local/horde/checkout/horde-hatchery.git/kronolith/lib/Driver/Sql.php -- Parsing file
WARNING in Sql.php on line 16: DocBlock would be page-level, but precedes class "Kronolith_Driver_Sql", use another DocBlock to document the file
Reading file /usr/local/horde/checkout/horde-hatchery.git/kronolith/lib/Event/Ical.php -- Parsing file
WARNING in Ical.php on line 12: DocBlock would be page-level, but precedes class "Kronolith_Event_Ical", use another DocBlock to document the file
Reading file /usr/local/horde/checkout/horde-hatchery.git/kronolith/lib/Event/Holidays.php -- Parsing file
WARNING in Holidays.php on line 12: DocBlock would be page-level, but precedes class "Kronolith_Event_Holidays", use another DocBlock to document the file
Reading file /usr/local/horde/checkout/horde-hatchery.git/kronolith/lib/Event/Horde.php -- Parsing file
WARNING in Horde.php on line 11: DocBlock would be page-level, but precedes class "Kronolith_Event_Horde", use another DocBlock to document the file
Reading file /usr/local/horde/checkout/horde-hatchery.git/kronolith/lib/Event/Kolab.php -- Parsing file
WARNING in Kolab.php on line 13: DocBlock would be page-level, but precedes class "Kronolith_Event_Kolab", use another DocBlock to document the file
Reading file /usr/local/horde/checkout/horde-hatchery.git/kronolith/lib/Event/Resource.php -- Parsing file
WARNING in Resource.php on line 15: DocBlock would be page-level, but precedes class "Kronolith_Event_Resource", use another DocBlock to document the file
Reading file /usr/local/horde/checkout/horde-hatchery.git/kronolith/lib/Event/Sql.php -- Parsing file
WARNING in Sql.php on line 13: DocBlock would be page-level, but precedes class "Kronolith_Event_Sql", use another DocBlock to document the file
Reading file /usr/local/horde/checkout/horde-hatchery.git/kronolith/lib/Forms/CreateCalendar.php -- Parsing file
Reading file /usr/local/horde/checkout/horde-hatchery.git/kronolith/lib/Forms/CreateResource.php -- Parsing file
Reading file /usr/local/horde/checkout/horde-hatchery.git/kronolith/lib/Forms/CreateResourceGroup.php -- Parsing file
Reading file /usr/local/horde/checkout/horde-hatchery.git/kronolith/lib/Forms/DeleteCalendar.php -- Parsing file
Reading file /usr/local/horde/checkout/horde-hatchery.git/kronolith/lib/Forms/DeleteResource.php -- Parsing file
Reading file /usr/local/horde/checkout/horde-hatchery.git/kronolith/lib/Forms/DeleteResourceGroup.php -- Parsing file
Reading file /usr/local/horde/checkout/horde-hatchery.git/kronolith/lib/Forms/EditCalendar.php -- Parsing file
Reading file /usr/local/horde/checkout/horde-hatchery.git/kronolith/lib/Forms/EditRemoteCalendar.php -- Parsing file
Reading file /usr/local/horde/checkout/horde-hatchery.git/kronolith/lib/Forms/EditResource.php -- Parsing file
Reading file /usr/local/horde/checkout/horde-hatchery.git/kronolith/lib/Forms/EditResourceGroup.php -- Parsing file
Reading file /usr/local/horde/checkout/horde-hatchery.git/kronolith/lib/Forms/SubscribeRemoteCalendar.php -- Parsing file
Reading file /usr/local/horde/checkout/horde-hatchery.git/kronolith/lib/Forms/UnsubscribeRemoteCalendar.php -- Parsing file
Reading file /usr/local/horde/checkout/horde-hatchery.git/kronolith/lib/FreeBusy/View/Day.php -- Parsing file
WARNING in Day.php on line 12: DocBlock would be page-level, but precedes class "Kronolith_FreeBusy_View_Day", use another DocBlock to document the file
Reading file /usr/local/horde/checkout/horde-hatchery.git/kronolith/lib/FreeBusy/View/Week.php -- Parsing file
WARNING in Week.php on line 12: DocBlock would be page-level, but precedes class "Kronolith_FreeBusy_View_Week", use another DocBlock to document the file
Reading file /usr/local/horde/checkout/horde-hatchery.git/kronolith/lib/FreeBusy/View/Workweek.php -- Parsing file
WARNING in Workweek.php on line 12: DocBlock would be page-level, but precedes class "Kronolith_FreeBusy_View_Workweek", use another DocBlock to document the file
Reading file /usr/local/horde/checkout/horde-hatchery.git/kronolith/lib/FreeBusy/View/Month.php -- Parsing file
WARNING in Month.php on line 12: DocBlock would be page-level, but precedes class "Kronolith_FreeBusy_View_Month", use another DocBlock to document the file
Reading file /usr/local/horde/checkout/horde-hatchery.git/kronolith/lib/FreeBusy/View.php -- Parsing file
WARNING in View.php on line 12: DocBlock would be page-level, but precedes class "Kronolith_FreeBusy_View", use another DocBlock to document the file
Reading file /usr/local/horde/checkout/horde-hatchery.git/kronolith/lib/Storage/kolab.php -- Parsing file
WARNING in kolab.php on line 83: File "/usr/local/horde/checkout/horde-hatchery.git/kronolith/lib/Storage/kolab.php" has no page-level DocBlock, use @package in the first DocBlock to create one
Reading file /usr/local/horde/checkout/horde-hatchery.git/kronolith/lib/Storage/sql.php -- Parsing file
WARNING in sql.php on line 8: DocBlock would be page-level, but precedes class "Kronolith_Storage_sql", use another DocBlock to document the file
Reading file /usr/local/horde/checkout/horde-hatchery.git/kronolith/lib/tests/allday.ics -- File not parsed, not a php file
Reading file /usr/local/horde/checkout/horde-hatchery.git/kronolith/lib/tests/bug6031.phpt -- File not parsed, not a php file
Reading file /usr/local/horde/checkout/horde-hatchery.git/kronolith/lib/tests/bug7068.ics -- File not parsed, not a php file
Reading file /usr/local/horde/checkout/horde-hatchery.git/kronolith/lib/tests/allday.phpt -- File not parsed, not a php file
Reading file /usr/local/horde/checkout/horde-hatchery.git/kronolith/lib/tests/bug7068.phpt -- File not parsed, not a php file
Reading file /usr/local/horde/checkout/horde-hatchery.git/kronolith/lib/tests/toicalendar.phpt -- File not parsed, not a php file
Reading file /usr/local/horde/checkout/horde-hatchery.git/kronolith/lib/Ajax/Imple/ContactAutoCompleter.php -- Parsing file
WARNING in ContactAutoCompleter.php on line 13: DocBlock would be page-level, but precedes class "Kronolith_Ajax_Imple_ContactAutoCompleter", use another DocBlock to document the file
Reading file /usr/local/horde/checkout/horde-hatchery.git/kronolith/lib/Ajax/Imple/Embed.php -- Parsing file
WARNING in Embed.php on line 12: DocBlock would be page-level, but precedes class "Kronolith_Ajax_Imple_Embed", use another DocBlock to document the file
Reading file /usr/local/horde/checkout/horde-hatchery.git/kronolith/lib/Ajax/Imple/TagActions.php -- Parsing file
WARNING in TagActions.php on line 11: DocBlock would be page-level, but precedes class "Kronolith_Ajax_Imple_TagActions", use another DocBlock to document the file
Reading file /usr/local/horde/checkout/horde-hatchery.git/kronolith/lib/Ajax/Imple/TagAutoCompleter.php -- Parsing file
WARNING in TagAutoCompleter.php on line 11: DocBlock would be page-level, but precedes class "Kronolith_Ajax_Imple_TagAutoCompleter", use another DocBlock to document the file
Reading file /usr/local/horde/checkout/horde-hatchery.git/kronolith/lib/Api.php -- Parsing file
WARNING in Api.php on line 10: DocBlock would be page-level, but precedes class "Kronolith_Api", use another DocBlock to document the file
Reading file /usr/local/horde/checkout/horde-hatchery.git/kronolith/lib/Application.php -- Parsing file
WARNING in Application.php on line 7: DocBlock would be page-level, but precedes class "Kronolith_Application", use another DocBlock to document the file
Reading file /usr/local/horde/checkout/horde-hatchery.git/kronolith/lib/Day.php -- Parsing file
WARNING in Day.php on line 7: DocBlock would be page-level, but precedes class "Kronolith_Day", use another DocBlock to document the file
Reading file /usr/local/horde/checkout/horde-hatchery.git/kronolith/lib/Driver.php -- Parsing file
WARNING in Driver.php on line 15: DocBlock would be page-level, but precedes class "Kronolith_Driver", use another DocBlock to document the file
Reading file /usr/local/horde/checkout/horde-hatchery.git/kronolith/lib/Event.php -- Parsing file
WARNING in Event.php on line 14: DocBlock would be page-level, but precedes class "Kronolith_Event", use another DocBlock to document the file
Reading file /usr/local/horde/checkout/horde-hatchery.git/kronolith/lib/FreeBusy.php -- Parsing file
WARNING in FreeBusy.php on line 7: DocBlock would be page-level, but precedes class "Kronolith_FreeBusy", use another DocBlock to document the file
Reading file /usr/local/horde/checkout/horde-hatchery.git/kronolith/lib/Kronolith.php -- Parsing file
Reading file /usr/local/horde/checkout/horde-hatchery.git/kronolith/lib/LoginTasks/Task/PurgeEvents.php -- Parsing file
WARNING in PurgeEvents.php on line 13: DocBlock would be page-level, but precedes class "Kronolith_LoginTasks_Task_PurgeEvents", use another DocBlock to document the file
Reading file /usr/local/horde/checkout/horde-hatchery.git/kronolith/lib/Notification/Listener/Status.php -- Parsing file
WARNING in Status.php on line 15: DocBlock would be page-level, but precedes class "Kronolith_Notification_Listener_Status", use another DocBlock to document the file
Reading file /usr/local/horde/checkout/horde-hatchery.git/kronolith/lib/Resource.php -- Parsing file
WARNING in Resource.php on line 14: DocBlock would be page-level, but precedes class "Kronolith_Resource", use another DocBlock to document the file
Reading file /usr/local/horde/checkout/horde-hatchery.git/kronolith/lib/Resource/Base.php -- Parsing file
WARNING in Base.php on line 8: no @package tag was used in a DocBlock for class Kronolith_Resource_Base
WARNING in Base.php on line 81: Unknown tag "@TODO:" used
WARNING in Base.php on line 205: File "/usr/local/horde/checkout/horde-hatchery.git/kronolith/lib/Resource/Base.php" has no page-level DocBlock, use @package in the first DocBlock to create one
Reading file /usr/local/horde/checkout/horde-hatchery.git/kronolith/lib/Resource/Group.php -- Parsing file
WARNING in Group.php on line 13: DocBlock would be page-level, but precedes class "Kronolith_Resource_Group", use another DocBlock to document the file
WARNING in Group.php on line 28: Unknown tag "@TODO:" used
Reading file /usr/local/horde/checkout/horde-hatchery.git/kronolith/lib/Resource/Single.php -- Parsing file
WARNING in Single.php on line 13: DocBlock would be page-level, but precedes class "Kronolith_Resource_Single", use another DocBlock to document the file
Reading file /usr/local/horde/checkout/horde-hatchery.git/kronolith/lib/Storage.php -- Parsing file
WARNING in Storage.php on line 7: DocBlock would be page-level, but precedes class "Kronolith_Storage", use another DocBlock to document the file
Reading file /usr/local/horde/checkout/horde-hatchery.git/kronolith/lib/Tagger.php -- Parsing file
WARNING in Tagger.php on line 15: DocBlock would be page-level, but precedes class "Kronolith_Tagger", use another DocBlock to document the file
Reading file /usr/local/horde/checkout/horde-hatchery.git/kronolith/lib/View/Day.php -- Parsing file
WARNING in Day.php on line 8: DocBlock would be page-level, but precedes class "Kronolith_View_Day", use another DocBlock to document the file
Reading file /usr/local/horde/checkout/horde-hatchery.git/kronolith/lib/View/DeleteEvent.php -- Parsing file
WARNING in DeleteEvent.php on line 8: DocBlock would be page-level, but precedes class "Kronolith_View_DeleteEvent", use another DocBlock to document the file
Reading file /usr/local/horde/checkout/horde-hatchery.git/kronolith/lib/View/EditEvent.php -- Parsing file
WARNING in EditEvent.php on line 8: DocBlock would be page-level, but precedes class "Kronolith_View_EditEvent", use another DocBlock to document the file
Reading file /usr/local/horde/checkout/horde-hatchery.git/kronolith/lib/View/Event.php -- Parsing file
WARNING in Event.php on line 7: DocBlock would be page-level, but precedes class "Kronolith_View_Event", use another DocBlock to document the file
Reading file /usr/local/horde/checkout/horde-hatchery.git/kronolith/lib/View/ExportEvent.php -- Parsing file
WARNING in ExportEvent.php on line 8: DocBlock would be page-level, but precedes class "Kronolith_View_ExportEvent", use another DocBlock to document the file
Reading file /usr/local/horde/checkout/horde-hatchery.git/kronolith/lib/View/Month.php -- Parsing file
WARNING in Month.php on line 9: DocBlock would be page-level, but precedes class "Kronolith_View_Month", use another DocBlock to document the file
Reading file /usr/local/horde/checkout/horde-hatchery.git/kronolith/lib/View/Week.php -- Parsing file
WARNING in Week.php on line 8: DocBlock would be page-level, but precedes class "Kronolith_View_Week", use another DocBlock to document the file
Reading file /usr/local/horde/checkout/horde-hatchery.git/kronolith/lib/View/WorkWeek.php -- Parsing file
WARNING in WorkWeek.php on line 8: DocBlock would be page-level, but precedes class "Kronolith_View_WorkWeek", use another DocBlock to document the file
Reading file /usr/local/horde/checkout/horde-hatchery.git/kronolith/lib/View/Year.php -- Parsing file
WARNING in Year.php on line 8: DocBlock would be page-level, but precedes class "Kronolith_View_Year", use another DocBlock to document the file
Reading file /usr/local/horde/checkout/horde-hatchery.git/kronolith/lib/base.load.php -- Parsing file
WARNING in base.load.php on line 13: Page-level DocBlock precedes "define KRONOLITH_BASE", use another DocBlock to document the source element
Reading file /usr/local/horde/checkout/horde-hatchery.git/kronolith/lib/base.php -- Parsing file
WARNING in base.php on line 23: Page-level DocBlock precedes "require_once dirname(__FILE__).'/base.load.php'", use another DocBlock to document the source element
done

Converting From Abstract Parsed Data

Processing Class Inheritance


Processing Root Trees


Processing leftover classes (classes that extend root classes not found in the same package)
Processing Horde_Block_Kronolith_month in file /usr/local/horde/checkout/horde-hatchery.git/kronolith/lib/Block/month.php
WARNING: Class Horde_Block_Kronolith_month parent Horde_Block not found
Processing Horde_Block_Kronolith_monthlist in file /usr/local/horde/checkout/horde-hatchery.git/kronolith/lib/Block/monthlist.php
WARNING: Class Horde_Block_Kronolith_monthlist parent Horde_Block not found
Processing Horde_Block_Kronolith_prevmonthlist in file /usr/local/horde/checkout/horde-hatchery.git/kronolith/lib/Block/prevmonthlist.php
WARNING: Class Horde_Block_Kronolith_prevmonthlist parent Horde_Block not found
Processing Horde_Block_Kronolith_summary in file /usr/local/horde/checkout/horde-hatchery.git/kronolith/lib/Block/summary.php
WARNING: Class Horde_Block_Kronolith_summary parent Horde_Block not found
Processing Horde_Block_kronolith_tree_alarms in file /usr/local/horde/checkout/horde-hatchery.git/kronolith/lib/Block/tree_alarms.php
WARNING: Class Horde_Block_kronolith_tree_alarms parent Horde_Block not found
Processing Horde_Block_kronolith_tree_menu in file /usr/local/horde/checkout/horde-hatchery.git/kronolith/lib/Block/tree_menu.php
WARNING: Class Horde_Block_kronolith_tree_menu parent Horde_Block not found
Processing Kronolith_CreateCalendarForm in file /usr/local/horde/checkout/horde-hatchery.git/kronolith/lib/Forms/CreateCalendar.php
WARNING: Class Kronolith_CreateCalendarForm parent Horde_Form not found
Processing Kronolith_CreateResourceForm in file /usr/local/horde/checkout/horde-hatchery.git/kronolith/lib/Forms/CreateResource.php
WARNING: Class Kronolith_CreateResourceForm parent Horde_Form not found
Processing Kronolith_CreateResourceGroupForm in file /usr/local/horde/checkout/horde-hatchery.git/kronolith/lib/Forms/CreateResourceGroup.php
WARNING: Class Kronolith_CreateResourceGroupForm parent Horde_Form not found
Processing Kronolith_DeleteCalendarForm in file /usr/local/horde/checkout/horde-hatchery.git/kronolith/lib/Forms/DeleteCalendar.php
WARNING: Class Kronolith_DeleteCalendarForm parent Horde_Form not found
Processing Kronolith_DeleteResourceForm in file /usr/local/horde/checkout/horde-hatchery.git/kronolith/lib/Forms/DeleteResource.php
WARNING: Class Kronolith_DeleteResourceForm parent Horde_Form not found
Processing Kronolith_DeleteResourceGroupForm in file /usr/local/horde/checkout/horde-hatchery.git/kronolith/lib/Forms/DeleteResourceGroup.php
WARNING: Class Kronolith_DeleteResourceGroupForm parent Horde_Form not found
Processing Kronolith_EditCalendarForm in file /usr/local/horde/checkout/horde-hatchery.git/kronolith/lib/Forms/EditCalendar.php
WARNING: Class Kronolith_EditCalendarForm parent Horde_Form not found
Processing Kronolith_EditRemoteCalendarForm in file /usr/local/horde/checkout/horde-hatchery.git/kronolith/lib/Forms/EditRemoteCalendar.php
WARNING: Class Kronolith_EditRemoteCalendarForm parent Horde_Form not found
Processing Kronolith_EditResourceForm in file /usr/local/horde/checkout/horde-hatchery.git/kronolith/lib/Forms/EditResource.php
WARNING: Class Kronolith_EditResourceForm parent Horde_Form not found
Processing Kronolith_EditResourceGroupForm in file /usr/local/horde/checkout/horde-hatchery.git/kronolith/lib/Forms/EditResourceGroup.php
WARNING: Class Kronolith_EditResourceGroupForm parent Horde_Form not found
Processing Kronolith_SubscribeRemoteCalendarForm in file /usr/local/horde/checkout/horde-hatchery.git/kronolith/lib/Forms/SubscribeRemoteCalendar.php
WARNING: Class Kronolith_SubscribeRemoteCalendarForm parent Horde_Form not found
Processing Kronolith_UnsubscribeRemoteCalendarForm in file /usr/local/horde/checkout/horde-hatchery.git/kronolith/lib/Forms/UnsubscribeRemoteCalendar.php
WARNING: Class Kronolith_UnsubscribeRemoteCalendarForm parent Horde_Form not found
Processing Kronolith_Ajax_Imple_ContactAutoCompleter in file /usr/local/horde/checkout/horde-hatchery.git/kronolith/lib/Ajax/Imple/ContactAutoCompleter.php
WARNING: Class Kronolith_Ajax_Imple_ContactAutoCompleter parent Horde_Ajax_Imple_AutoCompleter not found
Processing Kronolith_Ajax_Imple_Embed in file /usr/local/horde/checkout/horde-hatchery.git/kronolith/lib/Ajax/Imple/Embed.php
WARNING: Class Kronolith_Ajax_Imple_Embed parent Horde_Ajax_Imple_Base not found
Processing Kronolith_Ajax_Imple_TagActions in file /usr/local/horde/checkout/horde-hatchery.git/kronolith/lib/Ajax/Imple/TagActions.php
WARNING: Class Kronolith_Ajax_Imple_TagActions parent Horde_Ajax_Imple_Base not found
Processing Kronolith_Ajax_Imple_TagAutoCompleter in file /usr/local/horde/checkout/horde-hatchery.git/kronolith/lib/Ajax/Imple/TagAutoCompleter.php
WARNING: Class Kronolith_Ajax_Imple_TagAutoCompleter parent Horde_Ajax_Imple_AutoCompleter not found
Processing Kronolith_Api in file /usr/local/horde/checkout/horde-hatchery.git/kronolith/lib/Api.php
WARNING: Class Kronolith_Api parent Horde_Registry_Api not found
Processing Kronolith_Application in file /usr/local/horde/checkout/horde-hatchery.git/kronolith/lib/Application.php
WARNING: Class Kronolith_Application parent Horde_Registry_Application not found
Processing Kronolith_Day in file /usr/local/horde/checkout/horde-hatchery.git/kronolith/lib/Day.php
WARNING: Class Kronolith_Day parent Horde_Date not found
Processing Kronolith_LoginTasks_Task_PurgeEvents in file /usr/local/horde/checkout/horde-hatchery.git/kronolith/lib/LoginTasks/Task/PurgeEvents.php
WARNING: Class Kronolith_LoginTasks_Task_PurgeEvents parent Horde_LoginTasks_Task not found
Processing Kronolith_Notification_Listener_Status in file /usr/local/horde/checkout/horde-hatchery.git/kronolith/lib/Notification/Listener/Status.php
WARNING: Class Kronolith_Notification_Listener_Status parent Horde_Notification_Listener_Status not found
done processing leftover classes

Processing Procedural Page Element Name Conflicts


Sorting page elements...done
Formatting @uses list...done

creating /horde/web/dev.horde.org/api/kronolith/media
copying /horde/web/dev.horde.org/api/kronolith/media/banner.css
copying /horde/web/dev.horde.org/api/kronolith/media/stylesheet.css
creating /horde/web/dev.horde.org/api/kronolith/media/images
copying /horde/web/dev.horde.org/api/kronolith/media/images/AbstractClass.png
copying /horde/web/dev.horde.org/api/kronolith/media/images/AbstractClass_logo.png
copying /horde/web/dev.horde.org/api/kronolith/media/images/AbstractMethod.png
copying /horde/web/dev.horde.org/api/kronolith/media/images/AbstractPrivateClass.png
copying /horde/web/dev.horde.org/api/kronolith/media/images/AbstractPrivateClass_logo.png
copying /horde/web/dev.horde.org/api/kronolith/media/images/AbstractPrivateMethod.png
copying /horde/web/dev.horde.org/api/kronolith/media/images/blank.png
copying /horde/web/dev.horde.org/api/kronolith/media/images/Class.png
copying /horde/web/dev.horde.org/api/kronolith/media/images/class_folder.png
copying /horde/web/dev.horde.org/api/kronolith/media/images/Class_logo.png
copying /horde/web/dev.horde.org/api/kronolith/media/images/Constant.png
copying /horde/web/dev.horde.org/api/kronolith/media/images/Constructor.png
copying /horde/web/dev.horde.org/api/kronolith/media/images/Destructor.png
copying /horde/web/dev.horde.org/api/kronolith/media/images/empty.png
copying /horde/web/dev.horde.org/api/kronolith/media/images/file.png
copying /horde/web/dev.horde.org/api/kronolith/media/images/folder.png
copying /horde/web/dev.horde.org/api/kronolith/media/images/Function.png
copying /horde/web/dev.horde.org/api/kronolith/media/images/function_folder.png
copying /horde/web/dev.horde.org/api/kronolith/media/images/Global.png
copying /horde/web/dev.horde.org/api/kronolith/media/images/I.png
copying /horde/web/dev.horde.org/api/kronolith/media/images/Index.png
copying /horde/web/dev.horde.org/api/kronolith/media/images/Interface.png
copying /horde/web/dev.horde.org/api/kronolith/media/images/Interface_logo.png
copying /horde/web/dev.horde.org/api/kronolith/media/images/L.png
copying /horde/web/dev.horde.org/api/kronolith/media/images/Lminus.png
copying /horde/web/dev.horde.org/api/kronolith/media/images/Lplus.png
copying /horde/web/dev.horde.org/api/kronolith/media/images/Method.png
copying /horde/web/dev.horde.org/api/kronolith/media/images/minus.gif
copying /horde/web/dev.horde.org/api/kronolith/media/images/next_button.png
copying /horde/web/dev.horde.org/api/kronolith/media/images/next_button_disabled.png
copying /horde/web/dev.horde.org/api/kronolith/media/images/package.png
copying /horde/web/dev.horde.org/api/kronolith/media/images/package_folder.png
copying /horde/web/dev.horde.org/api/kronolith/media/images/Page.png
copying /horde/web/dev.horde.org/api/kronolith/media/images/Page_logo.png
copying /horde/web/dev.horde.org/api/kronolith/media/images/plus.gif
copying /horde/web/dev.horde.org/api/kronolith/media/images/previous_button.png
copying /horde/web/dev.horde.org/api/kronolith/media/images/previous_button_disabled.png
copying /horde/web/dev.horde.org/api/kronolith/media/images/PrivateClass.png
copying /horde/web/dev.horde.org/api/kronolith/media/images/PrivateClass_logo.png
copying /horde/web/dev.horde.org/api/kronolith/media/images/PrivateMethod.png
copying /horde/web/dev.horde.org/api/kronolith/media/images/PrivateVariable.png
copying /horde/web/dev.horde.org/api/kronolith/media/images/private_class_logo.png
copying /horde/web/dev.horde.org/api/kronolith/media/images/StaticMethod.png
copying /horde/web/dev.horde.org/api/kronolith/media/images/StaticVariable.png
copying /horde/web/dev.horde.org/api/kronolith/media/images/T.png
copying /horde/web/dev.horde.org/api/kronolith/media/images/Tminus.png
copying /horde/web/dev.horde.org/api/kronolith/media/images/Tplus.png
copying /horde/web/dev.horde.org/api/kronolith/media/images/tutorial.png
copying /horde/web/dev.horde.org/api/kronolith/media/images/tutorial_folder.png
copying /horde/web/dev.horde.org/api/kronolith/media/images/up_button.png
copying /horde/web/dev.horde.org/api/kronolith/media/images/Variable.png
creating /horde/web/dev.horde.org/api/kronolith/media/lib
copying /horde/web/dev.horde.org/api/kronolith/media/lib/classTree.js
Building indexes...done

Sorting Indexes...done

Sorting @todo list...done
Converting README/INSTALL/CHANGELOG contents...
README...    Writing /horde/web/dev.horde.org/api/kronolith/ric_README.html

done
Converting tutorials/extended docs
Formatting Package Indexes...    Writing /horde/web/dev.horde.org/api/kronolith/elementindex_Kronolith.html
    Writing /horde/web/dev.horde.org/api/kronolith/elementindex_horde.html
    Writing /horde/web/dev.horde.org/api/kronolith/elementindex_Horde_Block.html
    Writing /horde/web/dev.horde.org/api/kronolith/elementindex_Horde_LoginTasks.html
    Writing /horde/web/dev.horde.org/api/kronolith/elementindex_Horde_Notification.html

done
Formatting Index...
    Writing /horde/web/dev.horde.org/api/kronolith/elementindex.html
    Writing /horde/web/dev.horde.org/api/kronolith/blank.html

    Writing /horde/web/dev.horde.org/api/kronolith/index.html
    Writing /horde/web/dev.horde.org/api/kronolith/packages.html
done

Formatting Left Quick Index...
    Writing /horde/web/dev.horde.org/api/kronolith/li_Horde_Block.html
    Writing /horde/web/dev.horde.org/api/kronolith/classtrees_Horde_Block.html

    Writing /horde/web/dev.horde.org/api/kronolith/li_horde.html
    Writing /horde/web/dev.horde.org/api/kronolith/classtrees_horde.html

    Writing /horde/web/dev.horde.org/api/kronolith/li_Kronolith.html
    Writing /horde/web/dev.horde.org/api/kronolith/classtrees_Kronolith.html

    Writing /horde/web/dev.horde.org/api/kronolith/li_Horde_LoginTasks.html
    Writing /horde/web/dev.horde.org/api/kronolith/classtrees_Horde_LoginTasks.html

    Writing /horde/web/dev.horde.org/api/kronolith/li_Horde_Notification.html
    Writing /horde/web/dev.horde.org/api/kronolith/classtrees_Horde_Notification.html

done

Converting /usr/local/horde/checkout/horde-hatchery.git/kronolith/lib/Api.php Procedural Page Elements... Classes...
    Writing /horde/web/dev.horde.org/api/kronolith/Kronolith/Kronolith_Api.html
 done
    Writing /horde/web/dev.horde.org/api/kronolith/Kronolith/_lib---Api.php.html
Converting /usr/local/horde/checkout/horde-hatchery.git/kronolith/lib/Application.php Procedural Page Elements... Classes...
    Writing /horde/web/dev.horde.org/api/kronolith/Kronolith/Kronolith_Application.html
 done
    Writing /horde/web/dev.horde.org/api/kronolith/Kronolith/_lib---Application.php.html
Converting /usr/local/horde/checkout/horde-hatchery.git/kronolith/lib/base.load.php Procedural Page Elements... Classes... done
    Writing /horde/web/dev.horde.org/api/kronolith/Kronolith/_lib---base.load.php.html
Converting /usr/local/horde/checkout/horde-hatchery.git/kronolith/lib/base.php Procedural Page Elements... Classes... done
    Writing /horde/web/dev.horde.org/api/kronolith/Kronolith/_lib---base.php.html
Converting /usr/local/horde/checkout/horde-hatchery.git/kronolith/lib/Resource/Base.php Procedural Page Elements... Classes...
Creating Directory /horde/web/dev.horde.org/api/kronolith/horde
    Writing /horde/web/dev.horde.org/api/kronolith/horde/Kronolith_Resource_Base.html
 done
    Writing /horde/web/dev.horde.org/api/kronolith/horde/_lib---Resource---Base.php.html
Converting /usr/local/horde/checkout/horde-hatchery.git/kronolith/lib/Ajax/Imple/ContactAutoCompleter.php Procedural Page Elements... Classes...
    Writing /horde/web/dev.horde.org/api/kronolith/Kronolith/Kronolith_Ajax_Imple_ContactAutoCompleter.html
 done
    Writing /horde/web/dev.horde.org/api/kronolith/Kronolith/_lib---Ajax---Imple---ContactAutoCompleter.php.html
Converting /usr/local/horde/checkout/horde-hatchery.git/kronolith/lib/Forms/CreateCalendar.php Procedural Page Elements... Classes...
    Writing /horde/web/dev.horde.org/api/kronolith/Kronolith/Kronolith_CreateCalendarForm.html
 done
    Writing /horde/web/dev.horde.org/api/kronolith/Kronolith/_lib---Forms---CreateCalendar.php.html
Converting /usr/local/horde/checkout/horde-hatchery.git/kronolith/lib/Forms/CreateResource.php Procedural Page Elements... Classes...
    Writing /horde/web/dev.horde.org/api/kronolith/Kronolith/Kronolith_CreateResourceForm.html
 done
    Writing /horde/web/dev.horde.org/api/kronolith/Kronolith/_lib---Forms---CreateResource.php.html
Converting /usr/local/horde/checkout/horde-hatchery.git/kronolith/lib/Forms/CreateResourceGroup.php Procedural Page Elements... Classes...
    Writing /horde/web/dev.horde.org/api/kronolith/Kronolith/Kronolith_CreateResourceGroupForm.html
 done
    Writing /horde/web/dev.horde.org/api/kronolith/Kronolith/_lib---Forms---CreateResourceGroup.php.html
Converting /usr/local/horde/checkout/horde-hatchery.git/kronolith/lib/View/Day.php Procedural Page Elements... Classes...
    Writing /horde/web/dev.horde.org/api/kronolith/Kronolith/Kronolith_View_Day.html
 done
    Writing /horde/web/dev.horde.org/api/kronolith/Kronolith/_lib---View---Day.php.html
Converting /usr/local/horde/checkout/horde-hatchery.git/kronolith/lib/FreeBusy/View/Day.php Procedural Page Elements... Classes...
    Writing /horde/web/dev.horde.org/api/kronolith/Kronolith/Kronolith_FreeBusy_View_Day.html
 done
    Writing /horde/web/dev.horde.org/api/kronolith/Kronolith/_lib---FreeBusy---View---Day.php.html
Converting /usr/local/horde/checkout/horde-hatchery.git/kronolith/lib/Day.php Procedural Page Elements... Classes...
    Writing /horde/web/dev.horde.org/api/kronolith/Kronolith/Kronolith_Day.html
 done
    Writing /horde/web/dev.horde.org/api/kronolith/Kronolith/_lib---Day.php.html
Converting /usr/local/horde/checkout/horde-hatchery.git/kronolith/lib/Forms/DeleteCalendar.php Procedural Page Elements... Classes...
    Writing /horde/web/dev.horde.org/api/kronolith/Kronolith/Kronolith_DeleteCalendarForm.html
 done
    Writing /horde/web/dev.horde.org/api/kronolith/Kronolith/_lib---Forms---DeleteCalendar.php.html
Converting /usr/local/horde/checkout/horde-hatchery.git/kronolith/lib/View/DeleteEvent.php Procedural Page Elements... Classes...
    Writing /horde/web/dev.horde.org/api/kronolith/Kronolith/Kronolith_View_DeleteEvent.html
 done
    Writing /horde/web/dev.horde.org/api/kronolith/Kronolith/_lib---View---DeleteEvent.php.html
Converting /usr/local/horde/checkout/horde-hatchery.git/kronolith/lib/Forms/DeleteResource.php Procedural Page Elements... Classes...
    Writing /horde/web/dev.horde.org/api/kronolith/Kronolith/Kronolith_DeleteResourceForm.html
 done
    Writing /horde/web/dev.horde.org/api/kronolith/Kronolith/_lib---Forms---DeleteResource.php.html
Converting /usr/local/horde/checkout/horde-hatchery.git/kronolith/lib/Forms/DeleteResourceGroup.php Procedural Page Elements... Classes...
    Writing /horde/web/dev.horde.org/api/kronolith/Kronolith/Kronolith_DeleteResourceGroupForm.html
 done
    Writing /horde/web/dev.horde.org/api/kronolith/Kronolith/_lib---Forms---DeleteResourceGroup.php.html
Converting /usr/local/horde/checkout/horde-hatchery.git/kronolith/lib/Driver.php Procedural Page Elements... Classes...
    Writing /horde/web/dev.horde.org/api/kronolith/Kronolith/Kronolith_Driver.html
 done
    Writing /horde/web/dev.horde.org/api/kronolith/Kronolith/_lib---Driver.php.html
Converting /usr/local/horde/checkout/horde-hatchery.git/kronolith/lib/Forms/EditCalendar.php Procedural Page Elements... Classes...
    Writing /horde/web/dev.horde.org/api/kronolith/Kronolith/Kronolith_EditCalendarForm.html
 done
    Writing /horde/web/dev.horde.org/api/kronolith/Kronolith/_lib---Forms---EditCalendar.php.html
Converting /usr/local/horde/checkout/horde-hatchery.git/kronolith/lib/View/EditEvent.php Procedural Page Elements... Classes...
    Writing /horde/web/dev.horde.org/api/kronolith/Kronolith/Kronolith_View_EditEvent.html
 done
    Writing /horde/web/dev.horde.org/api/kronolith/Kronolith/_lib---View---EditEvent.php.html
Converting /usr/local/horde/checkout/horde-hatchery.git/kronolith/lib/Forms/EditRemoteCalendar.php Procedural Page Elements... Classes...
    Writing /horde/web/dev.horde.org/api/kronolith/Kronolith/Kronolith_EditRemoteCalendarForm.html
 done
    Writing /horde/web/dev.horde.org/api/kronolith/Kronolith/_lib---Forms---EditRemoteCalendar.php.html
Converting /usr/local/horde/checkout/horde-hatchery.git/kronolith/lib/Forms/EditResource.php Procedural Page Elements... Classes...
    Writing /horde/web/dev.horde.org/api/kronolith/Kronolith/Kronolith_EditResourceForm.html
 done
    Writing /horde/web/dev.horde.org/api/kronolith/Kronolith/_lib---Forms---EditResource.php.html
Converting /usr/local/horde/checkout/horde-hatchery.git/kronolith/lib/Forms/EditResourceGroup.php Procedural Page Elements... Classes...
    Writing /horde/web/dev.horde.org/api/kronolith/Kronolith/Kronolith_EditResourceGroupForm.html
 done
    Writing /horde/web/dev.horde.org/api/kronolith/Kronolith/_lib---Forms---EditResourceGroup.php.html
Converting /usr/local/horde/checkout/horde-hatchery.git/kronolith/lib/Ajax/Imple/Embed.php Procedural Page Elements... Classes...
    Writing /horde/web/dev.horde.org/api/kronolith/Kronolith/Kronolith_Ajax_Imple_Embed.html
 done
    Writing /horde/web/dev.horde.org/api/kronolith/Kronolith/_lib---Ajax---Imple---Embed.php.html
Converting /usr/local/horde/checkout/horde-hatchery.git/kronolith/lib/Event.php Procedural Page Elements... Classes...
    Writing /horde/web/dev.horde.org/api/kronolith/Kronolith/Kronolith_Event.html
 done
    Writing /horde/web/dev.horde.org/api/kronolith/Kronolith/_lib---Event.php.html
Converting /usr/local/horde/checkout/horde-hatchery.git/kronolith/lib/View/Event.php Procedural Page Elements... Classes...
    Writing /horde/web/dev.horde.org/api/kronolith/Kronolith/Kronolith_View_Event.html
 done
    Writing /horde/web/dev.horde.org/api/kronolith/Kronolith/_lib---View---Event.php.html
Converting /usr/local/horde/checkout/horde-hatchery.git/kronolith/lib/View/ExportEvent.php Procedural Page Elements... Classes...
    Writing /horde/web/dev.horde.org/api/kronolith/Kronolith/Kronolith_View_ExportEvent.html
 done
    Writing /horde/web/dev.horde.org/api/kronolith/Kronolith/_lib---View---ExportEvent.php.html
Converting /usr/local/horde/checkout/horde-hatchery.git/kronolith/lib/FreeBusy.php Procedural Page Elements... Classes...
    Writing /horde/web/dev.horde.org/api/kronolith/Kronolith/Kronolith_FreeBusy.html
 done
    Writing /horde/web/dev.horde.org/api/kronolith/Kronolith/_lib---FreeBusy.php.html
Converting /usr/local/horde/checkout/horde-hatchery.git/kronolith/lib/Resource/Group.php Procedural Page Elements... Classes...
    Writing /horde/web/dev.horde.org/api/kronolith/Kronolith/Kronolith_Resource_Group.html
 done
    Writing /horde/web/dev.horde.org/api/kronolith/Kronolith/_lib---Resource---Group.php.html
Converting /usr/local/horde/checkout/horde-hatchery.git/kronolith/lib/Event/Holidays.php Procedural Page Elements... Classes...
    Writing /horde/web/dev.horde.org/api/kronolith/Kronolith/Kronolith_Event_Holidays.html
 done
    Writing /horde/web/dev.horde.org/api/kronolith/Kronolith/_lib---Event---Holidays.php.html
Converting /usr/local/horde/checkout/horde-hatchery.git/kronolith/lib/Driver/Holidays.php Procedural Page Elements... Classes...
    Writing /horde/web/dev.horde.org/api/kronolith/Kronolith/Kronolith_Driver_Holidays.html
 done
    Writing /horde/web/dev.horde.org/api/kronolith/Kronolith/_lib---Driver---Holidays.php.html
Converting /usr/local/horde/checkout/horde-hatchery.git/kronolith/lib/Driver/Horde.php Procedural Page Elements... Classes...
    Writing /horde/web/dev.horde.org/api/kronolith/Kronolith/Kronolith_Driver_Horde.html
 done
    Writing /horde/web/dev.horde.org/api/kronolith/Kronolith/_lib---Driver---Horde.php.html
Converting /usr/local/horde/checkout/horde-hatchery.git/kronolith/lib/Event/Horde.php Procedural Page Elements... Classes...
    Writing /horde/web/dev.horde.org/api/kronolith/Kronolith/Kronolith_Event_Horde.html
 done
    Writing /horde/web/dev.horde.org/api/kronolith/Kronolith/_lib---Event---Horde.php.html
Converting /usr/local/horde/checkout/horde-hatchery.git/kronolith/lib/Event/Ical.php Procedural Page Elements... Classes...
    Writing /horde/web/dev.horde.org/api/kronolith/Kronolith/Kronolith_Event_Ical.html
 done
    Writing /horde/web/dev.horde.org/api/kronolith/Kronolith/_lib---Event---Ical.php.html
Converting /usr/local/horde/checkout/horde-hatchery.git/kronolith/lib/Driver/Ical.php Procedural Page Elements... Classes...
    Writing /horde/web/dev.horde.org/api/kronolith/Kronolith/Kronolith_Driver_Ical.html
 done
    Writing /horde/web/dev.horde.org/api/kronolith/Kronolith/_lib---Driver---Ical.php.html
Converting /usr/local/horde/checkout/horde-hatchery.git/kronolith/lib/Storage/kolab.php Procedural Page Elements... Classes...
    Writing /horde/web/dev.horde.org/api/kronolith/Kronolith/Kronolith_Storage_kolab.html
 done
    Writing /horde/web/dev.horde.org/api/kronolith/Kronolith/_lib---Storage---kolab.php.html
Converting /usr/local/horde/checkout/horde-hatchery.git/kronolith/lib/Driver/Kolab.php Procedural Page Elements... Classes...
    Writing /horde/web/dev.horde.org/api/kronolith/Kronolith/Kronolith_Driver_Kolab.html
 done
    Writing /horde/web/dev.horde.org/api/kronolith/Kronolith/_lib---Driver---Kolab.php.html
Converting /usr/local/horde/checkout/horde-hatchery.git/kronolith/lib/Event/Kolab.php Procedural Page Elements... Classes...
    Writing /horde/web/dev.horde.org/api/kronolith/Kronolith/Kronolith_Event_Kolab.html
 done
    Writing /horde/web/dev.horde.org/api/kronolith/Kronolith/_lib---Event---Kolab.php.html
Converting /usr/local/horde/checkout/horde-hatchery.git/kronolith/lib/Kronolith.php Procedural Page Elements... Classes...
    Writing /horde/web/dev.horde.org/api/kronolith/Kronolith/Kronolith.html
 done
    Writing /horde/web/dev.horde.org/api/kronolith/Kronolith/_lib---Kronolith.php.html
Converting /usr/local/horde/checkout/horde-hatchery.git/kronolith/lib/View/Month.php Procedural Page Elements... Classes...
    Writing /horde/web/dev.horde.org/api/kronolith/Kronolith/Kronolith_View_Month.html
 done
    Writing /horde/web/dev.horde.org/api/kronolith/Kronolith/_lib---View---Month.php.html
Converting /usr/local/horde/checkout/horde-hatchery.git/kronolith/lib/FreeBusy/View/Month.php Procedural Page Elements... Classes...
    Writing /horde/web/dev.horde.org/api/kronolith/Kronolith/Kronolith_FreeBusy_View_Month.html
 done
    Writing /horde/web/dev.horde.org/api/kronolith/Kronolith/_lib---FreeBusy---View---Month.php.html
Converting /usr/local/horde/checkout/horde-hatchery.git/kronolith/lib/Block/month.php Procedural Page Elements... Classes...
    Writing /horde/web/dev.horde.org/api/kronolith/Horde_Block/Horde_Block_Kronolith_month.html
 done
    Writing /horde/web/dev.horde.org/api/kronolith/Horde_Block/_lib---Block---month.php.html
Converting /usr/local/horde/checkout/horde-hatchery.git/kronolith/lib/Block/monthlist.php Procedural Page Elements... Classes...
    Writing /horde/web/dev.horde.org/api/kronolith/Horde_Block/Horde_Block_Kronolith_monthlist.html
 done
    Writing /horde/web/dev.horde.org/api/kronolith/Horde_Block/_lib---Block---monthlist.php.html
Converting /usr/local/horde/checkout/horde-hatchery.git/kronolith/lib/Block/prevmonthlist.php Procedural Page Elements... Classes...
    Writing /horde/web/dev.horde.org/api/kronolith/Horde_Block/Horde_Block_Kronolith_prevmonthlist.html
 done
    Writing /horde/web/dev.horde.org/api/kronolith/Horde_Block/_lib---Block---prevmonthlist.php.html
Converting /usr/local/horde/checkout/horde-hatchery.git/kronolith/lib/LoginTasks/Task/PurgeEvents.php Procedural Page Elements... Classes...
Creating Directory /horde/web/dev.horde.org/api/kronolith/Horde_LoginTasks
    Writing /horde/web/dev.horde.org/api/kronolith/Horde_LoginTasks/Kronolith_LoginTasks_Task_PurgeEvents.html
 done
    Writing /horde/web/dev.horde.org/api/kronolith/Horde_LoginTasks/_lib---LoginTasks---Task---PurgeEvents.php.html
Converting /usr/local/horde/checkout/horde-hatchery.git/kronolith/lib/Resource.php Procedural Page Elements... Classes...
    Writing /horde/web/dev.horde.org/api/kronolith/Kronolith/Kronolith_Resource.html
 done
    Writing /horde/web/dev.horde.org/api/kronolith/Kronolith/_lib---Resource.php.html
Converting /usr/local/horde/checkout/horde-hatchery.git/kronolith/lib/Driver/Resource.php Procedural Page Elements... Classes...
    Writing /horde/web/dev.horde.org/api/kronolith/Kronolith/Kronolith_Driver_Resource.html
 done
    Writing /horde/web/dev.horde.org/api/kronolith/Kronolith/_lib---Driver---Resource.php.html
Converting /usr/local/horde/checkout/horde-hatchery.git/kronolith/lib/Event/Resource.php Procedural Page Elements... Classes...
    Writing /horde/web/dev.horde.org/api/kronolith/Kronolith/Kronolith_Event_Resource.html
 done
    Writing /horde/web/dev.horde.org/api/kronolith/Kronolith/_lib---Event---Resource.php.html
Converting /usr/local/horde/checkout/horde-hatchery.git/kronolith/lib/Resource/Single.php Procedural Page Elements... Classes...
    Writing /horde/web/dev.horde.org/api/kronolith/Kronolith/Kronolith_Resource_Single.html
 done
    Writing /horde/web/dev.horde.org/api/kronolith/Kronolith/_lib---Resource---Single.php.html
Converting /usr/local/horde/checkout/horde-hatchery.git/kronolith/lib/Storage/sql.php Procedural Page Elements... Classes...
    Writing /horde/web/dev.horde.org/api/kronolith/Kronolith/Kronolith_Storage_sql.html
 done
    Writing /horde/web/dev.horde.org/api/kronolith/Kronolith/_lib---Storage---sql.php.html
Converting /usr/local/horde/checkout/horde-hatchery.git/kronolith/lib/Event/Sql.php Procedural Page Elements... Classes...
    Writing /horde/web/dev.horde.org/api/kronolith/Kronolith/Kronolith_Event_Sql.html
 done
    Writing /horde/web/dev.horde.org/api/kronolith/Kronolith/_lib---Event---Sql.php.html
Converting /usr/local/horde/checkout/horde-hatchery.git/kronolith/lib/Driver/Sql.php Procedural Page Elements... Classes...
    Writing /horde/web/dev.horde.org/api/kronolith/Kronolith/Kronolith_Driver_Sql.html
 done
    Writing /horde/web/dev.horde.org/api/kronolith/Kronolith/_lib---Driver---Sql.php.html
Converting /usr/local/horde/checkout/horde-hatchery.git/kronolith/lib/Notification/Listener/Status.php Procedural Page Elements... Classes...
Creating Directory /horde/web/dev.horde.org/api/kronolith/Horde_Notification
    Writing /horde/web/dev.horde.org/api/kronolith/Horde_Notification/Kronolith_Notification_Listener_Status.html
 done
    Writing /horde/web/dev.horde.org/api/kronolith/Horde_Notification/_lib---Notification---Listener---Status.php.html
Converting /usr/local/horde/checkout/horde-hatchery.git/kronolith/lib/Storage.php Procedural Page Elements... Classes...
    Writing /horde/web/dev.horde.org/api/kronolith/Kronolith/Kronolith_Storage.html
 done
    Writing /horde/web/dev.horde.org/api/kronolith/Kronolith/_lib---Storage.php.html
Converting /usr/local/horde/checkout/horde-hatchery.git/kronolith/lib/Forms/SubscribeRemoteCalendar.php Procedural Page Elements... Classes...
    Writing /horde/web/dev.horde.org/api/kronolith/Kronolith/Kronolith_SubscribeRemoteCalendarForm.html
 done
    Writing /horde/web/dev.horde.org/api/kronolith/Kronolith/_lib---Forms---SubscribeRemoteCalendar.php.html
Converting /usr/local/horde/checkout/horde-hatchery.git/kronolith/lib/Block/summary.php Procedural Page Elements... Classes...
    Writing /horde/web/dev.horde.org/api/kronolith/Horde_Block/Horde_Block_Kronolith_summary.html
 done
    Writing /horde/web/dev.horde.org/api/kronolith/Horde_Block/_lib---Block---summary.php.html
Converting /usr/local/horde/checkout/horde-hatchery.git/kronolith/lib/Ajax/Imple/TagActions.php Procedural Page Elements... Classes...
    Writing /horde/web/dev.horde.org/api/kronolith/Kronolith/Kronolith_Ajax_Imple_TagActions.html
 done
    Writing /horde/web/dev.horde.org/api/kronolith/Kronolith/_lib---Ajax---Imple---TagActions.php.html
Converting /usr/local/horde/checkout/horde-hatchery.git/kronolith/lib/Ajax/Imple/TagAutoCompleter.php Procedural Page Elements... Classes...
    Writing /horde/web/dev.horde.org/api/kronolith/Kronolith/Kronolith_Ajax_Imple_TagAutoCompleter.html
 done
    Writing /horde/web/dev.horde.org/api/kronolith/Kronolith/_lib---Ajax---Imple---TagAutoCompleter.php.html
Converting /usr/local/horde/checkout/horde-hatchery.git/kronolith/lib/Tagger.php Procedural Page Elements... Classes...
    Writing /horde/web/dev.horde.org/api/kronolith/Kronolith/Kronolith_Tagger.html
 done
    Writing /horde/web/dev.horde.org/api/kronolith/Kronolith/_lib---Tagger.php.html
Converting /usr/local/horde/checkout/horde-hatchery.git/kronolith/lib/Block/tree_alarms.php Procedural Page Elements... Classes...
    Writing /horde/web/dev.horde.org/api/kronolith/Horde_Block/Horde_Block_kronolith_tree_alarms.html
 done
    Writing /horde/web/dev.horde.org/api/kronolith/Horde_Block/_lib---Block---tree_alarms.php.html
Converting /usr/local/horde/checkout/horde-hatchery.git/kronolith/lib/Block/tree_menu.php Procedural Page Elements... Classes...
    Writing /horde/web/dev.horde.org/api/kronolith/Horde_Block/Horde_Block_kronolith_tree_menu.html
 done
    Writing /horde/web/dev.horde.org/api/kronolith/Horde_Block/_lib---Block---tree_menu.php.html
Converting /usr/local/horde/checkout/horde-hatchery.git/kronolith/lib/Forms/UnsubscribeRemoteCalendar.php Procedural Page Elements... Classes...
    Writing /horde/web/dev.horde.org/api/kronolith/Kronolith/Kronolith_UnsubscribeRemoteCalendarForm.html
 done
    Writing /horde/web/dev.horde.org/api/kronolith/Kronolith/_lib---Forms---UnsubscribeRemoteCalendar.php.html
Converting /usr/local/horde/checkout/horde-hatchery.git/kronolith/lib/FreeBusy/View.php Procedural Page Elements... Classes...
    Writing /horde/web/dev.horde.org/api/kronolith/Kronolith/Kronolith_FreeBusy_View.html
 done
    Writing /horde/web/dev.horde.org/api/kronolith/Kronolith/_lib---FreeBusy---View.php.html
Converting /usr/local/horde/checkout/horde-hatchery.git/kronolith/lib/View/Week.php Procedural Page Elements... Classes...
    Writing /horde/web/dev.horde.org/api/kronolith/Kronolith/Kronolith_View_Week.html
 done
    Writing /horde/web/dev.horde.org/api/kronolith/Kronolith/_lib---View---Week.php.html
Converting /usr/local/horde/checkout/horde-hatchery.git/kronolith/lib/FreeBusy/View/Week.php Procedural Page Elements... Classes...
    Writing /horde/web/dev.horde.org/api/kronolith/Kronolith/Kronolith_FreeBusy_View_Week.html
 done
    Writing /horde/web/dev.horde.org/api/kronolith/Kronolith/_lib---FreeBusy---View---Week.php.html
Converting /usr/local/horde/checkout/horde-hatchery.git/kronolith/lib/FreeBusy/View/Workweek.php Procedural Page Elements... Classes...
    Writing /horde/web/dev.horde.org/api/kronolith/Kronolith/Kronolith_FreeBusy_View_Workweek.html
 done
    Writing /horde/web/dev.horde.org/api/kronolith/Kronolith/_lib---FreeBusy---View---Workweek.php.html
Converting /usr/local/horde/checkout/horde-hatchery.git/kronolith/lib/View/WorkWeek.php Procedural Page Elements... Classes...
    Writing /horde/web/dev.horde.org/api/kronolith/Kronolith/Kronolith_View_WorkWeek.html
 done
    Writing /horde/web/dev.horde.org/api/kronolith/Kronolith/_lib---View---WorkWeek.php.html
Converting /usr/local/horde/checkout/horde-hatchery.git/kronolith/lib/View/Year.php Procedural Page Elements... Classes...
    Writing /horde/web/dev.horde.org/api/kronolith/Kronolith/Kronolith_View_Year.html
 done
    Writing /horde/web/dev.horde.org/api/kronolith/Kronolith/_lib---View---Year.php.html

Converting @todo List...    Writing /horde/web/dev.horde.org/api/kronolith/todolist.html
done

Converting Error Log...    Writing /horde/web/dev.horde.org/api/kronolith/errors.html


To view errors and warnings, look at /horde/web/dev.horde.org/api/kronolith/errors.html
done

Parsing time: 7 seconds

Conversion time: 9 seconds

Total Documentation Time: 16 seconds
done
