PHP Version 5.2.11
phpDocumentor version 1.4.3

Parsing configuration file phpDocumentor.ini...
   (found in /usr/share/php/data/PhpDocumentor/)...

done
Maximum memory usage set at 256M after considering php.ini...
using tokenizer Parser
Hidden /usr/local/horde/checkout/luxor/lib/.htaccess Ignored
File /usr/local/horde/checkout/luxor/lib/CVS/Entries Ignored
File /usr/local/horde/checkout/luxor/lib/CVS/Repository Ignored
File /usr/local/horde/checkout/luxor/lib/CVS/Root Ignored
File /usr/local/horde/checkout/luxor/lib/Driver/CVS/Entries Ignored
File /usr/local/horde/checkout/luxor/lib/Driver/CVS/Repository Ignored
File /usr/local/horde/checkout/luxor/lib/Driver/CVS/Root Ignored
File /usr/local/horde/checkout/luxor/lib/Files/CVS/Entries Ignored
File /usr/local/horde/checkout/luxor/lib/Files/CVS/Repository Ignored
File /usr/local/horde/checkout/luxor/lib/Files/CVS/Root Ignored
File /usr/local/horde/checkout/luxor/lib/Lang/CVS/Entries Ignored
File /usr/local/horde/checkout/luxor/lib/Lang/CVS/Repository Ignored
File /usr/local/horde/checkout/luxor/lib/Lang/CVS/Root Ignored
File /usr/local/horde/checkout/luxor/lib/version.php Ignored


Grabbing README/INSTALL/CHANGELOG
README...
done


Tutorial/Extended Documentation Parsing Stage

done


General Parsing Stage

Reading file /usr/local/horde/checkout/luxor/lib/Driver/sql.php -- Parsing file
WARNING in sql.php on line 27: DocBlock would be page-level, but precedes class "Luxor_Driver_sql", use another DocBlock to document the file
Reading file /usr/local/horde/checkout/luxor/lib/Files/plain.php -- Parsing file
WARNING in plain.php on line 10: DocBlock would be page-level, but precedes class "Luxor_Files_plain", use another DocBlock to document the file
Reading file /usr/local/horde/checkout/luxor/lib/Lang/Generic.php -- Parsing file
WARNING in Generic.php on line 11: DocBlock would be page-level, but precedes class "Luxor_Lang_Generic", use another DocBlock to document the file
Reading file /usr/local/horde/checkout/luxor/lib/Lang.php -- Parsing file
WARNING in Lang.php on line 11: DocBlock would be page-level, but precedes class "Luxor_Lang", use another DocBlock to document the file
Reading file /usr/local/horde/checkout/luxor/lib/Luxor.php -- Parsing file
WARNING in Luxor.php on line 8: DocBlock would be page-level, but precedes class "Luxor", use another DocBlock to document the file
Reading file /usr/local/horde/checkout/luxor/lib/SimpleParse.php -- Parsing file
WARNING in SimpleParse.php on line 8: DocBlock would be page-level, but precedes class "Luxor_SimpleParse", use another DocBlock to document the file
Reading file /usr/local/horde/checkout/luxor/lib/Tagger.php -- Parsing file
WARNING in Tagger.php on line 8: DocBlock would be page-level, but precedes class "Luxor_Tagger", use another DocBlock to document the file
Reading file /usr/local/horde/checkout/luxor/lib/base.php -- Parsing file
WARNING in base.php on line 61: File "/usr/local/horde/checkout/luxor/lib/base.php" has no page-level DocBlock, use @package in the first DocBlock to create one
done

Converting From Abstract Parsed Data

Processing Class Inheritance


Processing Root Trees


Processing leftover classes (classes that extend root classes not found in the same package)
done processing leftover classes

Processing Procedural Page Element Name Conflicts


Sorting page elements...done
Formatting @uses list...done

creating /horde/web/dev.horde.org/api/luxor/media
copying /horde/web/dev.horde.org/api/luxor/media/banner.css
copying /horde/web/dev.horde.org/api/luxor/media/stylesheet.css
creating /horde/web/dev.horde.org/api/luxor/media/images
copying /horde/web/dev.horde.org/api/luxor/media/images/AbstractClass.png
copying /horde/web/dev.horde.org/api/luxor/media/images/AbstractClass_logo.png
copying /horde/web/dev.horde.org/api/luxor/media/images/AbstractMethod.png
copying /horde/web/dev.horde.org/api/luxor/media/images/AbstractPrivateClass.png
copying /horde/web/dev.horde.org/api/luxor/media/images/AbstractPrivateClass_logo.png
copying /horde/web/dev.horde.org/api/luxor/media/images/AbstractPrivateMethod.png
copying /horde/web/dev.horde.org/api/luxor/media/images/blank.png
copying /horde/web/dev.horde.org/api/luxor/media/images/Class.png
copying /horde/web/dev.horde.org/api/luxor/media/images/class_folder.png
copying /horde/web/dev.horde.org/api/luxor/media/images/Class_logo.png
copying /horde/web/dev.horde.org/api/luxor/media/images/Constant.png
copying /horde/web/dev.horde.org/api/luxor/media/images/Constructor.png
copying /horde/web/dev.horde.org/api/luxor/media/images/Destructor.png
copying /horde/web/dev.horde.org/api/luxor/media/images/empty.png
copying /horde/web/dev.horde.org/api/luxor/media/images/file.png
copying /horde/web/dev.horde.org/api/luxor/media/images/folder.png
copying /horde/web/dev.horde.org/api/luxor/media/images/Function.png
copying /horde/web/dev.horde.org/api/luxor/media/images/function_folder.png
copying /horde/web/dev.horde.org/api/luxor/media/images/Global.png
copying /horde/web/dev.horde.org/api/luxor/media/images/I.png
copying /horde/web/dev.horde.org/api/luxor/media/images/Index.png
copying /horde/web/dev.horde.org/api/luxor/media/images/Interface.png
copying /horde/web/dev.horde.org/api/luxor/media/images/Interface_logo.png
copying /horde/web/dev.horde.org/api/luxor/media/images/L.png
copying /horde/web/dev.horde.org/api/luxor/media/images/Lminus.png
copying /horde/web/dev.horde.org/api/luxor/media/images/Lplus.png
copying /horde/web/dev.horde.org/api/luxor/media/images/Method.png
copying /horde/web/dev.horde.org/api/luxor/media/images/minus.gif
copying /horde/web/dev.horde.org/api/luxor/media/images/next_button.png
copying /horde/web/dev.horde.org/api/luxor/media/images/next_button_disabled.png
copying /horde/web/dev.horde.org/api/luxor/media/images/package.png
copying /horde/web/dev.horde.org/api/luxor/media/images/package_folder.png
copying /horde/web/dev.horde.org/api/luxor/media/images/Page.png
copying /horde/web/dev.horde.org/api/luxor/media/images/Page_logo.png
copying /horde/web/dev.horde.org/api/luxor/media/images/plus.gif
copying /horde/web/dev.horde.org/api/luxor/media/images/previous_button.png
copying /horde/web/dev.horde.org/api/luxor/media/images/previous_button_disabled.png
copying /horde/web/dev.horde.org/api/luxor/media/images/PrivateClass.png
copying /horde/web/dev.horde.org/api/luxor/media/images/PrivateClass_logo.png
copying /horde/web/dev.horde.org/api/luxor/media/images/PrivateMethod.png
copying /horde/web/dev.horde.org/api/luxor/media/images/PrivateVariable.png
copying /horde/web/dev.horde.org/api/luxor/media/images/private_class_logo.png
copying /horde/web/dev.horde.org/api/luxor/media/images/StaticMethod.png
copying /horde/web/dev.horde.org/api/luxor/media/images/StaticVariable.png
copying /horde/web/dev.horde.org/api/luxor/media/images/T.png
copying /horde/web/dev.horde.org/api/luxor/media/images/Tminus.png
copying /horde/web/dev.horde.org/api/luxor/media/images/Tplus.png
copying /horde/web/dev.horde.org/api/luxor/media/images/tutorial.png
copying /horde/web/dev.horde.org/api/luxor/media/images/tutorial_folder.png
copying /horde/web/dev.horde.org/api/luxor/media/images/up_button.png
copying /horde/web/dev.horde.org/api/luxor/media/images/Variable.png
creating /horde/web/dev.horde.org/api/luxor/media/lib
copying /horde/web/dev.horde.org/api/luxor/media/lib/classTree.js
Building indexes...done

Sorting Indexes...done

Sorting @todo list...done
Converting README/INSTALL/CHANGELOG contents...
README...    Writing /horde/web/dev.horde.org/api/luxor/ric_README.html

done
Converting tutorials/extended docs
Formatting Package Indexes...    Writing /horde/web/dev.horde.org/api/luxor/elementindex_horde.html
    Writing /horde/web/dev.horde.org/api/luxor/elementindex_Luxor.html

done
Formatting Index...
    Writing /horde/web/dev.horde.org/api/luxor/elementindex.html
    Writing /horde/web/dev.horde.org/api/luxor/blank.html

    Writing /horde/web/dev.horde.org/api/luxor/index.html
    Writing /horde/web/dev.horde.org/api/luxor/packages.html
done

Formatting Left Quick Index...
    Writing /horde/web/dev.horde.org/api/luxor/li_Luxor.html
    Writing /horde/web/dev.horde.org/api/luxor/classtrees_Luxor.html

    Writing /horde/web/dev.horde.org/api/luxor/li_horde.html
    Writing /horde/web/dev.horde.org/api/luxor/classtrees_horde.html

done

Converting /usr/local/horde/checkout/luxor/lib/base.php Procedural Page Elements... Classes... done
    Writing /horde/web/dev.horde.org/api/luxor/horde/_lib---base.php.html
Converting /usr/local/horde/checkout/luxor/lib/Lang/Generic.php Procedural Page Elements... Classes...
    Writing /horde/web/dev.horde.org/api/luxor/Luxor/Luxor_Lang_Generic.html
 done
    Writing /horde/web/dev.horde.org/api/luxor/Luxor/_lib---Lang---Generic.php.html
Converting /usr/local/horde/checkout/luxor/lib/Lang.php Procedural Page Elements... Classes...
    Writing /horde/web/dev.horde.org/api/luxor/Luxor/Luxor_Lang.html
 done
    Writing /horde/web/dev.horde.org/api/luxor/Luxor/_lib---Lang.php.html
Converting /usr/local/horde/checkout/luxor/lib/Luxor.php Procedural Page Elements... Classes...
    Writing /horde/web/dev.horde.org/api/luxor/Luxor/Luxor.html
    Writing /horde/web/dev.horde.org/api/luxor/Luxor/Luxor_Driver.html
    Writing /horde/web/dev.horde.org/api/luxor/Luxor/Luxor_Files.html
 done
    Writing /horde/web/dev.horde.org/api/luxor/Luxor/_lib---Luxor.php.html
Converting /usr/local/horde/checkout/luxor/lib/Files/plain.php Procedural Page Elements... Classes...
    Writing /horde/web/dev.horde.org/api/luxor/Luxor/Luxor_Files_plain.html
 done
    Writing /horde/web/dev.horde.org/api/luxor/Luxor/_lib---Files---plain.php.html
Converting /usr/local/horde/checkout/luxor/lib/SimpleParse.php Procedural Page Elements... Classes...
    Writing /horde/web/dev.horde.org/api/luxor/Luxor/Luxor_SimpleParse.html
 done
    Writing /horde/web/dev.horde.org/api/luxor/Luxor/_lib---SimpleParse.php.html
Converting /usr/local/horde/checkout/luxor/lib/Driver/sql.php Procedural Page Elements... Classes...
    Writing /horde/web/dev.horde.org/api/luxor/Luxor/Luxor_Driver_sql.html
 done
    Writing /horde/web/dev.horde.org/api/luxor/Luxor/_lib---Driver---sql.php.html
Converting /usr/local/horde/checkout/luxor/lib/Tagger.php Procedural Page Elements... Classes...
    Writing /horde/web/dev.horde.org/api/luxor/Luxor/Luxor_Tagger.html
 done
    Writing /horde/web/dev.horde.org/api/luxor/Luxor/_lib---Tagger.php.html

Converting @todo List...    Writing /horde/web/dev.horde.org/api/luxor/todolist.html
done

Converting Error Log...    Writing /horde/web/dev.horde.org/api/luxor/errors.html


To view errors and warnings, look at /horde/web/dev.horde.org/api/luxor/errors.html
done

Parsing time: 1 seconds

Conversion time: 1 seconds

Total Documentation Time: 2 seconds
done
