PHP Version 5.2.11
phpDocumentor version 1.4.3

Parsing configuration file phpDocumentor.ini...
   (found in /usr/share/php/data/PhpDocumentor/)...

done
Maximum memory usage set at 256M after considering php.ini...
using tokenizer Parser
File /usr/local/horde/checkout/merk/lib/Block/CVS/Entries Ignored
File /usr/local/horde/checkout/merk/lib/Block/CVS/Repository Ignored
File /usr/local/horde/checkout/merk/lib/Block/CVS/Root Ignored
File /usr/local/horde/checkout/merk/lib/CVS/Entries Ignored
File /usr/local/horde/checkout/merk/lib/CVS/Repository Ignored
File /usr/local/horde/checkout/merk/lib/CVS/Root Ignored
File /usr/local/horde/checkout/merk/lib/Deliveries/CVS/Entries Ignored
File /usr/local/horde/checkout/merk/lib/Deliveries/CVS/Repository Ignored
File /usr/local/horde/checkout/merk/lib/Deliveries/CVS/Root Ignored
File /usr/local/horde/checkout/merk/lib/Driver/CVS/Entries Ignored
File /usr/local/horde/checkout/merk/lib/Driver/CVS/Repository Ignored
File /usr/local/horde/checkout/merk/lib/Driver/CVS/Root Ignored
File /usr/local/horde/checkout/merk/lib/Form/Action/CVS/Entries Ignored
File /usr/local/horde/checkout/merk/lib/Form/Action/CVS/Repository Ignored
File /usr/local/horde/checkout/merk/lib/Form/Action/CVS/Root Ignored
File /usr/local/horde/checkout/merk/lib/Form/CVS/Entries Ignored
File /usr/local/horde/checkout/merk/lib/Form/CVS/Repository Ignored
File /usr/local/horde/checkout/merk/lib/Form/CVS/Root Ignored
File /usr/local/horde/checkout/merk/lib/Form/Type/CVS/Entries Ignored
File /usr/local/horde/checkout/merk/lib/Form/Type/CVS/Repository Ignored
File /usr/local/horde/checkout/merk/lib/Form/Type/CVS/Root Ignored
File /usr/local/horde/checkout/merk/lib/Forms/CVS/Entries Ignored
File /usr/local/horde/checkout/merk/lib/Forms/CVS/Repository Ignored
File /usr/local/horde/checkout/merk/lib/Forms/CVS/Root Ignored
File /usr/local/horde/checkout/merk/lib/Invoices/CVS/Entries Ignored
File /usr/local/horde/checkout/merk/lib/Invoices/CVS/Repository Ignored
File /usr/local/horde/checkout/merk/lib/Invoices/CVS/Root Ignored
File /usr/local/horde/checkout/merk/lib/Sellers/CVS/Entries Ignored
File /usr/local/horde/checkout/merk/lib/Sellers/CVS/Repository Ignored
File /usr/local/horde/checkout/merk/lib/Sellers/CVS/Root Ignored
File /usr/local/horde/checkout/merk/lib/Stock/CVS/Entries Ignored
File /usr/local/horde/checkout/merk/lib/Stock/CVS/Repository Ignored
File /usr/local/horde/checkout/merk/lib/Stock/CVS/Root Ignored
File /usr/local/horde/checkout/merk/lib/UI/CVS/Entries Ignored
File /usr/local/horde/checkout/merk/lib/UI/CVS/Repository Ignored
File /usr/local/horde/checkout/merk/lib/UI/CVS/Root Ignored
File /usr/local/horde/checkout/merk/lib/UI/VarRenderer/CVS/Entries Ignored
File /usr/local/horde/checkout/merk/lib/UI/VarRenderer/CVS/Repository Ignored
File /usr/local/horde/checkout/merk/lib/UI/VarRenderer/CVS/Root Ignored
File /usr/local/horde/checkout/merk/lib/version.php Ignored


Grabbing README/INSTALL/CHANGELOG
README...
done


Tutorial/Extended Documentation Parsing Stage

done


General Parsing Stage

Reading file /usr/local/horde/checkout/merk/lib/Block/cart_content.php -- Parsing file
WARNING in cart_content.php on line 22: DocBlock would be page-level, but precedes class "Horde_Block_Merk_cart_content", use another DocBlock to document the file
Reading file /usr/local/horde/checkout/merk/lib/Block/cart_total.php -- Parsing file
WARNING in cart_total.php on line 22: DocBlock would be page-level, but precedes class "Horde_Block_Merk_cart_total", use another DocBlock to document the file
Reading file /usr/local/horde/checkout/merk/lib/Block/categories.php -- Parsing file
WARNING in categories.php on line 22: DocBlock would be page-level, but precedes class "Horde_Block_Merk_categories", use another DocBlock to document the file
Reading file /usr/local/horde/checkout/merk/lib/Block/item.php -- Parsing file
WARNING in item.php on line 22: DocBlock would be page-level, but precedes class "Horde_Block_Merk_item", use another DocBlock to document the file
Reading file /usr/local/horde/checkout/merk/lib/Block/items.php -- Parsing file
WARNING in items.php on line 22: DocBlock would be page-level, but precedes class "Horde_Block_Merk_items", use another DocBlock to document the file
Reading file /usr/local/horde/checkout/merk/lib/Deliveries/sql.php -- Parsing file
WARNING in sql.php on line 14: DocBlock would be page-level, but precedes class "Merk_Deliveries_sql", use another DocBlock to document the file
Reading file /usr/local/horde/checkout/merk/lib/Driver/sql.php -- Parsing file
WARNING in sql.php on line 18: DocBlock would be page-level, but precedes class "Merk_Driver_sql", use another DocBlock to document the file
WARNING in sql.php on line 606: Unknown tag "@params" used
WARNING in sql.php on line 606: Unknown tag "@params" used
WARNING in sql.php on line 641: Unknown tag "@params" used
WARNING in sql.php on line 660: Unknown tag "@params" used
WARNING in sql.php on line 660: Unknown tag "@params" used
Reading file /usr/local/horde/checkout/merk/lib/Form/Action/quantity.php -- Parsing file
WARNING in quantity.php on line 18: DocBlock would be page-level, but precedes class "Horde_Form_Action_quantity", use another DocBlock to document the file
Reading file /usr/local/horde/checkout/merk/lib/Form/Type/optionvalue.php -- Parsing file
WARNING in optionvalue.php on line 16: DocBlock would be page-level, but precedes class "Horde_Form_Type_optionvalue", use another DocBlock to document the file
Reading file /usr/local/horde/checkout/merk/lib/Forms/Process.php -- Parsing file
WARNING in Process.php on line 14: DocBlock would be page-level, but precedes class "Merk_Process", use another DocBlock to document the file
Reading file /usr/local/horde/checkout/merk/lib/Invoices/minerva.php -- Parsing file
WARNING in minerva.php on line 14: DocBlock would be page-level, but precedes class "Merk_Invoices_minerva", use another DocBlock to document the file
Reading file /usr/local/horde/checkout/merk/lib/Invoices/null.php -- Parsing file
WARNING in null.php on line 14: DocBlock would be page-level, but precedes class "Merk_Invoices_null", use another DocBlock to document the file
Reading file /usr/local/horde/checkout/merk/lib/Invoices/sql.php -- Parsing file
WARNING in sql.php on line 14: DocBlock would be page-level, but precedes class "Merk_Invoices_sql", use another DocBlock to document the file
Reading file /usr/local/horde/checkout/merk/lib/Sellers/sql.php -- Parsing file
WARNING in sql.php on line 14: DocBlock would be page-level, but precedes class "Merk_Sellers_sql", use another DocBlock to document the file
Reading file /usr/local/horde/checkout/merk/lib/Stock/null.php -- Parsing file
WARNING in null.php on line 17: DocBlock would be page-level, but precedes class "Merk_Stock_null", use another DocBlock to document the file
Reading file /usr/local/horde/checkout/merk/lib/Stock/sql.php -- Parsing file
WARNING in sql.php on line 14: DocBlock would be page-level, but precedes class "Merk_Stock_sql", use another DocBlock to document the file
WARNING in sql.php on line 126: Unknown tag "@params" used
Reading file /usr/local/horde/checkout/merk/lib/UI/VarRenderer/stocksedit_html.php -- Parsing file
WARNING in stocksedit_html.php on line 16: DocBlock would be page-level, but precedes class "Horde_UI_VarRenderer_stocksedit_html", use another DocBlock to document the file
Reading file /usr/local/horde/checkout/merk/lib/Api.php -- Parsing file
WARNING in Api.php on line 23: DocBlock would be page-level, but precedes class "Merk_Api", use another DocBlock to document the file
Reading file /usr/local/horde/checkout/merk/lib/Application.php -- Parsing file
WARNING in Application.php on line 23: DocBlock would be page-level, but precedes class "Merk_Application", use another DocBlock to document the file
Reading file /usr/local/horde/checkout/merk/lib/Categories.php -- Parsing file
WARNING in Categories.php on line 14: DocBlock would be page-level, but precedes class "Merk_Categories", use another DocBlock to document the file
Reading file /usr/local/horde/checkout/merk/lib/Crud.php -- Parsing file
Reading file /usr/local/horde/checkout/merk/lib/Deliveries.php -- Parsing file
WARNING in Deliveries.php on line 14: DocBlock would be page-level, but precedes class "Merk_Deliveries", use another DocBlock to document the file
Reading file /usr/local/horde/checkout/merk/lib/Driver.php -- Parsing file
WARNING in Driver.php on line 17: DocBlock would be page-level, but precedes class "Merk_Driver", use another DocBlock to document the file
Reading file /usr/local/horde/checkout/merk/lib/Invoices.php -- Parsing file
WARNING in Invoices.php on line 14: DocBlock would be page-level, but precedes class "Merk_Invoices", use another DocBlock to document the file
Reading file /usr/local/horde/checkout/merk/lib/Sellers.php -- Parsing file
WARNING in Sellers.php on line 14: DocBlock would be page-level, but precedes class "Merk_Sellers", use another DocBlock to document the file
Reading file /usr/local/horde/checkout/merk/lib/Stock.php -- Parsing file
WARNING in Stock.php on line 14: DocBlock would be page-level, but precedes class "Merk_Stock", use another DocBlock to document the file
Reading file /usr/local/horde/checkout/merk/lib/Table.php -- Parsing file
Reading file /usr/local/horde/checkout/merk/lib/View.php -- Parsing file
WARNING in View.php on line 14: DocBlock would be page-level, but precedes class "Merk_View", use another DocBlock to document the file
Reading file /usr/local/horde/checkout/merk/lib/prefs.php -- Parsing file
WARNING in prefs.php on line 29: File "/usr/local/horde/checkout/merk/lib/prefs.php" has no page-level DocBlock, use @package in the first DocBlock to create one
Reading file /usr/local/horde/checkout/merk/lib/Merk.php -- Parsing file
WARNING in Merk.php on line 17: DocBlock would be page-level, but precedes class "Merk", use another DocBlock to document the file
Reading file /usr/local/horde/checkout/merk/lib/base.php -- Parsing file
WARNING in base.php on line 65: File "/usr/local/horde/checkout/merk/lib/base.php" has no page-level DocBlock, use @package in the first DocBlock to create one
done

Converting From Abstract Parsed Data

Processing Class Inheritance


Processing Root Trees


Processing leftover classes (classes that extend root classes not found in the same package)
Processing Horde_Block_Merk_cart_content in file /usr/local/horde/checkout/merk/lib/Block/cart_content.php
WARNING: Class Horde_Block_Merk_cart_content parent Horde_Block not found
Processing Horde_Block_Merk_cart_total in file /usr/local/horde/checkout/merk/lib/Block/cart_total.php
WARNING: Class Horde_Block_Merk_cart_total parent Horde_Block not found
Processing Horde_Block_Merk_categories in file /usr/local/horde/checkout/merk/lib/Block/categories.php
WARNING: Class Horde_Block_Merk_categories parent Horde_Block not found
Processing Horde_Block_Merk_item in file /usr/local/horde/checkout/merk/lib/Block/item.php
WARNING: Class Horde_Block_Merk_item parent Horde_Block not found
Processing Horde_Block_Merk_items in file /usr/local/horde/checkout/merk/lib/Block/items.php
WARNING: Class Horde_Block_Merk_items parent Horde_Block not found
Processing Horde_Form_Action_quantity in file /usr/local/horde/checkout/merk/lib/Form/Action/quantity.php
WARNING: Class Horde_Form_Action_quantity parent Horde_Form_Action not found
Processing Horde_Form_Type_optionvalue in file /usr/local/horde/checkout/merk/lib/Form/Type/optionvalue.php
WARNING: Class Horde_Form_Type_optionvalue parent Horde_Form_Type not found
Processing Merk_Process in file /usr/local/horde/checkout/merk/lib/Forms/Process.php
WARNING: Class Merk_Process parent Horde_Form not found
Processing Horde_UI_VarRenderer_stocksedit_html in file /usr/local/horde/checkout/merk/lib/UI/VarRenderer/stocksedit_html.php
WARNING: Class Horde_UI_VarRenderer_stocksedit_html parent Horde_UI_VarRenderer_html not found
Processing Merk_Api in file /usr/local/horde/checkout/merk/lib/Api.php
WARNING: Class Merk_Api parent Horde_Registry_Api not found
Processing Merk_Application in file /usr/local/horde/checkout/merk/lib/Application.php
WARNING: Class Merk_Application parent Horde_Registry_Api not found
Processing Merk_Table_Helper in file /usr/local/horde/checkout/merk/lib/Table.php
WARNING: Class Merk_Table_Helper parent Horde_Rdo_Table_Helper not found
Processing Merk_View in file /usr/local/horde/checkout/merk/lib/View.php
WARNING: Class Merk_View parent Horde_View not found
done processing leftover classes

Processing Procedural Page Element Name Conflicts


Sorting page elements...done
Formatting @uses list...done

creating /horde/web/dev.horde.org/api/merk/media
copying /horde/web/dev.horde.org/api/merk/media/banner.css
copying /horde/web/dev.horde.org/api/merk/media/stylesheet.css
creating /horde/web/dev.horde.org/api/merk/media/images
copying /horde/web/dev.horde.org/api/merk/media/images/AbstractClass.png
copying /horde/web/dev.horde.org/api/merk/media/images/AbstractClass_logo.png
copying /horde/web/dev.horde.org/api/merk/media/images/AbstractMethod.png
copying /horde/web/dev.horde.org/api/merk/media/images/AbstractPrivateClass.png
copying /horde/web/dev.horde.org/api/merk/media/images/AbstractPrivateClass_logo.png
copying /horde/web/dev.horde.org/api/merk/media/images/AbstractPrivateMethod.png
copying /horde/web/dev.horde.org/api/merk/media/images/blank.png
copying /horde/web/dev.horde.org/api/merk/media/images/Class.png
copying /horde/web/dev.horde.org/api/merk/media/images/class_folder.png
copying /horde/web/dev.horde.org/api/merk/media/images/Class_logo.png
copying /horde/web/dev.horde.org/api/merk/media/images/Constant.png
copying /horde/web/dev.horde.org/api/merk/media/images/Constructor.png
copying /horde/web/dev.horde.org/api/merk/media/images/Destructor.png
copying /horde/web/dev.horde.org/api/merk/media/images/empty.png
copying /horde/web/dev.horde.org/api/merk/media/images/file.png
copying /horde/web/dev.horde.org/api/merk/media/images/folder.png
copying /horde/web/dev.horde.org/api/merk/media/images/Function.png
copying /horde/web/dev.horde.org/api/merk/media/images/function_folder.png
copying /horde/web/dev.horde.org/api/merk/media/images/Global.png
copying /horde/web/dev.horde.org/api/merk/media/images/I.png
copying /horde/web/dev.horde.org/api/merk/media/images/Index.png
copying /horde/web/dev.horde.org/api/merk/media/images/Interface.png
copying /horde/web/dev.horde.org/api/merk/media/images/Interface_logo.png
copying /horde/web/dev.horde.org/api/merk/media/images/L.png
copying /horde/web/dev.horde.org/api/merk/media/images/Lminus.png
copying /horde/web/dev.horde.org/api/merk/media/images/Lplus.png
copying /horde/web/dev.horde.org/api/merk/media/images/Method.png
copying /horde/web/dev.horde.org/api/merk/media/images/minus.gif
copying /horde/web/dev.horde.org/api/merk/media/images/next_button.png
copying /horde/web/dev.horde.org/api/merk/media/images/next_button_disabled.png
copying /horde/web/dev.horde.org/api/merk/media/images/package.png
copying /horde/web/dev.horde.org/api/merk/media/images/package_folder.png
copying /horde/web/dev.horde.org/api/merk/media/images/Page.png
copying /horde/web/dev.horde.org/api/merk/media/images/Page_logo.png
copying /horde/web/dev.horde.org/api/merk/media/images/plus.gif
copying /horde/web/dev.horde.org/api/merk/media/images/previous_button.png
copying /horde/web/dev.horde.org/api/merk/media/images/previous_button_disabled.png
copying /horde/web/dev.horde.org/api/merk/media/images/PrivateClass.png
copying /horde/web/dev.horde.org/api/merk/media/images/PrivateClass_logo.png
copying /horde/web/dev.horde.org/api/merk/media/images/PrivateMethod.png
copying /horde/web/dev.horde.org/api/merk/media/images/PrivateVariable.png
copying /horde/web/dev.horde.org/api/merk/media/images/private_class_logo.png
copying /horde/web/dev.horde.org/api/merk/media/images/StaticMethod.png
copying /horde/web/dev.horde.org/api/merk/media/images/StaticVariable.png
copying /horde/web/dev.horde.org/api/merk/media/images/T.png
copying /horde/web/dev.horde.org/api/merk/media/images/Tminus.png
copying /horde/web/dev.horde.org/api/merk/media/images/Tplus.png
copying /horde/web/dev.horde.org/api/merk/media/images/tutorial.png
copying /horde/web/dev.horde.org/api/merk/media/images/tutorial_folder.png
copying /horde/web/dev.horde.org/api/merk/media/images/up_button.png
copying /horde/web/dev.horde.org/api/merk/media/images/Variable.png
creating /horde/web/dev.horde.org/api/merk/media/lib
copying /horde/web/dev.horde.org/api/merk/media/lib/classTree.js
Building indexes...done

Sorting Indexes...done

Sorting @todo list...done
Converting README/INSTALL/CHANGELOG contents...
README...    Writing /horde/web/dev.horde.org/api/merk/ric_README.html

done
Converting tutorials/extended docs
Formatting Package Indexes...    Writing /horde/web/dev.horde.org/api/merk/elementindex_Merk.html
    Writing /horde/web/dev.horde.org/api/merk/elementindex_horde.html
    Writing /horde/web/dev.horde.org/api/merk/elementindex_Manios.html

done
Formatting Index...
    Writing /horde/web/dev.horde.org/api/merk/elementindex.html
    Writing /horde/web/dev.horde.org/api/merk/blank.html

    Writing /horde/web/dev.horde.org/api/merk/index.html
    Writing /horde/web/dev.horde.org/api/merk/packages.html
done

Formatting Left Quick Index...
    Writing /horde/web/dev.horde.org/api/merk/li_Merk.html
    Writing /horde/web/dev.horde.org/api/merk/classtrees_Merk.html

    Writing /horde/web/dev.horde.org/api/merk/li_horde.html
    Writing /horde/web/dev.horde.org/api/merk/classtrees_horde.html

    Writing /horde/web/dev.horde.org/api/merk/li_Manios.html
    Writing /horde/web/dev.horde.org/api/merk/classtrees_Manios.html

done

Converting /usr/local/horde/checkout/merk/lib/Api.php Procedural Page Elements... Classes...
    Writing /horde/web/dev.horde.org/api/merk/Merk/Merk_Api.html
 done
    Writing /horde/web/dev.horde.org/api/merk/Merk/_lib---Api.php.html
Converting /usr/local/horde/checkout/merk/lib/Application.php Procedural Page Elements... Classes...
    Writing /horde/web/dev.horde.org/api/merk/Merk/Merk_Application.html
 done
    Writing /horde/web/dev.horde.org/api/merk/Merk/_lib---Application.php.html
Converting /usr/local/horde/checkout/merk/lib/base.php Procedural Page Elements... Classes... done
    Writing /horde/web/dev.horde.org/api/merk/horde/_lib---base.php.html
Converting /usr/local/horde/checkout/merk/lib/Block/cart_content.php Procedural Page Elements... Classes...
    Writing /horde/web/dev.horde.org/api/merk/Merk/Horde_Block_Merk_cart_content.html
 done
    Writing /horde/web/dev.horde.org/api/merk/Merk/_lib---Block---cart_content.php.html
Converting /usr/local/horde/checkout/merk/lib/Block/cart_total.php Procedural Page Elements... Classes...
    Writing /horde/web/dev.horde.org/api/merk/Merk/Horde_Block_Merk_cart_total.html
 done
    Writing /horde/web/dev.horde.org/api/merk/Merk/_lib---Block---cart_total.php.html
Converting /usr/local/horde/checkout/merk/lib/Block/categories.php Procedural Page Elements... Classes...
    Writing /horde/web/dev.horde.org/api/merk/Merk/Horde_Block_Merk_categories.html
 done
    Writing /horde/web/dev.horde.org/api/merk/Merk/_lib---Block---categories.php.html
Converting /usr/local/horde/checkout/merk/lib/Categories.php Procedural Page Elements... Classes...
    Writing /horde/web/dev.horde.org/api/merk/Merk/Merk_Categories.html
 done
    Writing /horde/web/dev.horde.org/api/merk/Merk/_lib---Categories.php.html
Converting /usr/local/horde/checkout/merk/lib/Crud.php Procedural Page Elements... Classes... done
    Writing /horde/web/dev.horde.org/api/merk/Merk/_lib---Crud.php.html
Converting /usr/local/horde/checkout/merk/lib/Deliveries.php Procedural Page Elements... Classes...
    Writing /horde/web/dev.horde.org/api/merk/Merk/Merk_Deliveries.html
 done
    Writing /horde/web/dev.horde.org/api/merk/Merk/_lib---Deliveries.php.html
Converting /usr/local/horde/checkout/merk/lib/Driver.php Procedural Page Elements... Classes...
    Writing /horde/web/dev.horde.org/api/merk/Merk/Merk_Driver.html
 done
    Writing /horde/web/dev.horde.org/api/merk/Merk/_lib---Driver.php.html
Converting /usr/local/horde/checkout/merk/lib/Invoices.php Procedural Page Elements... Classes...
    Writing /horde/web/dev.horde.org/api/merk/Merk/Merk_Invoices.html
 done
    Writing /horde/web/dev.horde.org/api/merk/Merk/_lib---Invoices.php.html
Converting /usr/local/horde/checkout/merk/lib/Block/item.php Procedural Page Elements... Classes...
    Writing /horde/web/dev.horde.org/api/merk/Merk/Horde_Block_Merk_item.html
 done
    Writing /horde/web/dev.horde.org/api/merk/Merk/_lib---Block---item.php.html
Converting /usr/local/horde/checkout/merk/lib/Block/items.php Procedural Page Elements... Classes...
    Writing /horde/web/dev.horde.org/api/merk/Merk/Horde_Block_Merk_items.html
 done
    Writing /horde/web/dev.horde.org/api/merk/Merk/_lib---Block---items.php.html
Converting /usr/local/horde/checkout/merk/lib/Merk.php Procedural Page Elements... Classes...
    Writing /horde/web/dev.horde.org/api/merk/Merk/Merk.html
 done
    Writing /horde/web/dev.horde.org/api/merk/Merk/_lib---Merk.php.html
Converting /usr/local/horde/checkout/merk/lib/Invoices/minerva.php Procedural Page Elements... Classes...
    Writing /horde/web/dev.horde.org/api/merk/Merk/Merk_Invoices_minerva.html
 done
    Writing /horde/web/dev.horde.org/api/merk/Merk/_lib---Invoices---minerva.php.html
Converting /usr/local/horde/checkout/merk/lib/Stock/null.php Procedural Page Elements... Classes...
    Writing /horde/web/dev.horde.org/api/merk/Merk/Merk_Stock_null.html
 done
    Writing /horde/web/dev.horde.org/api/merk/Merk/_lib---Stock---null.php.html
Converting /usr/local/horde/checkout/merk/lib/Invoices/null.php Procedural Page Elements... Classes...
    Writing /horde/web/dev.horde.org/api/merk/Merk/Merk_Invoices_null.html
 done
    Writing /horde/web/dev.horde.org/api/merk/Merk/_lib---Invoices---null.php.html
Converting /usr/local/horde/checkout/merk/lib/Form/Type/optionvalue.php Procedural Page Elements... Classes...
    Writing /horde/web/dev.horde.org/api/merk/Merk/Horde_Form_Type_optionvalue.html
 done
    Writing /horde/web/dev.horde.org/api/merk/Merk/_lib---Form---Type---optionvalue.php.html
Converting /usr/local/horde/checkout/merk/lib/prefs.php Procedural Page Elements... Classes... done
    Writing /horde/web/dev.horde.org/api/merk/horde/_lib---prefs.php.html
Converting /usr/local/horde/checkout/merk/lib/Forms/Process.php Procedural Page Elements... Classes...
    Writing /horde/web/dev.horde.org/api/merk/Merk/Merk_Process.html
 done
    Writing /horde/web/dev.horde.org/api/merk/Merk/_lib---Forms---Process.php.html
Converting /usr/local/horde/checkout/merk/lib/Form/Action/quantity.php Procedural Page Elements... Classes...
    Writing /horde/web/dev.horde.org/api/merk/Merk/Horde_Form_Action_quantity.html
 done
    Writing /horde/web/dev.horde.org/api/merk/Merk/_lib---Form---Action---quantity.php.html
Converting /usr/local/horde/checkout/merk/lib/Sellers.php Procedural Page Elements... Classes...
    Writing /horde/web/dev.horde.org/api/merk/Merk/Merk_Sellers.html
 done
    Writing /horde/web/dev.horde.org/api/merk/Merk/_lib---Sellers.php.html
Converting /usr/local/horde/checkout/merk/lib/Stock/sql.php Procedural Page Elements... Classes...
    Writing /horde/web/dev.horde.org/api/merk/Merk/Merk_Stock_sql.html
 done
    Writing /horde/web/dev.horde.org/api/merk/Merk/_lib---Stock---sql.php.html
Converting /usr/local/horde/checkout/merk/lib/Invoices/sql.php Procedural Page Elements... Classes...
    Writing /horde/web/dev.horde.org/api/merk/Merk/Merk_Invoices_sql.html
 done
    Writing /horde/web/dev.horde.org/api/merk/Merk/_lib---Invoices---sql.php.html
Converting /usr/local/horde/checkout/merk/lib/Driver/sql.php Procedural Page Elements... Classes...
    Writing /horde/web/dev.horde.org/api/merk/Merk/Merk_Driver_sql.html
 done
    Writing /horde/web/dev.horde.org/api/merk/Merk/_lib---Driver---sql.php.html
Converting /usr/local/horde/checkout/merk/lib/Sellers/sql.php Procedural Page Elements... Classes...
    Writing /horde/web/dev.horde.org/api/merk/Merk/Merk_Sellers_sql.html
 done
    Writing /horde/web/dev.horde.org/api/merk/Merk/_lib---Sellers---sql.php.html
Converting /usr/local/horde/checkout/merk/lib/Deliveries/sql.php Procedural Page Elements... Classes...
    Writing /horde/web/dev.horde.org/api/merk/Merk/Merk_Deliveries_sql.html
 done
    Writing /horde/web/dev.horde.org/api/merk/Merk/_lib---Deliveries---sql.php.html
Converting /usr/local/horde/checkout/merk/lib/Stock.php Procedural Page Elements... Classes...
    Writing /horde/web/dev.horde.org/api/merk/Merk/Merk_Stock.html
 done
    Writing /horde/web/dev.horde.org/api/merk/Merk/_lib---Stock.php.html
Converting /usr/local/horde/checkout/merk/lib/UI/VarRenderer/stocksedit_html.php Procedural Page Elements... Classes...
    Writing /horde/web/dev.horde.org/api/merk/Merk/Horde_UI_VarRenderer_stocksedit_html.html
 done
    Writing /horde/web/dev.horde.org/api/merk/Merk/_lib---UI---VarRenderer---stocksedit_html.php.html
Converting /usr/local/horde/checkout/merk/lib/Table.php Procedural Page Elements... Classes...
    Writing /horde/web/dev.horde.org/api/merk/Manios/Merk_Table_Helper.html
 done
    Writing /horde/web/dev.horde.org/api/merk/Merk/_lib---Table.php.html
Converting /usr/local/horde/checkout/merk/lib/View.php Procedural Page Elements... Classes...
    Writing /horde/web/dev.horde.org/api/merk/Merk/Merk_View.html
 done
    Writing /horde/web/dev.horde.org/api/merk/Merk/_lib---View.php.html

Converting @todo List...done

Converting Error Log...    Writing /horde/web/dev.horde.org/api/merk/errors.html


To view errors and warnings, look at /horde/web/dev.horde.org/api/merk/errors.html
done

Parsing time: 3 seconds

Conversion time: 4 seconds

Total Documentation Time: 7 seconds
done
