PHP Version 5.2.11
phpDocumentor version 1.4.3

Parsing configuration file phpDocumentor.ini...
   (found in /usr/share/php/data/PhpDocumentor/)...

done
Maximum memory usage set at 256M after considering php.ini...
using tokenizer Parser
Hidden /usr/local/horde/checkout/midas/lib/.htaccess Ignored
File /usr/local/horde/checkout/midas/lib/Block/CVS/Entries Ignored
File /usr/local/horde/checkout/midas/lib/Block/CVS/Repository Ignored
File /usr/local/horde/checkout/midas/lib/Block/CVS/Root Ignored
File /usr/local/horde/checkout/midas/lib/CVS/Entries Ignored
File /usr/local/horde/checkout/midas/lib/CVS/Repository Ignored
File /usr/local/horde/checkout/midas/lib/CVS/Root Ignored
File /usr/local/horde/checkout/midas/lib/Campaigns/CVS/Entries Ignored
File /usr/local/horde/checkout/midas/lib/Campaigns/CVS/Repository Ignored
File /usr/local/horde/checkout/midas/lib/Campaigns/CVS/Root Ignored
File /usr/local/horde/checkout/midas/lib/Clients/CVS/Entries Ignored
File /usr/local/horde/checkout/midas/lib/Clients/CVS/Repository Ignored
File /usr/local/horde/checkout/midas/lib/Clients/CVS/Root Ignored
File /usr/local/horde/checkout/midas/lib/Display/CVS/Entries Ignored
File /usr/local/horde/checkout/midas/lib/Display/CVS/Repository Ignored
File /usr/local/horde/checkout/midas/lib/Display/CVS/Root Ignored
File /usr/local/horde/checkout/midas/lib/MIME/CVS/Entries Ignored
File /usr/local/horde/checkout/midas/lib/MIME/CVS/Repository Ignored
File /usr/local/horde/checkout/midas/lib/MIME/CVS/Root Ignored
File /usr/local/horde/checkout/midas/lib/MIME/Viewer/CVS/Entries Ignored
File /usr/local/horde/checkout/midas/lib/MIME/Viewer/CVS/Repository Ignored
File /usr/local/horde/checkout/midas/lib/MIME/Viewer/CVS/Root Ignored
File /usr/local/horde/checkout/midas/lib/version.php Ignored


Grabbing README/INSTALL/CHANGELOG
README...
done


Tutorial/Extended Documentation Parsing Stage

done


General Parsing Stage

Reading file /usr/local/horde/checkout/midas/lib/Block/campaign.php -- Parsing file
WARNING in campaign.php on line 16: DocBlock would be page-level, but precedes class "Horde_Block_midas_campaign", use another DocBlock to document the file
Reading file /usr/local/horde/checkout/midas/lib/Block/summary.php -- Parsing file
WARNING in summary.php on line 9: DocBlock would be page-level, but precedes class "Horde_Block_midas_summary", use another DocBlock to document the file
Reading file /usr/local/horde/checkout/midas/lib/Campaigns/sql.php -- Parsing file
WARNING in sql.php on line 18: DocBlock would be page-level, but precedes class "Midas_Campaigns_sql", use another DocBlock to document the file
Reading file /usr/local/horde/checkout/midas/lib/Clients/sql.php -- Parsing file
WARNING in sql.php on line 17: DocBlock would be page-level, but precedes class "Midas_Clients_sql", use another DocBlock to document the file
Reading file /usr/local/horde/checkout/midas/lib/Display/html.php -- Parsing file
WARNING in html.php on line 15: DocBlock would be page-level, but precedes class "Midas_Display_html", use another DocBlock to document the file
Reading file /usr/local/horde/checkout/midas/lib/Display/js.php -- Parsing file
WARNING in js.php on line 39: File "/usr/local/horde/checkout/midas/lib/Display/js.php" has no page-level DocBlock, use @package in the first DocBlock to create one
Reading file /usr/local/horde/checkout/midas/lib/MIME/Viewer/images.php -- Parsing file
WARNING in images.php on line 50: File "/usr/local/horde/checkout/midas/lib/MIME/Viewer/images.php" has no page-level DocBlock, use @package in the first DocBlock to create one
Reading file /usr/local/horde/checkout/midas/lib/Campaigns.php -- Parsing file
WARNING in Campaigns.php on line 16: DocBlock would be page-level, but precedes class "Midas_Campaigns", use another DocBlock to document the file
Reading file /usr/local/horde/checkout/midas/lib/Clients.php -- Parsing file
WARNING in Clients.php on line 14: DocBlock would be page-level, but precedes class "Midas_Clients", use another DocBlock to document the file

	ERROR in Clients.php on line 78: Unclosed pre tag in DocBlock, parsing will be incorrect
Reading file /usr/local/horde/checkout/midas/lib/Display.php -- Parsing file
WARNING in Display.php on line 14: DocBlock would be page-level, but precedes class "Midas_Display", use another DocBlock to document the file
Reading file /usr/local/horde/checkout/midas/lib/Midas.php -- Parsing file
WARNING in Midas.php on line 56: File "/usr/local/horde/checkout/midas/lib/Midas.php" has no page-level DocBlock, use @package in the first DocBlock to create one
Reading file /usr/local/horde/checkout/midas/lib/base.php -- Parsing file
WARNING in base.php on line 61: File "/usr/local/horde/checkout/midas/lib/base.php" has no page-level DocBlock, use @package in the first DocBlock to create one
done

Converting From Abstract Parsed Data

Processing Class Inheritance


Processing Root Trees


Processing leftover classes (classes that extend root classes not found in the same package)
Processing Horde_Block_midas_campaign in file /usr/local/horde/checkout/midas/lib/Block/campaign.php
WARNING: Class Horde_Block_midas_campaign parent Horde_Block not found
Processing Horde_Block_midas_summary in file /usr/local/horde/checkout/midas/lib/Block/summary.php
WARNING: Class Horde_Block_midas_summary parent Horde_Block not found
Processing Midas_MIME_Viewer_images in file /usr/local/horde/checkout/midas/lib/MIME/Viewer/images.php
WARNING: Class Midas_MIME_Viewer_images parent MIME_Viewer_images not found
done processing leftover classes

Processing Procedural Page Element Name Conflicts


Sorting page elements...done
Formatting @uses list...done

creating /horde/web/dev.horde.org/api/midas/media
copying /horde/web/dev.horde.org/api/midas/media/banner.css
copying /horde/web/dev.horde.org/api/midas/media/stylesheet.css
creating /horde/web/dev.horde.org/api/midas/media/images
copying /horde/web/dev.horde.org/api/midas/media/images/AbstractClass.png
copying /horde/web/dev.horde.org/api/midas/media/images/AbstractClass_logo.png
copying /horde/web/dev.horde.org/api/midas/media/images/AbstractMethod.png
copying /horde/web/dev.horde.org/api/midas/media/images/AbstractPrivateClass.png
copying /horde/web/dev.horde.org/api/midas/media/images/AbstractPrivateClass_logo.png
copying /horde/web/dev.horde.org/api/midas/media/images/AbstractPrivateMethod.png
copying /horde/web/dev.horde.org/api/midas/media/images/blank.png
copying /horde/web/dev.horde.org/api/midas/media/images/Class.png
copying /horde/web/dev.horde.org/api/midas/media/images/class_folder.png
copying /horde/web/dev.horde.org/api/midas/media/images/Class_logo.png
copying /horde/web/dev.horde.org/api/midas/media/images/Constant.png
copying /horde/web/dev.horde.org/api/midas/media/images/Constructor.png
copying /horde/web/dev.horde.org/api/midas/media/images/Destructor.png
copying /horde/web/dev.horde.org/api/midas/media/images/empty.png
copying /horde/web/dev.horde.org/api/midas/media/images/file.png
copying /horde/web/dev.horde.org/api/midas/media/images/folder.png
copying /horde/web/dev.horde.org/api/midas/media/images/Function.png
copying /horde/web/dev.horde.org/api/midas/media/images/function_folder.png
copying /horde/web/dev.horde.org/api/midas/media/images/Global.png
copying /horde/web/dev.horde.org/api/midas/media/images/I.png
copying /horde/web/dev.horde.org/api/midas/media/images/Index.png
copying /horde/web/dev.horde.org/api/midas/media/images/Interface.png
copying /horde/web/dev.horde.org/api/midas/media/images/Interface_logo.png
copying /horde/web/dev.horde.org/api/midas/media/images/L.png
copying /horde/web/dev.horde.org/api/midas/media/images/Lminus.png
copying /horde/web/dev.horde.org/api/midas/media/images/Lplus.png
copying /horde/web/dev.horde.org/api/midas/media/images/Method.png
copying /horde/web/dev.horde.org/api/midas/media/images/minus.gif
copying /horde/web/dev.horde.org/api/midas/media/images/next_button.png
copying /horde/web/dev.horde.org/api/midas/media/images/next_button_disabled.png
copying /horde/web/dev.horde.org/api/midas/media/images/package.png
copying /horde/web/dev.horde.org/api/midas/media/images/package_folder.png
copying /horde/web/dev.horde.org/api/midas/media/images/Page.png
copying /horde/web/dev.horde.org/api/midas/media/images/Page_logo.png
copying /horde/web/dev.horde.org/api/midas/media/images/plus.gif
copying /horde/web/dev.horde.org/api/midas/media/images/previous_button.png
copying /horde/web/dev.horde.org/api/midas/media/images/previous_button_disabled.png
copying /horde/web/dev.horde.org/api/midas/media/images/PrivateClass.png
copying /horde/web/dev.horde.org/api/midas/media/images/PrivateClass_logo.png
copying /horde/web/dev.horde.org/api/midas/media/images/PrivateMethod.png
copying /horde/web/dev.horde.org/api/midas/media/images/PrivateVariable.png
copying /horde/web/dev.horde.org/api/midas/media/images/private_class_logo.png
copying /horde/web/dev.horde.org/api/midas/media/images/StaticMethod.png
copying /horde/web/dev.horde.org/api/midas/media/images/StaticVariable.png
copying /horde/web/dev.horde.org/api/midas/media/images/T.png
copying /horde/web/dev.horde.org/api/midas/media/images/Tminus.png
copying /horde/web/dev.horde.org/api/midas/media/images/Tplus.png
copying /horde/web/dev.horde.org/api/midas/media/images/tutorial.png
copying /horde/web/dev.horde.org/api/midas/media/images/tutorial_folder.png
copying /horde/web/dev.horde.org/api/midas/media/images/up_button.png
copying /horde/web/dev.horde.org/api/midas/media/images/Variable.png
creating /horde/web/dev.horde.org/api/midas/media/lib
copying /horde/web/dev.horde.org/api/midas/media/lib/classTree.js
Building indexes...done

Sorting Indexes...done

Sorting @todo list...done
Converting README/INSTALL/CHANGELOG contents...
README...    Writing /horde/web/dev.horde.org/api/midas/ric_README.html

done
Converting tutorials/extended docs
Formatting Package Indexes...    Writing /horde/web/dev.horde.org/api/midas/elementindex_horde.html
    Writing /horde/web/dev.horde.org/api/midas/elementindex_Horde_Block.html
    Writing /horde/web/dev.horde.org/api/midas/elementindex_Midas.html
    Writing /horde/web/dev.horde.org/api/midas/elementindex_Horde_Mime_Viewer.html

done
Formatting Index...
    Writing /horde/web/dev.horde.org/api/midas/elementindex.html
    Writing /horde/web/dev.horde.org/api/midas/blank.html

    Writing /horde/web/dev.horde.org/api/midas/index.html
    Writing /horde/web/dev.horde.org/api/midas/packages.html
done

Formatting Left Quick Index...
    Writing /horde/web/dev.horde.org/api/midas/li_Horde_Block.html
    Writing /horde/web/dev.horde.org/api/midas/classtrees_Horde_Block.html

    Writing /horde/web/dev.horde.org/api/midas/li_horde.html
    Writing /horde/web/dev.horde.org/api/midas/classtrees_horde.html

    Writing /horde/web/dev.horde.org/api/midas/li_Midas.html
    Writing /horde/web/dev.horde.org/api/midas/classtrees_Midas.html

    Writing /horde/web/dev.horde.org/api/midas/li_Horde_Mime_Viewer.html
    Writing /horde/web/dev.horde.org/api/midas/classtrees_Horde_Mime_Viewer.html

done

Converting /usr/local/horde/checkout/midas/lib/base.php Procedural Page Elements... Classes... done
    Writing /horde/web/dev.horde.org/api/midas/horde/_lib---base.php.html
Converting /usr/local/horde/checkout/midas/lib/Block/campaign.php Procedural Page Elements... Classes...
    Writing /horde/web/dev.horde.org/api/midas/Horde_Block/Horde_Block_midas_campaign.html
 done
    Writing /horde/web/dev.horde.org/api/midas/Horde_Block/_lib---Block---campaign.php.html
Converting /usr/local/horde/checkout/midas/lib/Campaigns.php Procedural Page Elements... Classes...
    Writing /horde/web/dev.horde.org/api/midas/Midas/Midas_Campaigns.html
 done
    Writing /horde/web/dev.horde.org/api/midas/Midas/_lib---Campaigns.php.html
Converting /usr/local/horde/checkout/midas/lib/Clients.php Procedural Page Elements... Classes...
    Writing /horde/web/dev.horde.org/api/midas/Midas/Midas_Clients.html
 done
    Writing /horde/web/dev.horde.org/api/midas/Midas/_lib---Clients.php.html
Converting /usr/local/horde/checkout/midas/lib/Display.php Procedural Page Elements... Classes...
    Writing /horde/web/dev.horde.org/api/midas/Midas/Midas_Display.html
 done
    Writing /horde/web/dev.horde.org/api/midas/Midas/_lib---Display.php.html
Converting /usr/local/horde/checkout/midas/lib/Display/html.php Procedural Page Elements... Classes...
    Writing /horde/web/dev.horde.org/api/midas/Midas/Midas_Display_html.html
 done
    Writing /horde/web/dev.horde.org/api/midas/Midas/_lib---Display---html.php.html
Converting /usr/local/horde/checkout/midas/lib/MIME/Viewer/images.php Procedural Page Elements... Classes...
    Writing /horde/web/dev.horde.org/api/midas/Horde_Mime_Viewer/Midas_MIME_Viewer_images.html
 done
    Writing /horde/web/dev.horde.org/api/midas/Horde_Mime_Viewer/_lib---MIME---Viewer---images.php.html
Converting /usr/local/horde/checkout/midas/lib/Display/js.php Procedural Page Elements... Classes...
    Writing /horde/web/dev.horde.org/api/midas/Midas/Midas_Display_js.html
 done
    Writing /horde/web/dev.horde.org/api/midas/Midas/_lib---Display---js.php.html
Converting /usr/local/horde/checkout/midas/lib/Midas.php Procedural Page Elements... Classes...
    Writing /horde/web/dev.horde.org/api/midas/Midas/Midas.html
 done
    Writing /horde/web/dev.horde.org/api/midas/Midas/_lib---Midas.php.html
Converting /usr/local/horde/checkout/midas/lib/Campaigns/sql.php Procedural Page Elements... Classes...
    Writing /horde/web/dev.horde.org/api/midas/Midas/Midas_Campaigns_sql.html
 done
    Writing /horde/web/dev.horde.org/api/midas/Midas/_lib---Campaigns---sql.php.html
Converting /usr/local/horde/checkout/midas/lib/Clients/sql.php Procedural Page Elements... Classes...
    Writing /horde/web/dev.horde.org/api/midas/Midas/Midas_Clients_sql.html
 done
    Writing /horde/web/dev.horde.org/api/midas/Midas/_lib---Clients---sql.php.html
Converting /usr/local/horde/checkout/midas/lib/Block/summary.php Procedural Page Elements... Classes...
    Writing /horde/web/dev.horde.org/api/midas/Horde_Block/Horde_Block_midas_summary.html
 done
    Writing /horde/web/dev.horde.org/api/midas/Horde_Block/_lib---Block---summary.php.html

Converting @todo List...done

Converting Error Log...    Writing /horde/web/dev.horde.org/api/midas/errors.html


To view errors and warnings, look at /horde/web/dev.horde.org/api/midas/errors.html
done

Parsing time: 1 seconds

Conversion time: 2 seconds

Total Documentation Time: 3 seconds
done
