PHP Version 5.2.11
phpDocumentor version 1.4.3

Parsing configuration file phpDocumentor.ini...
   (found in /usr/share/php/data/PhpDocumentor/)...

done
Maximum memory usage set at 256M after considering php.ini...
using tokenizer Parser
Hidden /usr/local/horde/checkout/mimp/lib/.htaccess Ignored
File /usr/local/horde/checkout/mimp/lib/CVS/Entries Ignored
File /usr/local/horde/checkout/mimp/lib/CVS/Repository Ignored
File /usr/local/horde/checkout/mimp/lib/CVS/Root Ignored
File /usr/local/horde/checkout/mimp/lib/MIME/CVS/Entries Ignored
File /usr/local/horde/checkout/mimp/lib/MIME/CVS/Repository Ignored
File /usr/local/horde/checkout/mimp/lib/MIME/CVS/Root Ignored
File /usr/local/horde/checkout/mimp/lib/MIME/Viewer/CVS/Entries Ignored
File /usr/local/horde/checkout/mimp/lib/MIME/Viewer/CVS/Repository Ignored
File /usr/local/horde/checkout/mimp/lib/MIME/Viewer/CVS/Root Ignored
File /usr/local/horde/checkout/mimp/lib/version.php Ignored


Grabbing README/INSTALL/CHANGELOG
README...
done


Tutorial/Extended Documentation Parsing Stage

done


General Parsing Stage

Reading file /usr/local/horde/checkout/mimp/lib/MIME/Viewer/alternative.php -- Parsing file
WARNING in alternative.php on line 15: DocBlock would be page-level, but precedes class "MIMP_MIME_Viewer_alternative", use another DocBlock to document the file
Reading file /usr/local/horde/checkout/mimp/lib/MIME/Viewer/html.php -- Parsing file
WARNING in html.php on line 16: DocBlock would be page-level, but precedes class "MIMP_MIME_Viewer_html", use another DocBlock to document the file
Reading file /usr/local/horde/checkout/mimp/lib/MIME/Viewer/multipart.php -- Parsing file
WARNING in multipart.php on line 15: DocBlock would be page-level, but precedes class "MIMP_MIME_Viewer_multipart", use another DocBlock to document the file
Reading file /usr/local/horde/checkout/mimp/lib/MIME/Viewer/plain.php -- Parsing file
WARNING in plain.php on line 14: DocBlock would be page-level, but precedes class "MIMP_MIME_Viewer_plain", use another DocBlock to document the file
Reading file /usr/local/horde/checkout/mimp/lib/MIME/Viewer/related.php -- Parsing file
WARNING in related.php on line 15: DocBlock would be page-level, but precedes class "MIMP_MIME_Viewer_related", use another DocBlock to document the file
Reading file /usr/local/horde/checkout/mimp/lib/MIME/Viewer/status.php -- Parsing file
WARNING in status.php on line 15: DocBlock would be page-level, but precedes class "MIMP_MIME_Viewer_status", use another DocBlock to document the file
Reading file /usr/local/horde/checkout/mimp/lib/MIME/Contents.php -- Parsing file
WARNING in Contents.php on line 206: File "/usr/local/horde/checkout/mimp/lib/MIME/Contents.php" has no page-level DocBlock, use @package in the first DocBlock to create one
Reading file /usr/local/horde/checkout/mimp/lib/MIMP.php -- Parsing file
WARNING in MIMP.php on line 14: DocBlock would be page-level, but precedes class "MIMP", use another DocBlock to document the file
Reading file /usr/local/horde/checkout/mimp/lib/api.php -- Parsing file
Reading file /usr/local/horde/checkout/mimp/lib/base.php -- Parsing file
WARNING in base.php on line 91: File "/usr/local/horde/checkout/mimp/lib/base.php" has no page-level DocBlock, use @package in the first DocBlock to create one
done

Converting From Abstract Parsed Data

Processing Class Inheritance


Processing Root Trees


Processing leftover classes (classes that extend root classes not found in the same package)
Processing MIMP_MIME_Viewer_alternative in file /usr/local/horde/checkout/mimp/lib/MIME/Viewer/alternative.php
WARNING: Class MIMP_MIME_Viewer_alternative parent MIME_Viewer not found
Processing MIMP_MIME_Viewer_html in file /usr/local/horde/checkout/mimp/lib/MIME/Viewer/html.php
WARNING: Class MIMP_MIME_Viewer_html parent MIME_Viewer not found
Processing MIMP_MIME_Viewer_multipart in file /usr/local/horde/checkout/mimp/lib/MIME/Viewer/multipart.php
WARNING: Class MIMP_MIME_Viewer_multipart parent MIME_Viewer not found
Processing MIMP_MIME_Viewer_plain in file /usr/local/horde/checkout/mimp/lib/MIME/Viewer/plain.php
WARNING: Class MIMP_MIME_Viewer_plain parent MIME_Viewer not found
Processing MIMP_MIME_Viewer_related in file /usr/local/horde/checkout/mimp/lib/MIME/Viewer/related.php
WARNING: Class MIMP_MIME_Viewer_related parent MIME_Viewer not found
Processing MIMP_MIME_Viewer_status in file /usr/local/horde/checkout/mimp/lib/MIME/Viewer/status.php
WARNING: Class MIMP_MIME_Viewer_status parent MIME_Viewer not found
Processing MIMP_Contents in file /usr/local/horde/checkout/mimp/lib/MIME/Contents.php
WARNING: Class MIMP_Contents parent IMP_Contents not found
done processing leftover classes

Processing Procedural Page Element Name Conflicts


Sorting page elements...done
Formatting @uses list...done

creating /horde/web/dev.horde.org/api/mimp/media
copying /horde/web/dev.horde.org/api/mimp/media/banner.css
copying /horde/web/dev.horde.org/api/mimp/media/stylesheet.css
creating /horde/web/dev.horde.org/api/mimp/media/images
copying /horde/web/dev.horde.org/api/mimp/media/images/AbstractClass.png
copying /horde/web/dev.horde.org/api/mimp/media/images/AbstractClass_logo.png
copying /horde/web/dev.horde.org/api/mimp/media/images/AbstractMethod.png
copying /horde/web/dev.horde.org/api/mimp/media/images/AbstractPrivateClass.png
copying /horde/web/dev.horde.org/api/mimp/media/images/AbstractPrivateClass_logo.png
copying /horde/web/dev.horde.org/api/mimp/media/images/AbstractPrivateMethod.png
copying /horde/web/dev.horde.org/api/mimp/media/images/blank.png
copying /horde/web/dev.horde.org/api/mimp/media/images/Class.png
copying /horde/web/dev.horde.org/api/mimp/media/images/class_folder.png
copying /horde/web/dev.horde.org/api/mimp/media/images/Class_logo.png
copying /horde/web/dev.horde.org/api/mimp/media/images/Constant.png
copying /horde/web/dev.horde.org/api/mimp/media/images/Constructor.png
copying /horde/web/dev.horde.org/api/mimp/media/images/Destructor.png
copying /horde/web/dev.horde.org/api/mimp/media/images/empty.png
copying /horde/web/dev.horde.org/api/mimp/media/images/file.png
copying /horde/web/dev.horde.org/api/mimp/media/images/folder.png
copying /horde/web/dev.horde.org/api/mimp/media/images/Function.png
copying /horde/web/dev.horde.org/api/mimp/media/images/function_folder.png
copying /horde/web/dev.horde.org/api/mimp/media/images/Global.png
copying /horde/web/dev.horde.org/api/mimp/media/images/I.png
copying /horde/web/dev.horde.org/api/mimp/media/images/Index.png
copying /horde/web/dev.horde.org/api/mimp/media/images/Interface.png
copying /horde/web/dev.horde.org/api/mimp/media/images/Interface_logo.png
copying /horde/web/dev.horde.org/api/mimp/media/images/L.png
copying /horde/web/dev.horde.org/api/mimp/media/images/Lminus.png
copying /horde/web/dev.horde.org/api/mimp/media/images/Lplus.png
copying /horde/web/dev.horde.org/api/mimp/media/images/Method.png
copying /horde/web/dev.horde.org/api/mimp/media/images/minus.gif
copying /horde/web/dev.horde.org/api/mimp/media/images/next_button.png
copying /horde/web/dev.horde.org/api/mimp/media/images/next_button_disabled.png
copying /horde/web/dev.horde.org/api/mimp/media/images/package.png
copying /horde/web/dev.horde.org/api/mimp/media/images/package_folder.png
copying /horde/web/dev.horde.org/api/mimp/media/images/Page.png
copying /horde/web/dev.horde.org/api/mimp/media/images/Page_logo.png
copying /horde/web/dev.horde.org/api/mimp/media/images/plus.gif
copying /horde/web/dev.horde.org/api/mimp/media/images/previous_button.png
copying /horde/web/dev.horde.org/api/mimp/media/images/previous_button_disabled.png
copying /horde/web/dev.horde.org/api/mimp/media/images/PrivateClass.png
copying /horde/web/dev.horde.org/api/mimp/media/images/PrivateClass_logo.png
copying /horde/web/dev.horde.org/api/mimp/media/images/PrivateMethod.png
copying /horde/web/dev.horde.org/api/mimp/media/images/PrivateVariable.png
copying /horde/web/dev.horde.org/api/mimp/media/images/private_class_logo.png
copying /horde/web/dev.horde.org/api/mimp/media/images/StaticMethod.png
copying /horde/web/dev.horde.org/api/mimp/media/images/StaticVariable.png
copying /horde/web/dev.horde.org/api/mimp/media/images/T.png
copying /horde/web/dev.horde.org/api/mimp/media/images/Tminus.png
copying /horde/web/dev.horde.org/api/mimp/media/images/Tplus.png
copying /horde/web/dev.horde.org/api/mimp/media/images/tutorial.png
copying /horde/web/dev.horde.org/api/mimp/media/images/tutorial_folder.png
copying /horde/web/dev.horde.org/api/mimp/media/images/up_button.png
copying /horde/web/dev.horde.org/api/mimp/media/images/Variable.png
creating /horde/web/dev.horde.org/api/mimp/media/lib
copying /horde/web/dev.horde.org/api/mimp/media/lib/classTree.js
Building indexes...done

Sorting Indexes...done

Sorting @todo list...done
Converting README/INSTALL/CHANGELOG contents...
README...    Writing /horde/web/dev.horde.org/api/mimp/ric_README.html

done
Converting tutorials/extended docs
Formatting Package Indexes...    Writing /horde/web/dev.horde.org/api/mimp/elementindex_Horde_MIME_Viewer.html
    Writing /horde/web/dev.horde.org/api/mimp/elementindex_MIMP.html
    Writing /horde/web/dev.horde.org/api/mimp/elementindex_horde.html

done
Formatting Index...
    Writing /horde/web/dev.horde.org/api/mimp/elementindex.html
    Writing /horde/web/dev.horde.org/api/mimp/blank.html

    Writing /horde/web/dev.horde.org/api/mimp/index.html
    Writing /horde/web/dev.horde.org/api/mimp/packages.html
done

Formatting Left Quick Index...
    Writing /horde/web/dev.horde.org/api/mimp/li_Horde_MIME_Viewer.html
    Writing /horde/web/dev.horde.org/api/mimp/classtrees_Horde_MIME_Viewer.html

    Writing /horde/web/dev.horde.org/api/mimp/li_horde.html
    Writing /horde/web/dev.horde.org/api/mimp/classtrees_horde.html

    Writing /horde/web/dev.horde.org/api/mimp/li_MIMP.html
    Writing /horde/web/dev.horde.org/api/mimp/classtrees_MIMP.html

done

Converting /usr/local/horde/checkout/mimp/lib/MIME/Viewer/alternative.php Procedural Page Elements... Classes...
    Writing /horde/web/dev.horde.org/api/mimp/Horde_MIME_Viewer/MIMP_MIME_Viewer_alternative.html
 done
    Writing /horde/web/dev.horde.org/api/mimp/Horde_MIME_Viewer/_lib---MIME---Viewer---alternative.php.html
Converting /usr/local/horde/checkout/mimp/lib/api.php Procedural Page Elements... Classes... done
    Writing /horde/web/dev.horde.org/api/mimp/MIMP/_lib---api.php.html
Converting /usr/local/horde/checkout/mimp/lib/base.php Procedural Page Elements... Classes... done
    Writing /horde/web/dev.horde.org/api/mimp/horde/_lib---base.php.html
Converting /usr/local/horde/checkout/mimp/lib/MIME/Contents.php Procedural Page Elements... Classes...
    Writing /horde/web/dev.horde.org/api/mimp/MIMP/MIMP_Contents.html
 done
    Writing /horde/web/dev.horde.org/api/mimp/MIMP/_lib---MIME---Contents.php.html
Converting /usr/local/horde/checkout/mimp/lib/MIME/Viewer/html.php Procedural Page Elements... Classes...
    Writing /horde/web/dev.horde.org/api/mimp/Horde_MIME_Viewer/MIMP_MIME_Viewer_html.html
 done
    Writing /horde/web/dev.horde.org/api/mimp/Horde_MIME_Viewer/_lib---MIME---Viewer---html.php.html
Converting /usr/local/horde/checkout/mimp/lib/MIMP.php Procedural Page Elements... Classes...
    Writing /horde/web/dev.horde.org/api/mimp/MIMP/MIMP.html
 done
    Writing /horde/web/dev.horde.org/api/mimp/MIMP/_lib---MIMP.php.html
Converting /usr/local/horde/checkout/mimp/lib/MIME/Viewer/multipart.php Procedural Page Elements... Classes...
    Writing /horde/web/dev.horde.org/api/mimp/Horde_MIME_Viewer/MIMP_MIME_Viewer_multipart.html
 done
    Writing /horde/web/dev.horde.org/api/mimp/Horde_MIME_Viewer/_lib---MIME---Viewer---multipart.php.html
Converting /usr/local/horde/checkout/mimp/lib/MIME/Viewer/plain.php Procedural Page Elements... Classes...
    Writing /horde/web/dev.horde.org/api/mimp/Horde_MIME_Viewer/MIMP_MIME_Viewer_plain.html
 done
    Writing /horde/web/dev.horde.org/api/mimp/Horde_MIME_Viewer/_lib---MIME---Viewer---plain.php.html
Converting /usr/local/horde/checkout/mimp/lib/MIME/Viewer/related.php Procedural Page Elements... Classes...
    Writing /horde/web/dev.horde.org/api/mimp/Horde_MIME_Viewer/MIMP_MIME_Viewer_related.html
 done
    Writing /horde/web/dev.horde.org/api/mimp/Horde_MIME_Viewer/_lib---MIME---Viewer---related.php.html
Converting /usr/local/horde/checkout/mimp/lib/MIME/Viewer/status.php Procedural Page Elements... Classes...
    Writing /horde/web/dev.horde.org/api/mimp/Horde_MIME_Viewer/MIMP_MIME_Viewer_status.html
 done
    Writing /horde/web/dev.horde.org/api/mimp/Horde_MIME_Viewer/_lib---MIME---Viewer---status.php.html

Converting @todo List...done

Converting Error Log...    Writing /horde/web/dev.horde.org/api/mimp/errors.html


To view errors and warnings, look at /horde/web/dev.horde.org/api/mimp/errors.html
done

Parsing time: 1 seconds

Conversion time: 1 seconds

Total Documentation Time: 2 seconds
done
