PHP Version 5.2.11
phpDocumentor version 1.4.3

Parsing configuration file phpDocumentor.ini...
   (found in /usr/share/php/data/PhpDocumentor/)...

done
Maximum memory usage set at 256M after considering php.ini...
using tokenizer Parser
File /usr/local/horde/checkout/mnemo/lib/Block/CVS/Entries Ignored
File /usr/local/horde/checkout/mnemo/lib/Block/CVS/Repository Ignored
File /usr/local/horde/checkout/mnemo/lib/Block/CVS/Root Ignored
File /usr/local/horde/checkout/mnemo/lib/CVS/Entries Ignored
File /usr/local/horde/checkout/mnemo/lib/CVS/Repository Ignored
File /usr/local/horde/checkout/mnemo/lib/CVS/Root Ignored
File /usr/local/horde/checkout/mnemo/lib/Driver/CVS/Entries Ignored
File /usr/local/horde/checkout/mnemo/lib/Driver/CVS/Repository Ignored
File /usr/local/horde/checkout/mnemo/lib/Driver/CVS/Root Ignored
File /usr/local/horde/checkout/mnemo/lib/Forms/CVS/Entries Ignored
File /usr/local/horde/checkout/mnemo/lib/Forms/CVS/Repository Ignored
File /usr/local/horde/checkout/mnemo/lib/Forms/CVS/Root Ignored
File /usr/local/horde/checkout/mnemo/lib/version.php Ignored


Grabbing README/INSTALL/CHANGELOG
README...
done


Tutorial/Extended Documentation Parsing Stage

done


General Parsing Stage

Reading file /usr/local/horde/checkout/mnemo/lib/Block/summary.php -- Parsing file
WARNING in summary.php on line 11: DocBlock would be page-level, but precedes class "Horde_Block_Mnemo_summary", use another DocBlock to document the file
Reading file /usr/local/horde/checkout/mnemo/lib/Block/tree_menu.php -- Parsing file
WARNING in tree_menu.php on line 10: DocBlock would be page-level, but precedes class "Horde_Block_mnemo_tree_menu", use another DocBlock to document the file
Reading file /usr/local/horde/checkout/mnemo/lib/Driver/kolab.php -- Parsing file
WARNING in kolab.php on line 780: File "/usr/local/horde/checkout/mnemo/lib/Driver/kolab.php" has no page-level DocBlock, use @package in the first DocBlock to create one
Reading file /usr/local/horde/checkout/mnemo/lib/Driver/sql.php -- Parsing file
WARNING in sql.php on line 36: DocBlock would be page-level, but precedes class "Mnemo_Driver_sql", use another DocBlock to document the file
Reading file /usr/local/horde/checkout/mnemo/lib/Forms/CreateNotepad.php -- Parsing file
Reading file /usr/local/horde/checkout/mnemo/lib/Forms/DeleteNotepad.php -- Parsing file
Reading file /usr/local/horde/checkout/mnemo/lib/Forms/EditNotepad.php -- Parsing file
Reading file /usr/local/horde/checkout/mnemo/lib/Driver.php -- Parsing file
WARNING in Driver.php on line 15: DocBlock would be page-level, but precedes class "Mnemo_Driver", use another DocBlock to document the file
Reading file /usr/local/horde/checkout/mnemo/lib/Mnemo.php -- Parsing file
Reading file /usr/local/horde/checkout/mnemo/lib/api.php -- Parsing file
Reading file /usr/local/horde/checkout/mnemo/lib/base.php -- Parsing file
WARNING in base.php on line 21: Page-level DocBlock precedes "define HORDE_BASE", use another DocBlock to document the source element
Reading file /usr/local/horde/checkout/mnemo/lib/prefs.php -- Parsing file
WARNING in prefs.php on line 27: Page-level DocBlock precedes "function handle_notepadselect", use another DocBlock to document the source element
done

Converting From Abstract Parsed Data

Processing Class Inheritance


Processing Root Trees


Processing leftover classes (classes that extend root classes not found in the same package)
Processing Horde_Block_Mnemo_summary in file /usr/local/horde/checkout/mnemo/lib/Block/summary.php
WARNING: Class Horde_Block_Mnemo_summary parent Horde_Block not found
Processing Horde_Block_mnemo_tree_menu in file /usr/local/horde/checkout/mnemo/lib/Block/tree_menu.php
WARNING: Class Horde_Block_mnemo_tree_menu parent Horde_Block not found
Processing Mnemo_CreateNotepadForm in file /usr/local/horde/checkout/mnemo/lib/Forms/CreateNotepad.php
WARNING: Class Mnemo_CreateNotepadForm parent Horde_Form not found
Processing Mnemo_DeleteNotepadForm in file /usr/local/horde/checkout/mnemo/lib/Forms/DeleteNotepad.php
WARNING: Class Mnemo_DeleteNotepadForm parent Horde_Form not found
Processing Mnemo_EditNotepadForm in file /usr/local/horde/checkout/mnemo/lib/Forms/EditNotepad.php
WARNING: Class Mnemo_EditNotepadForm parent Horde_Form not found
done processing leftover classes

Processing Procedural Page Element Name Conflicts


Sorting page elements...done
Formatting @uses list...done

creating /horde/web/dev.horde.org/api/mnemo/media
copying /horde/web/dev.horde.org/api/mnemo/media/banner.css
copying /horde/web/dev.horde.org/api/mnemo/media/stylesheet.css
creating /horde/web/dev.horde.org/api/mnemo/media/images
copying /horde/web/dev.horde.org/api/mnemo/media/images/AbstractClass.png
copying /horde/web/dev.horde.org/api/mnemo/media/images/AbstractClass_logo.png
copying /horde/web/dev.horde.org/api/mnemo/media/images/AbstractMethod.png
copying /horde/web/dev.horde.org/api/mnemo/media/images/AbstractPrivateClass.png
copying /horde/web/dev.horde.org/api/mnemo/media/images/AbstractPrivateClass_logo.png
copying /horde/web/dev.horde.org/api/mnemo/media/images/AbstractPrivateMethod.png
copying /horde/web/dev.horde.org/api/mnemo/media/images/blank.png
copying /horde/web/dev.horde.org/api/mnemo/media/images/Class.png
copying /horde/web/dev.horde.org/api/mnemo/media/images/class_folder.png
copying /horde/web/dev.horde.org/api/mnemo/media/images/Class_logo.png
copying /horde/web/dev.horde.org/api/mnemo/media/images/Constant.png
copying /horde/web/dev.horde.org/api/mnemo/media/images/Constructor.png
copying /horde/web/dev.horde.org/api/mnemo/media/images/Destructor.png
copying /horde/web/dev.horde.org/api/mnemo/media/images/empty.png
copying /horde/web/dev.horde.org/api/mnemo/media/images/file.png
copying /horde/web/dev.horde.org/api/mnemo/media/images/folder.png
copying /horde/web/dev.horde.org/api/mnemo/media/images/Function.png
copying /horde/web/dev.horde.org/api/mnemo/media/images/function_folder.png
copying /horde/web/dev.horde.org/api/mnemo/media/images/Global.png
copying /horde/web/dev.horde.org/api/mnemo/media/images/I.png
copying /horde/web/dev.horde.org/api/mnemo/media/images/Index.png
copying /horde/web/dev.horde.org/api/mnemo/media/images/Interface.png
copying /horde/web/dev.horde.org/api/mnemo/media/images/Interface_logo.png
copying /horde/web/dev.horde.org/api/mnemo/media/images/L.png
copying /horde/web/dev.horde.org/api/mnemo/media/images/Lminus.png
copying /horde/web/dev.horde.org/api/mnemo/media/images/Lplus.png
copying /horde/web/dev.horde.org/api/mnemo/media/images/Method.png
copying /horde/web/dev.horde.org/api/mnemo/media/images/minus.gif
copying /horde/web/dev.horde.org/api/mnemo/media/images/next_button.png
copying /horde/web/dev.horde.org/api/mnemo/media/images/next_button_disabled.png
copying /horde/web/dev.horde.org/api/mnemo/media/images/package.png
copying /horde/web/dev.horde.org/api/mnemo/media/images/package_folder.png
copying /horde/web/dev.horde.org/api/mnemo/media/images/Page.png
copying /horde/web/dev.horde.org/api/mnemo/media/images/Page_logo.png
copying /horde/web/dev.horde.org/api/mnemo/media/images/plus.gif
copying /horde/web/dev.horde.org/api/mnemo/media/images/previous_button.png
copying /horde/web/dev.horde.org/api/mnemo/media/images/previous_button_disabled.png
copying /horde/web/dev.horde.org/api/mnemo/media/images/PrivateClass.png
copying /horde/web/dev.horde.org/api/mnemo/media/images/PrivateClass_logo.png
copying /horde/web/dev.horde.org/api/mnemo/media/images/PrivateMethod.png
copying /horde/web/dev.horde.org/api/mnemo/media/images/PrivateVariable.png
copying /horde/web/dev.horde.org/api/mnemo/media/images/private_class_logo.png
copying /horde/web/dev.horde.org/api/mnemo/media/images/StaticMethod.png
copying /horde/web/dev.horde.org/api/mnemo/media/images/StaticVariable.png
copying /horde/web/dev.horde.org/api/mnemo/media/images/T.png
copying /horde/web/dev.horde.org/api/mnemo/media/images/Tminus.png
copying /horde/web/dev.horde.org/api/mnemo/media/images/Tplus.png
copying /horde/web/dev.horde.org/api/mnemo/media/images/tutorial.png
copying /horde/web/dev.horde.org/api/mnemo/media/images/tutorial_folder.png
copying /horde/web/dev.horde.org/api/mnemo/media/images/up_button.png
copying /horde/web/dev.horde.org/api/mnemo/media/images/Variable.png
creating /horde/web/dev.horde.org/api/mnemo/media/lib
copying /horde/web/dev.horde.org/api/mnemo/media/lib/classTree.js
Building indexes...done

Sorting Indexes...done

Sorting @todo list...done
Converting README/INSTALL/CHANGELOG contents...
README...    Writing /horde/web/dev.horde.org/api/mnemo/ric_README.html

done
Converting tutorials/extended docs
Formatting Package Indexes...    Writing /horde/web/dev.horde.org/api/mnemo/elementindex_Mnemo.html
    Writing /horde/web/dev.horde.org/api/mnemo/elementindex_Horde_Block.html

done
Formatting Index...
    Writing /horde/web/dev.horde.org/api/mnemo/elementindex.html
    Writing /horde/web/dev.horde.org/api/mnemo/blank.html

    Writing /horde/web/dev.horde.org/api/mnemo/index.html
    Writing /horde/web/dev.horde.org/api/mnemo/packages.html
done

Formatting Left Quick Index...
    Writing /horde/web/dev.horde.org/api/mnemo/li_Horde_Block.html
    Writing /horde/web/dev.horde.org/api/mnemo/classtrees_Horde_Block.html

    Writing /horde/web/dev.horde.org/api/mnemo/li_Mnemo.html
    Writing /horde/web/dev.horde.org/api/mnemo/classtrees_Mnemo.html

done

Converting /usr/local/horde/checkout/mnemo/lib/api.php Procedural Page Elements... Classes... done
    Writing /horde/web/dev.horde.org/api/mnemo/Mnemo/_lib---api.php.html
Converting /usr/local/horde/checkout/mnemo/lib/base.php Procedural Page Elements... Classes... done
    Writing /horde/web/dev.horde.org/api/mnemo/Mnemo/_lib---base.php.html
Converting /usr/local/horde/checkout/mnemo/lib/Forms/CreateNotepad.php Procedural Page Elements... Classes...
    Writing /horde/web/dev.horde.org/api/mnemo/Mnemo/Mnemo_CreateNotepadForm.html
 done
    Writing /horde/web/dev.horde.org/api/mnemo/Mnemo/_lib---Forms---CreateNotepad.php.html
Converting /usr/local/horde/checkout/mnemo/lib/Forms/DeleteNotepad.php Procedural Page Elements... Classes...
    Writing /horde/web/dev.horde.org/api/mnemo/Mnemo/Mnemo_DeleteNotepadForm.html
 done
    Writing /horde/web/dev.horde.org/api/mnemo/Mnemo/_lib---Forms---DeleteNotepad.php.html
Converting /usr/local/horde/checkout/mnemo/lib/Driver.php Procedural Page Elements... Classes...
    Writing /horde/web/dev.horde.org/api/mnemo/Mnemo/Mnemo_Driver.html
 done
    Writing /horde/web/dev.horde.org/api/mnemo/Mnemo/_lib---Driver.php.html
Converting /usr/local/horde/checkout/mnemo/lib/Forms/EditNotepad.php Procedural Page Elements... Classes...
    Writing /horde/web/dev.horde.org/api/mnemo/Mnemo/Mnemo_EditNotepadForm.html
 done
    Writing /horde/web/dev.horde.org/api/mnemo/Mnemo/_lib---Forms---EditNotepad.php.html
Converting /usr/local/horde/checkout/mnemo/lib/Driver/kolab.php Procedural Page Elements... Classes...
    Writing /horde/web/dev.horde.org/api/mnemo/Mnemo/Mnemo_Driver_kolab.html
    Writing /horde/web/dev.horde.org/api/mnemo/Mnemo/Mnemo_Driver_kolab_wrapper.html
    Writing /horde/web/dev.horde.org/api/mnemo/Mnemo/Mnemo_Driver_kolab_wrapper_new.html
    Writing /horde/web/dev.horde.org/api/mnemo/Mnemo/Mnemo_Driver_kolab_wrapper_old.html
 done
    Writing /horde/web/dev.horde.org/api/mnemo/Mnemo/_lib---Driver---kolab.php.html
Converting /usr/local/horde/checkout/mnemo/lib/Mnemo.php Procedural Page Elements... Classes...
    Writing /horde/web/dev.horde.org/api/mnemo/Mnemo/Mnemo.html
 done
    Writing /horde/web/dev.horde.org/api/mnemo/Mnemo/_lib---Mnemo.php.html
Converting /usr/local/horde/checkout/mnemo/lib/prefs.php Procedural Page Elements... Classes... done
    Writing /horde/web/dev.horde.org/api/mnemo/Mnemo/_lib---prefs.php.html
Converting /usr/local/horde/checkout/mnemo/lib/Driver/sql.php Procedural Page Elements... Classes...
    Writing /horde/web/dev.horde.org/api/mnemo/Mnemo/Mnemo_Driver_sql.html
 done
    Writing /horde/web/dev.horde.org/api/mnemo/Mnemo/_lib---Driver---sql.php.html
Converting /usr/local/horde/checkout/mnemo/lib/Block/summary.php Procedural Page Elements... Classes...
    Writing /horde/web/dev.horde.org/api/mnemo/Horde_Block/Horde_Block_Mnemo_summary.html
 done
    Writing /horde/web/dev.horde.org/api/mnemo/Horde_Block/_lib---Block---summary.php.html
Converting /usr/local/horde/checkout/mnemo/lib/Block/tree_menu.php Procedural Page Elements... Classes...
    Writing /horde/web/dev.horde.org/api/mnemo/Horde_Block/Horde_Block_mnemo_tree_menu.html
 done
    Writing /horde/web/dev.horde.org/api/mnemo/Horde_Block/_lib---Block---tree_menu.php.html

Converting @todo List...done

Converting Error Log...    Writing /horde/web/dev.horde.org/api/mnemo/errors.html


To view errors and warnings, look at /horde/web/dev.horde.org/api/mnemo/errors.html
done

Parsing time: 2 seconds

Conversion time: 2 seconds

Total Documentation Time: 4 seconds
done
