PHP Version 5.2.11
phpDocumentor version 1.4.3

Parsing configuration file phpDocumentor.ini...
   (found in /usr/share/php/data/PhpDocumentor/)...

done
Maximum memory usage set at 256M after considering php.ini...
using tokenizer Parser
Hidden /usr/local/horde/checkout/horde-hatchery.git/nag/lib/.htaccess Ignored


Grabbing README/INSTALL/CHANGELOG
README...
done


Tutorial/Extended Documentation Parsing Stage

done


General Parsing Stage

Reading file /usr/local/horde/checkout/horde-hatchery.git/nag/lib/Api.php -- Parsing file
WARNING in Api.php on line 10: DocBlock would be page-level, but precedes class "Nag_Api", use another DocBlock to document the file
Reading file /usr/local/horde/checkout/horde-hatchery.git/nag/lib/Application.php -- Parsing file
WARNING in Application.php on line 7: DocBlock would be page-level, but precedes class "Nag_Application", use another DocBlock to document the file
Reading file /usr/local/horde/checkout/horde-hatchery.git/nag/lib/Block/summary.php -- Parsing file
WARNING in summary.php on line 7: DocBlock would be page-level, but precedes class "Horde_Block_nag_summary", use another DocBlock to document the file
Reading file /usr/local/horde/checkout/horde-hatchery.git/nag/lib/Block/tree_alarms.php -- Parsing file
WARNING in tree_alarms.php on line 8: DocBlock would be page-level, but precedes class "Horde_Block_nag_tree_alarms", use another DocBlock to document the file
Reading file /usr/local/horde/checkout/horde-hatchery.git/nag/lib/Block/tree_menu.php -- Parsing file
WARNING in tree_menu.php on line 8: DocBlock would be page-level, but precedes class "Horde_Block_nag_tree_menu", use another DocBlock to document the file
Reading file /usr/local/horde/checkout/horde-hatchery.git/nag/lib/Driver.php -- Parsing file
WARNING in Driver.php on line 12: DocBlock would be page-level, but precedes class "Nag_Driver", use another DocBlock to document the file
Reading file /usr/local/horde/checkout/horde-hatchery.git/nag/lib/Driver/Kolab.php -- Parsing file
WARNING in Kolab.php on line 15: DocBlock would be page-level, but precedes class "Nag_Driver_Kolab", use another DocBlock to document the file
Reading file /usr/local/horde/checkout/horde-hatchery.git/nag/lib/Driver/Sql.php -- Parsing file
WARNING in Sql.php on line 39: DocBlock would be page-level, but precedes class "Nag_Driver_Sql", use another DocBlock to document the file
Reading file /usr/local/horde/checkout/horde-hatchery.git/nag/lib/Forms/CreateTaskList.php -- Parsing file
Reading file /usr/local/horde/checkout/horde-hatchery.git/nag/lib/Forms/DeleteTaskList.php -- Parsing file
Reading file /usr/local/horde/checkout/horde-hatchery.git/nag/lib/Forms/EditTaskList.php -- Parsing file
Reading file /usr/local/horde/checkout/horde-hatchery.git/nag/lib/Forms/task.php -- Parsing file
WARNING in task.php on line 133: no @package tag was used in a DocBlock for class Nag_TaskForm_Renderer
Reading file /usr/local/horde/checkout/horde-hatchery.git/nag/lib/Nag.php -- Parsing file
WARNING in Nag.php on line 13: DocBlock would be page-level, but precedes class "Nag", use another DocBlock to document the file
Reading file /usr/local/horde/checkout/horde-hatchery.git/nag/lib/Notification/Listener/Status.php -- Parsing file
WARNING in Status.php on line 13: DocBlock would be page-level, but precedes class "Nag_Notification_Listener_Status", use another DocBlock to document the file
Reading file /usr/local/horde/checkout/horde-hatchery.git/nag/lib/QuickParser.php -- Parsing file
WARNING in QuickParser.php on line 2: no @package tag was used in a DocBlock for class Nag_QuickParser
WARNING in QuickParser.php on line 56: File "/usr/local/horde/checkout/horde-hatchery.git/nag/lib/QuickParser.php" has no page-level DocBlock, use @package in the first DocBlock to create one
Reading file /usr/local/horde/checkout/horde-hatchery.git/nag/lib/Task.php -- Parsing file
WARNING in Task.php on line 11: DocBlock would be page-level, but precedes class "Nag_Task", use another DocBlock to document the file

	ERROR in Task.php on line 461: Unclosed code tag in DocBlock, parsing will be incorrect
Reading file /usr/local/horde/checkout/horde-hatchery.git/nag/lib/UI/VarRenderer/nag.php -- Parsing file
Reading file /usr/local/horde/checkout/horde-hatchery.git/nag/lib/base.load.php -- Parsing file
WARNING in base.load.php on line 13: Page-level DocBlock precedes "define NAG_BASE", use another DocBlock to document the source element
Reading file /usr/local/horde/checkout/horde-hatchery.git/nag/lib/base.php -- Parsing file
WARNING in base.php on line 53: File "/usr/local/horde/checkout/horde-hatchery.git/nag/lib/base.php" has no page-level DocBlock, use @package in the first DocBlock to create one
done

Converting From Abstract Parsed Data

Processing Class Inheritance


Processing Root Trees


Processing leftover classes (classes that extend root classes not found in the same package)
Processing Nag_Api in file /usr/local/horde/checkout/horde-hatchery.git/nag/lib/Api.php
WARNING: Class Nag_Api parent Horde_Registry_Api not found
Processing Nag_Application in file /usr/local/horde/checkout/horde-hatchery.git/nag/lib/Application.php
WARNING: Class Nag_Application parent Horde_Registry_Application not found
Processing Horde_Block_nag_summary in file /usr/local/horde/checkout/horde-hatchery.git/nag/lib/Block/summary.php
WARNING: Class Horde_Block_nag_summary parent Horde_Block not found
Processing Horde_Block_nag_tree_alarms in file /usr/local/horde/checkout/horde-hatchery.git/nag/lib/Block/tree_alarms.php
WARNING: Class Horde_Block_nag_tree_alarms parent Horde_Block not found
Processing Horde_Block_nag_tree_menu in file /usr/local/horde/checkout/horde-hatchery.git/nag/lib/Block/tree_menu.php
WARNING: Class Horde_Block_nag_tree_menu parent Horde_Block not found
Processing Nag_CreateTaskListForm in file /usr/local/horde/checkout/horde-hatchery.git/nag/lib/Forms/CreateTaskList.php
WARNING: Class Nag_CreateTaskListForm parent Horde_Form not found
Processing Nag_DeleteTaskListForm in file /usr/local/horde/checkout/horde-hatchery.git/nag/lib/Forms/DeleteTaskList.php
WARNING: Class Nag_DeleteTaskListForm parent Horde_Form not found
Processing Nag_EditTaskListForm in file /usr/local/horde/checkout/horde-hatchery.git/nag/lib/Forms/EditTaskList.php
WARNING: Class Nag_EditTaskListForm parent Horde_Form not found
Processing Nag_TaskForm in file /usr/local/horde/checkout/horde-hatchery.git/nag/lib/Forms/task.php
WARNING: Class Nag_TaskForm parent Horde_Form not found
Processing Nag_TaskForm_Renderer in file /usr/local/horde/checkout/horde-hatchery.git/nag/lib/Forms/task.php
WARNING: Class Nag_TaskForm_Renderer parent Horde_Form_Renderer not found
Processing Horde_Form_Type_nag_method in file /usr/local/horde/checkout/horde-hatchery.git/nag/lib/Forms/task.php
WARNING: Class Horde_Form_Type_nag_method parent Horde_Form_Type not found
Processing Horde_Form_Type_nag_alarm in file /usr/local/horde/checkout/horde-hatchery.git/nag/lib/Forms/task.php
WARNING: Class Horde_Form_Type_nag_alarm parent Horde_Form_Type not found
Processing Horde_Form_Type_nag_due in file /usr/local/horde/checkout/horde-hatchery.git/nag/lib/Forms/task.php
WARNING: Class Horde_Form_Type_nag_due parent Horde_Form_Type not found
Processing Horde_Form_Type_nag_start in file /usr/local/horde/checkout/horde-hatchery.git/nag/lib/Forms/task.php
WARNING: Class Horde_Form_Type_nag_start parent Horde_Form_Type not found
Processing Nag_Notification_Listener_Status in file /usr/local/horde/checkout/horde-hatchery.git/nag/lib/Notification/Listener/Status.php
WARNING: Class Nag_Notification_Listener_Status parent Horde_Notification_Listener_Status not found
Processing Horde_UI_VarRenderer_nag in file /usr/local/horde/checkout/horde-hatchery.git/nag/lib/UI/VarRenderer/nag.php
WARNING: Class Horde_UI_VarRenderer_nag parent Horde_UI_VarRenderer_html not found
done processing leftover classes

Processing Procedural Page Element Name Conflicts


Sorting page elements...done
Formatting @uses list...done

creating /horde/web/dev.horde.org/api/nag/media
copying /horde/web/dev.horde.org/api/nag/media/banner.css
copying /horde/web/dev.horde.org/api/nag/media/stylesheet.css
creating /horde/web/dev.horde.org/api/nag/media/images
copying /horde/web/dev.horde.org/api/nag/media/images/AbstractClass.png
copying /horde/web/dev.horde.org/api/nag/media/images/AbstractClass_logo.png
copying /horde/web/dev.horde.org/api/nag/media/images/AbstractMethod.png
copying /horde/web/dev.horde.org/api/nag/media/images/AbstractPrivateClass.png
copying /horde/web/dev.horde.org/api/nag/media/images/AbstractPrivateClass_logo.png
copying /horde/web/dev.horde.org/api/nag/media/images/AbstractPrivateMethod.png
copying /horde/web/dev.horde.org/api/nag/media/images/blank.png
copying /horde/web/dev.horde.org/api/nag/media/images/Class.png
copying /horde/web/dev.horde.org/api/nag/media/images/class_folder.png
copying /horde/web/dev.horde.org/api/nag/media/images/Class_logo.png
copying /horde/web/dev.horde.org/api/nag/media/images/Constant.png
copying /horde/web/dev.horde.org/api/nag/media/images/Constructor.png
copying /horde/web/dev.horde.org/api/nag/media/images/Destructor.png
copying /horde/web/dev.horde.org/api/nag/media/images/empty.png
copying /horde/web/dev.horde.org/api/nag/media/images/file.png
copying /horde/web/dev.horde.org/api/nag/media/images/folder.png
copying /horde/web/dev.horde.org/api/nag/media/images/Function.png
copying /horde/web/dev.horde.org/api/nag/media/images/function_folder.png
copying /horde/web/dev.horde.org/api/nag/media/images/Global.png
copying /horde/web/dev.horde.org/api/nag/media/images/I.png
copying /horde/web/dev.horde.org/api/nag/media/images/Index.png
copying /horde/web/dev.horde.org/api/nag/media/images/Interface.png
copying /horde/web/dev.horde.org/api/nag/media/images/Interface_logo.png
copying /horde/web/dev.horde.org/api/nag/media/images/L.png
copying /horde/web/dev.horde.org/api/nag/media/images/Lminus.png
copying /horde/web/dev.horde.org/api/nag/media/images/Lplus.png
copying /horde/web/dev.horde.org/api/nag/media/images/Method.png
copying /horde/web/dev.horde.org/api/nag/media/images/minus.gif
copying /horde/web/dev.horde.org/api/nag/media/images/next_button.png
copying /horde/web/dev.horde.org/api/nag/media/images/next_button_disabled.png
copying /horde/web/dev.horde.org/api/nag/media/images/package.png
copying /horde/web/dev.horde.org/api/nag/media/images/package_folder.png
copying /horde/web/dev.horde.org/api/nag/media/images/Page.png
copying /horde/web/dev.horde.org/api/nag/media/images/Page_logo.png
copying /horde/web/dev.horde.org/api/nag/media/images/plus.gif
copying /horde/web/dev.horde.org/api/nag/media/images/previous_button.png
copying /horde/web/dev.horde.org/api/nag/media/images/previous_button_disabled.png
copying /horde/web/dev.horde.org/api/nag/media/images/PrivateClass.png
copying /horde/web/dev.horde.org/api/nag/media/images/PrivateClass_logo.png
copying /horde/web/dev.horde.org/api/nag/media/images/PrivateMethod.png
copying /horde/web/dev.horde.org/api/nag/media/images/PrivateVariable.png
copying /horde/web/dev.horde.org/api/nag/media/images/private_class_logo.png
copying /horde/web/dev.horde.org/api/nag/media/images/StaticMethod.png
copying /horde/web/dev.horde.org/api/nag/media/images/StaticVariable.png
copying /horde/web/dev.horde.org/api/nag/media/images/T.png
copying /horde/web/dev.horde.org/api/nag/media/images/Tminus.png
copying /horde/web/dev.horde.org/api/nag/media/images/Tplus.png
copying /horde/web/dev.horde.org/api/nag/media/images/tutorial.png
copying /horde/web/dev.horde.org/api/nag/media/images/tutorial_folder.png
copying /horde/web/dev.horde.org/api/nag/media/images/up_button.png
copying /horde/web/dev.horde.org/api/nag/media/images/Variable.png
creating /horde/web/dev.horde.org/api/nag/media/lib
copying /horde/web/dev.horde.org/api/nag/media/lib/classTree.js
Building indexes...done

Sorting Indexes...done

Sorting @todo list...done
Converting README/INSTALL/CHANGELOG contents...
README...    Writing /horde/web/dev.horde.org/api/nag/ric_README.html

done
Converting tutorials/extended docs
Formatting Package Indexes...    Writing /horde/web/dev.horde.org/api/nag/elementindex_Nag.html
    Writing /horde/web/dev.horde.org/api/nag/elementindex_horde.html
    Writing /horde/web/dev.horde.org/api/nag/elementindex_Horde_Notification.html
    Writing /horde/web/dev.horde.org/api/nag/elementindex_Horde_Block.html

done
Formatting Index...
    Writing /horde/web/dev.horde.org/api/nag/elementindex.html
    Writing /horde/web/dev.horde.org/api/nag/blank.html

    Writing /horde/web/dev.horde.org/api/nag/index.html
    Writing /horde/web/dev.horde.org/api/nag/packages.html
done

Formatting Left Quick Index...
    Writing /horde/web/dev.horde.org/api/nag/li_Nag.html
    Writing /horde/web/dev.horde.org/api/nag/classtrees_Nag.html

    Writing /horde/web/dev.horde.org/api/nag/li_horde.html
    Writing /horde/web/dev.horde.org/api/nag/classtrees_horde.html

    Writing /horde/web/dev.horde.org/api/nag/li_Horde_Block.html
    Writing /horde/web/dev.horde.org/api/nag/classtrees_Horde_Block.html

    Writing /horde/web/dev.horde.org/api/nag/li_Horde_Notification.html
    Writing /horde/web/dev.horde.org/api/nag/classtrees_Horde_Notification.html

done

Converting /usr/local/horde/checkout/horde-hatchery.git/nag/lib/Api.php Procedural Page Elements... Classes...
    Writing /horde/web/dev.horde.org/api/nag/Nag/Nag_Api.html
 done
    Writing /horde/web/dev.horde.org/api/nag/Nag/_lib---Api.php.html
Converting /usr/local/horde/checkout/horde-hatchery.git/nag/lib/Application.php Procedural Page Elements... Classes...
    Writing /horde/web/dev.horde.org/api/nag/Nag/Nag_Application.html
 done
    Writing /horde/web/dev.horde.org/api/nag/Nag/_lib---Application.php.html
Converting /usr/local/horde/checkout/horde-hatchery.git/nag/lib/base.load.php Procedural Page Elements... Classes... done
    Writing /horde/web/dev.horde.org/api/nag/Nag/_lib---base.load.php.html
Converting /usr/local/horde/checkout/horde-hatchery.git/nag/lib/base.php Procedural Page Elements... Classes... done
    Writing /horde/web/dev.horde.org/api/nag/horde/_lib---base.php.html
Converting /usr/local/horde/checkout/horde-hatchery.git/nag/lib/Forms/CreateTaskList.php Procedural Page Elements... Classes...
    Writing /horde/web/dev.horde.org/api/nag/Nag/Nag_CreateTaskListForm.html
 done
    Writing /horde/web/dev.horde.org/api/nag/Nag/_lib---Forms---CreateTaskList.php.html
Converting /usr/local/horde/checkout/horde-hatchery.git/nag/lib/Forms/DeleteTaskList.php Procedural Page Elements... Classes...
    Writing /horde/web/dev.horde.org/api/nag/Nag/Nag_DeleteTaskListForm.html
 done
    Writing /horde/web/dev.horde.org/api/nag/Nag/_lib---Forms---DeleteTaskList.php.html
Converting /usr/local/horde/checkout/horde-hatchery.git/nag/lib/Driver.php Procedural Page Elements... Classes...
    Writing /horde/web/dev.horde.org/api/nag/Nag/Nag_Driver.html
 done
    Writing /horde/web/dev.horde.org/api/nag/Nag/_lib---Driver.php.html
Converting /usr/local/horde/checkout/horde-hatchery.git/nag/lib/Forms/EditTaskList.php Procedural Page Elements... Classes...
    Writing /horde/web/dev.horde.org/api/nag/Nag/Nag_EditTaskListForm.html
 done
    Writing /horde/web/dev.horde.org/api/nag/Nag/_lib---Forms---EditTaskList.php.html
Converting /usr/local/horde/checkout/horde-hatchery.git/nag/lib/Driver/Kolab.php Procedural Page Elements... Classes...
    Writing /horde/web/dev.horde.org/api/nag/Nag/Nag_Driver_Kolab.html
    Writing /horde/web/dev.horde.org/api/nag/Nag/Nag_Driver_kolab_wrapper.html
    Writing /horde/web/dev.horde.org/api/nag/Nag/Nag_Driver_kolab_wrapper_new.html
    Writing /horde/web/dev.horde.org/api/nag/Nag/Nag_Driver_kolab_wrapper_old.html
 done
    Writing /horde/web/dev.horde.org/api/nag/Nag/_lib---Driver---Kolab.php.html
Converting /usr/local/horde/checkout/horde-hatchery.git/nag/lib/UI/VarRenderer/nag.php Procedural Page Elements... Classes...
    Writing /horde/web/dev.horde.org/api/nag/Nag/Horde_UI_VarRenderer_nag.html
 done
    Writing /horde/web/dev.horde.org/api/nag/Nag/_lib---UI---VarRenderer---nag.php.html
Converting /usr/local/horde/checkout/horde-hatchery.git/nag/lib/Nag.php Procedural Page Elements... Classes...
    Writing /horde/web/dev.horde.org/api/nag/Nag/Nag.html
 done
    Writing /horde/web/dev.horde.org/api/nag/Nag/_lib---Nag.php.html
Converting /usr/local/horde/checkout/horde-hatchery.git/nag/lib/QuickParser.php Procedural Page Elements... Classes...
    Writing /horde/web/dev.horde.org/api/nag/horde/Nag_QuickParser.html
 done
    Writing /horde/web/dev.horde.org/api/nag/horde/_lib---QuickParser.php.html
Converting /usr/local/horde/checkout/horde-hatchery.git/nag/lib/Driver/Sql.php Procedural Page Elements... Classes...
    Writing /horde/web/dev.horde.org/api/nag/Nag/Nag_Driver_Sql.html
 done
    Writing /horde/web/dev.horde.org/api/nag/Nag/_lib---Driver---Sql.php.html
Converting /usr/local/horde/checkout/horde-hatchery.git/nag/lib/Notification/Listener/Status.php Procedural Page Elements... Classes...
    Writing /horde/web/dev.horde.org/api/nag/Horde_Notification/Nag_Notification_Listener_Status.html
 done
    Writing /horde/web/dev.horde.org/api/nag/Horde_Notification/_lib---Notification---Listener---Status.php.html
Converting /usr/local/horde/checkout/horde-hatchery.git/nag/lib/Block/summary.php Procedural Page Elements... Classes...
    Writing /horde/web/dev.horde.org/api/nag/Horde_Block/Horde_Block_nag_summary.html
 done
    Writing /horde/web/dev.horde.org/api/nag/Horde_Block/_lib---Block---summary.php.html
Converting /usr/local/horde/checkout/horde-hatchery.git/nag/lib/Task.php Procedural Page Elements... Classes...
    Writing /horde/web/dev.horde.org/api/nag/Nag/Nag_Task.html
 done
    Writing /horde/web/dev.horde.org/api/nag/Nag/_lib---Task.php.html
Converting /usr/local/horde/checkout/horde-hatchery.git/nag/lib/Forms/task.php Procedural Page Elements... Classes...
    Writing /horde/web/dev.horde.org/api/nag/Nag/Horde_Form_Type_nag_alarm.html
    Writing /horde/web/dev.horde.org/api/nag/Nag/Horde_Form_Type_nag_due.html
    Writing /horde/web/dev.horde.org/api/nag/Nag/Horde_Form_Type_nag_method.html
    Writing /horde/web/dev.horde.org/api/nag/Nag/Horde_Form_Type_nag_start.html
    Writing /horde/web/dev.horde.org/api/nag/Nag/Nag_TaskForm.html
    Writing /horde/web/dev.horde.org/api/nag/Nag/Nag_TaskForm_Renderer.html
 done
    Writing /horde/web/dev.horde.org/api/nag/Nag/_lib---Forms---task.php.html
Converting /usr/local/horde/checkout/horde-hatchery.git/nag/lib/Block/tree_alarms.php Procedural Page Elements... Classes...
    Writing /horde/web/dev.horde.org/api/nag/Horde_Block/Horde_Block_nag_tree_alarms.html
 done
    Writing /horde/web/dev.horde.org/api/nag/Horde_Block/_lib---Block---tree_alarms.php.html
Converting /usr/local/horde/checkout/horde-hatchery.git/nag/lib/Block/tree_menu.php Procedural Page Elements... Classes...
    Writing /horde/web/dev.horde.org/api/nag/Horde_Block/Horde_Block_nag_tree_menu.html
 done
    Writing /horde/web/dev.horde.org/api/nag/Horde_Block/_lib---Block---tree_menu.php.html

Converting @todo List...    Writing /horde/web/dev.horde.org/api/nag/todolist.html
done

Converting Error Log...    Writing /horde/web/dev.horde.org/api/nag/errors.html


To view errors and warnings, look at /horde/web/dev.horde.org/api/nag/errors.html
done

Parsing time: 3 seconds

Conversion time: 4 seconds

Total Documentation Time: 7 seconds
done
