PHP Version 5.2.11
phpDocumentor version 1.4.3

Parsing configuration file phpDocumentor.ini...
   (found in /usr/share/php/data/PhpDocumentor/)...

done
Maximum memory usage set at 256M after considering php.ini...
using tokenizer Parser
File  Ignored


Grabbing README/INSTALL/CHANGELOG

done


Tutorial/Extended Documentation Parsing Stage

done


General Parsing Stage

Reading file /usr/local/horde/checkout/horde-hatchery.git/news/lib/Block/categories.php -- Parsing file
WARNING in categories.php on line 9: DocBlock would be page-level, but precedes class "Horde_Block_News_categories", use another DocBlock to document the file
Reading file /usr/local/horde/checkout/horde-hatchery.git/news/lib/Block/last_comments.php -- Parsing file
WARNING in last_comments.php on line 12: DocBlock would be page-level, but precedes class "Horde_Block_news_last_comments", use another DocBlock to document the file
Reading file /usr/local/horde/checkout/horde-hatchery.git/news/lib/Block/tags_cloud.php -- Parsing file
WARNING in tags_cloud.php on line 12: DocBlock would be page-level, but precedes class "Horde_Block_news_tags_cloud", use another DocBlock to document the file
Reading file /usr/local/horde/checkout/horde-hatchery.git/news/lib/Block/category.php -- Parsing file
WARNING in category.php on line 10: DocBlock would be page-level, but precedes class "Horde_Block_News_category", use another DocBlock to document the file
Reading file /usr/local/horde/checkout/horde-hatchery.git/news/lib/Block/jonah.php -- Parsing file
WARNING in jonah.php on line 11: DocBlock would be page-level, but precedes class "Horde_Block_News_jonah", use another DocBlock to document the file
Reading file /usr/local/horde/checkout/horde-hatchery.git/news/lib/Block/last.php -- Parsing file
WARNING in last.php on line 10: DocBlock would be page-level, but precedes class "Horde_Block_News_last", use another DocBlock to document the file
Reading file /usr/local/horde/checkout/horde-hatchery.git/news/lib/Block/last_blogs.php -- Parsing file
WARNING in last_blogs.php on line 10: DocBlock would be page-level, but precedes class "Horde_Block_News_last_blogs", use another DocBlock to document the file
Reading file /usr/local/horde/checkout/horde-hatchery.git/news/lib/Block/most_commented.php -- Parsing file
WARNING in most_commented.php on line 10: DocBlock would be page-level, but precedes class "Horde_Block_News_most_commented", use another DocBlock to document the file
Reading file /usr/local/horde/checkout/horde-hatchery.git/news/lib/Block/most_read.php -- Parsing file
WARNING in most_read.php on line 10: DocBlock would be page-level, but precedes class "Horde_Block_News_most_read", use another DocBlock to document the file
Reading file /usr/local/horde/checkout/horde-hatchery.git/news/lib/Block/my_comments.php -- Parsing file
WARNING in my_comments.php on line 12: DocBlock would be page-level, but precedes class "Horde_Block_news_my_comments", use another DocBlock to document the file
Reading file /usr/local/horde/checkout/horde-hatchery.git/news/lib/Block/sources.php -- Parsing file
WARNING in sources.php on line 9: DocBlock would be page-level, but precedes class "Horde_Block_News_sources", use another DocBlock to document the file
Reading file /usr/local/horde/checkout/horde-hatchery.git/news/lib/Driver/sql.php -- Parsing file
WARNING in sql.php on line 12: DocBlock would be page-level, but precedes class "News_Driver_sql", use another DocBlock to document the file
Reading file /usr/local/horde/checkout/horde-hatchery.git/news/lib/Forms/Search.php -- Parsing file
WARNING in Search.php on line 11: DocBlock would be page-level, but precedes class "News_Search", use another DocBlock to document the file
Reading file /usr/local/horde/checkout/horde-hatchery.git/news/lib/TagCloud.php -- Parsing file
WARNING in TagCloud.php on line 14: DocBlock would be page-level, but precedes class "News_TagCloud", use another DocBlock to document the file
Reading file /usr/local/horde/checkout/horde-hatchery.git/news/lib/Api.php -- Parsing file
WARNING in Api.php on line 13: DocBlock would be page-level, but precedes class "News_Api", use another DocBlock to document the file
Reading file /usr/local/horde/checkout/horde-hatchery.git/news/lib/Application.php -- Parsing file
WARNING in Application.php on line 13: DocBlock would be page-level, but precedes class "News_Application", use another DocBlock to document the file
Reading file /usr/local/horde/checkout/horde-hatchery.git/news/lib/Categories.php -- Parsing file
WARNING in Categories.php on line 14: DocBlock would be page-level, but precedes class "News_Categories", use another DocBlock to document the file
Reading file /usr/local/horde/checkout/horde-hatchery.git/news/lib/Driver.php -- Parsing file
WARNING in Driver.php on line 12: DocBlock would be page-level, but precedes class "News_Driver", use another DocBlock to document the file
Reading file /usr/local/horde/checkout/horde-hatchery.git/news/lib/News.php -- Parsing file
WARNING in News.php on line 14: DocBlock would be page-level, but precedes class "News", use another DocBlock to document the file
Reading file /usr/local/horde/checkout/horde-hatchery.git/news/lib/Search.php -- Parsing file
WARNING in Search.php on line 14: DocBlock would be page-level, but precedes class "News_Search", use another DocBlock to document the file
Reading file /usr/local/horde/checkout/horde-hatchery.git/news/lib/View.php -- Parsing file
WARNING in View.php on line 14: DocBlock would be page-level, but precedes class "News_View", use another DocBlock to document the file
Reading file /usr/local/horde/checkout/horde-hatchery.git/news/lib/base.php -- Parsing file
WARNING in base.php on line 18: Page-level DocBlock precedes "define HORDE_BASE", use another DocBlock to document the source element
done

Converting From Abstract Parsed Data

Processing Class Inheritance


Processing Root Trees


Processing leftover classes (classes that extend root classes not found in the same package)
Processing Horde_Block_News_categories in file /usr/local/horde/checkout/horde-hatchery.git/news/lib/Block/categories.php
WARNING: Class Horde_Block_News_categories parent Horde_Block not found
Processing Horde_Block_news_last_comments in file /usr/local/horde/checkout/horde-hatchery.git/news/lib/Block/last_comments.php
WARNING: Class Horde_Block_news_last_comments parent Horde_Block not found
Processing Horde_Block_news_tags_cloud in file /usr/local/horde/checkout/horde-hatchery.git/news/lib/Block/tags_cloud.php
WARNING: Class Horde_Block_news_tags_cloud parent Horde_Block not found
Processing Horde_Block_News_category in file /usr/local/horde/checkout/horde-hatchery.git/news/lib/Block/category.php
WARNING: Class Horde_Block_News_category parent Horde_Block not found
Processing Horde_Block_News_jonah in file /usr/local/horde/checkout/horde-hatchery.git/news/lib/Block/jonah.php
WARNING: Class Horde_Block_News_jonah parent Horde_Block not found
Processing Horde_Block_News_last in file /usr/local/horde/checkout/horde-hatchery.git/news/lib/Block/last.php
WARNING: Class Horde_Block_News_last parent Horde_Block not found
Processing Horde_Block_News_last_blogs in file /usr/local/horde/checkout/horde-hatchery.git/news/lib/Block/last_blogs.php
WARNING: Class Horde_Block_News_last_blogs parent Horde_Block not found
Processing Horde_Block_News_most_commented in file /usr/local/horde/checkout/horde-hatchery.git/news/lib/Block/most_commented.php
WARNING: Class Horde_Block_News_most_commented parent Horde_Block not found
Processing Horde_Block_News_most_read in file /usr/local/horde/checkout/horde-hatchery.git/news/lib/Block/most_read.php
WARNING: Class Horde_Block_News_most_read parent Horde_Block not found
Processing Horde_Block_news_my_comments in file /usr/local/horde/checkout/horde-hatchery.git/news/lib/Block/my_comments.php
WARNING: Class Horde_Block_news_my_comments parent Horde_Block not found
Processing Horde_Block_News_sources in file /usr/local/horde/checkout/horde-hatchery.git/news/lib/Block/sources.php
WARNING: Class Horde_Block_News_sources parent Horde_Block not found
Processing News_Search in file /usr/local/horde/checkout/horde-hatchery.git/news/lib/Forms/Search.php
WARNING: Class News_Search parent Horde_Form not found
Processing News_TagCloud in file /usr/local/horde/checkout/horde-hatchery.git/news/lib/TagCloud.php
WARNING: Class News_TagCloud parent Horde_UI_TagCloud not found
Processing News_Api in file /usr/local/horde/checkout/horde-hatchery.git/news/lib/Api.php
WARNING: Class News_Api parent Horde_Registry_Api not found
Processing News_Application in file /usr/local/horde/checkout/horde-hatchery.git/news/lib/Application.php
WARNING: Class News_Application parent Horde_Registry_Application not found
Processing News_Search in file /usr/local/horde/checkout/horde-hatchery.git/news/lib/Search.php
WARNING: Class News_Search parent Horde_Form not found
Processing News_View in file /usr/local/horde/checkout/horde-hatchery.git/news/lib/View.php
WARNING: Class News_View parent Horde_View not found
done processing leftover classes
WARNING: 
duplicate class element "News_Search" in file /usr/local/horde/checkout/horde-hatchery.git/news/lib/Search.php will be ignored.
Use an @ignore tag on the original if you want this case to be documented.

Processing Procedural Page Element Name Conflicts


Sorting page elements...done
Formatting @uses list...done

Creating Directory /horde/web/dev.horde.org/api/news
creating /horde/web/dev.horde.org/api/news/media
Creating Directory /horde/web/dev.horde.org/api/news/media
copying /horde/web/dev.horde.org/api/news/media/banner.css
copying /horde/web/dev.horde.org/api/news/media/stylesheet.css
creating /horde/web/dev.horde.org/api/news/media/images
Creating Directory /horde/web/dev.horde.org/api/news/media/images
copying /horde/web/dev.horde.org/api/news/media/images/AbstractClass.png
copying /horde/web/dev.horde.org/api/news/media/images/AbstractClass_logo.png
copying /horde/web/dev.horde.org/api/news/media/images/AbstractMethod.png
copying /horde/web/dev.horde.org/api/news/media/images/AbstractPrivateClass.png
copying /horde/web/dev.horde.org/api/news/media/images/AbstractPrivateClass_logo.png
copying /horde/web/dev.horde.org/api/news/media/images/AbstractPrivateMethod.png
copying /horde/web/dev.horde.org/api/news/media/images/blank.png
copying /horde/web/dev.horde.org/api/news/media/images/Class.png
copying /horde/web/dev.horde.org/api/news/media/images/class_folder.png
copying /horde/web/dev.horde.org/api/news/media/images/Class_logo.png
copying /horde/web/dev.horde.org/api/news/media/images/Constant.png
copying /horde/web/dev.horde.org/api/news/media/images/Constructor.png
copying /horde/web/dev.horde.org/api/news/media/images/Destructor.png
copying /horde/web/dev.horde.org/api/news/media/images/empty.png
copying /horde/web/dev.horde.org/api/news/media/images/file.png
copying /horde/web/dev.horde.org/api/news/media/images/folder.png
copying /horde/web/dev.horde.org/api/news/media/images/Function.png
copying /horde/web/dev.horde.org/api/news/media/images/function_folder.png
copying /horde/web/dev.horde.org/api/news/media/images/Global.png
copying /horde/web/dev.horde.org/api/news/media/images/I.png
copying /horde/web/dev.horde.org/api/news/media/images/Index.png
copying /horde/web/dev.horde.org/api/news/media/images/Interface.png
copying /horde/web/dev.horde.org/api/news/media/images/Interface_logo.png
copying /horde/web/dev.horde.org/api/news/media/images/L.png
copying /horde/web/dev.horde.org/api/news/media/images/Lminus.png
copying /horde/web/dev.horde.org/api/news/media/images/Lplus.png
copying /horde/web/dev.horde.org/api/news/media/images/Method.png
copying /horde/web/dev.horde.org/api/news/media/images/minus.gif
copying /horde/web/dev.horde.org/api/news/media/images/next_button.png
copying /horde/web/dev.horde.org/api/news/media/images/next_button_disabled.png
copying /horde/web/dev.horde.org/api/news/media/images/package.png
copying /horde/web/dev.horde.org/api/news/media/images/package_folder.png
copying /horde/web/dev.horde.org/api/news/media/images/Page.png
copying /horde/web/dev.horde.org/api/news/media/images/Page_logo.png
copying /horde/web/dev.horde.org/api/news/media/images/plus.gif
copying /horde/web/dev.horde.org/api/news/media/images/previous_button.png
copying /horde/web/dev.horde.org/api/news/media/images/previous_button_disabled.png
copying /horde/web/dev.horde.org/api/news/media/images/PrivateClass.png
copying /horde/web/dev.horde.org/api/news/media/images/PrivateClass_logo.png
copying /horde/web/dev.horde.org/api/news/media/images/PrivateMethod.png
copying /horde/web/dev.horde.org/api/news/media/images/PrivateVariable.png
copying /horde/web/dev.horde.org/api/news/media/images/private_class_logo.png
copying /horde/web/dev.horde.org/api/news/media/images/StaticMethod.png
copying /horde/web/dev.horde.org/api/news/media/images/StaticVariable.png
copying /horde/web/dev.horde.org/api/news/media/images/T.png
copying /horde/web/dev.horde.org/api/news/media/images/Tminus.png
copying /horde/web/dev.horde.org/api/news/media/images/Tplus.png
copying /horde/web/dev.horde.org/api/news/media/images/tutorial.png
copying /horde/web/dev.horde.org/api/news/media/images/tutorial_folder.png
copying /horde/web/dev.horde.org/api/news/media/images/up_button.png
copying /horde/web/dev.horde.org/api/news/media/images/Variable.png
creating /horde/web/dev.horde.org/api/news/media/lib
Creating Directory /horde/web/dev.horde.org/api/news/media/lib
copying /horde/web/dev.horde.org/api/news/media/lib/classTree.js
Building indexes...done

Sorting Indexes...done

Sorting @todo list...done
Converting tutorials/extended docs
Formatting Package Indexes...    Writing /horde/web/dev.horde.org/api/news/elementindex_News.html
    Writing /horde/web/dev.horde.org/api/news/elementindex_Horde_Block.html

done
Formatting Index...
    Writing /horde/web/dev.horde.org/api/news/elementindex.html
    Writing /horde/web/dev.horde.org/api/news/blank.html

    Writing /horde/web/dev.horde.org/api/news/index.html
    Writing /horde/web/dev.horde.org/api/news/packages.html
done

Formatting Left Quick Index...
    Writing /horde/web/dev.horde.org/api/news/li_Horde_Block.html
    Writing /horde/web/dev.horde.org/api/news/classtrees_Horde_Block.html

    Writing /horde/web/dev.horde.org/api/news/li_News.html
    Writing /horde/web/dev.horde.org/api/news/classtrees_News.html

done

Converting /usr/local/horde/checkout/horde-hatchery.git/news/lib/Api.php Procedural Page Elements... Classes...
Creating Directory /horde/web/dev.horde.org/api/news/News
    Writing /horde/web/dev.horde.org/api/news/News/News_Api.html
 done
    Writing /horde/web/dev.horde.org/api/news/News/_Api.php.html
Converting /usr/local/horde/checkout/horde-hatchery.git/news/lib/Application.php Procedural Page Elements... Classes...
    Writing /horde/web/dev.horde.org/api/news/News/News_Application.html
 done
    Writing /horde/web/dev.horde.org/api/news/News/_Application.php.html
Converting /usr/local/horde/checkout/horde-hatchery.git/news/lib/base.php Procedural Page Elements... Classes... done
    Writing /horde/web/dev.horde.org/api/news/News/_base.php.html
Converting /usr/local/horde/checkout/horde-hatchery.git/news/lib/Block/categories.php Procedural Page Elements... Classes...
Creating Directory /horde/web/dev.horde.org/api/news/Horde_Block
    Writing /horde/web/dev.horde.org/api/news/Horde_Block/Horde_Block_News_categories.html
 done
    Writing /horde/web/dev.horde.org/api/news/Horde_Block/_Block---categories.php.html
Converting /usr/local/horde/checkout/horde-hatchery.git/news/lib/Categories.php Procedural Page Elements... Classes...
    Writing /horde/web/dev.horde.org/api/news/News/News_Categories.html
 done
    Writing /horde/web/dev.horde.org/api/news/News/_Categories.php.html
Converting /usr/local/horde/checkout/horde-hatchery.git/news/lib/Block/category.php Procedural Page Elements... Classes...
    Writing /horde/web/dev.horde.org/api/news/Horde_Block/Horde_Block_News_category.html
 done
    Writing /horde/web/dev.horde.org/api/news/Horde_Block/_Block---category.php.html
Converting /usr/local/horde/checkout/horde-hatchery.git/news/lib/Driver.php Procedural Page Elements... Classes...
    Writing /horde/web/dev.horde.org/api/news/News/News_Driver.html
 done
    Writing /horde/web/dev.horde.org/api/news/News/_Driver.php.html
Converting /usr/local/horde/checkout/horde-hatchery.git/news/lib/Block/jonah.php Procedural Page Elements... Classes...
    Writing /horde/web/dev.horde.org/api/news/Horde_Block/Horde_Block_News_jonah.html
 done
    Writing /horde/web/dev.horde.org/api/news/Horde_Block/_Block---jonah.php.html
Converting /usr/local/horde/checkout/horde-hatchery.git/news/lib/Block/last.php Procedural Page Elements... Classes...
    Writing /horde/web/dev.horde.org/api/news/Horde_Block/Horde_Block_News_last.html
 done
    Writing /horde/web/dev.horde.org/api/news/Horde_Block/_Block---last.php.html
Converting /usr/local/horde/checkout/horde-hatchery.git/news/lib/Block/last_blogs.php Procedural Page Elements... Classes...
    Writing /horde/web/dev.horde.org/api/news/Horde_Block/Horde_Block_News_last_blogs.html
 done
    Writing /horde/web/dev.horde.org/api/news/Horde_Block/_Block---last_blogs.php.html
Converting /usr/local/horde/checkout/horde-hatchery.git/news/lib/Block/last_comments.php Procedural Page Elements... Classes...
    Writing /horde/web/dev.horde.org/api/news/Horde_Block/Horde_Block_news_last_comments.html
 done
    Writing /horde/web/dev.horde.org/api/news/Horde_Block/_Block---last_comments.php.html
Converting /usr/local/horde/checkout/horde-hatchery.git/news/lib/Block/most_commented.php Procedural Page Elements... Classes...
    Writing /horde/web/dev.horde.org/api/news/Horde_Block/Horde_Block_News_most_commented.html
 done
    Writing /horde/web/dev.horde.org/api/news/Horde_Block/_Block---most_commented.php.html
Converting /usr/local/horde/checkout/horde-hatchery.git/news/lib/Block/most_read.php Procedural Page Elements... Classes...
    Writing /horde/web/dev.horde.org/api/news/Horde_Block/Horde_Block_News_most_read.html
 done
    Writing /horde/web/dev.horde.org/api/news/Horde_Block/_Block---most_read.php.html
Converting /usr/local/horde/checkout/horde-hatchery.git/news/lib/Block/my_comments.php Procedural Page Elements... Classes...
    Writing /horde/web/dev.horde.org/api/news/Horde_Block/Horde_Block_news_my_comments.html
 done
    Writing /horde/web/dev.horde.org/api/news/Horde_Block/_Block---my_comments.php.html
Converting /usr/local/horde/checkout/horde-hatchery.git/news/lib/News.php Procedural Page Elements... Classes...
    Writing /horde/web/dev.horde.org/api/news/News/News.html
 done
    Writing /horde/web/dev.horde.org/api/news/News/_News.php.html
Converting /usr/local/horde/checkout/horde-hatchery.git/news/lib/Forms/Search.php Procedural Page Elements... Classes...
    Writing /horde/web/dev.horde.org/api/news/News/News_Search.html
 done
    Writing /horde/web/dev.horde.org/api/news/News/_Forms---Search.php.html
Converting /usr/local/horde/checkout/horde-hatchery.git/news/lib/Search.php Procedural Page Elements... Classes... done
    Writing /horde/web/dev.horde.org/api/news/News/_Search.php.html
Converting /usr/local/horde/checkout/horde-hatchery.git/news/lib/Block/sources.php Procedural Page Elements... Classes...
    Writing /horde/web/dev.horde.org/api/news/Horde_Block/Horde_Block_News_sources.html
 done
    Writing /horde/web/dev.horde.org/api/news/Horde_Block/_Block---sources.php.html
Converting /usr/local/horde/checkout/horde-hatchery.git/news/lib/Driver/sql.php Procedural Page Elements... Classes...
    Writing /horde/web/dev.horde.org/api/news/News/News_Driver_sql.html
 done
    Writing /horde/web/dev.horde.org/api/news/News/_Driver---sql.php.html
Converting /usr/local/horde/checkout/horde-hatchery.git/news/lib/TagCloud.php Procedural Page Elements... Classes...
    Writing /horde/web/dev.horde.org/api/news/News/News_TagCloud.html
 done
    Writing /horde/web/dev.horde.org/api/news/News/_TagCloud.php.html
Converting /usr/local/horde/checkout/horde-hatchery.git/news/lib/Block/tags_cloud.php Procedural Page Elements... Classes...
    Writing /horde/web/dev.horde.org/api/news/Horde_Block/Horde_Block_news_tags_cloud.html
 done
    Writing /horde/web/dev.horde.org/api/news/Horde_Block/_Block---tags_cloud.php.html
Converting /usr/local/horde/checkout/horde-hatchery.git/news/lib/View.php Procedural Page Elements... Classes...
    Writing /horde/web/dev.horde.org/api/news/News/News_View.html
 done
    Writing /horde/web/dev.horde.org/api/news/News/_View.php.html

Converting @todo List...done

Converting Error Log...    Writing /horde/web/dev.horde.org/api/news/errors.html


To view errors and warnings, look at /horde/web/dev.horde.org/api/news/errors.html
done

Parsing time: 1 seconds

Conversion time: 2 seconds

Total Documentation Time: 3 seconds
done
