PHP Version 5.2.11
phpDocumentor version 1.4.3

Parsing configuration file phpDocumentor.ini...
   (found in /usr/share/php/data/PhpDocumentor/)...

done
Maximum memory usage set at 256M after considering php.ini...
using tokenizer Parser


Grabbing README/INSTALL/CHANGELOG
README...
done


Tutorial/Extended Documentation Parsing Stage

done


General Parsing Stage

Reading file /usr/local/horde/checkout/horde-hatchery.git/skeleton/lib/Api.php -- Parsing file
WARNING in Api.php on line 2: no @package tag was used in a DocBlock for class Skeleton_Api
WARNING in Api.php on line 3: File "/usr/local/horde/checkout/horde-hatchery.git/skeleton/lib/Api.php" has no page-level DocBlock, use @package in the first DocBlock to create one
Reading file /usr/local/horde/checkout/horde-hatchery.git/skeleton/lib/Application.php -- Parsing file
WARNING in Application.php on line 2: no @package tag was used in a DocBlock for class Skeleton_Application
WARNING in Application.php on line 15: File "/usr/local/horde/checkout/horde-hatchery.git/skeleton/lib/Application.php" has no page-level DocBlock, use @package in the first DocBlock to create one
Reading file /usr/local/horde/checkout/horde-hatchery.git/skeleton/lib/Block/example.php -- Parsing file
WARNING in example.php on line 8: DocBlock would be page-level, but precedes class "Horde_Block_Skeleton_example", use another DocBlock to document the file
Reading file /usr/local/horde/checkout/horde-hatchery.git/skeleton/lib/Driver.php -- Parsing file
WARNING in Driver.php on line 14: DocBlock would be page-level, but precedes class "Skeleton_Driver", use another DocBlock to document the file
Reading file /usr/local/horde/checkout/horde-hatchery.git/skeleton/lib/Driver/Sql.php -- Parsing file
WARNING in Sql.php on line 35: DocBlock would be page-level, but precedes class "Skeleton_Driver_Sql", use another DocBlock to document the file
Reading file /usr/local/horde/checkout/horde-hatchery.git/skeleton/lib/Skeleton.php -- Parsing file
WARNING in Skeleton.php on line 13: DocBlock would be page-level, but precedes class "Skeleton", use another DocBlock to document the file
Reading file /usr/local/horde/checkout/horde-hatchery.git/skeleton/lib/base.load.php -- Parsing file
WARNING in base.load.php on line 13: Page-level DocBlock precedes "define SKELETON_BASE", use another DocBlock to document the source element
Reading file /usr/local/horde/checkout/horde-hatchery.git/skeleton/lib/base.php -- Parsing file
WARNING in base.php on line 30: File "/usr/local/horde/checkout/horde-hatchery.git/skeleton/lib/base.php" has no page-level DocBlock, use @package in the first DocBlock to create one
done

Converting From Abstract Parsed Data

Processing Class Inheritance


Processing Root Trees


Processing leftover classes (classes that extend root classes not found in the same package)
Processing Skeleton_Api in file /usr/local/horde/checkout/horde-hatchery.git/skeleton/lib/Api.php
WARNING: Class Skeleton_Api parent Horde_Registry_Api not found
Processing Skeleton_Application in file /usr/local/horde/checkout/horde-hatchery.git/skeleton/lib/Application.php
WARNING: Class Skeleton_Application parent Horde_Registry_Application not found
Processing Horde_Block_Skeleton_example in file /usr/local/horde/checkout/horde-hatchery.git/skeleton/lib/Block/example.php
WARNING: Class Horde_Block_Skeleton_example parent Horde_Block not found
done processing leftover classes

Processing Procedural Page Element Name Conflicts


Sorting page elements...done
Formatting @uses list...done

Creating Directory /horde/web/dev.horde.org/api/skeleton
creating /horde/web/dev.horde.org/api/skeleton/media
Creating Directory /horde/web/dev.horde.org/api/skeleton/media
copying /horde/web/dev.horde.org/api/skeleton/media/banner.css
copying /horde/web/dev.horde.org/api/skeleton/media/stylesheet.css
creating /horde/web/dev.horde.org/api/skeleton/media/images
Creating Directory /horde/web/dev.horde.org/api/skeleton/media/images
copying /horde/web/dev.horde.org/api/skeleton/media/images/AbstractClass.png
copying /horde/web/dev.horde.org/api/skeleton/media/images/AbstractClass_logo.png
copying /horde/web/dev.horde.org/api/skeleton/media/images/AbstractMethod.png
copying /horde/web/dev.horde.org/api/skeleton/media/images/AbstractPrivateClass.png
copying /horde/web/dev.horde.org/api/skeleton/media/images/AbstractPrivateClass_logo.png
copying /horde/web/dev.horde.org/api/skeleton/media/images/AbstractPrivateMethod.png
copying /horde/web/dev.horde.org/api/skeleton/media/images/blank.png
copying /horde/web/dev.horde.org/api/skeleton/media/images/Class.png
copying /horde/web/dev.horde.org/api/skeleton/media/images/class_folder.png
copying /horde/web/dev.horde.org/api/skeleton/media/images/Class_logo.png
copying /horde/web/dev.horde.org/api/skeleton/media/images/Constant.png
copying /horde/web/dev.horde.org/api/skeleton/media/images/Constructor.png
copying /horde/web/dev.horde.org/api/skeleton/media/images/Destructor.png
copying /horde/web/dev.horde.org/api/skeleton/media/images/empty.png
copying /horde/web/dev.horde.org/api/skeleton/media/images/file.png
copying /horde/web/dev.horde.org/api/skeleton/media/images/folder.png
copying /horde/web/dev.horde.org/api/skeleton/media/images/Function.png
copying /horde/web/dev.horde.org/api/skeleton/media/images/function_folder.png
copying /horde/web/dev.horde.org/api/skeleton/media/images/Global.png
copying /horde/web/dev.horde.org/api/skeleton/media/images/I.png
copying /horde/web/dev.horde.org/api/skeleton/media/images/Index.png
copying /horde/web/dev.horde.org/api/skeleton/media/images/Interface.png
copying /horde/web/dev.horde.org/api/skeleton/media/images/Interface_logo.png
copying /horde/web/dev.horde.org/api/skeleton/media/images/L.png
copying /horde/web/dev.horde.org/api/skeleton/media/images/Lminus.png
copying /horde/web/dev.horde.org/api/skeleton/media/images/Lplus.png
copying /horde/web/dev.horde.org/api/skeleton/media/images/Method.png
copying /horde/web/dev.horde.org/api/skeleton/media/images/minus.gif
copying /horde/web/dev.horde.org/api/skeleton/media/images/next_button.png
copying /horde/web/dev.horde.org/api/skeleton/media/images/next_button_disabled.png
copying /horde/web/dev.horde.org/api/skeleton/media/images/package.png
copying /horde/web/dev.horde.org/api/skeleton/media/images/package_folder.png
copying /horde/web/dev.horde.org/api/skeleton/media/images/Page.png
copying /horde/web/dev.horde.org/api/skeleton/media/images/Page_logo.png
copying /horde/web/dev.horde.org/api/skeleton/media/images/plus.gif
copying /horde/web/dev.horde.org/api/skeleton/media/images/previous_button.png
copying /horde/web/dev.horde.org/api/skeleton/media/images/previous_button_disabled.png
copying /horde/web/dev.horde.org/api/skeleton/media/images/PrivateClass.png
copying /horde/web/dev.horde.org/api/skeleton/media/images/PrivateClass_logo.png
copying /horde/web/dev.horde.org/api/skeleton/media/images/PrivateMethod.png
copying /horde/web/dev.horde.org/api/skeleton/media/images/PrivateVariable.png
copying /horde/web/dev.horde.org/api/skeleton/media/images/private_class_logo.png
copying /horde/web/dev.horde.org/api/skeleton/media/images/StaticMethod.png
copying /horde/web/dev.horde.org/api/skeleton/media/images/StaticVariable.png
copying /horde/web/dev.horde.org/api/skeleton/media/images/T.png
copying /horde/web/dev.horde.org/api/skeleton/media/images/Tminus.png
copying /horde/web/dev.horde.org/api/skeleton/media/images/Tplus.png
copying /horde/web/dev.horde.org/api/skeleton/media/images/tutorial.png
copying /horde/web/dev.horde.org/api/skeleton/media/images/tutorial_folder.png
copying /horde/web/dev.horde.org/api/skeleton/media/images/up_button.png
copying /horde/web/dev.horde.org/api/skeleton/media/images/Variable.png
creating /horde/web/dev.horde.org/api/skeleton/media/lib
Creating Directory /horde/web/dev.horde.org/api/skeleton/media/lib
copying /horde/web/dev.horde.org/api/skeleton/media/lib/classTree.js
Building indexes...done

Sorting Indexes...done

Sorting @todo list...done
Converting README/INSTALL/CHANGELOG contents...
README...    Writing /horde/web/dev.horde.org/api/skeleton/ric_README.html

done
Converting tutorials/extended docs
Formatting Package Indexes...    Writing /horde/web/dev.horde.org/api/skeleton/elementindex_horde.html
    Writing /horde/web/dev.horde.org/api/skeleton/elementindex_Skeleton.html
    Writing /horde/web/dev.horde.org/api/skeleton/elementindex_Horde_Block.html

done
Formatting Index...
    Writing /horde/web/dev.horde.org/api/skeleton/elementindex.html
    Writing /horde/web/dev.horde.org/api/skeleton/blank.html

    Writing /horde/web/dev.horde.org/api/skeleton/index.html
    Writing /horde/web/dev.horde.org/api/skeleton/packages.html
done

Formatting Left Quick Index...
    Writing /horde/web/dev.horde.org/api/skeleton/li_horde.html
    Writing /horde/web/dev.horde.org/api/skeleton/classtrees_horde.html

    Writing /horde/web/dev.horde.org/api/skeleton/li_Horde_Block.html
    Writing /horde/web/dev.horde.org/api/skeleton/classtrees_Horde_Block.html

    Writing /horde/web/dev.horde.org/api/skeleton/li_Skeleton.html
    Writing /horde/web/dev.horde.org/api/skeleton/classtrees_Skeleton.html

done

Converting /usr/local/horde/checkout/horde-hatchery.git/skeleton/lib/Api.php Procedural Page Elements... Classes...
Creating Directory /horde/web/dev.horde.org/api/skeleton/horde
    Writing /horde/web/dev.horde.org/api/skeleton/horde/Skeleton_Api.html
 done
    Writing /horde/web/dev.horde.org/api/skeleton/horde/_lib---Api.php.html
Converting /usr/local/horde/checkout/horde-hatchery.git/skeleton/lib/Application.php Procedural Page Elements... Classes...
    Writing /horde/web/dev.horde.org/api/skeleton/horde/Skeleton_Application.html
 done
    Writing /horde/web/dev.horde.org/api/skeleton/horde/_lib---Application.php.html
Converting /usr/local/horde/checkout/horde-hatchery.git/skeleton/lib/base.load.php Procedural Page Elements... Classes... done
Creating Directory /horde/web/dev.horde.org/api/skeleton/Skeleton
    Writing /horde/web/dev.horde.org/api/skeleton/Skeleton/_lib---base.load.php.html
Converting /usr/local/horde/checkout/horde-hatchery.git/skeleton/lib/base.php Procedural Page Elements... Classes... done
    Writing /horde/web/dev.horde.org/api/skeleton/horde/_lib---base.php.html
Converting /usr/local/horde/checkout/horde-hatchery.git/skeleton/lib/Driver.php Procedural Page Elements... Classes...
    Writing /horde/web/dev.horde.org/api/skeleton/Skeleton/Skeleton_Driver.html
 done
    Writing /horde/web/dev.horde.org/api/skeleton/Skeleton/_lib---Driver.php.html
Converting /usr/local/horde/checkout/horde-hatchery.git/skeleton/lib/Block/example.php Procedural Page Elements... Classes...
Creating Directory /horde/web/dev.horde.org/api/skeleton/Horde_Block
    Writing /horde/web/dev.horde.org/api/skeleton/Horde_Block/Horde_Block_Skeleton_example.html
 done
    Writing /horde/web/dev.horde.org/api/skeleton/Horde_Block/_lib---Block---example.php.html
Converting /usr/local/horde/checkout/horde-hatchery.git/skeleton/lib/Skeleton.php Procedural Page Elements... Classes...
    Writing /horde/web/dev.horde.org/api/skeleton/Skeleton/Skeleton.html
 done
    Writing /horde/web/dev.horde.org/api/skeleton/Skeleton/_lib---Skeleton.php.html
Converting /usr/local/horde/checkout/horde-hatchery.git/skeleton/lib/Driver/Sql.php Procedural Page Elements... Classes...
    Writing /horde/web/dev.horde.org/api/skeleton/Skeleton/Skeleton_Driver_Sql.html
 done
    Writing /horde/web/dev.horde.org/api/skeleton/Skeleton/_lib---Driver---Sql.php.html

Converting @todo List...done

Converting Error Log...    Writing /horde/web/dev.horde.org/api/skeleton/errors.html


To view errors and warnings, look at /horde/web/dev.horde.org/api/skeleton/errors.html
done

Parsing time: 0 seconds

Conversion time: 1 seconds

Total Documentation Time: 1 seconds
done
