PHP Version 5.2.11
phpDocumentor version 1.4.3

Parsing configuration file phpDocumentor.ini...
   (found in /usr/share/php/data/PhpDocumentor/)...

done
Maximum memory usage set at 256M after considering php.ini...
using tokenizer Parser


Grabbing README/INSTALL/CHANGELOG
README...
done


Tutorial/Extended Documentation Parsing Stage

done


General Parsing Stage

Reading file /usr/local/horde/checkout/horde-hatchery.git/skoli/lib/Application.php -- Parsing file
WARNING in Application.php on line 2: no @package tag was used in a DocBlock for class Skoli_Application
WARNING in Application.php on line 15: File "/usr/local/horde/checkout/horde-hatchery.git/skoli/lib/Application.php" has no page-level DocBlock, use @package in the first DocBlock to create one
Reading file /usr/local/horde/checkout/horde-hatchery.git/skoli/lib/Block/tree_menu.php -- Parsing file
WARNING in tree_menu.php on line 10: DocBlock would be page-level, but precedes class "Horde_Block_skoli_tree_menu", use another DocBlock to document the file
Reading file /usr/local/horde/checkout/horde-hatchery.git/skoli/lib/Driver.php -- Parsing file
WARNING in Driver.php on line 15: DocBlock would be page-level, but precedes class "Skoli_Driver", use another DocBlock to document the file
Reading file /usr/local/horde/checkout/horde-hatchery.git/skoli/lib/Driver/sql.php -- Parsing file
WARNING in sql.php on line 43: DocBlock would be page-level, but precedes class "Skoli_Driver_sql", use another DocBlock to document the file
Reading file /usr/local/horde/checkout/horde-hatchery.git/skoli/lib/Forms/CreateClass.php -- Parsing file
Reading file /usr/local/horde/checkout/horde-hatchery.git/skoli/lib/Forms/DeleteClass.php -- Parsing file
Reading file /usr/local/horde/checkout/horde-hatchery.git/skoli/lib/Forms/EditClass.php -- Parsing file
Reading file /usr/local/horde/checkout/horde-hatchery.git/skoli/lib/Forms/Entry.php -- Parsing file
Reading file /usr/local/horde/checkout/horde-hatchery.git/skoli/lib/School.php -- Parsing file
WARNING in School.php on line 14: DocBlock would be page-level, but precedes class "Skoli_School", use another DocBlock to document the file
Reading file /usr/local/horde/checkout/horde-hatchery.git/skoli/lib/Skoli.php -- Parsing file
WARNING in Skoli.php on line 1075: File "/usr/local/horde/checkout/horde-hatchery.git/skoli/lib/Skoli.php" has no page-level DocBlock, use @package in the first DocBlock to create one
Reading file /usr/local/horde/checkout/horde-hatchery.git/skoli/lib/base.php -- Parsing file
WARNING in base.php on line 42: File "/usr/local/horde/checkout/horde-hatchery.git/skoli/lib/base.php" has no page-level DocBlock, use @package in the first DocBlock to create one
done

Converting From Abstract Parsed Data

Processing Class Inheritance


Processing Root Trees


Processing leftover classes (classes that extend root classes not found in the same package)
Processing Skoli_Application in file /usr/local/horde/checkout/horde-hatchery.git/skoli/lib/Application.php
WARNING: Class Skoli_Application parent Horde_Registry_Application not found
Processing Horde_Block_skoli_tree_menu in file /usr/local/horde/checkout/horde-hatchery.git/skoli/lib/Block/tree_menu.php
WARNING: Class Horde_Block_skoli_tree_menu parent Horde_Block not found
Processing Skoli_CreateClassForm in file /usr/local/horde/checkout/horde-hatchery.git/skoli/lib/Forms/CreateClass.php
WARNING: Class Skoli_CreateClassForm parent Horde_Form not found
Processing Skoli_DeleteClassForm in file /usr/local/horde/checkout/horde-hatchery.git/skoli/lib/Forms/DeleteClass.php
WARNING: Class Skoli_DeleteClassForm parent Horde_Form not found
Processing Skoli_EditClassForm in file /usr/local/horde/checkout/horde-hatchery.git/skoli/lib/Forms/EditClass.php
WARNING: Class Skoli_EditClassForm parent Horde_Form not found
Processing Skoli_EntryForm in file /usr/local/horde/checkout/horde-hatchery.git/skoli/lib/Forms/Entry.php
WARNING: Class Skoli_EntryForm parent Horde_Form not found
done processing leftover classes

Processing Procedural Page Element Name Conflicts


Sorting page elements...done
Formatting @uses list...done

Creating Directory /horde/web/dev.horde.org/api/skoli
creating /horde/web/dev.horde.org/api/skoli/media
Creating Directory /horde/web/dev.horde.org/api/skoli/media
copying /horde/web/dev.horde.org/api/skoli/media/banner.css
copying /horde/web/dev.horde.org/api/skoli/media/stylesheet.css
creating /horde/web/dev.horde.org/api/skoli/media/images
Creating Directory /horde/web/dev.horde.org/api/skoli/media/images
copying /horde/web/dev.horde.org/api/skoli/media/images/AbstractClass.png
copying /horde/web/dev.horde.org/api/skoli/media/images/AbstractClass_logo.png
copying /horde/web/dev.horde.org/api/skoli/media/images/AbstractMethod.png
copying /horde/web/dev.horde.org/api/skoli/media/images/AbstractPrivateClass.png
copying /horde/web/dev.horde.org/api/skoli/media/images/AbstractPrivateClass_logo.png
copying /horde/web/dev.horde.org/api/skoli/media/images/AbstractPrivateMethod.png
copying /horde/web/dev.horde.org/api/skoli/media/images/blank.png
copying /horde/web/dev.horde.org/api/skoli/media/images/Class.png
copying /horde/web/dev.horde.org/api/skoli/media/images/class_folder.png
copying /horde/web/dev.horde.org/api/skoli/media/images/Class_logo.png
copying /horde/web/dev.horde.org/api/skoli/media/images/Constant.png
copying /horde/web/dev.horde.org/api/skoli/media/images/Constructor.png
copying /horde/web/dev.horde.org/api/skoli/media/images/Destructor.png
copying /horde/web/dev.horde.org/api/skoli/media/images/empty.png
copying /horde/web/dev.horde.org/api/skoli/media/images/file.png
copying /horde/web/dev.horde.org/api/skoli/media/images/folder.png
copying /horde/web/dev.horde.org/api/skoli/media/images/Function.png
copying /horde/web/dev.horde.org/api/skoli/media/images/function_folder.png
copying /horde/web/dev.horde.org/api/skoli/media/images/Global.png
copying /horde/web/dev.horde.org/api/skoli/media/images/I.png
copying /horde/web/dev.horde.org/api/skoli/media/images/Index.png
copying /horde/web/dev.horde.org/api/skoli/media/images/Interface.png
copying /horde/web/dev.horde.org/api/skoli/media/images/Interface_logo.png
copying /horde/web/dev.horde.org/api/skoli/media/images/L.png
copying /horde/web/dev.horde.org/api/skoli/media/images/Lminus.png
copying /horde/web/dev.horde.org/api/skoli/media/images/Lplus.png
copying /horde/web/dev.horde.org/api/skoli/media/images/Method.png
copying /horde/web/dev.horde.org/api/skoli/media/images/minus.gif
copying /horde/web/dev.horde.org/api/skoli/media/images/next_button.png
copying /horde/web/dev.horde.org/api/skoli/media/images/next_button_disabled.png
copying /horde/web/dev.horde.org/api/skoli/media/images/package.png
copying /horde/web/dev.horde.org/api/skoli/media/images/package_folder.png
copying /horde/web/dev.horde.org/api/skoli/media/images/Page.png
copying /horde/web/dev.horde.org/api/skoli/media/images/Page_logo.png
copying /horde/web/dev.horde.org/api/skoli/media/images/plus.gif
copying /horde/web/dev.horde.org/api/skoli/media/images/previous_button.png
copying /horde/web/dev.horde.org/api/skoli/media/images/previous_button_disabled.png
copying /horde/web/dev.horde.org/api/skoli/media/images/PrivateClass.png
copying /horde/web/dev.horde.org/api/skoli/media/images/PrivateClass_logo.png
copying /horde/web/dev.horde.org/api/skoli/media/images/PrivateMethod.png
copying /horde/web/dev.horde.org/api/skoli/media/images/PrivateVariable.png
copying /horde/web/dev.horde.org/api/skoli/media/images/private_class_logo.png
copying /horde/web/dev.horde.org/api/skoli/media/images/StaticMethod.png
copying /horde/web/dev.horde.org/api/skoli/media/images/StaticVariable.png
copying /horde/web/dev.horde.org/api/skoli/media/images/T.png
copying /horde/web/dev.horde.org/api/skoli/media/images/Tminus.png
copying /horde/web/dev.horde.org/api/skoli/media/images/Tplus.png
copying /horde/web/dev.horde.org/api/skoli/media/images/tutorial.png
copying /horde/web/dev.horde.org/api/skoli/media/images/tutorial_folder.png
copying /horde/web/dev.horde.org/api/skoli/media/images/up_button.png
copying /horde/web/dev.horde.org/api/skoli/media/images/Variable.png
creating /horde/web/dev.horde.org/api/skoli/media/lib
Creating Directory /horde/web/dev.horde.org/api/skoli/media/lib
copying /horde/web/dev.horde.org/api/skoli/media/lib/classTree.js
Building indexes...done

Sorting Indexes...done

Sorting @todo list...done
Converting README/INSTALL/CHANGELOG contents...
README...    Writing /horde/web/dev.horde.org/api/skoli/ric_README.html

done
Converting tutorials/extended docs
Formatting Package Indexes...    Writing /horde/web/dev.horde.org/api/skoli/elementindex_horde.html
    Writing /horde/web/dev.horde.org/api/skoli/elementindex_Skoli.html
    Writing /horde/web/dev.horde.org/api/skoli/elementindex_Horde_Block.html

done
Formatting Index...
    Writing /horde/web/dev.horde.org/api/skoli/elementindex.html
    Writing /horde/web/dev.horde.org/api/skoli/blank.html

    Writing /horde/web/dev.horde.org/api/skoli/index.html
    Writing /horde/web/dev.horde.org/api/skoli/packages.html
done

Formatting Left Quick Index...
    Writing /horde/web/dev.horde.org/api/skoli/li_horde.html
    Writing /horde/web/dev.horde.org/api/skoli/classtrees_horde.html

    Writing /horde/web/dev.horde.org/api/skoli/li_Horde_Block.html
    Writing /horde/web/dev.horde.org/api/skoli/classtrees_Horde_Block.html

    Writing /horde/web/dev.horde.org/api/skoli/li_Skoli.html
    Writing /horde/web/dev.horde.org/api/skoli/classtrees_Skoli.html

done

Converting /usr/local/horde/checkout/horde-hatchery.git/skoli/lib/Application.php Procedural Page Elements... Classes...
Creating Directory /horde/web/dev.horde.org/api/skoli/horde
    Writing /horde/web/dev.horde.org/api/skoli/horde/Skoli_Application.html
 done
    Writing /horde/web/dev.horde.org/api/skoli/horde/_lib---Application.php.html
Converting /usr/local/horde/checkout/horde-hatchery.git/skoli/lib/base.php Procedural Page Elements... Classes... done
    Writing /horde/web/dev.horde.org/api/skoli/horde/_lib---base.php.html
Converting /usr/local/horde/checkout/horde-hatchery.git/skoli/lib/Forms/CreateClass.php Procedural Page Elements... Classes...
Creating Directory /horde/web/dev.horde.org/api/skoli/Skoli
    Writing /horde/web/dev.horde.org/api/skoli/Skoli/Skoli_CreateClassForm.html
 done
    Writing /horde/web/dev.horde.org/api/skoli/Skoli/_lib---Forms---CreateClass.php.html
Converting /usr/local/horde/checkout/horde-hatchery.git/skoli/lib/Forms/DeleteClass.php Procedural Page Elements... Classes...
    Writing /horde/web/dev.horde.org/api/skoli/Skoli/Skoli_DeleteClassForm.html
 done
    Writing /horde/web/dev.horde.org/api/skoli/Skoli/_lib---Forms---DeleteClass.php.html
Converting /usr/local/horde/checkout/horde-hatchery.git/skoli/lib/Driver.php Procedural Page Elements... Classes...
    Writing /horde/web/dev.horde.org/api/skoli/Skoli/Skoli_Driver.html
 done
    Writing /horde/web/dev.horde.org/api/skoli/Skoli/_lib---Driver.php.html
Converting /usr/local/horde/checkout/horde-hatchery.git/skoli/lib/Forms/EditClass.php Procedural Page Elements... Classes...
    Writing /horde/web/dev.horde.org/api/skoli/Skoli/Skoli_EditClassForm.html
 done
    Writing /horde/web/dev.horde.org/api/skoli/Skoli/_lib---Forms---EditClass.php.html
Converting /usr/local/horde/checkout/horde-hatchery.git/skoli/lib/Forms/Entry.php Procedural Page Elements... Classes...
    Writing /horde/web/dev.horde.org/api/skoli/Skoli/Skoli_EntryForm.html
 done
    Writing /horde/web/dev.horde.org/api/skoli/Skoli/_lib---Forms---Entry.php.html
Converting /usr/local/horde/checkout/horde-hatchery.git/skoli/lib/School.php Procedural Page Elements... Classes...
    Writing /horde/web/dev.horde.org/api/skoli/Skoli/Skoli_School.html
 done
    Writing /horde/web/dev.horde.org/api/skoli/Skoli/_lib---School.php.html
Converting /usr/local/horde/checkout/horde-hatchery.git/skoli/lib/Skoli.php Procedural Page Elements... Classes...
    Writing /horde/web/dev.horde.org/api/skoli/Skoli/Skoli.html
 done
    Writing /horde/web/dev.horde.org/api/skoli/Skoli/_lib---Skoli.php.html
Converting /usr/local/horde/checkout/horde-hatchery.git/skoli/lib/Driver/sql.php Procedural Page Elements... Classes...
    Writing /horde/web/dev.horde.org/api/skoli/Skoli/Skoli_Driver_sql.html
 done
    Writing /horde/web/dev.horde.org/api/skoli/Skoli/_lib---Driver---sql.php.html
Converting /usr/local/horde/checkout/horde-hatchery.git/skoli/lib/Block/tree_menu.php Procedural Page Elements... Classes...
Creating Directory /horde/web/dev.horde.org/api/skoli/Horde_Block
    Writing /horde/web/dev.horde.org/api/skoli/Horde_Block/Horde_Block_skoli_tree_menu.html
 done
    Writing /horde/web/dev.horde.org/api/skoli/Horde_Block/_lib---Block---tree_menu.php.html

Converting @todo List...done

Converting Error Log...    Writing /horde/web/dev.horde.org/api/skoli/errors.html


To view errors and warnings, look at /horde/web/dev.horde.org/api/skoli/errors.html
done

Parsing time: 2 seconds

Conversion time: 1 seconds

Total Documentation Time: 3 seconds
done
