PHP Version 5.2.11
phpDocumentor version 1.4.3

Parsing configuration file phpDocumentor.ini...
   (found in /usr/share/php/data/PhpDocumentor/)...

done
Maximum memory usage set at 256M after considering php.ini...
using tokenizer Parser
File  Ignored


Grabbing README/INSTALL/CHANGELOG

done


Tutorial/Extended Documentation Parsing Stage

done


General Parsing Stage

Reading file /usr/local/horde/checkout/horde-hatchery.git/timeobjects/lib/Api.php -- Parsing file
WARNING in Api.php on line 5: no @package tag was used in a DocBlock for class Timeobjects_Api
WARNING in Api.php on line 76: File "/usr/local/horde/checkout/horde-hatchery.git/timeobjects/lib/Api.php" has no page-level DocBlock, use @package in the first DocBlock to create one
Reading file /usr/local/horde/checkout/horde-hatchery.git/timeobjects/lib/Application.php -- Parsing file
WARNING in Application.php on line 2: no @package tag was used in a DocBlock for class Timeobjects_Application
WARNING in Application.php on line 4: File "/usr/local/horde/checkout/horde-hatchery.git/timeobjects/lib/Application.php" has no page-level DocBlock, use @package in the first DocBlock to create one
Reading file /usr/local/horde/checkout/horde-hatchery.git/timeobjects/lib/Driver.php -- Parsing file
WARNING in Driver.php on line 5: no @package tag was used in a DocBlock for class TimeObjects_Driver
WARNING in Driver.php on line 46: File "/usr/local/horde/checkout/horde-hatchery.git/timeobjects/lib/Driver.php" has no page-level DocBlock, use @package in the first DocBlock to create one
Reading file /usr/local/horde/checkout/horde-hatchery.git/timeobjects/lib/Driver/FacebookEvents.php -- Parsing file
WARNING in FacebookEvents.php on line 8: no @package tag was used in a DocBlock for class TimeObjects_Driver_FacebookEvents
WARNING in FacebookEvents.php on line 97: File "/usr/local/horde/checkout/horde-hatchery.git/timeobjects/lib/Driver/FacebookEvents.php" has no page-level DocBlock, use @package in the first DocBlock to create one
Reading file /usr/local/horde/checkout/horde-hatchery.git/timeobjects/lib/Driver/Weatherdotcom.php -- Parsing file
WARNING in Weatherdotcom.php on line 14: Unknown tag "@TODO:" used
WARNING in Weatherdotcom.php on line 15: DocBlock would be page-level, but precedes class "TimeObjects_Driver_Weatherdotcom", use another DocBlock to document the file
Reading file /usr/local/horde/checkout/horde-hatchery.git/timeobjects/lib/Exception.php -- Parsing file
WARNING in Exception.php on line 5: no @package tag was used in a DocBlock for class TimeObjects_Exception
WARNING in Exception.php on line 6: File "/usr/local/horde/checkout/horde-hatchery.git/timeobjects/lib/Exception.php" has no page-level DocBlock, use @package in the first DocBlock to create one
Reading file /usr/local/horde/checkout/horde-hatchery.git/timeobjects/lib/base.php -- Parsing file
WARNING in base.php on line 38: File "/usr/local/horde/checkout/horde-hatchery.git/timeobjects/lib/base.php" has no page-level DocBlock, use @package in the first DocBlock to create one
done

Converting From Abstract Parsed Data

Processing Class Inheritance


Processing Root Trees


Processing leftover classes (classes that extend root classes not found in the same package)
Processing Timeobjects_Api in file /usr/local/horde/checkout/horde-hatchery.git/timeobjects/lib/Api.php
WARNING: Class Timeobjects_Api parent Horde_Registry_Api not found
Processing Timeobjects_Application in file /usr/local/horde/checkout/horde-hatchery.git/timeobjects/lib/Application.php
WARNING: Class Timeobjects_Application parent Horde_Registry_Application not found
Processing TimeObjects_Exception in file /usr/local/horde/checkout/horde-hatchery.git/timeobjects/lib/Exception.php
done processing leftover classes

Processing Procedural Page Element Name Conflicts


Sorting page elements...done
Formatting @uses list...done

Creating Directory /horde/web/dev.horde.org/api/timeobjects
creating /horde/web/dev.horde.org/api/timeobjects/media
Creating Directory /horde/web/dev.horde.org/api/timeobjects/media
copying /horde/web/dev.horde.org/api/timeobjects/media/banner.css
copying /horde/web/dev.horde.org/api/timeobjects/media/stylesheet.css
creating /horde/web/dev.horde.org/api/timeobjects/media/images
Creating Directory /horde/web/dev.horde.org/api/timeobjects/media/images
copying /horde/web/dev.horde.org/api/timeobjects/media/images/AbstractClass.png
copying /horde/web/dev.horde.org/api/timeobjects/media/images/AbstractClass_logo.png
copying /horde/web/dev.horde.org/api/timeobjects/media/images/AbstractMethod.png
copying /horde/web/dev.horde.org/api/timeobjects/media/images/AbstractPrivateClass.png
copying /horde/web/dev.horde.org/api/timeobjects/media/images/AbstractPrivateClass_logo.png
copying /horde/web/dev.horde.org/api/timeobjects/media/images/AbstractPrivateMethod.png
copying /horde/web/dev.horde.org/api/timeobjects/media/images/blank.png
copying /horde/web/dev.horde.org/api/timeobjects/media/images/Class.png
copying /horde/web/dev.horde.org/api/timeobjects/media/images/class_folder.png
copying /horde/web/dev.horde.org/api/timeobjects/media/images/Class_logo.png
copying /horde/web/dev.horde.org/api/timeobjects/media/images/Constant.png
copying /horde/web/dev.horde.org/api/timeobjects/media/images/Constructor.png
copying /horde/web/dev.horde.org/api/timeobjects/media/images/Destructor.png
copying /horde/web/dev.horde.org/api/timeobjects/media/images/empty.png
copying /horde/web/dev.horde.org/api/timeobjects/media/images/file.png
copying /horde/web/dev.horde.org/api/timeobjects/media/images/folder.png
copying /horde/web/dev.horde.org/api/timeobjects/media/images/Function.png
copying /horde/web/dev.horde.org/api/timeobjects/media/images/function_folder.png
copying /horde/web/dev.horde.org/api/timeobjects/media/images/Global.png
copying /horde/web/dev.horde.org/api/timeobjects/media/images/I.png
copying /horde/web/dev.horde.org/api/timeobjects/media/images/Index.png
copying /horde/web/dev.horde.org/api/timeobjects/media/images/Interface.png
copying /horde/web/dev.horde.org/api/timeobjects/media/images/Interface_logo.png
copying /horde/web/dev.horde.org/api/timeobjects/media/images/L.png
copying /horde/web/dev.horde.org/api/timeobjects/media/images/Lminus.png
copying /horde/web/dev.horde.org/api/timeobjects/media/images/Lplus.png
copying /horde/web/dev.horde.org/api/timeobjects/media/images/Method.png
copying /horde/web/dev.horde.org/api/timeobjects/media/images/minus.gif
copying /horde/web/dev.horde.org/api/timeobjects/media/images/next_button.png
copying /horde/web/dev.horde.org/api/timeobjects/media/images/next_button_disabled.png
copying /horde/web/dev.horde.org/api/timeobjects/media/images/package.png
copying /horde/web/dev.horde.org/api/timeobjects/media/images/package_folder.png
copying /horde/web/dev.horde.org/api/timeobjects/media/images/Page.png
copying /horde/web/dev.horde.org/api/timeobjects/media/images/Page_logo.png
copying /horde/web/dev.horde.org/api/timeobjects/media/images/plus.gif
copying /horde/web/dev.horde.org/api/timeobjects/media/images/previous_button.png
copying /horde/web/dev.horde.org/api/timeobjects/media/images/previous_button_disabled.png
copying /horde/web/dev.horde.org/api/timeobjects/media/images/PrivateClass.png
copying /horde/web/dev.horde.org/api/timeobjects/media/images/PrivateClass_logo.png
copying /horde/web/dev.horde.org/api/timeobjects/media/images/PrivateMethod.png
copying /horde/web/dev.horde.org/api/timeobjects/media/images/PrivateVariable.png
copying /horde/web/dev.horde.org/api/timeobjects/media/images/private_class_logo.png
copying /horde/web/dev.horde.org/api/timeobjects/media/images/StaticMethod.png
copying /horde/web/dev.horde.org/api/timeobjects/media/images/StaticVariable.png
copying /horde/web/dev.horde.org/api/timeobjects/media/images/T.png
copying /horde/web/dev.horde.org/api/timeobjects/media/images/Tminus.png
copying /horde/web/dev.horde.org/api/timeobjects/media/images/Tplus.png
copying /horde/web/dev.horde.org/api/timeobjects/media/images/tutorial.png
copying /horde/web/dev.horde.org/api/timeobjects/media/images/tutorial_folder.png
copying /horde/web/dev.horde.org/api/timeobjects/media/images/up_button.png
copying /horde/web/dev.horde.org/api/timeobjects/media/images/Variable.png
creating /horde/web/dev.horde.org/api/timeobjects/media/lib
Creating Directory /horde/web/dev.horde.org/api/timeobjects/media/lib
copying /horde/web/dev.horde.org/api/timeobjects/media/lib/classTree.js
Building indexes...done

Sorting Indexes...done

Sorting @todo list...done
Converting tutorials/extended docs
Formatting Package Indexes...    Writing /horde/web/dev.horde.org/api/timeobjects/elementindex_horde.html
    Writing /horde/web/dev.horde.org/api/timeobjects/elementindex_TimeObjects.html

done
Formatting Index...
    Writing /horde/web/dev.horde.org/api/timeobjects/elementindex.html
    Writing /horde/web/dev.horde.org/api/timeobjects/blank.html

    Writing /horde/web/dev.horde.org/api/timeobjects/index.html
    Writing /horde/web/dev.horde.org/api/timeobjects/packages.html
done

Formatting Left Quick Index...
    Writing /horde/web/dev.horde.org/api/timeobjects/li_horde.html
    Writing /horde/web/dev.horde.org/api/timeobjects/classtrees_horde.html

    Writing /horde/web/dev.horde.org/api/timeobjects/li_TimeObjects.html
    Writing /horde/web/dev.horde.org/api/timeobjects/classtrees_TimeObjects.html

done

Converting /usr/local/horde/checkout/horde-hatchery.git/timeobjects/lib/Api.php Procedural Page Elements... Classes...
Creating Directory /horde/web/dev.horde.org/api/timeobjects/horde
    Writing /horde/web/dev.horde.org/api/timeobjects/horde/Timeobjects_Api.html
 done
    Writing /horde/web/dev.horde.org/api/timeobjects/horde/_Api.php.html
Converting /usr/local/horde/checkout/horde-hatchery.git/timeobjects/lib/Application.php Procedural Page Elements... Classes...
    Writing /horde/web/dev.horde.org/api/timeobjects/horde/Timeobjects_Application.html
 done
    Writing /horde/web/dev.horde.org/api/timeobjects/horde/_Application.php.html
Converting /usr/local/horde/checkout/horde-hatchery.git/timeobjects/lib/base.php Procedural Page Elements... Classes... done
    Writing /horde/web/dev.horde.org/api/timeobjects/horde/_base.php.html
Converting /usr/local/horde/checkout/horde-hatchery.git/timeobjects/lib/Driver.php Procedural Page Elements... Classes...
    Writing /horde/web/dev.horde.org/api/timeobjects/horde/TimeObjects_Driver.html
 done
    Writing /horde/web/dev.horde.org/api/timeobjects/horde/_Driver.php.html
Converting /usr/local/horde/checkout/horde-hatchery.git/timeobjects/lib/Exception.php Procedural Page Elements... Classes...
    Writing /horde/web/dev.horde.org/api/timeobjects/horde/TimeObjects_Exception.html
 done
    Writing /horde/web/dev.horde.org/api/timeobjects/horde/_Exception.php.html
Converting /usr/local/horde/checkout/horde-hatchery.git/timeobjects/lib/Driver/FacebookEvents.php Procedural Page Elements... Classes...
    Writing /horde/web/dev.horde.org/api/timeobjects/horde/TimeObjects_Driver_FacebookEvents.html
 done
    Writing /horde/web/dev.horde.org/api/timeobjects/horde/_Driver---FacebookEvents.php.html
Converting /usr/local/horde/checkout/horde-hatchery.git/timeobjects/lib/Driver/Weatherdotcom.php Procedural Page Elements... Classes...
Creating Directory /horde/web/dev.horde.org/api/timeobjects/TimeObjects
    Writing /horde/web/dev.horde.org/api/timeobjects/TimeObjects/TimeObjects_Driver_Weatherdotcom.html
 done
    Writing /horde/web/dev.horde.org/api/timeobjects/TimeObjects/_Driver---Weatherdotcom.php.html

Converting @todo List...done

Converting Error Log...    Writing /horde/web/dev.horde.org/api/timeobjects/errors.html


To view errors and warnings, look at /horde/web/dev.horde.org/api/timeobjects/errors.html
done

Parsing time: 0 seconds

Conversion time: 1 seconds

Total Documentation Time: 1 seconds
done
