PHP Version 5.2.11
phpDocumentor version 1.4.3

Parsing configuration file phpDocumentor.ini...
   (found in /usr/share/php/data/PhpDocumentor/)...

done
Maximum memory usage set at 256M after considering php.ini...
using tokenizer Parser
Hidden /usr/local/horde/checkout/horde-hatchery.git/turba/lib/.htaccess Ignored


Grabbing README/INSTALL/CHANGELOG
README...
done


Tutorial/Extended Documentation Parsing Stage

done


General Parsing Stage

Reading file /usr/local/horde/checkout/horde-hatchery.git/turba/lib/Api.php -- Parsing file
WARNING in Api.php on line 10: DocBlock would be page-level, but precedes class "Turba_Api", use another DocBlock to document the file
Reading file /usr/local/horde/checkout/horde-hatchery.git/turba/lib/Application.php -- Parsing file
WARNING in Application.php on line 7: DocBlock would be page-level, but precedes class "Turba_Application", use another DocBlock to document the file
Reading file /usr/local/horde/checkout/horde-hatchery.git/turba/lib/Block/minisearch.php -- Parsing file
WARNING in minisearch.php on line 10: DocBlock would be page-level, but precedes class "Horde_Block_turba_minisearch", use another DocBlock to document the file
Reading file /usr/local/horde/checkout/horde-hatchery.git/turba/lib/Block/tree_menu.php -- Parsing file
WARNING in tree_menu.php on line 8: DocBlock would be page-level, but precedes class "Horde_Block_turba_tree_menu", use another DocBlock to document the file
Reading file /usr/local/horde/checkout/horde-hatchery.git/turba/lib/Data/ldif.php -- Parsing file
WARNING in ldif.php on line 13: DocBlock would be page-level, but precedes class "Horde_Data_Ldif", use another DocBlock to document the file
Reading file /usr/local/horde/checkout/horde-hatchery.git/turba/lib/Driver.php -- Parsing file
WARNING in Driver.php on line 11: DocBlock would be page-level, but precedes class "Turba_Driver", use another DocBlock to document the file
WARNING in Driver.php on line 1924: Unknown tag "@string" used
Reading file /usr/local/horde/checkout/horde-hatchery.git/turba/lib/Driver/Facebook.php -- Parsing file
WARNING in Facebook.php on line 16: no @package tag was used in a DocBlock for class Turba_Driver_Facebook
WARNING in Facebook.php on line 190: File "/usr/local/horde/checkout/horde-hatchery.git/turba/lib/Driver/Facebook.php" has no page-level DocBlock, use @package in the first DocBlock to create one
Reading file /usr/local/horde/checkout/horde-hatchery.git/turba/lib/Driver/Favourites.php -- Parsing file
WARNING in Favourites.php on line 9: DocBlock would be page-level, but precedes class "Turba_Driver_Favourites", use another DocBlock to document the file
Reading file /usr/local/horde/checkout/horde-hatchery.git/turba/lib/Driver/Group.php -- Parsing file
WARNING in Group.php on line 9: DocBlock would be page-level, but precedes class "Turba_Driver_Group", use another DocBlock to document the file
Reading file /usr/local/horde/checkout/horde-hatchery.git/turba/lib/Driver/Imsp.php -- Parsing file
WARNING in Imsp.php on line 8: DocBlock would be page-level, but precedes class "Turba_Driver_Imsp", use another DocBlock to document the file
Reading file /usr/local/horde/checkout/horde-hatchery.git/turba/lib/Driver/Kolab.php -- Parsing file
WARNING in Kolab.php on line 1290: File "/usr/local/horde/checkout/horde-hatchery.git/turba/lib/Driver/Kolab.php" has no page-level DocBlock, use @package in the first DocBlock to create one
Reading file /usr/local/horde/checkout/horde-hatchery.git/turba/lib/Driver/Ldap.php -- Parsing file
WARNING in Ldap.php on line 9: DocBlock would be page-level, but precedes class "Turba_Driver_Ldap", use another DocBlock to document the file
Reading file /usr/local/horde/checkout/horde-hatchery.git/turba/lib/Driver/Prefs.php -- Parsing file
WARNING in Prefs.php on line 9: DocBlock would be page-level, but precedes class "Turba_Driver_Prefs", use another DocBlock to document the file
Reading file /usr/local/horde/checkout/horde-hatchery.git/turba/lib/Driver/Share.php -- Parsing file
WARNING in Share.php on line 11: DocBlock would be page-level, but precedes class "Turba_Driver_Share", use another DocBlock to document the file
WARNING in Share.php on line 56: Unknown tag "@string" used
Reading file /usr/local/horde/checkout/horde-hatchery.git/turba/lib/Driver/Sql.php -- Parsing file
WARNING in Sql.php on line 9: DocBlock would be page-level, but precedes class "Turba_Driver_Sql", use another DocBlock to document the file
Reading file /usr/local/horde/checkout/horde-hatchery.git/turba/lib/Driver/Vbook.php -- Parsing file
WARNING in Vbook.php on line 13: DocBlock would be page-level, but precedes class "Turba_Driver_Vbook", use another DocBlock to document the file
Reading file /usr/local/horde/checkout/horde-hatchery.git/turba/lib/Forms/AddContact.php -- Parsing file
Reading file /usr/local/horde/checkout/horde-hatchery.git/turba/lib/Forms/Contact.php -- Parsing file
Reading file /usr/local/horde/checkout/horde-hatchery.git/turba/lib/Forms/CreateAddressBook.php -- Parsing file
Reading file /usr/local/horde/checkout/horde-hatchery.git/turba/lib/Forms/DeleteAddressBook.php -- Parsing file
Reading file /usr/local/horde/checkout/horde-hatchery.git/turba/lib/Forms/EditAddressBook.php -- Parsing file
Reading file /usr/local/horde/checkout/horde-hatchery.git/turba/lib/Forms/EditContact.php -- Parsing file
Reading file /usr/local/horde/checkout/horde-hatchery.git/turba/lib/List.php -- Parsing file
WARNING in List.php on line 9: DocBlock would be page-level, but precedes class "Turba_List", use another DocBlock to document the file
Reading file /usr/local/horde/checkout/horde-hatchery.git/turba/lib/ListView.php -- Parsing file
WARNING in ListView.php on line 9: DocBlock would be page-level, but precedes class "Turba_ListView", use another DocBlock to document the file
WARNING in ListView.php on line 453: no @package tag was used in a DocBlock for class Turba_ListView_AlphaFilter
WARNING in ListView.php on line 479: no @package tag was used in a DocBlock for class Turba_ListView_PageFilter
Reading file /usr/local/horde/checkout/horde-hatchery.git/turba/lib/LoginTasks/SystemTask/UpgradeLists.php -- Parsing file
WARNING in UpgradeLists.php on line 8: DocBlock would be page-level, but precedes class "Turba_LoginTasks_SystemTask_UpgradeList", use another DocBlock to document the file
Reading file /usr/local/horde/checkout/horde-hatchery.git/turba/lib/LoginTasks/SystemTask/UpgradePrefs.php -- Parsing file
WARNING in UpgradePrefs.php on line 8: DocBlock would be page-level, but precedes class "Turba_LoginTasks_SystemTask_UpgradePrefs", use another DocBlock to document the file
Reading file /usr/local/horde/checkout/horde-hatchery.git/turba/lib/Object.php -- Parsing file
WARNING in Object.php on line 9: DocBlock would be page-level, but precedes class "Turba_Object", use another DocBlock to document the file
Reading file /usr/local/horde/checkout/horde-hatchery.git/turba/lib/Object/Group.php -- Parsing file
WARNING in Group.php on line 9: DocBlock would be page-level, but precedes class "Turba_Object_Group", use another DocBlock to document the file
Reading file /usr/local/horde/checkout/horde-hatchery.git/turba/lib/Turba.php -- Parsing file
WARNING in Turba.php on line 615: File "/usr/local/horde/checkout/horde-hatchery.git/turba/lib/Turba.php" has no page-level DocBlock, use @package in the first DocBlock to create one
Reading file /usr/local/horde/checkout/horde-hatchery.git/turba/lib/View/Browse.php -- Parsing file
WARNING in Browse.php on line 13: DocBlock would be page-level, but precedes class "Turba_View_Browse", use another DocBlock to document the file
Reading file /usr/local/horde/checkout/horde-hatchery.git/turba/lib/View/Contact.php -- Parsing file
WARNING in Contact.php on line 111: File "/usr/local/horde/checkout/horde-hatchery.git/turba/lib/View/Contact.php" has no page-level DocBlock, use @package in the first DocBlock to create one
Reading file /usr/local/horde/checkout/horde-hatchery.git/turba/lib/View/DeleteContact.php -- Parsing file
WARNING in DeleteContact.php on line 7: DocBlock would be page-level, but precedes class "Turba_View_DeleteContact", use another DocBlock to document the file
Reading file /usr/local/horde/checkout/horde-hatchery.git/turba/lib/View/EditContact.php -- Parsing file
WARNING in EditContact.php on line 66: File "/usr/local/horde/checkout/horde-hatchery.git/turba/lib/View/EditContact.php" has no page-level DocBlock, use @package in the first DocBlock to create one
Reading file /usr/local/horde/checkout/horde-hatchery.git/turba/lib/base.load.php -- Parsing file
WARNING in base.load.php on line 13: Page-level DocBlock precedes "define TURBA_BASE", use another DocBlock to document the source element
Reading file /usr/local/horde/checkout/horde-hatchery.git/turba/lib/base.php -- Parsing file
WARNING in base.php on line 102: File "/usr/local/horde/checkout/horde-hatchery.git/turba/lib/base.php" has no page-level DocBlock, use @package in the first DocBlock to create one
Reading file /usr/local/horde/checkout/horde-hatchery.git/turba/lib/tests/ApiTest.php -- Parsing file
WARNING in ApiTest.php on line 49: File "/usr/local/horde/checkout/horde-hatchery.git/turba/lib/tests/ApiTest.php" has no page-level DocBlock, use @package in the first DocBlock to create one
Reading file /usr/local/horde/checkout/horde-hatchery.git/turba/lib/tests/BrowsePageTest.php -- Parsing file
WARNING in BrowsePageTest.php on line 178: File "/usr/local/horde/checkout/horde-hatchery.git/turba/lib/tests/BrowsePageTest.php" has no page-level DocBlock, use @package in the first DocBlock to create one
Reading file /usr/local/horde/checkout/horde-hatchery.git/turba/lib/tests/DriverTest.php -- Parsing file
WARNING in DriverTest.php on line 48: File "/usr/local/horde/checkout/horde-hatchery.git/turba/lib/tests/DriverTest.php" has no page-level DocBlock, use @package in the first DocBlock to create one
Reading file /usr/local/horde/checkout/horde-hatchery.git/turba/lib/tests/GroupTest.php -- Parsing file
WARNING in GroupTest.php on line 28: File "/usr/local/horde/checkout/horde-hatchery.git/turba/lib/tests/GroupTest.php" has no page-level DocBlock, use @package in the first DocBlock to create one
Reading file /usr/local/horde/checkout/horde-hatchery.git/turba/lib/tests/KolabTest.php -- Parsing file
WARNING in KolabTest.php on line 200: File "/usr/local/horde/checkout/horde-hatchery.git/turba/lib/tests/KolabTest.php" has no page-level DocBlock, use @package in the first DocBlock to create one
Reading file /usr/local/horde/checkout/horde-hatchery.git/turba/lib/tests/KolabTestBase.php -- Parsing file
WARNING in KolabTestBase.php on line 15: package horde is already in category horde, will now replace with category Kolab
Reading file /usr/local/horde/checkout/horde-hatchery.git/turba/lib/tests/ListTest.php -- Parsing file
WARNING in ListTest.php on line 9: package horde is already in category Kolab, will now replace with category horde
WARNING in ListTest.php on line 29: File "/usr/local/horde/checkout/horde-hatchery.git/turba/lib/tests/ListTest.php" has no page-level DocBlock, use @package in the first DocBlock to create one
Reading file /usr/local/horde/checkout/horde-hatchery.git/turba/lib/tests/ListViewTest.php -- Parsing file
WARNING in ListViewTest.php on line 86: File "/usr/local/horde/checkout/horde-hatchery.git/turba/lib/tests/ListViewTest.php" has no page-level DocBlock, use @package in the first DocBlock to create one
Reading file /usr/local/horde/checkout/horde-hatchery.git/turba/lib/tests/TestBase.php -- Parsing file
WARNING in TestBase.php on line 8: DocBlock would be page-level, but precedes class "Turba_TestBase", use another DocBlock to document the file
Reading file /usr/local/horde/checkout/horde-hatchery.git/turba/lib/tests/ViewBrowseTest.php -- Parsing file
WARNING in ViewBrowseTest.php on line 179: File "/usr/local/horde/checkout/horde-hatchery.git/turba/lib/tests/ViewBrowseTest.php" has no page-level DocBlock, use @package in the first DocBlock to create one
Reading file /usr/local/horde/checkout/horde-hatchery.git/turba/lib/tests/az.png -- File not parsed, not a php file
Reading file /usr/local/horde/checkout/horde-hatchery.git/turba/lib/tests/bug_6518.phpt -- File not parsed, not a php file
Reading file /usr/local/horde/checkout/horde-hatchery.git/turba/lib/tests/import.ldif -- File not parsed, not a php file
Reading file /usr/local/horde/checkout/horde-hatchery.git/turba/lib/tests/importCRLF.ldif -- File not parsed, not a php file
Reading file /usr/local/horde/checkout/horde-hatchery.git/turba/lib/tests/ldif_exportFile.phpt -- File not parsed, not a php file
Reading file /usr/local/horde/checkout/horde-hatchery.git/turba/lib/tests/ldif_importFile.phpt -- File not parsed, not a php file
Reading file /usr/local/horde/checkout/horde-hatchery.git/turba/lib/tests/ldif_importFileCRLF.phpt -- File not parsed, not a php file
Reading file /usr/local/horde/checkout/horde-hatchery.git/turba/lib/tests/tohash.phpt -- File not parsed, not a php file
Reading file /usr/local/horde/checkout/horde-hatchery.git/turba/lib/tests/tovcard.phpt -- File not parsed, not a php file
done

Converting From Abstract Parsed Data

Processing Class Inheritance


Processing Root Trees


Processing leftover classes (classes that extend root classes not found in the same package)
Processing Turba_Api in file /usr/local/horde/checkout/horde-hatchery.git/turba/lib/Api.php
WARNING: Class Turba_Api parent Horde_Registry_Api not found
Processing Turba_Application in file /usr/local/horde/checkout/horde-hatchery.git/turba/lib/Application.php
WARNING: Class Turba_Application parent Horde_Registry_Application not found
Processing Horde_Block_turba_minisearch in file /usr/local/horde/checkout/horde-hatchery.git/turba/lib/Block/minisearch.php
WARNING: Class Horde_Block_turba_minisearch parent Horde_Block not found
Processing Horde_Block_turba_tree_menu in file /usr/local/horde/checkout/horde-hatchery.git/turba/lib/Block/tree_menu.php
WARNING: Class Horde_Block_turba_tree_menu parent Horde_Block not found
Processing Horde_Data_Ldif in file /usr/local/horde/checkout/horde-hatchery.git/turba/lib/Data/ldif.php
WARNING: Class Horde_Data_Ldif parent Horde_Data not found
Processing Turba_Driver_Kolab_Wrapper_Old in file /usr/local/horde/checkout/horde-hatchery.git/turba/lib/Driver/Kolab.php
WARNING: Class Turba_Driver_Kolab_Wrapper_Old parent Turba_Driver_Kolab_Wrapper not found
Processing Turba_Driver_Kolab_Wrapper_New in file /usr/local/horde/checkout/horde-hatchery.git/turba/lib/Driver/Kolab.php
WARNING: Class Turba_Driver_Kolab_Wrapper_New parent Turba_Driver_Kolab_Wrapper not found
Processing Turba_AddContactForm in file /usr/local/horde/checkout/horde-hatchery.git/turba/lib/Forms/AddContact.php
Processing Turba_ContactForm in file /usr/local/horde/checkout/horde-hatchery.git/turba/lib/Forms/Contact.php
WARNING: Class Turba_ContactForm parent Horde_Form not found
Processing Turba_CreateAddressBookForm in file /usr/local/horde/checkout/horde-hatchery.git/turba/lib/Forms/CreateAddressBook.php
WARNING: Class Turba_CreateAddressBookForm parent Horde_Form not found
Processing Turba_DeleteAddressBookForm in file /usr/local/horde/checkout/horde-hatchery.git/turba/lib/Forms/DeleteAddressBook.php
WARNING: Class Turba_DeleteAddressBookForm parent Horde_Form not found
Processing Turba_EditAddressBookForm in file /usr/local/horde/checkout/horde-hatchery.git/turba/lib/Forms/EditAddressBook.php
WARNING: Class Turba_EditAddressBookForm parent Horde_Form not found
Processing Turba_LoginTasks_SystemTask_UpgradeList in file /usr/local/horde/checkout/horde-hatchery.git/turba/lib/LoginTasks/SystemTask/UpgradeLists.php
WARNING: Class Turba_LoginTasks_SystemTask_UpgradeList parent Horde_LoginTasks_SystemTask not found
Processing Turba_LoginTasks_SystemTask_UpgradePrefs in file /usr/local/horde/checkout/horde-hatchery.git/turba/lib/LoginTasks/SystemTask/UpgradePrefs.php
WARNING: Class Turba_LoginTasks_SystemTask_UpgradePrefs parent Horde_LoginTasks_SystemTask not found
Processing Turba_ApiTest in file /usr/local/horde/checkout/horde-hatchery.git/turba/lib/tests/ApiTest.php
Processing Turba_BrowsePageTest in file /usr/local/horde/checkout/horde-hatchery.git/turba/lib/tests/BrowsePageTest.php
Processing Turba_DriverTest in file /usr/local/horde/checkout/horde-hatchery.git/turba/lib/tests/DriverTest.php
Processing Turba_GroupTest in file /usr/local/horde/checkout/horde-hatchery.git/turba/lib/tests/GroupTest.php
Processing Turba_KolabTest in file /usr/local/horde/checkout/horde-hatchery.git/turba/lib/tests/KolabTest.php
Processing Turba_KolabTestBase in file /usr/local/horde/checkout/horde-hatchery.git/turba/lib/tests/KolabTestBase.php
WARNING: Class Turba_KolabTestBase parent Horde_Kolab_Test_Storage not found
Processing Turba_ListTest in file /usr/local/horde/checkout/horde-hatchery.git/turba/lib/tests/ListTest.php
Processing Turba_ListViewTest in file /usr/local/horde/checkout/horde-hatchery.git/turba/lib/tests/ListViewTest.php
Processing Turba_TestBase in file /usr/local/horde/checkout/horde-hatchery.git/turba/lib/tests/TestBase.php
WARNING: Class Turba_TestBase parent PHPUnit_Framework_TestCase not found
done processing leftover classes

Processing Procedural Page Element Name Conflicts


Sorting page elements...done
Formatting @uses list...done

creating /horde/web/dev.horde.org/api/turba/media
copying /horde/web/dev.horde.org/api/turba/media/banner.css
copying /horde/web/dev.horde.org/api/turba/media/stylesheet.css
creating /horde/web/dev.horde.org/api/turba/media/images
copying /horde/web/dev.horde.org/api/turba/media/images/AbstractClass.png
copying /horde/web/dev.horde.org/api/turba/media/images/AbstractClass_logo.png
copying /horde/web/dev.horde.org/api/turba/media/images/AbstractMethod.png
copying /horde/web/dev.horde.org/api/turba/media/images/AbstractPrivateClass.png
copying /horde/web/dev.horde.org/api/turba/media/images/AbstractPrivateClass_logo.png
copying /horde/web/dev.horde.org/api/turba/media/images/AbstractPrivateMethod.png
copying /horde/web/dev.horde.org/api/turba/media/images/blank.png
copying /horde/web/dev.horde.org/api/turba/media/images/Class.png
copying /horde/web/dev.horde.org/api/turba/media/images/class_folder.png
copying /horde/web/dev.horde.org/api/turba/media/images/Class_logo.png
copying /horde/web/dev.horde.org/api/turba/media/images/Constant.png
copying /horde/web/dev.horde.org/api/turba/media/images/Constructor.png
copying /horde/web/dev.horde.org/api/turba/media/images/Destructor.png
copying /horde/web/dev.horde.org/api/turba/media/images/empty.png
copying /horde/web/dev.horde.org/api/turba/media/images/file.png
copying /horde/web/dev.horde.org/api/turba/media/images/folder.png
copying /horde/web/dev.horde.org/api/turba/media/images/Function.png
copying /horde/web/dev.horde.org/api/turba/media/images/function_folder.png
copying /horde/web/dev.horde.org/api/turba/media/images/Global.png
copying /horde/web/dev.horde.org/api/turba/media/images/I.png
copying /horde/web/dev.horde.org/api/turba/media/images/Index.png
copying /horde/web/dev.horde.org/api/turba/media/images/Interface.png
copying /horde/web/dev.horde.org/api/turba/media/images/Interface_logo.png
copying /horde/web/dev.horde.org/api/turba/media/images/L.png
copying /horde/web/dev.horde.org/api/turba/media/images/Lminus.png
copying /horde/web/dev.horde.org/api/turba/media/images/Lplus.png
copying /horde/web/dev.horde.org/api/turba/media/images/Method.png
copying /horde/web/dev.horde.org/api/turba/media/images/minus.gif
copying /horde/web/dev.horde.org/api/turba/media/images/next_button.png
copying /horde/web/dev.horde.org/api/turba/media/images/next_button_disabled.png
copying /horde/web/dev.horde.org/api/turba/media/images/package.png
copying /horde/web/dev.horde.org/api/turba/media/images/package_folder.png
copying /horde/web/dev.horde.org/api/turba/media/images/Page.png
copying /horde/web/dev.horde.org/api/turba/media/images/Page_logo.png
copying /horde/web/dev.horde.org/api/turba/media/images/plus.gif
copying /horde/web/dev.horde.org/api/turba/media/images/previous_button.png
copying /horde/web/dev.horde.org/api/turba/media/images/previous_button_disabled.png
copying /horde/web/dev.horde.org/api/turba/media/images/PrivateClass.png
copying /horde/web/dev.horde.org/api/turba/media/images/PrivateClass_logo.png
copying /horde/web/dev.horde.org/api/turba/media/images/PrivateMethod.png
copying /horde/web/dev.horde.org/api/turba/media/images/PrivateVariable.png
copying /horde/web/dev.horde.org/api/turba/media/images/private_class_logo.png
copying /horde/web/dev.horde.org/api/turba/media/images/StaticMethod.png
copying /horde/web/dev.horde.org/api/turba/media/images/StaticVariable.png
copying /horde/web/dev.horde.org/api/turba/media/images/T.png
copying /horde/web/dev.horde.org/api/turba/media/images/Tminus.png
copying /horde/web/dev.horde.org/api/turba/media/images/Tplus.png
copying /horde/web/dev.horde.org/api/turba/media/images/tutorial.png
copying /horde/web/dev.horde.org/api/turba/media/images/tutorial_folder.png
copying /horde/web/dev.horde.org/api/turba/media/images/up_button.png
copying /horde/web/dev.horde.org/api/turba/media/images/Variable.png
creating /horde/web/dev.horde.org/api/turba/media/lib
copying /horde/web/dev.horde.org/api/turba/media/lib/classTree.js
Building indexes...done

Sorting Indexes...done

Sorting @todo list...done
Converting README/INSTALL/CHANGELOG contents...
README...    Writing /horde/web/dev.horde.org/api/turba/ric_README.html

done
Converting tutorials/extended docs
Formatting Package Indexes...    Writing /horde/web/dev.horde.org/api/turba/elementindex_Turba.html
    Writing /horde/web/dev.horde.org/api/turba/elementindex_horde.html
    Writing /horde/web/dev.horde.org/api/turba/elementindex_Kolab_Test.html
    Writing /horde/web/dev.horde.org/api/turba/elementindex_Horde_Data.html
    Writing /horde/web/dev.horde.org/api/turba/elementindex_Horde_Block.html
    Writing /horde/web/dev.horde.org/api/turba/elementindex_Horde_LoginTasks.html

done
Formatting Index...
    Writing /horde/web/dev.horde.org/api/turba/elementindex.html
    Writing /horde/web/dev.horde.org/api/turba/blank.html

    Writing /horde/web/dev.horde.org/api/turba/index.html
    Writing /horde/web/dev.horde.org/api/turba/packages.html
done

Formatting Left Quick Index...
    Writing /horde/web/dev.horde.org/api/turba/li_Turba.html
    Writing /horde/web/dev.horde.org/api/turba/classtrees_Turba.html

    Writing /horde/web/dev.horde.org/api/turba/li_horde.html
    Writing /horde/web/dev.horde.org/api/turba/classtrees_horde.html

    Writing /horde/web/dev.horde.org/api/turba/li_Horde_Block.html
    Writing /horde/web/dev.horde.org/api/turba/classtrees_Horde_Block.html

    Writing /horde/web/dev.horde.org/api/turba/li_Horde_Data.html
    Writing /horde/web/dev.horde.org/api/turba/classtrees_Horde_Data.html

    Writing /horde/web/dev.horde.org/api/turba/li_Horde_LoginTasks.html
    Writing /horde/web/dev.horde.org/api/turba/classtrees_Horde_LoginTasks.html

    Writing /horde/web/dev.horde.org/api/turba/li_Kolab_Test.html
    Writing /horde/web/dev.horde.org/api/turba/classtrees_Kolab_Test.html

done

Converting /usr/local/horde/checkout/horde-hatchery.git/turba/lib/Forms/AddContact.php Procedural Page Elements... Classes...
    Writing /horde/web/dev.horde.org/api/turba/Turba/Turba_AddContactForm.html
 done
    Writing /horde/web/dev.horde.org/api/turba/Turba/_lib---Forms---AddContact.php.html
Converting /usr/local/horde/checkout/horde-hatchery.git/turba/lib/Api.php Procedural Page Elements... Classes...
    Writing /horde/web/dev.horde.org/api/turba/Turba/Turba_Api.html
 done
    Writing /horde/web/dev.horde.org/api/turba/Turba/_lib---Api.php.html
Converting /usr/local/horde/checkout/horde-hatchery.git/turba/lib/tests/ApiTest.php Procedural Page Elements... Classes...
    Writing /horde/web/dev.horde.org/api/turba/Turba/UnitTests/Turba_ApiTest.html
 done
    Writing /horde/web/dev.horde.org/api/turba/Turba/UnitTests/_lib---tests---ApiTest.php.html
Converting /usr/local/horde/checkout/horde-hatchery.git/turba/lib/Application.php Procedural Page Elements... Classes...
    Writing /horde/web/dev.horde.org/api/turba/Turba/Turba_Application.html
 done
    Writing /horde/web/dev.horde.org/api/turba/Turba/_lib---Application.php.html
Converting /usr/local/horde/checkout/horde-hatchery.git/turba/lib/base.load.php Procedural Page Elements... Classes... done
    Writing /horde/web/dev.horde.org/api/turba/Turba/_lib---base.load.php.html
Converting /usr/local/horde/checkout/horde-hatchery.git/turba/lib/base.php Procedural Page Elements... Classes... done
    Writing /horde/web/dev.horde.org/api/turba/horde/_lib---base.php.html
Converting /usr/local/horde/checkout/horde-hatchery.git/turba/lib/View/Browse.php Procedural Page Elements... Classes...
    Writing /horde/web/dev.horde.org/api/turba/Turba/Turba_View_Browse.html
 done
    Writing /horde/web/dev.horde.org/api/turba/Turba/_lib---View---Browse.php.html
Converting /usr/local/horde/checkout/horde-hatchery.git/turba/lib/tests/BrowsePageTest.php Procedural Page Elements... Classes...
    Writing /horde/web/dev.horde.org/api/turba/Turba/UnitTests/Turba_BrowsePageTest.html
 done
    Writing /horde/web/dev.horde.org/api/turba/Turba/UnitTests/_lib---tests---BrowsePageTest.php.html
Converting /usr/local/horde/checkout/horde-hatchery.git/turba/lib/View/Contact.php Procedural Page Elements... Classes...
    Writing /horde/web/dev.horde.org/api/turba/Turba/Turba_View_Contact.html
 done
    Writing /horde/web/dev.horde.org/api/turba/Turba/_lib---View---Contact.php.html
Converting /usr/local/horde/checkout/horde-hatchery.git/turba/lib/Forms/Contact.php Procedural Page Elements... Classes...
    Writing /horde/web/dev.horde.org/api/turba/Turba/Turba_ContactForm.html
 done
    Writing /horde/web/dev.horde.org/api/turba/Turba/_lib---Forms---Contact.php.html
Converting /usr/local/horde/checkout/horde-hatchery.git/turba/lib/Forms/CreateAddressBook.php Procedural Page Elements... Classes...
    Writing /horde/web/dev.horde.org/api/turba/Turba/Turba_CreateAddressBookForm.html
 done
    Writing /horde/web/dev.horde.org/api/turba/Turba/_lib---Forms---CreateAddressBook.php.html
Converting /usr/local/horde/checkout/horde-hatchery.git/turba/lib/Forms/DeleteAddressBook.php Procedural Page Elements... Classes...
    Writing /horde/web/dev.horde.org/api/turba/Turba/Turba_DeleteAddressBookForm.html
 done
    Writing /horde/web/dev.horde.org/api/turba/Turba/_lib---Forms---DeleteAddressBook.php.html
Converting /usr/local/horde/checkout/horde-hatchery.git/turba/lib/View/DeleteContact.php Procedural Page Elements... Classes...
    Writing /horde/web/dev.horde.org/api/turba/Turba/Turba_View_DeleteContact.html
 done
    Writing /horde/web/dev.horde.org/api/turba/Turba/_lib---View---DeleteContact.php.html
Converting /usr/local/horde/checkout/horde-hatchery.git/turba/lib/Driver.php Procedural Page Elements... Classes...
    Writing /horde/web/dev.horde.org/api/turba/Turba/Turba_Driver.html
 done
    Writing /horde/web/dev.horde.org/api/turba/Turba/_lib---Driver.php.html
Converting /usr/local/horde/checkout/horde-hatchery.git/turba/lib/tests/DriverTest.php Procedural Page Elements... Classes...
    Writing /horde/web/dev.horde.org/api/turba/Turba/UnitTests/Turba_DriverTest.html
 done
    Writing /horde/web/dev.horde.org/api/turba/Turba/UnitTests/_lib---tests---DriverTest.php.html
Converting /usr/local/horde/checkout/horde-hatchery.git/turba/lib/Forms/EditAddressBook.php Procedural Page Elements... Classes...
    Writing /horde/web/dev.horde.org/api/turba/Turba/Turba_EditAddressBookForm.html
 done
    Writing /horde/web/dev.horde.org/api/turba/Turba/_lib---Forms---EditAddressBook.php.html
Converting /usr/local/horde/checkout/horde-hatchery.git/turba/lib/View/EditContact.php Procedural Page Elements... Classes...
    Writing /horde/web/dev.horde.org/api/turba/Turba/Turba_View_EditContact.html
 done
    Writing /horde/web/dev.horde.org/api/turba/Turba/_lib---View---EditContact.php.html
Converting /usr/local/horde/checkout/horde-hatchery.git/turba/lib/Forms/EditContact.php Procedural Page Elements... Classes...
    Writing /horde/web/dev.horde.org/api/turba/Turba/Turba_EditContactForm.html
    Writing /horde/web/dev.horde.org/api/turba/Turba/Turba_EditContactGroupForm.html
 done
    Writing /horde/web/dev.horde.org/api/turba/Turba/_lib---Forms---EditContact.php.html
Converting /usr/local/horde/checkout/horde-hatchery.git/turba/lib/Driver/Facebook.php Procedural Page Elements... Classes...
    Writing /horde/web/dev.horde.org/api/turba/Turba/Turba_Driver_Facebook.html
 done
    Writing /horde/web/dev.horde.org/api/turba/horde/_lib---Driver---Facebook.php.html
Converting /usr/local/horde/checkout/horde-hatchery.git/turba/lib/Driver/Favourites.php Procedural Page Elements... Classes...
    Writing /horde/web/dev.horde.org/api/turba/Turba/Turba_Driver_Favourites.html
 done
    Writing /horde/web/dev.horde.org/api/turba/Turba/_lib---Driver---Favourites.php.html
Converting /usr/local/horde/checkout/horde-hatchery.git/turba/lib/Object/Group.php Procedural Page Elements... Classes...
    Writing /horde/web/dev.horde.org/api/turba/Turba/Turba_Object_Group.html
 done
    Writing /horde/web/dev.horde.org/api/turba/Turba/_lib---Object---Group.php.html
Converting /usr/local/horde/checkout/horde-hatchery.git/turba/lib/Driver/Group.php Procedural Page Elements... Classes...
    Writing /horde/web/dev.horde.org/api/turba/Turba/Turba_Driver_Group.html
 done
    Writing /horde/web/dev.horde.org/api/turba/Turba/_lib---Driver---Group.php.html
Converting /usr/local/horde/checkout/horde-hatchery.git/turba/lib/tests/GroupTest.php Procedural Page Elements... Classes...
    Writing /horde/web/dev.horde.org/api/turba/Turba/UnitTests/Turba_GroupTest.html
 done
    Writing /horde/web/dev.horde.org/api/turba/Turba/UnitTests/_lib---tests---GroupTest.php.html
Converting /usr/local/horde/checkout/horde-hatchery.git/turba/lib/Driver/Imsp.php Procedural Page Elements... Classes...
    Writing /horde/web/dev.horde.org/api/turba/Turba/Turba_Driver_Imsp.html
 done
    Writing /horde/web/dev.horde.org/api/turba/Turba/_lib---Driver---Imsp.php.html
Converting /usr/local/horde/checkout/horde-hatchery.git/turba/lib/Driver/Kolab.php Procedural Page Elements... Classes...
    Writing /horde/web/dev.horde.org/api/turba/Turba/Turba_Driver_Kolab.html
    Writing /horde/web/dev.horde.org/api/turba/Turba/Turba_Driver_Kolab_wrapper.html
    Writing /horde/web/dev.horde.org/api/turba/Turba/Turba_Driver_Kolab_Wrapper_New.html
    Writing /horde/web/dev.horde.org/api/turba/Turba/Turba_Driver_Kolab_Wrapper_Old.html
 done
    Writing /horde/web/dev.horde.org/api/turba/Turba/_lib---Driver---Kolab.php.html
Converting /usr/local/horde/checkout/horde-hatchery.git/turba/lib/tests/KolabTest.php Procedural Page Elements... Classes...
    Writing /horde/web/dev.horde.org/api/turba/Turba/UnitTests/Turba_KolabTest.html
 done
    Writing /horde/web/dev.horde.org/api/turba/Turba/UnitTests/_lib---tests---KolabTest.php.html
Converting /usr/local/horde/checkout/horde-hatchery.git/turba/lib/tests/KolabTestBase.php Procedural Page Elements... Classes...
    Writing /horde/web/dev.horde.org/api/turba/Kolab_Test/Turba_KolabTestBase.html
 done
    Writing /horde/web/dev.horde.org/api/turba/Kolab_Test/_lib---tests---KolabTestBase.php.html
Converting /usr/local/horde/checkout/horde-hatchery.git/turba/lib/Driver/Ldap.php Procedural Page Elements... Classes...
    Writing /horde/web/dev.horde.org/api/turba/Turba/Turba_Driver_Ldap.html
 done
    Writing /horde/web/dev.horde.org/api/turba/Turba/_lib---Driver---Ldap.php.html
Converting /usr/local/horde/checkout/horde-hatchery.git/turba/lib/Data/ldif.php Procedural Page Elements... Classes...
    Writing /horde/web/dev.horde.org/api/turba/Horde_Data/Horde_Data_Ldif.html
 done
    Writing /horde/web/dev.horde.org/api/turba/Horde_Data/_lib---Data---ldif.php.html
Converting /usr/local/horde/checkout/horde-hatchery.git/turba/lib/List.php Procedural Page Elements... Classes...
    Writing /horde/web/dev.horde.org/api/turba/Turba/Turba_List.html
 done
    Writing /horde/web/dev.horde.org/api/turba/Turba/_lib---List.php.html
Converting /usr/local/horde/checkout/horde-hatchery.git/turba/lib/tests/ListTest.php Procedural Page Elements... Classes...
    Writing /horde/web/dev.horde.org/api/turba/Turba/UnitTests/Turba_ListTest.html
 done
    Writing /horde/web/dev.horde.org/api/turba/Turba/UnitTests/_lib---tests---ListTest.php.html
Converting /usr/local/horde/checkout/horde-hatchery.git/turba/lib/ListView.php Procedural Page Elements... Classes...
    Writing /horde/web/dev.horde.org/api/turba/Turba/Turba_ListView.html
    Writing /horde/web/dev.horde.org/api/turba/Turba/Turba_ListView_AlphaFilter.html
    Writing /horde/web/dev.horde.org/api/turba/Turba/Turba_ListView_PageFilter.html
 done
    Writing /horde/web/dev.horde.org/api/turba/Turba/_lib---ListView.php.html
Converting /usr/local/horde/checkout/horde-hatchery.git/turba/lib/tests/ListViewTest.php Procedural Page Elements... Classes...
    Writing /horde/web/dev.horde.org/api/turba/Turba/UnitTests/Turba_ListViewTest.html
 done
    Writing /horde/web/dev.horde.org/api/turba/Turba/UnitTests/_lib---tests---ListViewTest.php.html
Converting /usr/local/horde/checkout/horde-hatchery.git/turba/lib/Block/minisearch.php Procedural Page Elements... Classes...
    Writing /horde/web/dev.horde.org/api/turba/Horde_Block/Horde_Block_turba_minisearch.html
 done
    Writing /horde/web/dev.horde.org/api/turba/Horde_Block/_lib---Block---minisearch.php.html
Converting /usr/local/horde/checkout/horde-hatchery.git/turba/lib/Object.php Procedural Page Elements... Classes...
    Writing /horde/web/dev.horde.org/api/turba/Turba/Turba_Object.html
 done
    Writing /horde/web/dev.horde.org/api/turba/Turba/_lib---Object.php.html
Converting /usr/local/horde/checkout/horde-hatchery.git/turba/lib/Driver/Prefs.php Procedural Page Elements... Classes...
    Writing /horde/web/dev.horde.org/api/turba/Turba/Turba_Driver_Prefs.html
 done
    Writing /horde/web/dev.horde.org/api/turba/Turba/_lib---Driver---Prefs.php.html
Converting /usr/local/horde/checkout/horde-hatchery.git/turba/lib/Driver/Share.php Procedural Page Elements... Classes...
    Writing /horde/web/dev.horde.org/api/turba/Turba/Turba_Driver_Share.html
 done
    Writing /horde/web/dev.horde.org/api/turba/Turba/_lib---Driver---Share.php.html
Converting /usr/local/horde/checkout/horde-hatchery.git/turba/lib/Driver/Sql.php Procedural Page Elements... Classes...
    Writing /horde/web/dev.horde.org/api/turba/Turba/Turba_Driver_Sql.html
 done
    Writing /horde/web/dev.horde.org/api/turba/Turba/_lib---Driver---Sql.php.html
Converting /usr/local/horde/checkout/horde-hatchery.git/turba/lib/tests/TestBase.php Procedural Page Elements... Classes...
    Writing /horde/web/dev.horde.org/api/turba/Turba/UnitTests/Turba_TestBase.html
 done
    Writing /horde/web/dev.horde.org/api/turba/Turba/UnitTests/_lib---tests---TestBase.php.html
Converting /usr/local/horde/checkout/horde-hatchery.git/turba/lib/Block/tree_menu.php Procedural Page Elements... Classes...
    Writing /horde/web/dev.horde.org/api/turba/Horde_Block/Horde_Block_turba_tree_menu.html
 done
    Writing /horde/web/dev.horde.org/api/turba/Horde_Block/_lib---Block---tree_menu.php.html
Converting /usr/local/horde/checkout/horde-hatchery.git/turba/lib/Turba.php Procedural Page Elements... Classes...
    Writing /horde/web/dev.horde.org/api/turba/Turba/Turba.html
 done
    Writing /horde/web/dev.horde.org/api/turba/Turba/_lib---Turba.php.html
Converting /usr/local/horde/checkout/horde-hatchery.git/turba/lib/LoginTasks/SystemTask/UpgradeLists.php Procedural Page Elements... Classes...
    Writing /horde/web/dev.horde.org/api/turba/Horde_LoginTasks/Turba_LoginTasks_SystemTask_UpgradeList.html
 done
    Writing /horde/web/dev.horde.org/api/turba/Horde_LoginTasks/_lib---LoginTasks---SystemTask---UpgradeLists.php.html
Converting /usr/local/horde/checkout/horde-hatchery.git/turba/lib/LoginTasks/SystemTask/UpgradePrefs.php Procedural Page Elements... Classes...
    Writing /horde/web/dev.horde.org/api/turba/Horde_LoginTasks/Turba_LoginTasks_SystemTask_UpgradePrefs.html
 done
    Writing /horde/web/dev.horde.org/api/turba/Horde_LoginTasks/_lib---LoginTasks---SystemTask---UpgradePrefs.php.html
Converting /usr/local/horde/checkout/horde-hatchery.git/turba/lib/Driver/Vbook.php Procedural Page Elements... Classes...
    Writing /horde/web/dev.horde.org/api/turba/Turba/Turba_Driver_Vbook.html
 done
    Writing /horde/web/dev.horde.org/api/turba/Turba/_lib---Driver---Vbook.php.html
Converting /usr/local/horde/checkout/horde-hatchery.git/turba/lib/tests/ViewBrowseTest.php Procedural Page Elements... Classes...
    Writing /horde/web/dev.horde.org/api/turba/Turba/UnitTests/Turba_ViewBrowseTest.html
 done
    Writing /horde/web/dev.horde.org/api/turba/Turba/UnitTests/_lib---tests---ViewBrowseTest.php.html

Converting @todo List...    Writing /horde/web/dev.horde.org/api/turba/todolist.html
done

Converting Error Log...    Writing /horde/web/dev.horde.org/api/turba/errors.html


To view errors and warnings, look at /horde/web/dev.horde.org/api/turba/errors.html
done

Parsing time: 6 seconds

Conversion time: 10 seconds

Total Documentation Time: 16 seconds
done
