PHP Version 5.2.11
phpDocumentor version 1.4.3

Parsing configuration file phpDocumentor.ini...
   (found in /usr/share/php/data/PhpDocumentor/)...

done
Maximum memory usage set at 256M after considering php.ini...
using tokenizer Parser
File /usr/local/horde/checkout/horde-hatchery.git/vilma/lib/version.php Ignored


Grabbing README/INSTALL/CHANGELOG
README...
done


Tutorial/Extended Documentation Parsing Stage

done


General Parsing Stage

Reading file /usr/local/horde/checkout/horde-hatchery.git/vilma/lib/Driver.php -- Parsing file
WARNING in Driver.php on line 12: DocBlock would be page-level, but precedes class "Vilma_Driver", use another DocBlock to document the file
Reading file /usr/local/horde/checkout/horde-hatchery.git/vilma/lib/Driver/qmailldap.php -- Parsing file
WARNING in qmailldap.php on line 14: Page-level DocBlock precedes "require_once 'Horde/SQL.php'", use another DocBlock to document the source element
WARNING in qmailldap.php on line 16: no @package tag was used in a DocBlock for class Vilma_Driver_qmailldap
Reading file /usr/local/horde/checkout/horde-hatchery.git/vilma/lib/Driver/sql.php -- Parsing file
WARNING in sql.php on line 12: DocBlock would be page-level, but precedes class "Vilma_Driver_sql", use another DocBlock to document the file
Reading file /usr/local/horde/checkout/horde-hatchery.git/vilma/lib/Forms/DeleteDomainForm.php -- Parsing file
WARNING in DeleteDomainForm.php on line 12: DocBlock would be page-level, but precedes class "DeleteDomainForm", use another DocBlock to document the file
Reading file /usr/local/horde/checkout/horde-hatchery.git/vilma/lib/Forms/EditDomainForm.php -- Parsing file
WARNING in EditDomainForm.php on line 13: DocBlock would be page-level, but precedes class "EditDomainForm", use another DocBlock to document the file
Reading file /usr/local/horde/checkout/horde-hatchery.git/vilma/lib/Forms/EditUserForm.php -- Parsing file
WARNING in EditUserForm.php on line 13: DocBlock would be page-level, but precedes class "EditUserForm", use another DocBlock to document the file
Reading file /usr/local/horde/checkout/horde-hatchery.git/vilma/lib/MailboxDriver.php -- Parsing file
WARNING in MailboxDriver.php on line 12: DocBlock would be page-level, but precedes class "Vilma_MailboxDriver", use another DocBlock to document the file
Reading file /usr/local/horde/checkout/horde-hatchery.git/vilma/lib/MailboxDriver/hooks.php -- Parsing file
WARNING in hooks.php on line 13: DocBlock would be page-level, but precedes class "Vilma_MailboxDriver_hooks", use another DocBlock to document the file
Reading file /usr/local/horde/checkout/horde-hatchery.git/vilma/lib/MailboxDriver/imap.php -- Parsing file
WARNING in imap.php on line 12: DocBlock would be page-level, but precedes class "Vilma_MailboxDriver_imap", use another DocBlock to document the file
Reading file /usr/local/horde/checkout/horde-hatchery.git/vilma/lib/MailboxDriver/maildrop.php -- Parsing file
WARNING in maildrop.php on line 12: DocBlock would be page-level, but precedes class "Vilma_MailboxDriver_maildrop", use another DocBlock to document the file
WARNING in maildrop.php on line 71: Unknown tag "@TODO:" used
Reading file /usr/local/horde/checkout/horde-hatchery.git/vilma/lib/MailboxDriver/null.php -- Parsing file
WARNING in null.php on line 12: DocBlock would be page-level, but precedes class "Vilma_MailboxDriver_null", use another DocBlock to document the file
WARNING in null.php on line 75: Unknown tag "@TODO:" used
Reading file /usr/local/horde/checkout/horde-hatchery.git/vilma/lib/Vilma.php -- Parsing file
WARNING in Vilma.php on line 13: DocBlock would be page-level, but precedes class "Vilma", use another DocBlock to document the file
Reading file /usr/local/horde/checkout/horde-hatchery.git/vilma/lib/api.php -- Parsing file
WARNING in api.php on line 20: Page-level DocBlock precedes "define VILMA_BASE", use another DocBlock to document the source element
Reading file /usr/local/horde/checkout/horde-hatchery.git/vilma/lib/base.php -- Parsing file
WARNING in base.php on line 17: Page-level DocBlock precedes "define HORDE_BASE", use another DocBlock to document the source element
Reading file /usr/local/horde/checkout/horde-hatchery.git/vilma/lib/tests/driver.phpt -- File not parsed, not a php file
done

Converting From Abstract Parsed Data

Processing Class Inheritance


Processing Root Trees


Processing leftover classes (classes that extend root classes not found in the same package)
Processing DeleteDomainForm in file /usr/local/horde/checkout/horde-hatchery.git/vilma/lib/Forms/DeleteDomainForm.php
WARNING: Class DeleteDomainForm parent Horde_Form not found
Processing EditDomainForm in file /usr/local/horde/checkout/horde-hatchery.git/vilma/lib/Forms/EditDomainForm.php
WARNING: Class EditDomainForm parent Horde_Form not found
Processing EditUserForm in file /usr/local/horde/checkout/horde-hatchery.git/vilma/lib/Forms/EditUserForm.php
WARNING: Class EditUserForm parent Horde_Form not found
done processing leftover classes

Processing Procedural Page Element Name Conflicts

WARNING: 
duplicate define element "VILMA_BASE" in file /usr/local/horde/checkout/horde-hatchery.git/vilma/lib/base.php will be ignored.
Use an @ignore tag on the original if you want this case to be documented.

Sorting page elements...done
Formatting @uses list...done

creating /horde/web/dev.horde.org/api/vilma/media
copying /horde/web/dev.horde.org/api/vilma/media/banner.css
copying /horde/web/dev.horde.org/api/vilma/media/stylesheet.css
creating /horde/web/dev.horde.org/api/vilma/media/images
copying /horde/web/dev.horde.org/api/vilma/media/images/AbstractClass.png
copying /horde/web/dev.horde.org/api/vilma/media/images/AbstractClass_logo.png
copying /horde/web/dev.horde.org/api/vilma/media/images/AbstractMethod.png
copying /horde/web/dev.horde.org/api/vilma/media/images/AbstractPrivateClass.png
copying /horde/web/dev.horde.org/api/vilma/media/images/AbstractPrivateClass_logo.png
copying /horde/web/dev.horde.org/api/vilma/media/images/AbstractPrivateMethod.png
copying /horde/web/dev.horde.org/api/vilma/media/images/blank.png
copying /horde/web/dev.horde.org/api/vilma/media/images/Class.png
copying /horde/web/dev.horde.org/api/vilma/media/images/class_folder.png
copying /horde/web/dev.horde.org/api/vilma/media/images/Class_logo.png
copying /horde/web/dev.horde.org/api/vilma/media/images/Constant.png
copying /horde/web/dev.horde.org/api/vilma/media/images/Constructor.png
copying /horde/web/dev.horde.org/api/vilma/media/images/Destructor.png
copying /horde/web/dev.horde.org/api/vilma/media/images/empty.png
copying /horde/web/dev.horde.org/api/vilma/media/images/file.png
copying /horde/web/dev.horde.org/api/vilma/media/images/folder.png
copying /horde/web/dev.horde.org/api/vilma/media/images/Function.png
copying /horde/web/dev.horde.org/api/vilma/media/images/function_folder.png
copying /horde/web/dev.horde.org/api/vilma/media/images/Global.png
copying /horde/web/dev.horde.org/api/vilma/media/images/I.png
copying /horde/web/dev.horde.org/api/vilma/media/images/Index.png
copying /horde/web/dev.horde.org/api/vilma/media/images/Interface.png
copying /horde/web/dev.horde.org/api/vilma/media/images/Interface_logo.png
copying /horde/web/dev.horde.org/api/vilma/media/images/L.png
copying /horde/web/dev.horde.org/api/vilma/media/images/Lminus.png
copying /horde/web/dev.horde.org/api/vilma/media/images/Lplus.png
copying /horde/web/dev.horde.org/api/vilma/media/images/Method.png
copying /horde/web/dev.horde.org/api/vilma/media/images/minus.gif
copying /horde/web/dev.horde.org/api/vilma/media/images/next_button.png
copying /horde/web/dev.horde.org/api/vilma/media/images/next_button_disabled.png
copying /horde/web/dev.horde.org/api/vilma/media/images/package.png
copying /horde/web/dev.horde.org/api/vilma/media/images/package_folder.png
copying /horde/web/dev.horde.org/api/vilma/media/images/Page.png
copying /horde/web/dev.horde.org/api/vilma/media/images/Page_logo.png
copying /horde/web/dev.horde.org/api/vilma/media/images/plus.gif
copying /horde/web/dev.horde.org/api/vilma/media/images/previous_button.png
copying /horde/web/dev.horde.org/api/vilma/media/images/previous_button_disabled.png
copying /horde/web/dev.horde.org/api/vilma/media/images/PrivateClass.png
copying /horde/web/dev.horde.org/api/vilma/media/images/PrivateClass_logo.png
copying /horde/web/dev.horde.org/api/vilma/media/images/PrivateMethod.png
copying /horde/web/dev.horde.org/api/vilma/media/images/PrivateVariable.png
copying /horde/web/dev.horde.org/api/vilma/media/images/private_class_logo.png
copying /horde/web/dev.horde.org/api/vilma/media/images/StaticMethod.png
copying /horde/web/dev.horde.org/api/vilma/media/images/StaticVariable.png
copying /horde/web/dev.horde.org/api/vilma/media/images/T.png
copying /horde/web/dev.horde.org/api/vilma/media/images/Tminus.png
copying /horde/web/dev.horde.org/api/vilma/media/images/Tplus.png
copying /horde/web/dev.horde.org/api/vilma/media/images/tutorial.png
copying /horde/web/dev.horde.org/api/vilma/media/images/tutorial_folder.png
copying /horde/web/dev.horde.org/api/vilma/media/images/up_button.png
copying /horde/web/dev.horde.org/api/vilma/media/images/Variable.png
creating /horde/web/dev.horde.org/api/vilma/media/lib
copying /horde/web/dev.horde.org/api/vilma/media/lib/classTree.js
Building indexes...done

Sorting Indexes...done

Sorting @todo list...done
Converting README/INSTALL/CHANGELOG contents...
README...    Writing /horde/web/dev.horde.org/api/vilma/ric_README.html

done
Converting tutorials/extended docs
Formatting Package Indexes...    Writing /horde/web/dev.horde.org/api/vilma/elementindex_Vilma.html

done
Formatting Index...
    Writing /horde/web/dev.horde.org/api/vilma/elementindex.html
    Writing /horde/web/dev.horde.org/api/vilma/blank.html

    Writing /horde/web/dev.horde.org/api/vilma/index.html
    Writing /horde/web/dev.horde.org/api/vilma/packages.html
done

Formatting Left Quick Index...
    Writing /horde/web/dev.horde.org/api/vilma/li_Vilma.html
    Writing /horde/web/dev.horde.org/api/vilma/classtrees_Vilma.html

done

Converting /usr/local/horde/checkout/horde-hatchery.git/vilma/lib/api.php Procedural Page Elements... Classes... done
    Writing /horde/web/dev.horde.org/api/vilma/Vilma/_lib---api.php.html
Converting /usr/local/horde/checkout/horde-hatchery.git/vilma/lib/base.php Procedural Page Elements... Classes... done
    Writing /horde/web/dev.horde.org/api/vilma/Vilma/_lib---base.php.html
Converting /usr/local/horde/checkout/horde-hatchery.git/vilma/lib/Forms/DeleteDomainForm.php Procedural Page Elements... Classes...
    Writing /horde/web/dev.horde.org/api/vilma/Vilma/DeleteDomainForm.html
 done
    Writing /horde/web/dev.horde.org/api/vilma/Vilma/_lib---Forms---DeleteDomainForm.php.html
Converting /usr/local/horde/checkout/horde-hatchery.git/vilma/lib/Driver.php Procedural Page Elements... Classes...
    Writing /horde/web/dev.horde.org/api/vilma/Vilma/Vilma_Driver.html
 done
    Writing /horde/web/dev.horde.org/api/vilma/Vilma/_lib---Driver.php.html
Converting /usr/local/horde/checkout/horde-hatchery.git/vilma/lib/Forms/EditDomainForm.php Procedural Page Elements... Classes...
    Writing /horde/web/dev.horde.org/api/vilma/Vilma/EditDomainForm.html
 done
    Writing /horde/web/dev.horde.org/api/vilma/Vilma/_lib---Forms---EditDomainForm.php.html
Converting /usr/local/horde/checkout/horde-hatchery.git/vilma/lib/Forms/EditUserForm.php Procedural Page Elements... Classes...
    Writing /horde/web/dev.horde.org/api/vilma/Vilma/EditUserForm.html
 done
    Writing /horde/web/dev.horde.org/api/vilma/Vilma/_lib---Forms---EditUserForm.php.html
Converting /usr/local/horde/checkout/horde-hatchery.git/vilma/lib/MailboxDriver/hooks.php Procedural Page Elements... Classes...
    Writing /horde/web/dev.horde.org/api/vilma/Vilma/Vilma_MailboxDriver_hooks.html
 done
    Writing /horde/web/dev.horde.org/api/vilma/Vilma/_lib---MailboxDriver---hooks.php.html
Converting /usr/local/horde/checkout/horde-hatchery.git/vilma/lib/MailboxDriver/imap.php Procedural Page Elements... Classes...
    Writing /horde/web/dev.horde.org/api/vilma/Vilma/Vilma_MailboxDriver_imap.html
 done
    Writing /horde/web/dev.horde.org/api/vilma/Vilma/_lib---MailboxDriver---imap.php.html
Converting /usr/local/horde/checkout/horde-hatchery.git/vilma/lib/MailboxDriver.php Procedural Page Elements... Classes...
    Writing /horde/web/dev.horde.org/api/vilma/Vilma/Vilma_MailboxDriver.html
 done
    Writing /horde/web/dev.horde.org/api/vilma/Vilma/_lib---MailboxDriver.php.html
Converting /usr/local/horde/checkout/horde-hatchery.git/vilma/lib/MailboxDriver/maildrop.php Procedural Page Elements... Classes...
    Writing /horde/web/dev.horde.org/api/vilma/Vilma/Vilma_MailboxDriver_maildrop.html
 done
    Writing /horde/web/dev.horde.org/api/vilma/Vilma/_lib---MailboxDriver---maildrop.php.html
Converting /usr/local/horde/checkout/horde-hatchery.git/vilma/lib/MailboxDriver/null.php Procedural Page Elements... Classes...
    Writing /horde/web/dev.horde.org/api/vilma/Vilma/Vilma_MailboxDriver_null.html
 done
    Writing /horde/web/dev.horde.org/api/vilma/Vilma/_lib---MailboxDriver---null.php.html
Converting /usr/local/horde/checkout/horde-hatchery.git/vilma/lib/Driver/qmailldap.php Procedural Page Elements... Classes...
    Writing /horde/web/dev.horde.org/api/vilma/Vilma/Vilma_Driver_qmailldap.html
 done
    Writing /horde/web/dev.horde.org/api/vilma/Vilma/_lib---Driver---qmailldap.php.html
Converting /usr/local/horde/checkout/horde-hatchery.git/vilma/lib/Driver/sql.php Procedural Page Elements... Classes...
    Writing /horde/web/dev.horde.org/api/vilma/Vilma/Vilma_Driver_sql.html
 done
    Writing /horde/web/dev.horde.org/api/vilma/Vilma/_lib---Driver---sql.php.html
Converting /usr/local/horde/checkout/horde-hatchery.git/vilma/lib/Vilma.php Procedural Page Elements... Classes...
    Writing /horde/web/dev.horde.org/api/vilma/Vilma/Vilma.html
 done
    Writing /horde/web/dev.horde.org/api/vilma/Vilma/_lib---Vilma.php.html

Converting @todo List...    Writing /horde/web/dev.horde.org/api/vilma/todolist.html
done

Converting Error Log...    Writing /horde/web/dev.horde.org/api/vilma/errors.html


To view errors and warnings, look at /horde/web/dev.horde.org/api/vilma/errors.html
done

Parsing time: 1 seconds

Conversion time: 2 seconds

Total Documentation Time: 3 seconds
done
