PHP Version 5.2.11
phpDocumentor version 1.4.3

Parsing configuration file phpDocumentor.ini...
   (found in /usr/share/php/data/PhpDocumentor/)...

done
Maximum memory usage set at 256M after considering php.ini...
using tokenizer Parser
Hidden /usr/local/horde/checkout/whups/lib/.htaccess Ignored
File /usr/local/horde/checkout/whups/lib/Block/CVS/Entries Ignored
File /usr/local/horde/checkout/whups/lib/Block/CVS/Repository Ignored
File /usr/local/horde/checkout/whups/lib/Block/CVS/Root Ignored
File /usr/local/horde/checkout/whups/lib/CVS/Entries Ignored
File /usr/local/horde/checkout/whups/lib/CVS/Repository Ignored
File /usr/local/horde/checkout/whups/lib/CVS/Root Ignored
File /usr/local/horde/checkout/whups/lib/Driver/CVS/Entries Ignored
File /usr/local/horde/checkout/whups/lib/Driver/CVS/Repository Ignored
File /usr/local/horde/checkout/whups/lib/Driver/CVS/Root Ignored
File /usr/local/horde/checkout/whups/lib/Forms/Admin/CVS/Entries Ignored
File /usr/local/horde/checkout/whups/lib/Forms/Admin/CVS/Repository Ignored
File /usr/local/horde/checkout/whups/lib/Forms/Admin/CVS/Root Ignored
File /usr/local/horde/checkout/whups/lib/Forms/Admin/Version.php Ignored
File /usr/local/horde/checkout/whups/lib/Forms/CVS/Entries Ignored
File /usr/local/horde/checkout/whups/lib/Forms/CVS/Repository Ignored
File /usr/local/horde/checkout/whups/lib/Forms/CVS/Root Ignored
File /usr/local/horde/checkout/whups/lib/Imple/CVS/Entries Ignored
File /usr/local/horde/checkout/whups/lib/Imple/CVS/Repository Ignored
File /usr/local/horde/checkout/whups/lib/Imple/CVS/Root Ignored
File /usr/local/horde/checkout/whups/lib/Mime/CVS/Entries Ignored
File /usr/local/horde/checkout/whups/lib/Mime/CVS/Repository Ignored
File /usr/local/horde/checkout/whups/lib/Mime/CVS/Root Ignored
File /usr/local/horde/checkout/whups/lib/Mime/Viewer/CVS/Entries Ignored
File /usr/local/horde/checkout/whups/lib/Mime/Viewer/CVS/Repository Ignored
File /usr/local/horde/checkout/whups/lib/Mime/Viewer/CVS/Root Ignored
File /usr/local/horde/checkout/whups/lib/Renderer/CVS/Entries Ignored
File /usr/local/horde/checkout/whups/lib/Renderer/CVS/Repository Ignored
File /usr/local/horde/checkout/whups/lib/Renderer/CVS/Root Ignored
File /usr/local/horde/checkout/whups/lib/Scheduler/CVS/Entries Ignored
File /usr/local/horde/checkout/whups/lib/Scheduler/CVS/Repository Ignored
File /usr/local/horde/checkout/whups/lib/Scheduler/CVS/Root Ignored
File /usr/local/horde/checkout/whups/lib/View/CVS/Entries Ignored
File /usr/local/horde/checkout/whups/lib/View/CVS/Repository Ignored
File /usr/local/horde/checkout/whups/lib/View/CVS/Root Ignored
File /usr/local/horde/checkout/whups/lib/tests/CVS/Entries Ignored
File /usr/local/horde/checkout/whups/lib/tests/CVS/Repository Ignored
File /usr/local/horde/checkout/whups/lib/tests/CVS/Root Ignored


Grabbing README/INSTALL/CHANGELOG
README...
done


Tutorial/Extended Documentation Parsing Stage

done


General Parsing Stage

Reading file /usr/local/horde/checkout/whups/lib/Block/myqueries.php -- Parsing file
WARNING in myqueries.php on line 12: DocBlock would be page-level, but precedes class "Horde_Block_Whups_myqueries", use another DocBlock to document the file
Reading file /usr/local/horde/checkout/whups/lib/Block/myrequests.php -- Parsing file
WARNING in myrequests.php on line 12: DocBlock would be page-level, but precedes class "Horde_Block_Whups_myrequests", use another DocBlock to document the file
Reading file /usr/local/horde/checkout/whups/lib/Block/mytickets.php -- Parsing file
WARNING in mytickets.php on line 12: DocBlock would be page-level, but precedes class "Horde_Block_Whups_mytickets", use another DocBlock to document the file
Reading file /usr/local/horde/checkout/whups/lib/Block/query.php -- Parsing file
WARNING in query.php on line 12: DocBlock would be page-level, but precedes class "Horde_Block_Whups_query", use another DocBlock to document the file
Reading file /usr/local/horde/checkout/whups/lib/Block/queuecontents.php -- Parsing file
WARNING in queuecontents.php on line 11: DocBlock would be page-level, but precedes class "Horde_Block_Whups_queuecontents", use another DocBlock to document the file
Reading file /usr/local/horde/checkout/whups/lib/Block/queuesummary.php -- Parsing file
WARNING in queuesummary.php on line 12: DocBlock would be page-level, but precedes class "Horde_Block_Whups_queuesummary", use another DocBlock to document the file
Reading file /usr/local/horde/checkout/whups/lib/Block/tree_menu.php -- Parsing file
WARNING in tree_menu.php on line 10: DocBlock would be page-level, but precedes class "Horde_Block_whups_tree_menu", use another DocBlock to document the file
Reading file /usr/local/horde/checkout/whups/lib/Block/unassigned.php -- Parsing file
WARNING in unassigned.php on line 12: DocBlock would be page-level, but precedes class "Horde_Block_Whups_unassigned", use another DocBlock to document the file
Reading file /usr/local/horde/checkout/whups/lib/Driver/sql.php -- Parsing file
WARNING in sql.php on line 17: DocBlock would be page-level, but precedes class "Whups_Driver_sql", use another DocBlock to document the file
WARNING in sql.php on line 64: Unknown tag "@params" used
WARNING in sql.php on line 64: Unknown tag "@params" used
WARNING in sql.php on line 64: Unknown tag "@params" used
WARNING in sql.php on line 64: Unknown tag "@params" used
Reading file /usr/local/horde/checkout/whups/lib/Forms/Admin/Attribute.php -- Parsing file
WARNING in Attribute.php on line 15: DocBlock would be page-level, but precedes class "AddAttributeDescForm", use another DocBlock to document the file
WARNING in Attribute.php on line 51: no @package tag was used in a DocBlock for class EditAttributeDescStep1Form
WARNING in Attribute.php on line 79: no @package tag was used in a DocBlock for class EditAttributeDescStep2Form
WARNING in Attribute.php on line 127: no @package tag was used in a DocBlock for class DeleteAttributeDescForm
Reading file /usr/local/horde/checkout/whups/lib/Forms/Admin/Priority.php -- Parsing file
WARNING in Priority.php on line 15: DocBlock would be page-level, but precedes class "AddPriorityForm", use another DocBlock to document the file
WARNING in Priority.php on line 28: no @package tag was used in a DocBlock for class EditPriorityStep1Form
WARNING in Priority.php on line 52: no @package tag was used in a DocBlock for class EditPriorityStep2Form
WARNING in Priority.php on line 75: no @package tag was used in a DocBlock for class DefaultPriorityForm
WARNING in Priority.php on line 100: no @package tag was used in a DocBlock for class DeletePriorityForm
Reading file /usr/local/horde/checkout/whups/lib/Forms/Admin/Queue.php -- Parsing file
WARNING in Queue.php on line 15: DocBlock would be page-level, but precedes class "AddQueueForm", use another DocBlock to document the file
WARNING in Queue.php on line 35: no @package tag was used in a DocBlock for class EditQueueStep1Form
WARNING in Queue.php on line 65: no @package tag was used in a DocBlock for class EditQueueStep2Form
WARNING in Queue.php on line 152: no @package tag was used in a DocBlock for class DeleteQueueForm
Reading file /usr/local/horde/checkout/whups/lib/Forms/Admin/Reply.php -- Parsing file
WARNING in Reply.php on line 15: DocBlock would be page-level, but precedes class "AddReplyForm", use another DocBlock to document the file
WARNING in Reply.php on line 30: no @package tag was used in a DocBlock for class EditReplyStep1Form
WARNING in Reply.php on line 57: no @package tag was used in a DocBlock for class EditReplyStep2Form
WARNING in Reply.php on line 89: no @package tag was used in a DocBlock for class DeleteReplyForm
Reading file /usr/local/horde/checkout/whups/lib/Forms/Admin/State.php -- Parsing file
WARNING in State.php on line 15: DocBlock would be page-level, but precedes class "AddStateForm", use another DocBlock to document the file
WARNING in State.php on line 29: no @package tag was used in a DocBlock for class EditStateStep1Form
WARNING in State.php on line 51: no @package tag was used in a DocBlock for class EditStateStep2Form
WARNING in State.php on line 75: no @package tag was used in a DocBlock for class DefaultStateForm
WARNING in State.php on line 102: no @package tag was used in a DocBlock for class DeleteStateForm
Reading file /usr/local/horde/checkout/whups/lib/Forms/Admin/Type.php -- Parsing file
WARNING in Type.php on line 15: DocBlock would be page-level, but precedes class "AddTypeStep1Form", use another DocBlock to document the file
WARNING in Type.php on line 27: no @package tag was used in a DocBlock for class EditTypeStep1Form
WARNING in Type.php on line 53: no @package tag was used in a DocBlock for class EditTypeStep2Form
WARNING in Type.php on line 142: no @package tag was used in a DocBlock for class DeleteTypeForm
WARNING in Type.php on line 183: no @package tag was used in a DocBlock for class CloneTypeForm
Reading file /usr/local/horde/checkout/whups/lib/Forms/Admin/User.php -- Parsing file
WARNING in User.php on line 16: DocBlock would be page-level, but precedes class "AddUserForm", use another DocBlock to document the file
WARNING in User.php on line 52: no @package tag was used in a DocBlock for class EditUserStep1Form
Reading file /usr/local/horde/checkout/whups/lib/Forms/Action.php -- Parsing file
WARNING in Action.php on line 35: File "/usr/local/horde/checkout/whups/lib/Forms/Action.php" has no page-level DocBlock, use @package in the first DocBlock to create one
Reading file /usr/local/horde/checkout/whups/lib/Forms/AddComment.php -- Parsing file
WARNING in AddComment.php on line 6: DocBlock would be page-level, but precedes class "AddCommentForm", use another DocBlock to document the file
Reading file /usr/local/horde/checkout/whups/lib/Forms/Admin.php -- Parsing file
WARNING in Admin.php on line 16: DocBlock would be page-level, but precedes class "SendReminderForm", use another DocBlock to document the file
Reading file /usr/local/horde/checkout/whups/lib/Forms/CreateTicket.php -- Parsing file
Reading file /usr/local/horde/checkout/whups/lib/Forms/EditTicket.php -- Parsing file
WARNING in EditTicket.php on line 9: DocBlock would be page-level, but precedes class "EditTicketForm", use another DocBlock to document the file
Reading file /usr/local/horde/checkout/whups/lib/Forms/Query.php -- Parsing file
WARNING in Query.php on line 16: DocBlock would be page-level, but precedes class "InsertBranchForm", use another DocBlock to document the file
Reading file /usr/local/horde/checkout/whups/lib/Forms/QueryParameterForm.php -- Parsing file
WARNING in QueryParameterForm.php on line 13: DocBlock would be page-level, but precedes class "QueryParameterForm", use another DocBlock to document the file
Reading file /usr/local/horde/checkout/whups/lib/Forms/Search.php -- Parsing file
WARNING in Search.php on line 9: DocBlock would be page-level, but precedes class "SearchForm", use another DocBlock to document the file
Reading file /usr/local/horde/checkout/whups/lib/Forms/VarRenderer.php -- Parsing file
Reading file /usr/local/horde/checkout/whups/lib/Imple/ContactAutoCompleter.php -- Parsing file
WARNING in ContactAutoCompleter.php on line 14: DocBlock would be page-level, but precedes class "Whups_Imple_ContactAutoCompleter", use another DocBlock to document the file
Reading file /usr/local/horde/checkout/whups/lib/Mime/Viewer/Zip.php -- Parsing file
WARNING in Zip.php on line 18: DocBlock would be page-level, but precedes class "Whups_Horde_Mime_Viewer_zip", use another DocBlock to document the file
Reading file /usr/local/horde/checkout/whups/lib/Renderer/Comment.php -- Parsing file
WARNING in Comment.php on line 12: DocBlock would be page-level, but precedes class "Horde_Form_Renderer_Comment", use another DocBlock to document the file
Reading file /usr/local/horde/checkout/whups/lib/Renderer/Query.php -- Parsing file
WARNING in Query.php on line 31: DocBlock would be page-level, but precedes class "Horde_Form_Renderer_Query", use another DocBlock to document the file
Reading file /usr/local/horde/checkout/whups/lib/Scheduler/whups.php -- Parsing file
WARNING in whups.php on line 46: File "/usr/local/horde/checkout/whups/lib/Scheduler/whups.php" has no page-level DocBlock, use @package in the first DocBlock to create one
Reading file /usr/local/horde/checkout/whups/lib/View/Results.php -- Parsing file
WARNING in Results.php on line 13: DocBlock would be page-level, but precedes class "Whups_View_Results", use another DocBlock to document the file
Reading file /usr/local/horde/checkout/whups/lib/View/SavedQueries.php -- Parsing file
WARNING in SavedQueries.php on line 14: DocBlock would be page-level, but precedes class "Whups_View_SavedQueries", use another DocBlock to document the file
Reading file /usr/local/horde/checkout/whups/lib/tests/ApiTest.php -- Parsing file
WARNING in ApiTest.php on line 35: File "/usr/local/horde/checkout/whups/lib/tests/ApiTest.php" has no page-level DocBlock, use @package in the first DocBlock to create one
Reading file /usr/local/horde/checkout/whups/lib/tests/TestBase.php -- Parsing file
WARNING in TestBase.php on line 12: DocBlock would be page-level, but precedes class "Whups_TestBase", use another DocBlock to document the file
WARNING in TestBase.php on line 56: no @package tag was used in a DocBlock for class Whups_Driver_sql
WARNING in TestBase.php on line 89: no @package tag was used in a DocBlock for class Whups_Test_Perms
Reading file /usr/local/horde/checkout/whups/lib/Api.php -- Parsing file
WARNING in Api.php on line 12: DocBlock would be page-level, but precedes class "Whups_Api", use another DocBlock to document the file
Reading file /usr/local/horde/checkout/whups/lib/Application.php -- Parsing file
WARNING in Application.php on line 7: DocBlock would be page-level, but precedes class "Whups_Application", use another DocBlock to document the file
Reading file /usr/local/horde/checkout/whups/lib/Driver.php -- Parsing file
WARNING in Driver.php on line 19: DocBlock would be page-level, but precedes class "Whups_Driver", use another DocBlock to document the file
WARNING in Driver.php on line 228: Unknown tag "@params" used
WARNING in Driver.php on line 257: Unknown tag "@params" used
Reading file /usr/local/horde/checkout/whups/lib/Imple.php -- Parsing file
WARNING in Imple.php on line 12: DocBlock would be page-level, but precedes class "Whups_Imple", use another DocBlock to document the file
Reading file /usr/local/horde/checkout/whups/lib/Mail.php -- Parsing file
WARNING in Mail.php on line 15: DocBlock would be page-level, but precedes class "Whups_Mail", use another DocBlock to document the file
Reading file /usr/local/horde/checkout/whups/lib/Query.php -- Parsing file
Reading file /usr/local/horde/checkout/whups/lib/Reports.php -- Parsing file
WARNING in Reports.php on line 14: DocBlock would be page-level, but precedes class "Whups_Reports", use another DocBlock to document the file
Reading file /usr/local/horde/checkout/whups/lib/Ticket.php -- Parsing file
WARNING in Ticket.php on line 16: DocBlock would be page-level, but precedes class "Whups_Ticket", use another DocBlock to document the file
Reading file /usr/local/horde/checkout/whups/lib/View.php -- Parsing file
WARNING in View.php on line 10: DocBlock would be page-level, but precedes class "Whups_View", use another DocBlock to document the file
Reading file /usr/local/horde/checkout/whups/lib/Whups.php -- Parsing file
Reading file /usr/local/horde/checkout/whups/lib/base.php -- Parsing file
WARNING in base.php on line 21: Page-level DocBlock precedes "define HORDE_BASE", use another DocBlock to document the source element
done

Converting From Abstract Parsed Data

Processing Class Inheritance


Processing Root Trees


Processing leftover classes (classes that extend root classes not found in the same package)
Processing Horde_Block_Whups_myqueries in file /usr/local/horde/checkout/whups/lib/Block/myqueries.php
WARNING: Class Horde_Block_Whups_myqueries parent Horde_Block not found
Processing Horde_Block_Whups_myrequests in file /usr/local/horde/checkout/whups/lib/Block/myrequests.php
WARNING: Class Horde_Block_Whups_myrequests parent Horde_Block not found
Processing Horde_Block_Whups_mytickets in file /usr/local/horde/checkout/whups/lib/Block/mytickets.php
WARNING: Class Horde_Block_Whups_mytickets parent Horde_Block not found
Processing Horde_Block_Whups_query in file /usr/local/horde/checkout/whups/lib/Block/query.php
WARNING: Class Horde_Block_Whups_query parent Horde_Block not found
Processing Horde_Block_Whups_queuecontents in file /usr/local/horde/checkout/whups/lib/Block/queuecontents.php
WARNING: Class Horde_Block_Whups_queuecontents parent Horde_Block not found
Processing Horde_Block_Whups_queuesummary in file /usr/local/horde/checkout/whups/lib/Block/queuesummary.php
WARNING: Class Horde_Block_Whups_queuesummary parent Horde_Block not found
Processing Horde_Block_whups_tree_menu in file /usr/local/horde/checkout/whups/lib/Block/tree_menu.php
WARNING: Class Horde_Block_whups_tree_menu parent Horde_Block not found
Processing Horde_Block_Whups_unassigned in file /usr/local/horde/checkout/whups/lib/Block/unassigned.php
WARNING: Class Horde_Block_Whups_unassigned parent Horde_Block not found
Processing AddAttributeDescForm in file /usr/local/horde/checkout/whups/lib/Forms/Admin/Attribute.php
WARNING: Class AddAttributeDescForm parent Horde_Form not found
Processing EditAttributeDescStep1Form in file /usr/local/horde/checkout/whups/lib/Forms/Admin/Attribute.php
WARNING: Class EditAttributeDescStep1Form parent Horde_Form not found
Processing EditAttributeDescStep2Form in file /usr/local/horde/checkout/whups/lib/Forms/Admin/Attribute.php
WARNING: Class EditAttributeDescStep2Form parent Horde_Form not found
Processing DeleteAttributeDescForm in file /usr/local/horde/checkout/whups/lib/Forms/Admin/Attribute.php
WARNING: Class DeleteAttributeDescForm parent Horde_Form not found
Processing AddPriorityForm in file /usr/local/horde/checkout/whups/lib/Forms/Admin/Priority.php
WARNING: Class AddPriorityForm parent Horde_Form not found
Processing EditPriorityStep1Form in file /usr/local/horde/checkout/whups/lib/Forms/Admin/Priority.php
WARNING: Class EditPriorityStep1Form parent Horde_Form not found
Processing EditPriorityStep2Form in file /usr/local/horde/checkout/whups/lib/Forms/Admin/Priority.php
WARNING: Class EditPriorityStep2Form parent Horde_Form not found
Processing DefaultPriorityForm in file /usr/local/horde/checkout/whups/lib/Forms/Admin/Priority.php
WARNING: Class DefaultPriorityForm parent Horde_Form not found
Processing DeletePriorityForm in file /usr/local/horde/checkout/whups/lib/Forms/Admin/Priority.php
WARNING: Class DeletePriorityForm parent Horde_Form not found
Processing AddQueueForm in file /usr/local/horde/checkout/whups/lib/Forms/Admin/Queue.php
WARNING: Class AddQueueForm parent Horde_Form not found
Processing EditQueueStep1Form in file /usr/local/horde/checkout/whups/lib/Forms/Admin/Queue.php
WARNING: Class EditQueueStep1Form parent Horde_Form not found
Processing EditQueueStep2Form in file /usr/local/horde/checkout/whups/lib/Forms/Admin/Queue.php
WARNING: Class EditQueueStep2Form parent Horde_Form not found
Processing DeleteQueueForm in file /usr/local/horde/checkout/whups/lib/Forms/Admin/Queue.php
WARNING: Class DeleteQueueForm parent Horde_Form not found
Processing AddReplyForm in file /usr/local/horde/checkout/whups/lib/Forms/Admin/Reply.php
WARNING: Class AddReplyForm parent Horde_Form not found
Processing EditReplyStep1Form in file /usr/local/horde/checkout/whups/lib/Forms/Admin/Reply.php
WARNING: Class EditReplyStep1Form parent Horde_Form not found
Processing EditReplyStep2Form in file /usr/local/horde/checkout/whups/lib/Forms/Admin/Reply.php
WARNING: Class EditReplyStep2Form parent Horde_Form not found
Processing DeleteReplyForm in file /usr/local/horde/checkout/whups/lib/Forms/Admin/Reply.php
WARNING: Class DeleteReplyForm parent Horde_Form not found
Processing AddStateForm in file /usr/local/horde/checkout/whups/lib/Forms/Admin/State.php
WARNING: Class AddStateForm parent Horde_Form not found
Processing EditStateStep1Form in file /usr/local/horde/checkout/whups/lib/Forms/Admin/State.php
WARNING: Class EditStateStep1Form parent Horde_Form not found
Processing EditStateStep2Form in file /usr/local/horde/checkout/whups/lib/Forms/Admin/State.php
WARNING: Class EditStateStep2Form parent Horde_Form not found
Processing DefaultStateForm in file /usr/local/horde/checkout/whups/lib/Forms/Admin/State.php
WARNING: Class DefaultStateForm parent Horde_Form not found
Processing DeleteStateForm in file /usr/local/horde/checkout/whups/lib/Forms/Admin/State.php
WARNING: Class DeleteStateForm parent Horde_Form not found
Processing AddTypeStep1Form in file /usr/local/horde/checkout/whups/lib/Forms/Admin/Type.php
WARNING: Class AddTypeStep1Form parent Horde_Form not found
Processing EditTypeStep1Form in file /usr/local/horde/checkout/whups/lib/Forms/Admin/Type.php
WARNING: Class EditTypeStep1Form parent Horde_Form not found
Processing EditTypeStep2Form in file /usr/local/horde/checkout/whups/lib/Forms/Admin/Type.php
WARNING: Class EditTypeStep2Form parent Horde_Form not found
Processing DeleteTypeForm in file /usr/local/horde/checkout/whups/lib/Forms/Admin/Type.php
WARNING: Class DeleteTypeForm parent Horde_Form not found
Processing CloneTypeForm in file /usr/local/horde/checkout/whups/lib/Forms/Admin/Type.php
WARNING: Class CloneTypeForm parent Horde_Form not found
Processing AddUserForm in file /usr/local/horde/checkout/whups/lib/Forms/Admin/User.php
WARNING: Class AddUserForm parent Horde_Form not found
Processing EditUserStep1Form in file /usr/local/horde/checkout/whups/lib/Forms/Admin/User.php
WARNING: Class EditUserStep1Form parent Horde_Form not found
Processing Horde_Form_Action_whups_reload in file /usr/local/horde/checkout/whups/lib/Forms/Action.php
WARNING: Class Horde_Form_Action_whups_reload parent Horde_Form_Action not found
Processing AddCommentForm in file /usr/local/horde/checkout/whups/lib/Forms/AddComment.php
WARNING: Class AddCommentForm parent Horde_Form not found
Processing SendReminderForm in file /usr/local/horde/checkout/whups/lib/Forms/Admin.php
WARNING: Class SendReminderForm parent Horde_Form not found
Processing CreateStep1Form in file /usr/local/horde/checkout/whups/lib/Forms/CreateTicket.php
WARNING: Class CreateStep1Form parent Horde_Form not found
Processing CreateStep2Form in file /usr/local/horde/checkout/whups/lib/Forms/CreateTicket.php
WARNING: Class CreateStep2Form parent Horde_Form not found
Processing CreateStep3Form in file /usr/local/horde/checkout/whups/lib/Forms/CreateTicket.php
WARNING: Class CreateStep3Form parent Horde_Form not found
Processing CreateStep4Form in file /usr/local/horde/checkout/whups/lib/Forms/CreateTicket.php
WARNING: Class CreateStep4Form parent Horde_Form not found
Processing Horde_Form_Type_whups_email in file /usr/local/horde/checkout/whups/lib/Forms/CreateTicket.php
WARNING: Class Horde_Form_Type_whups_email parent Horde_Form_Type_email not found
Processing EditTicketForm in file /usr/local/horde/checkout/whups/lib/Forms/EditTicket.php
WARNING: Class EditTicketForm parent Horde_Form not found
Processing InsertBranchForm in file /usr/local/horde/checkout/whups/lib/Forms/Query.php
WARNING: Class InsertBranchForm parent Horde_Form not found
Processing UserCriterionForm in file /usr/local/horde/checkout/whups/lib/Forms/Query.php
WARNING: Class UserCriterionForm parent Horde_Form not found
Processing GroupCriterionForm in file /usr/local/horde/checkout/whups/lib/Forms/Query.php
WARNING: Class GroupCriterionForm parent Horde_Form not found
Processing TextCriterionForm in file /usr/local/horde/checkout/whups/lib/Forms/Query.php
WARNING: Class TextCriterionForm parent Horde_Form not found
Processing PropertyCriterionForm in file /usr/local/horde/checkout/whups/lib/Forms/Query.php
WARNING: Class PropertyCriterionForm parent Horde_Form not found
Processing AttributeCriterionForm in file /usr/local/horde/checkout/whups/lib/Forms/Query.php
WARNING: Class AttributeCriterionForm parent Horde_Form not found
Processing DateCriterionForm in file /usr/local/horde/checkout/whups/lib/Forms/Query.php
WARNING: Class DateCriterionForm parent Horde_Form not found
Processing ChooseQueryNameForSaveForm in file /usr/local/horde/checkout/whups/lib/Forms/Query.php
WARNING: Class ChooseQueryNameForSaveForm parent Horde_Form not found
Processing ChooseQueryNameForLoadForm in file /usr/local/horde/checkout/whups/lib/Forms/Query.php
WARNING: Class ChooseQueryNameForLoadForm parent Horde_Form not found
Processing DeleteQueryForm in file /usr/local/horde/checkout/whups/lib/Forms/Query.php
WARNING: Class DeleteQueryForm parent Horde_Form not found
Processing QueryParameterForm in file /usr/local/horde/checkout/whups/lib/Forms/QueryParameterForm.php
WARNING: Class QueryParameterForm parent Horde_Form not found
Processing SearchForm in file /usr/local/horde/checkout/whups/lib/Forms/Search.php
WARNING: Class SearchForm parent Horde_Form not found
Processing Horde_UI_VarRenderer_whups in file /usr/local/horde/checkout/whups/lib/Forms/VarRenderer.php
WARNING: Class Horde_UI_VarRenderer_whups parent Horde_UI_VarRenderer_html not found
Processing Whups_Horde_Mime_Viewer_zip in file /usr/local/horde/checkout/whups/lib/Mime/Viewer/Zip.php
WARNING: Class Whups_Horde_Mime_Viewer_zip parent Horde_Mime_Viewer_Zip not found
Processing Horde_Form_Renderer_Comment in file /usr/local/horde/checkout/whups/lib/Renderer/Comment.php
WARNING: Class Horde_Form_Renderer_Comment parent Horde_Form_Renderer not found
Processing Horde_Form_Renderer_Query in file /usr/local/horde/checkout/whups/lib/Renderer/Query.php
WARNING: Class Horde_Form_Renderer_Query parent Horde_Form_Renderer not found
Processing Horde_Scheduler_whups in file /usr/local/horde/checkout/whups/lib/Scheduler/whups.php
WARNING: Class Horde_Scheduler_whups parent Horde_Scheduler not found
Processing Whups_ApiTest in file /usr/local/horde/checkout/whups/lib/tests/ApiTest.php
Processing Whups_TestBase in file /usr/local/horde/checkout/whups/lib/tests/TestBase.php
WARNING: Class Whups_TestBase parent PHPUnit_Framework_TestCase not found
Processing Whups_Api in file /usr/local/horde/checkout/whups/lib/Api.php
WARNING: Class Whups_Api parent Horde_Registry_Api not found
Processing Whups_Application in file /usr/local/horde/checkout/whups/lib/Application.php
WARNING: Class Whups_Application parent Horde_Registry_Application not found
Processing TicketDetailsForm in file /usr/local/horde/checkout/whups/lib/Ticket.php
WARNING: Class TicketDetailsForm parent Horde_Form not found
done processing leftover classes
WARNING: 
duplicate class element "Whups_Driver_sql" in file /usr/local/horde/checkout/whups/lib/Driver/sql.php will be ignored.
Use an @ignore tag on the original if you want this case to be documented.

Processing Procedural Page Element Name Conflicts


Sorting page elements...done
Formatting @uses list...done

creating /horde/web/dev.horde.org/api/whups/media
copying /horde/web/dev.horde.org/api/whups/media/banner.css
copying /horde/web/dev.horde.org/api/whups/media/stylesheet.css
creating /horde/web/dev.horde.org/api/whups/media/images
copying /horde/web/dev.horde.org/api/whups/media/images/AbstractClass.png
copying /horde/web/dev.horde.org/api/whups/media/images/AbstractClass_logo.png
copying /horde/web/dev.horde.org/api/whups/media/images/AbstractMethod.png
copying /horde/web/dev.horde.org/api/whups/media/images/AbstractPrivateClass.png
copying /horde/web/dev.horde.org/api/whups/media/images/AbstractPrivateClass_logo.png
copying /horde/web/dev.horde.org/api/whups/media/images/AbstractPrivateMethod.png
copying /horde/web/dev.horde.org/api/whups/media/images/blank.png
copying /horde/web/dev.horde.org/api/whups/media/images/Class.png
copying /horde/web/dev.horde.org/api/whups/media/images/class_folder.png
copying /horde/web/dev.horde.org/api/whups/media/images/Class_logo.png
copying /horde/web/dev.horde.org/api/whups/media/images/Constant.png
copying /horde/web/dev.horde.org/api/whups/media/images/Constructor.png
copying /horde/web/dev.horde.org/api/whups/media/images/Destructor.png
copying /horde/web/dev.horde.org/api/whups/media/images/empty.png
copying /horde/web/dev.horde.org/api/whups/media/images/file.png
copying /horde/web/dev.horde.org/api/whups/media/images/folder.png
copying /horde/web/dev.horde.org/api/whups/media/images/Function.png
copying /horde/web/dev.horde.org/api/whups/media/images/function_folder.png
copying /horde/web/dev.horde.org/api/whups/media/images/Global.png
copying /horde/web/dev.horde.org/api/whups/media/images/I.png
copying /horde/web/dev.horde.org/api/whups/media/images/Index.png
copying /horde/web/dev.horde.org/api/whups/media/images/Interface.png
copying /horde/web/dev.horde.org/api/whups/media/images/Interface_logo.png
copying /horde/web/dev.horde.org/api/whups/media/images/L.png
copying /horde/web/dev.horde.org/api/whups/media/images/Lminus.png
copying /horde/web/dev.horde.org/api/whups/media/images/Lplus.png
copying /horde/web/dev.horde.org/api/whups/media/images/Method.png
copying /horde/web/dev.horde.org/api/whups/media/images/minus.gif
copying /horde/web/dev.horde.org/api/whups/media/images/next_button.png
copying /horde/web/dev.horde.org/api/whups/media/images/next_button_disabled.png
copying /horde/web/dev.horde.org/api/whups/media/images/package.png
copying /horde/web/dev.horde.org/api/whups/media/images/package_folder.png
copying /horde/web/dev.horde.org/api/whups/media/images/Page.png
copying /horde/web/dev.horde.org/api/whups/media/images/Page_logo.png
copying /horde/web/dev.horde.org/api/whups/media/images/plus.gif
copying /horde/web/dev.horde.org/api/whups/media/images/previous_button.png
copying /horde/web/dev.horde.org/api/whups/media/images/previous_button_disabled.png
copying /horde/web/dev.horde.org/api/whups/media/images/PrivateClass.png
copying /horde/web/dev.horde.org/api/whups/media/images/PrivateClass_logo.png
copying /horde/web/dev.horde.org/api/whups/media/images/PrivateMethod.png
copying /horde/web/dev.horde.org/api/whups/media/images/PrivateVariable.png
copying /horde/web/dev.horde.org/api/whups/media/images/private_class_logo.png
copying /horde/web/dev.horde.org/api/whups/media/images/StaticMethod.png
copying /horde/web/dev.horde.org/api/whups/media/images/StaticVariable.png
copying /horde/web/dev.horde.org/api/whups/media/images/T.png
copying /horde/web/dev.horde.org/api/whups/media/images/Tminus.png
copying /horde/web/dev.horde.org/api/whups/media/images/Tplus.png
copying /horde/web/dev.horde.org/api/whups/media/images/tutorial.png
copying /horde/web/dev.horde.org/api/whups/media/images/tutorial_folder.png
copying /horde/web/dev.horde.org/api/whups/media/images/up_button.png
copying /horde/web/dev.horde.org/api/whups/media/images/Variable.png
creating /horde/web/dev.horde.org/api/whups/media/lib
copying /horde/web/dev.horde.org/api/whups/media/lib/classTree.js
Building indexes...done

Sorting Indexes...done

Sorting @todo list...done
Converting README/INSTALL/CHANGELOG contents...
README...    Writing /horde/web/dev.horde.org/api/whups/ric_README.html

done
Converting tutorials/extended docs
Formatting Package Indexes...    Writing /horde/web/dev.horde.org/api/whups/elementindex_Horde_Form.html
    Writing /horde/web/dev.horde.org/api/whups/elementindex_Whups.html
    Writing /horde/web/dev.horde.org/api/whups/elementindex_Horde_Block.html
    Writing /horde/web/dev.horde.org/api/whups/elementindex_Horde_UI.html
    Writing /horde/web/dev.horde.org/api/whups/elementindex_Horde_Scheduler.html
    Writing /horde/web/dev.horde.org/api/whups/elementindex_Horde_MIME_Viewer.html

done
Formatting Index...
    Writing /horde/web/dev.horde.org/api/whups/elementindex.html
    Writing /horde/web/dev.horde.org/api/whups/blank.html

    Writing /horde/web/dev.horde.org/api/whups/index.html
    Writing /horde/web/dev.horde.org/api/whups/packages.html
done

Formatting Left Quick Index...
    Writing /horde/web/dev.horde.org/api/whups/li_Horde_Block.html
    Writing /horde/web/dev.horde.org/api/whups/classtrees_Horde_Block.html

    Writing /horde/web/dev.horde.org/api/whups/li_Whups.html
    Writing /horde/web/dev.horde.org/api/whups/classtrees_Whups.html

    Writing /horde/web/dev.horde.org/api/whups/li_Horde_Form.html
    Writing /horde/web/dev.horde.org/api/whups/classtrees_Horde_Form.html

    Writing /horde/web/dev.horde.org/api/whups/li_Horde_UI.html
    Writing /horde/web/dev.horde.org/api/whups/classtrees_Horde_UI.html

    Writing /horde/web/dev.horde.org/api/whups/li_Horde_MIME_Viewer.html
    Writing /horde/web/dev.horde.org/api/whups/classtrees_Horde_MIME_Viewer.html

    Writing /horde/web/dev.horde.org/api/whups/li_Horde_Scheduler.html
    Writing /horde/web/dev.horde.org/api/whups/classtrees_Horde_Scheduler.html

done

Converting /usr/local/horde/checkout/whups/lib/Forms/Action.php Procedural Page Elements... Classes...
    Writing /horde/web/dev.horde.org/api/whups/Horde_Form/Horde_Form_Action_whups_reload.html
 done
    Writing /horde/web/dev.horde.org/api/whups/Horde_Form/_lib---Forms---Action.php.html
Converting /usr/local/horde/checkout/whups/lib/Forms/AddComment.php Procedural Page Elements... Classes...
    Writing /horde/web/dev.horde.org/api/whups/Whups/AddCommentForm.html
 done
    Writing /horde/web/dev.horde.org/api/whups/Whups/_lib---Forms---AddComment.php.html
Converting /usr/local/horde/checkout/whups/lib/Forms/Admin.php Procedural Page Elements... Classes...
    Writing /horde/web/dev.horde.org/api/whups/Whups/SendReminderForm.html
 done
    Writing /horde/web/dev.horde.org/api/whups/Whups/_lib---Forms---Admin.php.html
Converting /usr/local/horde/checkout/whups/lib/Api.php Procedural Page Elements... Classes...
    Writing /horde/web/dev.horde.org/api/whups/Whups/Whups_Api.html
 done
    Writing /horde/web/dev.horde.org/api/whups/Whups/_lib---Api.php.html
Converting /usr/local/horde/checkout/whups/lib/tests/ApiTest.php Procedural Page Elements... Classes...
    Writing /horde/web/dev.horde.org/api/whups/Whups/UnitTests/Whups_ApiTest.html
 done
    Writing /horde/web/dev.horde.org/api/whups/Whups/UnitTests/_lib---tests---ApiTest.php.html
Converting /usr/local/horde/checkout/whups/lib/Application.php Procedural Page Elements... Classes...
    Writing /horde/web/dev.horde.org/api/whups/Whups/Whups_Application.html
 done
    Writing /horde/web/dev.horde.org/api/whups/Whups/_lib---Application.php.html
Converting /usr/local/horde/checkout/whups/lib/Forms/Admin/Attribute.php Procedural Page Elements... Classes...
    Writing /horde/web/dev.horde.org/api/whups/Whups/AddAttributeDescForm.html
    Writing /horde/web/dev.horde.org/api/whups/Whups/DeleteAttributeDescForm.html
    Writing /horde/web/dev.horde.org/api/whups/Whups/EditAttributeDescStep1Form.html
    Writing /horde/web/dev.horde.org/api/whups/Whups/EditAttributeDescStep2Form.html
 done
    Writing /horde/web/dev.horde.org/api/whups/Whups/_lib---Forms---Admin---Attribute.php.html
Converting /usr/local/horde/checkout/whups/lib/base.php Procedural Page Elements... Classes... done
    Writing /horde/web/dev.horde.org/api/whups/Whups/_lib---base.php.html
Converting /usr/local/horde/checkout/whups/lib/Renderer/Comment.php Procedural Page Elements... Classes...
    Writing /horde/web/dev.horde.org/api/whups/Whups/Horde_Form_Renderer_Comment.html
 done
    Writing /horde/web/dev.horde.org/api/whups/Whups/_lib---Renderer---Comment.php.html
Converting /usr/local/horde/checkout/whups/lib/Imple/ContactAutoCompleter.php Procedural Page Elements... Classes...
    Writing /horde/web/dev.horde.org/api/whups/Whups/Whups_Imple_ContactAutoCompleter.html
 done
    Writing /horde/web/dev.horde.org/api/whups/Whups/_lib---Imple---ContactAutoCompleter.php.html
Converting /usr/local/horde/checkout/whups/lib/Forms/CreateTicket.php Procedural Page Elements... Classes...
    Writing /horde/web/dev.horde.org/api/whups/Whups/CreateStep1Form.html
    Writing /horde/web/dev.horde.org/api/whups/Whups/CreateStep2Form.html
    Writing /horde/web/dev.horde.org/api/whups/Whups/CreateStep3Form.html
    Writing /horde/web/dev.horde.org/api/whups/Whups/CreateStep4Form.html
    Writing /horde/web/dev.horde.org/api/whups/Horde_Form/Horde_Form_Type_whups_email.html
 done
    Writing /horde/web/dev.horde.org/api/whups/Whups/_lib---Forms---CreateTicket.php.html
Converting /usr/local/horde/checkout/whups/lib/Driver.php Procedural Page Elements... Classes...
    Writing /horde/web/dev.horde.org/api/whups/Whups/Whups_Driver.html
 done
    Writing /horde/web/dev.horde.org/api/whups/Whups/_lib---Driver.php.html
Converting /usr/local/horde/checkout/whups/lib/Forms/EditTicket.php Procedural Page Elements... Classes...
    Writing /horde/web/dev.horde.org/api/whups/Whups/EditTicketForm.html
 done
    Writing /horde/web/dev.horde.org/api/whups/Whups/_lib---Forms---EditTicket.php.html
Converting /usr/local/horde/checkout/whups/lib/Imple.php Procedural Page Elements... Classes...
    Writing /horde/web/dev.horde.org/api/whups/Whups/Whups_Imple.html
 done
    Writing /horde/web/dev.horde.org/api/whups/Whups/_lib---Imple.php.html
Converting /usr/local/horde/checkout/whups/lib/Mail.php Procedural Page Elements... Classes...
    Writing /horde/web/dev.horde.org/api/whups/Whups/Whups_Mail.html
 done
    Writing /horde/web/dev.horde.org/api/whups/Whups/_lib---Mail.php.html
Converting /usr/local/horde/checkout/whups/lib/Block/myqueries.php Procedural Page Elements... Classes...
    Writing /horde/web/dev.horde.org/api/whups/Horde_Block/Horde_Block_Whups_myqueries.html
 done
    Writing /horde/web/dev.horde.org/api/whups/Horde_Block/_lib---Block---myqueries.php.html
Converting /usr/local/horde/checkout/whups/lib/Block/myrequests.php Procedural Page Elements... Classes...
    Writing /horde/web/dev.horde.org/api/whups/Horde_Block/Horde_Block_Whups_myrequests.html
 done
    Writing /horde/web/dev.horde.org/api/whups/Horde_Block/_lib---Block---myrequests.php.html
Converting /usr/local/horde/checkout/whups/lib/Block/mytickets.php Procedural Page Elements... Classes...
    Writing /horde/web/dev.horde.org/api/whups/Horde_Block/Horde_Block_Whups_mytickets.html
 done
    Writing /horde/web/dev.horde.org/api/whups/Horde_Block/_lib---Block---mytickets.php.html
Converting /usr/local/horde/checkout/whups/lib/Forms/Admin/Priority.php Procedural Page Elements... Classes...
    Writing /horde/web/dev.horde.org/api/whups/Whups/AddPriorityForm.html
    Writing /horde/web/dev.horde.org/api/whups/Whups/DefaultPriorityForm.html
    Writing /horde/web/dev.horde.org/api/whups/Whups/DeletePriorityForm.html
    Writing /horde/web/dev.horde.org/api/whups/Whups/EditPriorityStep1Form.html
    Writing /horde/web/dev.horde.org/api/whups/Whups/EditPriorityStep2Form.html
 done
    Writing /horde/web/dev.horde.org/api/whups/Whups/_lib---Forms---Admin---Priority.php.html
Converting /usr/local/horde/checkout/whups/lib/Forms/Query.php Procedural Page Elements... Classes...
    Writing /horde/web/dev.horde.org/api/whups/Whups/AttributeCriterionForm.html
    Writing /horde/web/dev.horde.org/api/whups/Whups/ChooseQueryNameForLoadForm.html
    Writing /horde/web/dev.horde.org/api/whups/Whups/ChooseQueryNameForSaveForm.html
    Writing /horde/web/dev.horde.org/api/whups/Whups/DateCriterionForm.html
    Writing /horde/web/dev.horde.org/api/whups/Whups/DeleteQueryForm.html
    Writing /horde/web/dev.horde.org/api/whups/Whups/GroupCriterionForm.html
    Writing /horde/web/dev.horde.org/api/whups/Whups/InsertBranchForm.html
    Writing /horde/web/dev.horde.org/api/whups/Whups/PropertyCriterionForm.html
    Writing /horde/web/dev.horde.org/api/whups/Whups/TextCriterionForm.html
    Writing /horde/web/dev.horde.org/api/whups/Whups/UserCriterionForm.html
 done
    Writing /horde/web/dev.horde.org/api/whups/Whups/_lib---Forms---Query.php.html
Converting /usr/local/horde/checkout/whups/lib/Renderer/Query.php Procedural Page Elements... Classes...
    Writing /horde/web/dev.horde.org/api/whups/Whups/Horde_Form_Renderer_Query.html
 done
    Writing /horde/web/dev.horde.org/api/whups/Whups/_lib---Renderer---Query.php.html
Converting /usr/local/horde/checkout/whups/lib/Query.php Procedural Page Elements... Classes...
    Writing /horde/web/dev.horde.org/api/whups/Whups/Whups_Query.html
    Writing /horde/web/dev.horde.org/api/whups/Whups/Whups_QueryManager.html
 done
    Writing /horde/web/dev.horde.org/api/whups/Whups/_lib---Query.php.html
Converting /usr/local/horde/checkout/whups/lib/Block/query.php Procedural Page Elements... Classes...
    Writing /horde/web/dev.horde.org/api/whups/Horde_Block/Horde_Block_Whups_query.html
 done
    Writing /horde/web/dev.horde.org/api/whups/Horde_Block/_lib---Block---query.php.html
Converting /usr/local/horde/checkout/whups/lib/Forms/QueryParameterForm.php Procedural Page Elements... Classes...
    Writing /horde/web/dev.horde.org/api/whups/Whups/QueryParameterForm.html
 done
    Writing /horde/web/dev.horde.org/api/whups/Whups/_lib---Forms---QueryParameterForm.php.html
Converting /usr/local/horde/checkout/whups/lib/Forms/Admin/Queue.php Procedural Page Elements... Classes...
    Writing /horde/web/dev.horde.org/api/whups/Whups/AddQueueForm.html
    Writing /horde/web/dev.horde.org/api/whups/Whups/DeleteQueueForm.html
    Writing /horde/web/dev.horde.org/api/whups/Whups/EditQueueStep1Form.html
    Writing /horde/web/dev.horde.org/api/whups/Whups/EditQueueStep2Form.html
 done
    Writing /horde/web/dev.horde.org/api/whups/Whups/_lib---Forms---Admin---Queue.php.html
Converting /usr/local/horde/checkout/whups/lib/Block/queuecontents.php Procedural Page Elements... Classes...
    Writing /horde/web/dev.horde.org/api/whups/Horde_Block/Horde_Block_Whups_queuecontents.html
 done
    Writing /horde/web/dev.horde.org/api/whups/Horde_Block/_lib---Block---queuecontents.php.html
Converting /usr/local/horde/checkout/whups/lib/Block/queuesummary.php Procedural Page Elements... Classes...
    Writing /horde/web/dev.horde.org/api/whups/Horde_Block/Horde_Block_Whups_queuesummary.html
 done
    Writing /horde/web/dev.horde.org/api/whups/Horde_Block/_lib---Block---queuesummary.php.html
Converting /usr/local/horde/checkout/whups/lib/Forms/Admin/Reply.php Procedural Page Elements... Classes...
    Writing /horde/web/dev.horde.org/api/whups/Whups/AddReplyForm.html
    Writing /horde/web/dev.horde.org/api/whups/Whups/DeleteReplyForm.html
    Writing /horde/web/dev.horde.org/api/whups/Whups/EditReplyStep1Form.html
    Writing /horde/web/dev.horde.org/api/whups/Whups/EditReplyStep2Form.html
 done
    Writing /horde/web/dev.horde.org/api/whups/Whups/_lib---Forms---Admin---Reply.php.html
Converting /usr/local/horde/checkout/whups/lib/Reports.php Procedural Page Elements... Classes...
    Writing /horde/web/dev.horde.org/api/whups/Whups/Whups_Reports.html
 done
    Writing /horde/web/dev.horde.org/api/whups/Whups/_lib---Reports.php.html
Converting /usr/local/horde/checkout/whups/lib/View/Results.php Procedural Page Elements... Classes...
    Writing /horde/web/dev.horde.org/api/whups/Whups/Whups_View_Results.html
 done
    Writing /horde/web/dev.horde.org/api/whups/Whups/_lib---View---Results.php.html
Converting /usr/local/horde/checkout/whups/lib/View/SavedQueries.php Procedural Page Elements... Classes...
    Writing /horde/web/dev.horde.org/api/whups/Whups/Whups_View_SavedQueries.html
 done
    Writing /horde/web/dev.horde.org/api/whups/Whups/_lib---View---SavedQueries.php.html
Converting /usr/local/horde/checkout/whups/lib/Forms/Search.php Procedural Page Elements... Classes...
    Writing /horde/web/dev.horde.org/api/whups/Whups/SearchForm.html
 done
    Writing /horde/web/dev.horde.org/api/whups/Whups/_lib---Forms---Search.php.html
Converting /usr/local/horde/checkout/whups/lib/Driver/sql.php Procedural Page Elements... Classes... done
    Writing /horde/web/dev.horde.org/api/whups/Whups/_lib---Driver---sql.php.html
Converting /usr/local/horde/checkout/whups/lib/Forms/Admin/State.php Procedural Page Elements... Classes...
    Writing /horde/web/dev.horde.org/api/whups/Whups/AddStateForm.html
    Writing /horde/web/dev.horde.org/api/whups/Whups/DefaultStateForm.html
    Writing /horde/web/dev.horde.org/api/whups/Whups/DeleteStateForm.html
    Writing /horde/web/dev.horde.org/api/whups/Whups/EditStateStep1Form.html
    Writing /horde/web/dev.horde.org/api/whups/Whups/EditStateStep2Form.html
 done
    Writing /horde/web/dev.horde.org/api/whups/Whups/_lib---Forms---Admin---State.php.html
Converting /usr/local/horde/checkout/whups/lib/tests/TestBase.php Procedural Page Elements... Classes...
    Writing /horde/web/dev.horde.org/api/whups/Whups/UnitTests/Whups_Driver_sql.html
    Writing /horde/web/dev.horde.org/api/whups/Whups/UnitTests/Whups_TestBase.html
    Writing /horde/web/dev.horde.org/api/whups/Whups/UnitTests/Whups_Test_Perms.html
 done
    Writing /horde/web/dev.horde.org/api/whups/Whups/UnitTests/_lib---tests---TestBase.php.html
Converting /usr/local/horde/checkout/whups/lib/Ticket.php Procedural Page Elements... Classes...
    Writing /horde/web/dev.horde.org/api/whups/Whups/TicketDetailsForm.html
    Writing /horde/web/dev.horde.org/api/whups/Whups/Whups_Ticket.html
 done
    Writing /horde/web/dev.horde.org/api/whups/Whups/_lib---Ticket.php.html
Converting /usr/local/horde/checkout/whups/lib/Block/tree_menu.php Procedural Page Elements... Classes...
    Writing /horde/web/dev.horde.org/api/whups/Horde_Block/Horde_Block_whups_tree_menu.html
 done
    Writing /horde/web/dev.horde.org/api/whups/Horde_Block/_lib---Block---tree_menu.php.html
Converting /usr/local/horde/checkout/whups/lib/Forms/Admin/Type.php Procedural Page Elements... Classes...
    Writing /horde/web/dev.horde.org/api/whups/Whups/AddTypeStep1Form.html
    Writing /horde/web/dev.horde.org/api/whups/Whups/CloneTypeForm.html
    Writing /horde/web/dev.horde.org/api/whups/Whups/DeleteTypeForm.html
    Writing /horde/web/dev.horde.org/api/whups/Whups/EditTypeStep1Form.html
    Writing /horde/web/dev.horde.org/api/whups/Whups/EditTypeStep2Form.html
 done
    Writing /horde/web/dev.horde.org/api/whups/Whups/_lib---Forms---Admin---Type.php.html
Converting /usr/local/horde/checkout/whups/lib/Block/unassigned.php Procedural Page Elements... Classes...
    Writing /horde/web/dev.horde.org/api/whups/Horde_Block/Horde_Block_Whups_unassigned.html
 done
    Writing /horde/web/dev.horde.org/api/whups/Horde_Block/_lib---Block---unassigned.php.html
Converting /usr/local/horde/checkout/whups/lib/Forms/Admin/User.php Procedural Page Elements... Classes...
    Writing /horde/web/dev.horde.org/api/whups/Whups/AddUserForm.html
    Writing /horde/web/dev.horde.org/api/whups/Whups/EditUserStep1Form.html
 done
    Writing /horde/web/dev.horde.org/api/whups/Whups/_lib---Forms---Admin---User.php.html
Converting /usr/local/horde/checkout/whups/lib/Forms/VarRenderer.php Procedural Page Elements... Classes...
    Writing /horde/web/dev.horde.org/api/whups/Horde_UI/Horde_UI_VarRenderer_whups.html
 done
    Writing /horde/web/dev.horde.org/api/whups/Horde_UI/_lib---Forms---VarRenderer.php.html
Converting /usr/local/horde/checkout/whups/lib/View.php Procedural Page Elements... Classes...
    Writing /horde/web/dev.horde.org/api/whups/Whups/Whups_View.html
 done
    Writing /horde/web/dev.horde.org/api/whups/Whups/_lib---View.php.html
Converting /usr/local/horde/checkout/whups/lib/Scheduler/whups.php Procedural Page Elements... Classes...
    Writing /horde/web/dev.horde.org/api/whups/Horde_Scheduler/Horde_Scheduler_whups.html
 done
    Writing /horde/web/dev.horde.org/api/whups/Horde_Scheduler/_lib---Scheduler---whups.php.html
Converting /usr/local/horde/checkout/whups/lib/Whups.php Procedural Page Elements... Classes...
    Writing /horde/web/dev.horde.org/api/whups/Whups/Whups.html
 done
    Writing /horde/web/dev.horde.org/api/whups/Whups/_lib---Whups.php.html
Converting /usr/local/horde/checkout/whups/lib/Mime/Viewer/Zip.php Procedural Page Elements... Classes...
    Writing /horde/web/dev.horde.org/api/whups/Horde_MIME_Viewer/Whups_Horde_Mime_Viewer_zip.html
 done
    Writing /horde/web/dev.horde.org/api/whups/Horde_MIME_Viewer/_lib---Mime---Viewer---Zip.php.html

Converting @todo List...    Writing /horde/web/dev.horde.org/api/whups/todolist.html
done

Converting Error Log...    Writing /horde/web/dev.horde.org/api/whups/errors.html


To view errors and warnings, look at /horde/web/dev.horde.org/api/whups/errors.html
done

Parsing time: 6 seconds

Conversion time: 5 seconds

Total Documentation Time: 11 seconds
done
