PHP Version 5.2.11
phpDocumentor version 1.4.3

Parsing configuration file phpDocumentor.ini...
   (found in /usr/share/php/data/PhpDocumentor/)...

done
Maximum memory usage set at 256M after considering php.ini...
using tokenizer Parser
File /usr/local/horde/checkout/wicked/lib/Block/CVS/Entries Ignored
File /usr/local/horde/checkout/wicked/lib/Block/CVS/Repository Ignored
File /usr/local/horde/checkout/wicked/lib/Block/CVS/Root Ignored
File /usr/local/horde/checkout/wicked/lib/CVS/Entries Ignored
File /usr/local/horde/checkout/wicked/lib/CVS/Repository Ignored
File /usr/local/horde/checkout/wicked/lib/CVS/Root Ignored
File /usr/local/horde/checkout/wicked/lib/Driver/CVS/Entries Ignored
File /usr/local/horde/checkout/wicked/lib/Driver/CVS/Repository Ignored
File /usr/local/horde/checkout/wicked/lib/Driver/CVS/Root Ignored
File /usr/local/horde/checkout/wicked/lib/Page/CVS/Entries Ignored
File /usr/local/horde/checkout/wicked/lib/Page/CVS/Repository Ignored
File /usr/local/horde/checkout/wicked/lib/Page/CVS/Root Ignored
File /usr/local/horde/checkout/wicked/lib/Page/StandardPage/CVS/Entries Ignored
File /usr/local/horde/checkout/wicked/lib/Page/StandardPage/CVS/Repository Ignored
File /usr/local/horde/checkout/wicked/lib/Page/StandardPage/CVS/Root Ignored
File /usr/local/horde/checkout/wicked/lib/Sync/CVS/Entries Ignored
File /usr/local/horde/checkout/wicked/lib/Sync/CVS/Repository Ignored
File /usr/local/horde/checkout/wicked/lib/Sync/CVS/Root Ignored
File /usr/local/horde/checkout/wicked/lib/Text_Wiki/CVS/Entries Ignored
File /usr/local/horde/checkout/wicked/lib/Text_Wiki/CVS/Repository Ignored
File /usr/local/horde/checkout/wicked/lib/Text_Wiki/CVS/Root Ignored
File /usr/local/horde/checkout/wicked/lib/Text_Wiki/Parse/BBCode/CVS/Entries Ignored
File /usr/local/horde/checkout/wicked/lib/Text_Wiki/Parse/BBCode/CVS/Repository Ignored
File /usr/local/horde/checkout/wicked/lib/Text_Wiki/Parse/BBCode/CVS/Root Ignored
File /usr/local/horde/checkout/wicked/lib/Text_Wiki/Parse/CVS/Entries Ignored
File /usr/local/horde/checkout/wicked/lib/Text_Wiki/Parse/CVS/Repository Ignored
File /usr/local/horde/checkout/wicked/lib/Text_Wiki/Parse/CVS/Root Ignored
File /usr/local/horde/checkout/wicked/lib/Text_Wiki/Parse/Cowiki/CVS/Entries Ignored
File /usr/local/horde/checkout/wicked/lib/Text_Wiki/Parse/Cowiki/CVS/Repository Ignored
File /usr/local/horde/checkout/wicked/lib/Text_Wiki/Parse/Cowiki/CVS/Root Ignored
File /usr/local/horde/checkout/wicked/lib/Text_Wiki/Parse/Creole/CVS/Entries Ignored
File /usr/local/horde/checkout/wicked/lib/Text_Wiki/Parse/Creole/CVS/Repository Ignored
File /usr/local/horde/checkout/wicked/lib/Text_Wiki/Parse/Creole/CVS/Root Ignored
File /usr/local/horde/checkout/wicked/lib/Text_Wiki/Parse/Default/CVS/Entries Ignored
File /usr/local/horde/checkout/wicked/lib/Text_Wiki/Parse/Default/CVS/Repository Ignored
File /usr/local/horde/checkout/wicked/lib/Text_Wiki/Parse/Default/CVS/Root Ignored
File /usr/local/horde/checkout/wicked/lib/Text_Wiki/Parse/Mediawiki/CVS/Entries Ignored
File /usr/local/horde/checkout/wicked/lib/Text_Wiki/Parse/Mediawiki/CVS/Repository Ignored
File /usr/local/horde/checkout/wicked/lib/Text_Wiki/Parse/Mediawiki/CVS/Root Ignored
File /usr/local/horde/checkout/wicked/lib/Text_Wiki/Parse/Tiki/CVS/Entries Ignored
File /usr/local/horde/checkout/wicked/lib/Text_Wiki/Parse/Tiki/CVS/Repository Ignored
File /usr/local/horde/checkout/wicked/lib/Text_Wiki/Parse/Tiki/CVS/Root Ignored
File /usr/local/horde/checkout/wicked/lib/Text_Wiki/Render/CVS/Entries Ignored
File /usr/local/horde/checkout/wicked/lib/Text_Wiki/Render/CVS/Repository Ignored
File /usr/local/horde/checkout/wicked/lib/Text_Wiki/Render/CVS/Root Ignored
File /usr/local/horde/checkout/wicked/lib/Text_Wiki/Render/Xhtml/CVS/Entries Ignored
File /usr/local/horde/checkout/wicked/lib/Text_Wiki/Render/Xhtml/CVS/Repository Ignored
File /usr/local/horde/checkout/wicked/lib/Text_Wiki/Render/Xhtml/CVS/Root Ignored
File /usr/local/horde/checkout/wicked/lib/tests/CVS/Entries Ignored
File /usr/local/horde/checkout/wicked/lib/tests/CVS/Repository Ignored
File /usr/local/horde/checkout/wicked/lib/tests/CVS/Root Ignored
File /usr/local/horde/checkout/wicked/lib/version.php Ignored


Grabbing README/INSTALL/CHANGELOG
README...
done


Tutorial/Extended Documentation Parsing Stage

done


General Parsing Stage

Reading file /usr/local/horde/checkout/wicked/lib/Block/page.php -- Parsing file
WARNING in page.php on line 17: DocBlock would be page-level, but precedes class "Horde_Block_Wicked_page", use another DocBlock to document the file
Reading file /usr/local/horde/checkout/wicked/lib/Driver/sql.php -- Parsing file
Reading file /usr/local/horde/checkout/wicked/lib/Page/StandardPage/StdHistoryPage.php -- Parsing file
WARNING in StdHistoryPage.php on line 9: DocBlock would be page-level, but precedes class "StdHistoryPage", use another DocBlock to document the file
Reading file /usr/local/horde/checkout/wicked/lib/Page/AddPage.php -- Parsing file
WARNING in AddPage.php on line 115: File "/usr/local/horde/checkout/wicked/lib/Page/AddPage.php" has no page-level DocBlock, use @package in the first DocBlock to create one
Reading file /usr/local/horde/checkout/wicked/lib/Page/AllPages.php -- Parsing file
WARNING in AllPages.php on line 92: File "/usr/local/horde/checkout/wicked/lib/Page/AllPages.php" has no page-level DocBlock, use @package in the first DocBlock to create one
Reading file /usr/local/horde/checkout/wicked/lib/Page/AttachedFiles.php -- Parsing file
WARNING in AttachedFiles.php on line 314: File "/usr/local/horde/checkout/wicked/lib/Page/AttachedFiles.php" has no page-level DocBlock, use @package in the first DocBlock to create one
Reading file /usr/local/horde/checkout/wicked/lib/Page/BackLinks.php -- Parsing file
WARNING in BackLinks.php on line 87: File "/usr/local/horde/checkout/wicked/lib/Page/BackLinks.php" has no page-level DocBlock, use @package in the first DocBlock to create one
Reading file /usr/local/horde/checkout/wicked/lib/Page/DeletePage.php -- Parsing file
Reading file /usr/local/horde/checkout/wicked/lib/Page/EditPage.php -- Parsing file
Reading file /usr/local/horde/checkout/wicked/lib/Page/LeastPopular.php -- Parsing file
WARNING in LeastPopular.php on line 95: File "/usr/local/horde/checkout/wicked/lib/Page/LeastPopular.php" has no page-level DocBlock, use @package in the first DocBlock to create one
Reading file /usr/local/horde/checkout/wicked/lib/Page/LikePages.php -- Parsing file
WARNING in LikePages.php on line 89: File "/usr/local/horde/checkout/wicked/lib/Page/LikePages.php" has no page-level DocBlock, use @package in the first DocBlock to create one
Reading file /usr/local/horde/checkout/wicked/lib/Page/MergeOrRename.php -- Parsing file
WARNING in MergeOrRename.php on line 284: File "/usr/local/horde/checkout/wicked/lib/Page/MergeOrRename.php" has no page-level DocBlock, use @package in the first DocBlock to create one
Reading file /usr/local/horde/checkout/wicked/lib/Page/MostPopular.php -- Parsing file
WARNING in MostPopular.php on line 95: File "/usr/local/horde/checkout/wicked/lib/Page/MostPopular.php" has no page-level DocBlock, use @package in the first DocBlock to create one
Reading file /usr/local/horde/checkout/wicked/lib/Page/NewPage.php -- Parsing file
Reading file /usr/local/horde/checkout/wicked/lib/Page/RecentChanges.php -- Parsing file
WARNING in RecentChanges.php on line 116: File "/usr/local/horde/checkout/wicked/lib/Page/RecentChanges.php" has no page-level DocBlock, use @package in the first DocBlock to create one
Reading file /usr/local/horde/checkout/wicked/lib/Page/RevertPage.php -- Parsing file
WARNING in RevertPage.php on line 137: File "/usr/local/horde/checkout/wicked/lib/Page/RevertPage.php" has no page-level DocBlock, use @package in the first DocBlock to create one
Reading file /usr/local/horde/checkout/wicked/lib/Page/Search.php -- Parsing file
WARNING in Search.php on line 206: File "/usr/local/horde/checkout/wicked/lib/Page/Search.php" has no page-level DocBlock, use @package in the first DocBlock to create one
Reading file /usr/local/horde/checkout/wicked/lib/Page/StandardPage.php -- Parsing file
WARNING in StandardPage.php on line 14: DocBlock would be page-level, but precedes class "StandardPage", use another DocBlock to document the file
Reading file /usr/local/horde/checkout/wicked/lib/Page/SyncDiff.php -- Parsing file
WARNING in SyncDiff.php on line 180: File "/usr/local/horde/checkout/wicked/lib/Page/SyncDiff.php" has no page-level DocBlock, use @package in the first DocBlock to create one
Reading file /usr/local/horde/checkout/wicked/lib/Page/SyncPages.php -- Parsing file
WARNING in SyncPages.php on line 445: File "/usr/local/horde/checkout/wicked/lib/Page/SyncPages.php" has no page-level DocBlock, use @package in the first DocBlock to create one
Reading file /usr/local/horde/checkout/wicked/lib/Sync/wicked.php -- Parsing file
Reading file /usr/local/horde/checkout/wicked/lib/Text_Wiki/Parse/BBCode/Image2.php -- Parsing file
WARNING in Image2.php on line 11: File "/usr/local/horde/checkout/wicked/lib/Text_Wiki/Parse/BBCode/Image2.php" has no page-level DocBlock, use @package in the first DocBlock to create one
Reading file /usr/local/horde/checkout/wicked/lib/Text_Wiki/Parse/Cowiki/Image2.php -- Parsing file
WARNING in Image2.php on line 11: File "/usr/local/horde/checkout/wicked/lib/Text_Wiki/Parse/Cowiki/Image2.php" has no page-level DocBlock, use @package in the first DocBlock to create one
Reading file /usr/local/horde/checkout/wicked/lib/Text_Wiki/Parse/Creole/Image2.php -- Parsing file
WARNING in Image2.php on line 11: File "/usr/local/horde/checkout/wicked/lib/Text_Wiki/Parse/Creole/Image2.php" has no page-level DocBlock, use @package in the first DocBlock to create one
Reading file /usr/local/horde/checkout/wicked/lib/Text_Wiki/Parse/Default/Attribute.php -- Parsing file
WARNING in Attribute.php on line 9: DocBlock would be page-level, but precedes class "Text_Wiki_Parse_Attribute", use another DocBlock to document the file
Reading file /usr/local/horde/checkout/wicked/lib/Text_Wiki/Parse/Default/Code2.php -- Parsing file
WARNING in Code2.php on line 11: File "/usr/local/horde/checkout/wicked/lib/Text_Wiki/Parse/Default/Code2.php" has no page-level DocBlock, use @package in the first DocBlock to create one
Reading file /usr/local/horde/checkout/wicked/lib/Text_Wiki/Parse/Default/Freelink2.php -- Parsing file
WARNING in Freelink2.php on line 11: File "/usr/local/horde/checkout/wicked/lib/Text_Wiki/Parse/Default/Freelink2.php" has no page-level DocBlock, use @package in the first DocBlock to create one
Reading file /usr/local/horde/checkout/wicked/lib/Text_Wiki/Parse/Default/Image2.php -- Parsing file
WARNING in Image2.php on line 11: File "/usr/local/horde/checkout/wicked/lib/Text_Wiki/Parse/Default/Image2.php" has no page-level DocBlock, use @package in the first DocBlock to create one
Reading file /usr/local/horde/checkout/wicked/lib/Text_Wiki/Parse/Default/Registrylink.php -- Parsing file
WARNING in Registrylink.php on line 10: DocBlock would be page-level, but precedes class "Text_Wiki_Parse_Registrylink", use another DocBlock to document the file
Reading file /usr/local/horde/checkout/wicked/lib/Text_Wiki/Parse/Default/Wickedblock.php -- Parsing file
WARNING in Wickedblock.php on line 9: DocBlock would be page-level, but precedes class "Text_Wiki_Parse_Wickedblock", use another DocBlock to document the file
Reading file /usr/local/horde/checkout/wicked/lib/Text_Wiki/Parse/Default/Wikilink2.php -- Parsing file
WARNING in Wikilink2.php on line 11: File "/usr/local/horde/checkout/wicked/lib/Text_Wiki/Parse/Default/Wikilink2.php" has no page-level DocBlock, use @package in the first DocBlock to create one
Reading file /usr/local/horde/checkout/wicked/lib/Text_Wiki/Parse/Mediawiki/Image2.php -- Parsing file
WARNING in Image2.php on line 11: File "/usr/local/horde/checkout/wicked/lib/Text_Wiki/Parse/Mediawiki/Image2.php" has no page-level DocBlock, use @package in the first DocBlock to create one
Reading file /usr/local/horde/checkout/wicked/lib/Text_Wiki/Parse/Tiki/Image2.php -- Parsing file
WARNING in Image2.php on line 11: File "/usr/local/horde/checkout/wicked/lib/Text_Wiki/Parse/Tiki/Image2.php" has no page-level DocBlock, use @package in the first DocBlock to create one
Reading file /usr/local/horde/checkout/wicked/lib/Text_Wiki/Render/Xhtml/Attribute.php -- Parsing file
WARNING in Attribute.php on line 6: DocBlock would be page-level, but precedes class "Text_Wiki_Render_Xhtml_Attribute", use another DocBlock to document the file
Reading file /usr/local/horde/checkout/wicked/lib/Text_Wiki/Render/Xhtml/Code2.php -- Parsing file
WARNING in Code2.php on line 50: File "/usr/local/horde/checkout/wicked/lib/Text_Wiki/Render/Xhtml/Code2.php" has no page-level DocBlock, use @package in the first DocBlock to create one
Reading file /usr/local/horde/checkout/wicked/lib/Text_Wiki/Render/Xhtml/Freelink2.php -- Parsing file
WARNING in Freelink2.php on line 4: no @package tag was used in a DocBlock for class Text_Wiki_Render_Xhtml_Freelink2
WARNING in Freelink2.php on line 4: File "/usr/local/horde/checkout/wicked/lib/Text_Wiki/Render/Xhtml/Freelink2.php" has no page-level DocBlock, use @package in the first DocBlock to create one
Reading file /usr/local/horde/checkout/wicked/lib/Text_Wiki/Render/Xhtml/Image2.php -- Parsing file
WARNING in Image2.php on line 8: DocBlock would be page-level, but precedes class "Text_Wiki_Render_Xhtml_Image2", use another DocBlock to document the file
Reading file /usr/local/horde/checkout/wicked/lib/Text_Wiki/Render/Xhtml/Interwiki.php -- Parsing file
WARNING in Interwiki.php on line 6: DocBlock would be page-level, but precedes class "Text_Wiki_Render_Xhtml_Interwiki", use another DocBlock to document the file
Reading file /usr/local/horde/checkout/wicked/lib/Text_Wiki/Render/Xhtml/Registrylink.php -- Parsing file
WARNING in Registrylink.php on line 8: DocBlock would be page-level, but precedes class "Text_Wiki_Render_Xhtml_Registrylink", use another DocBlock to document the file
Reading file /usr/local/horde/checkout/wicked/lib/Text_Wiki/Render/Xhtml/Toc.php -- Parsing file
WARNING in Toc.php on line 6: DocBlock would be page-level, but precedes class "Text_Wiki_Render_Xhtml_Toc", use another DocBlock to document the file
Reading file /usr/local/horde/checkout/wicked/lib/Text_Wiki/Render/Xhtml/Url.php -- Parsing file
WARNING in Url.php on line 6: DocBlock would be page-level, but precedes class "Text_Wiki_Render_Xhtml_Url", use another DocBlock to document the file
Reading file /usr/local/horde/checkout/wicked/lib/Text_Wiki/Render/Xhtml/Wickedblock.php -- Parsing file
WARNING in Wickedblock.php on line 8: DocBlock would be page-level, but precedes class "Text_Wiki_Render_Xhtml_Wickedblock", use another DocBlock to document the file
Reading file /usr/local/horde/checkout/wicked/lib/Text_Wiki/Render/Xhtml/Wikilink2.php -- Parsing file
WARNING in Wikilink2.php on line 115: File "/usr/local/horde/checkout/wicked/lib/Text_Wiki/Render/Xhtml/Wikilink2.php" has no page-level DocBlock, use @package in the first DocBlock to create one
Reading file /usr/local/horde/checkout/wicked/lib/tests/Driver.php -- Parsing file
WARNING in Driver.php on line 2: no @package tag was used in a DocBlock for class Wicked_Driver_TC
WARNING in Driver.php on line 202: File "/usr/local/horde/checkout/wicked/lib/tests/Driver.php" has no page-level DocBlock, use @package in the first DocBlock to create one
Reading file /usr/local/horde/checkout/wicked/lib/Driver.php -- Parsing file
Reading file /usr/local/horde/checkout/wicked/lib/Page.php -- Parsing file
WARNING in Page.php on line 14: DocBlock would be page-level, but precedes class "Page", use another DocBlock to document the file
Reading file /usr/local/horde/checkout/wicked/lib/Sync.php -- Parsing file
WARNING in Sync.php on line 15: DocBlock would be page-level, but precedes class "Wicked_Sync", use another DocBlock to document the file
Reading file /usr/local/horde/checkout/wicked/lib/Wicked.php -- Parsing file
WARNING in Wicked.php on line 219: File "/usr/local/horde/checkout/wicked/lib/Wicked.php" has no page-level DocBlock, use @package in the first DocBlock to create one
Reading file /usr/local/horde/checkout/wicked/lib/api.php -- Parsing file
Reading file /usr/local/horde/checkout/wicked/lib/base.php -- Parsing file
WARNING in base.php on line 55: File "/usr/local/horde/checkout/wicked/lib/base.php" has no page-level DocBlock, use @package in the first DocBlock to create one
done

Converting From Abstract Parsed Data

Processing Class Inheritance


Processing Root Trees


Processing leftover classes (classes that extend root classes not found in the same package)
Processing Horde_Block_Wicked_page in file /usr/local/horde/checkout/wicked/lib/Block/page.php
WARNING: Class Horde_Block_Wicked_page parent Horde_Block not found
Processing Text_Wiki_Parse_Image2 in file /usr/local/horde/checkout/wicked/lib/Text_Wiki/Parse/BBCode/Image2.php
WARNING: Class Text_Wiki_Parse_Image2 parent Text_Wiki_Parse_Image not found
Processing Text_Wiki_Parse_Image2 in file /usr/local/horde/checkout/wicked/lib/Text_Wiki/Parse/Cowiki/Image2.php
WARNING: Class Text_Wiki_Parse_Image2 parent Text_Wiki_Parse_Image not found
Processing Text_Wiki_Parse_Image2 in file /usr/local/horde/checkout/wicked/lib/Text_Wiki/Parse/Creole/Image2.php
WARNING: Class Text_Wiki_Parse_Image2 parent Text_Wiki_Parse_Image not found
Processing Text_Wiki_Parse_Attribute in file /usr/local/horde/checkout/wicked/lib/Text_Wiki/Parse/Default/Attribute.php
WARNING: Class Text_Wiki_Parse_Attribute parent Text_Wiki_Parse not found
Processing Text_Wiki_Parse_Code2 in file /usr/local/horde/checkout/wicked/lib/Text_Wiki/Parse/Default/Code2.php
WARNING: Class Text_Wiki_Parse_Code2 parent Text_Wiki_Parse_Code not found
Processing Text_Wiki_Parse_Freelink2 in file /usr/local/horde/checkout/wicked/lib/Text_Wiki/Parse/Default/Freelink2.php
WARNING: Class Text_Wiki_Parse_Freelink2 parent Text_Wiki_Parse_Freelink not found
Processing Text_Wiki_Parse_Image2 in file /usr/local/horde/checkout/wicked/lib/Text_Wiki/Parse/Default/Image2.php
WARNING: Class Text_Wiki_Parse_Image2 parent Text_Wiki_Parse_Image not found
Processing Text_Wiki_Parse_Registrylink in file /usr/local/horde/checkout/wicked/lib/Text_Wiki/Parse/Default/Registrylink.php
WARNING: Class Text_Wiki_Parse_Registrylink parent Text_Wiki_Parse not found
Processing Text_Wiki_Parse_Wickedblock in file /usr/local/horde/checkout/wicked/lib/Text_Wiki/Parse/Default/Wickedblock.php
WARNING: Class Text_Wiki_Parse_Wickedblock parent Text_Wiki_Parse not found
Processing Text_Wiki_Parse_Wikilink2 in file /usr/local/horde/checkout/wicked/lib/Text_Wiki/Parse/Default/Wikilink2.php
WARNING: Class Text_Wiki_Parse_Wikilink2 parent Text_Wiki_Parse_Wikilink not found
Processing Text_Wiki_Parse_Image2 in file /usr/local/horde/checkout/wicked/lib/Text_Wiki/Parse/Mediawiki/Image2.php
WARNING: Class Text_Wiki_Parse_Image2 parent Text_Wiki_Parse_Image not found
Processing Text_Wiki_Parse_Image2 in file /usr/local/horde/checkout/wicked/lib/Text_Wiki/Parse/Tiki/Image2.php
WARNING: Class Text_Wiki_Parse_Image2 parent Text_Wiki_Parse_Image not found
Processing Text_Wiki_Render_Xhtml_Attribute in file /usr/local/horde/checkout/wicked/lib/Text_Wiki/Render/Xhtml/Attribute.php
WARNING: Class Text_Wiki_Render_Xhtml_Attribute parent Text_Wiki_Render not found
Processing Text_Wiki_Render_Xhtml_Code2 in file /usr/local/horde/checkout/wicked/lib/Text_Wiki/Render/Xhtml/Code2.php
WARNING: Class Text_Wiki_Render_Xhtml_Code2 parent Text_Wiki_Render_Xhtml_Code not found
Processing Text_Wiki_Render_Xhtml_Freelink2 in file /usr/local/horde/checkout/wicked/lib/Text_Wiki/Render/Xhtml/Freelink2.php
Processing Text_Wiki_Render_Xhtml_Image2 in file /usr/local/horde/checkout/wicked/lib/Text_Wiki/Render/Xhtml/Image2.php
WARNING: Class Text_Wiki_Render_Xhtml_Image2 parent Text_Wiki_Render not found
Processing Text_Wiki_Render_Xhtml_Interwiki in file /usr/local/horde/checkout/wicked/lib/Text_Wiki/Render/Xhtml/Interwiki.php
WARNING: Class Text_Wiki_Render_Xhtml_Interwiki parent Text_Wiki_Render not found
Processing Text_Wiki_Render_Xhtml_Registrylink in file /usr/local/horde/checkout/wicked/lib/Text_Wiki/Render/Xhtml/Registrylink.php
WARNING: Class Text_Wiki_Render_Xhtml_Registrylink parent Text_Wiki_Render not found
Processing Text_Wiki_Render_Xhtml_Toc in file /usr/local/horde/checkout/wicked/lib/Text_Wiki/Render/Xhtml/Toc.php
WARNING: Class Text_Wiki_Render_Xhtml_Toc parent Text_Wiki_Render not found
Processing Text_Wiki_Render_Xhtml_Url in file /usr/local/horde/checkout/wicked/lib/Text_Wiki/Render/Xhtml/Url.php
WARNING: Class Text_Wiki_Render_Xhtml_Url parent Text_Wiki_Render not found
Processing Text_Wiki_Render_Xhtml_Wickedblock in file /usr/local/horde/checkout/wicked/lib/Text_Wiki/Render/Xhtml/Wickedblock.php
WARNING: Class Text_Wiki_Render_Xhtml_Wickedblock parent Text_Wiki_Render not found
Processing Text_Wiki_Render_Xhtml_Wikilink2 in file /usr/local/horde/checkout/wicked/lib/Text_Wiki/Render/Xhtml/Wikilink2.php
WARNING: Class Text_Wiki_Render_Xhtml_Wikilink2 parent Text_Wiki_Render_Xhtml_Wikilink not found
Processing Wicked_Driver_TC in file /usr/local/horde/checkout/wicked/lib/tests/Driver.php
WARNING: Class Wicked_Driver_TC parent HordeUnitTestCase not found
done processing leftover classes
WARNING: 
duplicate class element "Text_Wiki_Parse_Image2" in file /usr/local/horde/checkout/wicked/lib/Text_Wiki/Parse/Cowiki/Image2.php will be ignored.
Use an @ignore tag on the original if you want this case to be documented.
WARNING: 
duplicate class element "Text_Wiki_Parse_Image2" in file /usr/local/horde/checkout/wicked/lib/Text_Wiki/Parse/Creole/Image2.php will be ignored.
Use an @ignore tag on the original if you want this case to be documented.
WARNING: 
duplicate class element "Text_Wiki_Parse_Image2" in file /usr/local/horde/checkout/wicked/lib/Text_Wiki/Parse/Default/Image2.php will be ignored.
Use an @ignore tag on the original if you want this case to be documented.
WARNING: 
duplicate class element "Text_Wiki_Parse_Image2" in file /usr/local/horde/checkout/wicked/lib/Text_Wiki/Parse/Mediawiki/Image2.php will be ignored.
Use an @ignore tag on the original if you want this case to be documented.
WARNING: 
duplicate class element "Text_Wiki_Parse_Image2" in file /usr/local/horde/checkout/wicked/lib/Text_Wiki/Parse/Tiki/Image2.php will be ignored.
Use an @ignore tag on the original if you want this case to be documented.

Processing Procedural Page Element Name Conflicts


Sorting page elements...done
Formatting @uses list...done

creating /horde/web/dev.horde.org/api/wicked/media
copying /horde/web/dev.horde.org/api/wicked/media/banner.css
copying /horde/web/dev.horde.org/api/wicked/media/stylesheet.css
creating /horde/web/dev.horde.org/api/wicked/media/images
copying /horde/web/dev.horde.org/api/wicked/media/images/AbstractClass.png
copying /horde/web/dev.horde.org/api/wicked/media/images/AbstractClass_logo.png
copying /horde/web/dev.horde.org/api/wicked/media/images/AbstractMethod.png
copying /horde/web/dev.horde.org/api/wicked/media/images/AbstractPrivateClass.png
copying /horde/web/dev.horde.org/api/wicked/media/images/AbstractPrivateClass_logo.png
copying /horde/web/dev.horde.org/api/wicked/media/images/AbstractPrivateMethod.png
copying /horde/web/dev.horde.org/api/wicked/media/images/blank.png
copying /horde/web/dev.horde.org/api/wicked/media/images/Class.png
copying /horde/web/dev.horde.org/api/wicked/media/images/class_folder.png
copying /horde/web/dev.horde.org/api/wicked/media/images/Class_logo.png
copying /horde/web/dev.horde.org/api/wicked/media/images/Constant.png
copying /horde/web/dev.horde.org/api/wicked/media/images/Constructor.png
copying /horde/web/dev.horde.org/api/wicked/media/images/Destructor.png
copying /horde/web/dev.horde.org/api/wicked/media/images/empty.png
copying /horde/web/dev.horde.org/api/wicked/media/images/file.png
copying /horde/web/dev.horde.org/api/wicked/media/images/folder.png
copying /horde/web/dev.horde.org/api/wicked/media/images/Function.png
copying /horde/web/dev.horde.org/api/wicked/media/images/function_folder.png
copying /horde/web/dev.horde.org/api/wicked/media/images/Global.png
copying /horde/web/dev.horde.org/api/wicked/media/images/I.png
copying /horde/web/dev.horde.org/api/wicked/media/images/Index.png
copying /horde/web/dev.horde.org/api/wicked/media/images/Interface.png
copying /horde/web/dev.horde.org/api/wicked/media/images/Interface_logo.png
copying /horde/web/dev.horde.org/api/wicked/media/images/L.png
copying /horde/web/dev.horde.org/api/wicked/media/images/Lminus.png
copying /horde/web/dev.horde.org/api/wicked/media/images/Lplus.png
copying /horde/web/dev.horde.org/api/wicked/media/images/Method.png
copying /horde/web/dev.horde.org/api/wicked/media/images/minus.gif
copying /horde/web/dev.horde.org/api/wicked/media/images/next_button.png
copying /horde/web/dev.horde.org/api/wicked/media/images/next_button_disabled.png
copying /horde/web/dev.horde.org/api/wicked/media/images/package.png
copying /horde/web/dev.horde.org/api/wicked/media/images/package_folder.png
copying /horde/web/dev.horde.org/api/wicked/media/images/Page.png
copying /horde/web/dev.horde.org/api/wicked/media/images/Page_logo.png
copying /horde/web/dev.horde.org/api/wicked/media/images/plus.gif
copying /horde/web/dev.horde.org/api/wicked/media/images/previous_button.png
copying /horde/web/dev.horde.org/api/wicked/media/images/previous_button_disabled.png
copying /horde/web/dev.horde.org/api/wicked/media/images/PrivateClass.png
copying /horde/web/dev.horde.org/api/wicked/media/images/PrivateClass_logo.png
copying /horde/web/dev.horde.org/api/wicked/media/images/PrivateMethod.png
copying /horde/web/dev.horde.org/api/wicked/media/images/PrivateVariable.png
copying /horde/web/dev.horde.org/api/wicked/media/images/private_class_logo.png
copying /horde/web/dev.horde.org/api/wicked/media/images/StaticMethod.png
copying /horde/web/dev.horde.org/api/wicked/media/images/StaticVariable.png
copying /horde/web/dev.horde.org/api/wicked/media/images/T.png
copying /horde/web/dev.horde.org/api/wicked/media/images/Tminus.png
copying /horde/web/dev.horde.org/api/wicked/media/images/Tplus.png
copying /horde/web/dev.horde.org/api/wicked/media/images/tutorial.png
copying /horde/web/dev.horde.org/api/wicked/media/images/tutorial_folder.png
copying /horde/web/dev.horde.org/api/wicked/media/images/up_button.png
copying /horde/web/dev.horde.org/api/wicked/media/images/Variable.png
creating /horde/web/dev.horde.org/api/wicked/media/lib
copying /horde/web/dev.horde.org/api/wicked/media/lib/classTree.js
Building indexes...done

Sorting Indexes...done

Sorting @todo list...done
Converting README/INSTALL/CHANGELOG contents...
README...    Writing /horde/web/dev.horde.org/api/wicked/ric_README.html

done
Converting tutorials/extended docs
Formatting Package Indexes...    Writing /horde/web/dev.horde.org/api/wicked/elementindex_Wicked.html
    Writing /horde/web/dev.horde.org/api/wicked/elementindex_horde.html
    Writing /horde/web/dev.horde.org/api/wicked/elementindex_Horde_Block.html

done
Formatting Index...
    Writing /horde/web/dev.horde.org/api/wicked/elementindex.html
    Writing /horde/web/dev.horde.org/api/wicked/blank.html

    Writing /horde/web/dev.horde.org/api/wicked/index.html
    Writing /horde/web/dev.horde.org/api/wicked/packages.html
done

Formatting Left Quick Index...
    Writing /horde/web/dev.horde.org/api/wicked/li_Horde_Block.html
    Writing /horde/web/dev.horde.org/api/wicked/classtrees_Horde_Block.html

    Writing /horde/web/dev.horde.org/api/wicked/li_Wicked.html
    Writing /horde/web/dev.horde.org/api/wicked/classtrees_Wicked.html

    Writing /horde/web/dev.horde.org/api/wicked/li_horde.html
    Writing /horde/web/dev.horde.org/api/wicked/classtrees_horde.html

done

Converting /usr/local/horde/checkout/wicked/lib/Page/AddPage.php Procedural Page Elements... Classes...
    Writing /horde/web/dev.horde.org/api/wicked/Wicked/AddPage.html
 done
    Writing /horde/web/dev.horde.org/api/wicked/Wicked/_lib---Page---AddPage.php.html
Converting /usr/local/horde/checkout/wicked/lib/Page/AllPages.php Procedural Page Elements... Classes...
    Writing /horde/web/dev.horde.org/api/wicked/Wicked/AllPages.html
 done
    Writing /horde/web/dev.horde.org/api/wicked/Wicked/_lib---Page---AllPages.php.html
Converting /usr/local/horde/checkout/wicked/lib/api.php Procedural Page Elements... Classes... done
    Writing /horde/web/dev.horde.org/api/wicked/Wicked/_lib---api.php.html
Converting /usr/local/horde/checkout/wicked/lib/Page/AttachedFiles.php Procedural Page Elements... Classes...
    Writing /horde/web/dev.horde.org/api/wicked/Wicked/AttachedFiles.html
 done
    Writing /horde/web/dev.horde.org/api/wicked/Wicked/_lib---Page---AttachedFiles.php.html
Converting /usr/local/horde/checkout/wicked/lib/Text_Wiki/Render/Xhtml/Attribute.php Procedural Page Elements... Classes...
    Writing /horde/web/dev.horde.org/api/wicked/Wicked/Text_Wiki_Render_Xhtml_Attribute.html
 done
    Writing /horde/web/dev.horde.org/api/wicked/Wicked/_lib---Text_Wiki---Render---Xhtml---Attribute.php.html
Converting /usr/local/horde/checkout/wicked/lib/Text_Wiki/Parse/Default/Attribute.php Procedural Page Elements... Classes...
    Writing /horde/web/dev.horde.org/api/wicked/Wicked/Text_Wiki_Parse_Attribute.html
 done
    Writing /horde/web/dev.horde.org/api/wicked/Wicked/_lib---Text_Wiki---Parse---Default---Attribute.php.html
Converting /usr/local/horde/checkout/wicked/lib/Page/BackLinks.php Procedural Page Elements... Classes...
    Writing /horde/web/dev.horde.org/api/wicked/Wicked/BackLinks.html
 done
    Writing /horde/web/dev.horde.org/api/wicked/Wicked/_lib---Page---BackLinks.php.html
Converting /usr/local/horde/checkout/wicked/lib/base.php Procedural Page Elements... Classes... done
    Writing /horde/web/dev.horde.org/api/wicked/horde/_lib---base.php.html
Converting /usr/local/horde/checkout/wicked/lib/Text_Wiki/Render/Xhtml/Code2.php Procedural Page Elements... Classes...
    Writing /horde/web/dev.horde.org/api/wicked/Wicked/Text_Wiki_Render_Xhtml_Code2.html
 done
    Writing /horde/web/dev.horde.org/api/wicked/Wicked/_lib---Text_Wiki---Render---Xhtml---Code2.php.html
Converting /usr/local/horde/checkout/wicked/lib/Text_Wiki/Parse/Default/Code2.php Procedural Page Elements... Classes...
    Writing /horde/web/dev.horde.org/api/wicked/Wicked/Text_Wiki_Parse_Code2.html
 done
    Writing /horde/web/dev.horde.org/api/wicked/Wicked/_lib---Text_Wiki---Parse---Default---Code2.php.html
Converting /usr/local/horde/checkout/wicked/lib/Page/DeletePage.php Procedural Page Elements... Classes...
    Writing /horde/web/dev.horde.org/api/wicked/Wicked/DeletePage.html
 done
    Writing /horde/web/dev.horde.org/api/wicked/Wicked/_lib---Page---DeletePage.php.html
Converting /usr/local/horde/checkout/wicked/lib/Driver.php Procedural Page Elements... Classes...
    Writing /horde/web/dev.horde.org/api/wicked/Wicked/Wicked_Driver.html
 done
    Writing /horde/web/dev.horde.org/api/wicked/Wicked/_lib---Driver.php.html
Converting /usr/local/horde/checkout/wicked/lib/tests/Driver.php Procedural Page Elements... Classes...
    Writing /horde/web/dev.horde.org/api/wicked/horde/Wicked_Driver_TC.html
 done
    Writing /horde/web/dev.horde.org/api/wicked/horde/_lib---tests---Driver.php.html
Converting /usr/local/horde/checkout/wicked/lib/Page/EditPage.php Procedural Page Elements... Classes...
    Writing /horde/web/dev.horde.org/api/wicked/Wicked/EditPage.html
 done
    Writing /horde/web/dev.horde.org/api/wicked/Wicked/_lib---Page---EditPage.php.html
Converting /usr/local/horde/checkout/wicked/lib/Text_Wiki/Parse/Default/Freelink2.php Procedural Page Elements... Classes...
    Writing /horde/web/dev.horde.org/api/wicked/Wicked/Text_Wiki_Parse_Freelink2.html
 done
    Writing /horde/web/dev.horde.org/api/wicked/Wicked/_lib---Text_Wiki---Parse---Default---Freelink2.php.html
Converting /usr/local/horde/checkout/wicked/lib/Text_Wiki/Render/Xhtml/Freelink2.php Procedural Page Elements... Classes...
    Writing /horde/web/dev.horde.org/api/wicked/Wicked/Text_Wiki_Render_Xhtml_Freelink2.html
 done
    Writing /horde/web/dev.horde.org/api/wicked/horde/_lib---Text_Wiki---Render---Xhtml---Freelink2.php.html
Converting /usr/local/horde/checkout/wicked/lib/Text_Wiki/Parse/Creole/Image2.php Procedural Page Elements... Classes... done
    Writing /horde/web/dev.horde.org/api/wicked/Wicked/_lib---Text_Wiki---Parse---Creole---Image2.php.html
Converting /usr/local/horde/checkout/wicked/lib/Text_Wiki/Render/Xhtml/Image2.php Procedural Page Elements... Classes...
    Writing /horde/web/dev.horde.org/api/wicked/Wicked/Text_Wiki_Render_Xhtml_Image2.html
 done
    Writing /horde/web/dev.horde.org/api/wicked/Wicked/_lib---Text_Wiki---Render---Xhtml---Image2.php.html
Converting /usr/local/horde/checkout/wicked/lib/Text_Wiki/Parse/Cowiki/Image2.php Procedural Page Elements... Classes... done
    Writing /horde/web/dev.horde.org/api/wicked/Wicked/_lib---Text_Wiki---Parse---Cowiki---Image2.php.html
Converting /usr/local/horde/checkout/wicked/lib/Text_Wiki/Parse/Tiki/Image2.php Procedural Page Elements... Classes... done
    Writing /horde/web/dev.horde.org/api/wicked/Wicked/_lib---Text_Wiki---Parse---Tiki---Image2.php.html
Converting /usr/local/horde/checkout/wicked/lib/Text_Wiki/Parse/Mediawiki/Image2.php Procedural Page Elements... Classes... done
    Writing /horde/web/dev.horde.org/api/wicked/Wicked/_lib---Text_Wiki---Parse---Mediawiki---Image2.php.html
Converting /usr/local/horde/checkout/wicked/lib/Text_Wiki/Parse/Default/Image2.php Procedural Page Elements... Classes... done
    Writing /horde/web/dev.horde.org/api/wicked/Wicked/_lib---Text_Wiki---Parse---Default---Image2.php.html
Converting /usr/local/horde/checkout/wicked/lib/Text_Wiki/Parse/BBCode/Image2.php Procedural Page Elements... Classes...
    Writing /horde/web/dev.horde.org/api/wicked/Wicked/Text_Wiki_Parse_Image2.html
 done
    Writing /horde/web/dev.horde.org/api/wicked/Wicked/_lib---Text_Wiki---Parse---BBCode---Image2.php.html
Converting /usr/local/horde/checkout/wicked/lib/Text_Wiki/Render/Xhtml/Interwiki.php Procedural Page Elements... Classes...
    Writing /horde/web/dev.horde.org/api/wicked/Wicked/Text_Wiki_Render_Xhtml_Interwiki.html
 done
    Writing /horde/web/dev.horde.org/api/wicked/Wicked/_lib---Text_Wiki---Render---Xhtml---Interwiki.php.html
Converting /usr/local/horde/checkout/wicked/lib/Page/LeastPopular.php Procedural Page Elements... Classes...
    Writing /horde/web/dev.horde.org/api/wicked/Wicked/LeastPopular.html
 done
    Writing /horde/web/dev.horde.org/api/wicked/Wicked/_lib---Page---LeastPopular.php.html
Converting /usr/local/horde/checkout/wicked/lib/Page/LikePages.php Procedural Page Elements... Classes...
    Writing /horde/web/dev.horde.org/api/wicked/Wicked/LikePages.html
 done
    Writing /horde/web/dev.horde.org/api/wicked/Wicked/_lib---Page---LikePages.php.html
Converting /usr/local/horde/checkout/wicked/lib/Page/MergeOrRename.php Procedural Page Elements... Classes...
    Writing /horde/web/dev.horde.org/api/wicked/Wicked/MergeOrRename.html
 done
    Writing /horde/web/dev.horde.org/api/wicked/Wicked/_lib---Page---MergeOrRename.php.html
Converting /usr/local/horde/checkout/wicked/lib/Page/MostPopular.php Procedural Page Elements... Classes...
    Writing /horde/web/dev.horde.org/api/wicked/Wicked/MostPopular.html
 done
    Writing /horde/web/dev.horde.org/api/wicked/Wicked/_lib---Page---MostPopular.php.html
Converting /usr/local/horde/checkout/wicked/lib/Page/NewPage.php Procedural Page Elements... Classes...
    Writing /horde/web/dev.horde.org/api/wicked/Wicked/NewPage.html
 done
    Writing /horde/web/dev.horde.org/api/wicked/Wicked/_lib---Page---NewPage.php.html
Converting /usr/local/horde/checkout/wicked/lib/Page.php Procedural Page Elements... Classes...
    Writing /horde/web/dev.horde.org/api/wicked/Wicked/Page.html
 done
    Writing /horde/web/dev.horde.org/api/wicked/Wicked/_lib---Page.php.html
Converting /usr/local/horde/checkout/wicked/lib/Block/page.php Procedural Page Elements... Classes...
    Writing /horde/web/dev.horde.org/api/wicked/Horde_Block/Horde_Block_Wicked_page.html
 done
    Writing /horde/web/dev.horde.org/api/wicked/Horde_Block/_lib---Block---page.php.html
Converting /usr/local/horde/checkout/wicked/lib/Page/RecentChanges.php Procedural Page Elements... Classes...
    Writing /horde/web/dev.horde.org/api/wicked/Wicked/RecentChanges.html
 done
    Writing /horde/web/dev.horde.org/api/wicked/Wicked/_lib---Page---RecentChanges.php.html
Converting /usr/local/horde/checkout/wicked/lib/Text_Wiki/Render/Xhtml/Registrylink.php Procedural Page Elements... Classes...
    Writing /horde/web/dev.horde.org/api/wicked/Wicked/Text_Wiki_Render_Xhtml_Registrylink.html
 done
    Writing /horde/web/dev.horde.org/api/wicked/Wicked/_lib---Text_Wiki---Render---Xhtml---Registrylink.php.html
Converting /usr/local/horde/checkout/wicked/lib/Text_Wiki/Parse/Default/Registrylink.php Procedural Page Elements... Classes...
    Writing /horde/web/dev.horde.org/api/wicked/Wicked/Text_Wiki_Parse_Registrylink.html
 done
    Writing /horde/web/dev.horde.org/api/wicked/Wicked/_lib---Text_Wiki---Parse---Default---Registrylink.php.html
Converting /usr/local/horde/checkout/wicked/lib/Page/RevertPage.php Procedural Page Elements... Classes...
    Writing /horde/web/dev.horde.org/api/wicked/Wicked/RevertPage.html
 done
    Writing /horde/web/dev.horde.org/api/wicked/Wicked/_lib---Page---RevertPage.php.html
Converting /usr/local/horde/checkout/wicked/lib/Page/Search.php Procedural Page Elements... Classes...
    Writing /horde/web/dev.horde.org/api/wicked/Wicked/Search.html
 done
    Writing /horde/web/dev.horde.org/api/wicked/Wicked/_lib---Page---Search.php.html
Converting /usr/local/horde/checkout/wicked/lib/Driver/sql.php Procedural Page Elements... Classes...
    Writing /horde/web/dev.horde.org/api/wicked/Wicked/Wicked_Driver_sql.html
 done
    Writing /horde/web/dev.horde.org/api/wicked/Wicked/_lib---Driver---sql.php.html
Converting /usr/local/horde/checkout/wicked/lib/Page/StandardPage.php Procedural Page Elements... Classes...
    Writing /horde/web/dev.horde.org/api/wicked/Wicked/StandardPage.html
 done
    Writing /horde/web/dev.horde.org/api/wicked/Wicked/_lib---Page---StandardPage.php.html
Converting /usr/local/horde/checkout/wicked/lib/Page/StandardPage/StdHistoryPage.php Procedural Page Elements... Classes...
    Writing /horde/web/dev.horde.org/api/wicked/Wicked/StdHistoryPage.html
 done
    Writing /horde/web/dev.horde.org/api/wicked/Wicked/_lib---Page---StandardPage---StdHistoryPage.php.html
Converting /usr/local/horde/checkout/wicked/lib/Sync.php Procedural Page Elements... Classes...
    Writing /horde/web/dev.horde.org/api/wicked/Wicked/Wicked_Sync.html
 done
    Writing /horde/web/dev.horde.org/api/wicked/Wicked/_lib---Sync.php.html
Converting /usr/local/horde/checkout/wicked/lib/Page/SyncDiff.php Procedural Page Elements... Classes...
    Writing /horde/web/dev.horde.org/api/wicked/Wicked/SyncDiff.html
 done
    Writing /horde/web/dev.horde.org/api/wicked/Wicked/_lib---Page---SyncDiff.php.html
Converting /usr/local/horde/checkout/wicked/lib/Page/SyncPages.php Procedural Page Elements... Classes...
    Writing /horde/web/dev.horde.org/api/wicked/Wicked/SyncPages.html
 done
    Writing /horde/web/dev.horde.org/api/wicked/Wicked/_lib---Page---SyncPages.php.html
Converting /usr/local/horde/checkout/wicked/lib/Text_Wiki/Render/Xhtml/Toc.php Procedural Page Elements... Classes...
    Writing /horde/web/dev.horde.org/api/wicked/Wicked/Text_Wiki_Render_Xhtml_Toc.html
 done
    Writing /horde/web/dev.horde.org/api/wicked/Wicked/_lib---Text_Wiki---Render---Xhtml---Toc.php.html
Converting /usr/local/horde/checkout/wicked/lib/Text_Wiki/Render/Xhtml/Url.php Procedural Page Elements... Classes...
    Writing /horde/web/dev.horde.org/api/wicked/Wicked/Text_Wiki_Render_Xhtml_Url.html
 done
    Writing /horde/web/dev.horde.org/api/wicked/Wicked/_lib---Text_Wiki---Render---Xhtml---Url.php.html
Converting /usr/local/horde/checkout/wicked/lib/Sync/wicked.php Procedural Page Elements... Classes...
    Writing /horde/web/dev.horde.org/api/wicked/Wicked/Wicked_Sync_wicked.html
 done
    Writing /horde/web/dev.horde.org/api/wicked/Wicked/_lib---Sync---wicked.php.html
Converting /usr/local/horde/checkout/wicked/lib/Wicked.php Procedural Page Elements... Classes...
    Writing /horde/web/dev.horde.org/api/wicked/Wicked/Wicked.html
 done
    Writing /horde/web/dev.horde.org/api/wicked/Wicked/_lib---Wicked.php.html
Converting /usr/local/horde/checkout/wicked/lib/Text_Wiki/Parse/Default/Wickedblock.php Procedural Page Elements... Classes...
    Writing /horde/web/dev.horde.org/api/wicked/Wicked/Text_Wiki_Parse_Wickedblock.html
 done
    Writing /horde/web/dev.horde.org/api/wicked/Wicked/_lib---Text_Wiki---Parse---Default---Wickedblock.php.html
Converting /usr/local/horde/checkout/wicked/lib/Text_Wiki/Render/Xhtml/Wickedblock.php Procedural Page Elements... Classes...
    Writing /horde/web/dev.horde.org/api/wicked/Wicked/Text_Wiki_Render_Xhtml_Wickedblock.html
 done
    Writing /horde/web/dev.horde.org/api/wicked/Wicked/_lib---Text_Wiki---Render---Xhtml---Wickedblock.php.html
Converting /usr/local/horde/checkout/wicked/lib/Text_Wiki/Parse/Default/Wikilink2.php Procedural Page Elements... Classes...
    Writing /horde/web/dev.horde.org/api/wicked/Wicked/Text_Wiki_Parse_Wikilink2.html
 done
    Writing /horde/web/dev.horde.org/api/wicked/Wicked/_lib---Text_Wiki---Parse---Default---Wikilink2.php.html
Converting /usr/local/horde/checkout/wicked/lib/Text_Wiki/Render/Xhtml/Wikilink2.php Procedural Page Elements... Classes...
    Writing /horde/web/dev.horde.org/api/wicked/Wicked/Text_Wiki_Render_Xhtml_Wikilink2.html
 done
    Writing /horde/web/dev.horde.org/api/wicked/Wicked/_lib---Text_Wiki---Render---Xhtml---Wikilink2.php.html

Converting @todo List...done

Converting Error Log...    Writing /horde/web/dev.horde.org/api/wicked/errors.html


To view errors and warnings, look at /horde/web/dev.horde.org/api/wicked/errors.html
done

Parsing time: 4 seconds

Conversion time: 8 seconds

Total Documentation Time: 12 seconds
done
